#
# There is insufficient memory for the Java Runtime Environment to continue.
# Native memory allocation (malloc) failed to allocate 1738576 bytes for Chunk::new
# Possible reasons:
#   The system is out of physical RAM or swap space
#   The process is running with CompressedOops enabled, and the Java Heap may be blocking the growth of the native heap
# Possible solutions:
#   Reduce memory load on the system
#   Increase physical memory or swap space
#   Check if swap backing store is full
#   Decrease Java heap size (-Xmx/-Xms)
#   Decrease number of Java threads
#   Decrease Java thread stack sizes (-Xss)
#   Set larger code cache with -XX:ReservedCodeCacheSize=
#   JVM is running with Unscaled Compressed Oops mode in which the Java heap is
#     placed in the first 4GB address space. The Java Heap base address is the
#     maximum limit for the native heap growth. Please use -XX:HeapBaseMinAddress
#     to set the Java Heap base and to place the Java Heap above 4GB virtual address.
# This output file may be truncated or incomplete.
#
#  Out of Memory Error (./open/src/hotspot/share/memory/arena.cpp:197), pid=16460, tid=15292
#
# JRE version: Java(TM) SE Runtime Environment 18.9 (11.0.19+9) (build 11.0.19+9-LTS-224)
# Java VM: Java HotSpot(TM) 64-Bit Server VM 18.9 (11.0.19+9-LTS-224, mixed mode, tiered, compressed oops, g1 gc, windows-amd64)
# No core dump will be written. Minidumps are not enabled by default on client versions of Windows
#

---------------  S U M M A R Y ------------

Command Line: -XX:MaxMetaspaceSize=512m --add-opens=java.base/java.util=ALL-UNNAMED --add-opens=java.base/java.lang=ALL-UNNAMED --add-opens=java.base/java.lang.invoke=ALL-UNNAMED --add-opens=java.base/java.util=ALL-UNNAMED --add-opens=java.prefs/java.util.prefs=ALL-UNNAMED --add-opens=java.prefs/java.util.prefs=ALL-UNNAMED --add-opens=java.base/java.nio.charset=ALL-UNNAMED --add-opens=java.base/java.net=ALL-UNNAMED --add-opens=java.base/java.util.concurrent.atomic=ALL-UNNAMED -Xmx2048m -Dfile.encoding=windows-1252 -Duser.country=US -Duser.language=en -Duser.variant org.gradle.launcher.daemon.bootstrap.GradleDaemon 7.5.1

Host: Intel(R) Core(TM) i7-2670QM CPU @ 2.20GHz, 8 cores, 7G,  Windows 10 , 64 bit Build 19041 (10.0.19041.2913)
Time: Thu May 18 16:27:15 2023 Nepal Standard Time elapsed time: 604.152921 seconds (0d 0h 10m 4s)

---------------  T H R E A D  ---------------

Current thread (0x000001e4cebc4000):  JavaThread "C2 CompilerThread0" daemon [_thread_in_native, id=15292, stack(0x0000006a11400000,0x0000006a11500000)]


Current CompileTask:
C2: 604153 11615       4       org.gradle.internal.operations.DefaultBuildOperationRunner::execute (147 bytes)

Stack: [0x0000006a11400000,0x0000006a11500000]
Native frames: (J=compiled Java code, j=interpreted, Vv=VM code, C=native code)
V  [jvm.dll+0x65fe1a]
V  [jvm.dll+0x7a2bbf]
V  [jvm.dll+0x7a4289]
V  [jvm.dll+0x7a4923]
V  [jvm.dll+0x258a25]
V  [jvm.dll+0xb29cc]
V  [jvm.dll+0xb2f8c]
V  [jvm.dll+0x3670df]
V  [jvm.dll+0x32fdf5]
V  [jvm.dll+0x32f1da]
V  [jvm.dll+0x21172d]
V  [jvm.dll+0x2106f8]
V  [jvm.dll+0x18c841]
V  [jvm.dll+0x220989]
V  [jvm.dll+0x21ecac]
V  [jvm.dll+0x766921]
V  [jvm.dll+0x75f2e4]
V  [jvm.dll+0x65ecc5]
C  [ucrtbase.dll+0x21bb2]
C  [KERNEL32.DLL+0x17614]
C  [ntdll.dll+0x526a1]


---------------  P R O C E S S  ---------------

Threads class SMR info:
_java_thread_list=0x000001e4d1d668d0, length=134, elements={
0x000001e4b0b44000, 0x000001e4ceba1000, 0x000001e4ceba2000, 0x000001e4cebbe000,
0x000001e4cebc0000, 0x000001e4cebc1000, 0x000001e4cebc4000, 0x000001e4cebc5800,
0x000001e4cebc8800, 0x000001e4cf5ba000, 0x000001e4d1087800, 0x000001e4d0bd8800,
0x000001e4d0d5a000, 0x000001e4d0a76800, 0x000001e4cfefb800, 0x000001e4d1334800,
0x000001e4cfefc000, 0x000001e4d0d57800, 0x000001e4d14ed000, 0x000001e4d0bbf800,
0x000001e4d0bc0800, 0x000001e4d0bbe000, 0x000001e4d0bc1000, 0x000001e4d0bc2000,
0x000001e4d0bbc000, 0x000001e4d0bc2800, 0x000001e4d0bbd000, 0x000001e4d1f9e800,
0x000001e4d1fa0000, 0x000001e4d1f9c800, 0x000001e4d1fa0800, 0x000001e4d1f9f000,
0x000001e4d1f9b000, 0x000001e4d1f9c000, 0x000001e4d1fa3000, 0x000001e4d1fa4000,
0x000001e4d1fa8000, 0x000001e4d1fa7800, 0x000001e4d1fa5800, 0x000001e4d1fa6800,
0x000001e4d1fa2800, 0x000001e4d1fa9800, 0x000001e4d1fa9000, 0x000001e4d0bbe800,
0x000001e4d1838000, 0x000001e4d1833000, 0x000001e4d1834000, 0x000001e4d1834800,
0x000001e4d1835800, 0x000001e4d1836800, 0x000001e4d1837000, 0x000001e4d1832000,
0x000001e4d183c000, 0x000001e4d183d800, 0x000001e4d183d000, 0x000001e4d183a800,
0x000001e4d183b000, 0x000001e4d183e800, 0x000001e4d1838800, 0x000001e4d1839800,
0x000001e4d1840000, 0x000001e4d183f800, 0x000001e4d1841000, 0x000001e4d3e59000,
0x000001e4d3e5b000, 0x000001e4d3e5a000, 0x000001e4d3e55000, 0x000001e4d3e5b800,
0x000001e4d3e57800, 0x000001e4d3e56000, 0x000001e4d3e56800, 0x000001e4d3e5e000,
0x000001e4d3e5c800, 0x000001e4d3e5d000, 0x000001e4d3e58800, 0x000001e4d3e5f800,
0x000001e4d3e63800, 0x000001e4d3e62000, 0x000001e4d3e5f000, 0x000001e4d3e60800,
0x000001e4d43b6800, 0x000001e4d43b7800, 0x000001e4d43b8000, 0x000001e4d43b9000,
0x000001e4d43b6000, 0x000001e4d43b3800, 0x000001e4d43ba000, 0x000001e4d43b4000,
0x000001e4d43ba800, 0x000001e4d43b5000, 0x000001e4d43c1000, 0x000001e4d43bd000,
0x000001e4d43be800, 0x000001e4d43bf800, 0x000001e4d43be000, 0x000001e4d43c0800,
0x000001e4d43bb800, 0x000001e4d43c2000, 0x000001e4d43bc800, 0x000001e4d36ae000,
0x000001e4d36ad800, 0x000001e4d36a8800, 0x000001e4d36ab800, 0x000001e4d36af000,
0x000001e4d36aa000, 0x000001e4d36ab000, 0x000001e4d36a9800, 0x000001e4d36b0000,
0x000001e4d36b0800, 0x000001e4d36b1800, 0x000001e4d36b2800, 0x000001e4d36ac800,
0x000001e4d36b3000, 0x000001e4d36b4000, 0x000001e4d36b4800, 0x000001e4d36b5800,
0x000001e4d36b7000, 0x000001e4d36b6800, 0x000001e4d4075000, 0x000001e4d4075800,
0x000001e4d4072800, 0x000001e4d4070000, 0x000001e4d4071000, 0x000001e4d4074000,
0x000001e4d4073000, 0x000001e4d4076800, 0x000001e4d4071800, 0x000001e4d407a800,
0x000001e4d4079000, 0x000001e4d407b800, 0x000001e4d4078000, 0x000001e4d407d000,
0x000001e4d4077800, 0x000001e4d407e000
}

Java Threads: ( => current thread )
  0x000001e4b0b44000 JavaThread "main" [_thread_blocked, id=24992, stack(0x0000006a10800000,0x0000006a10900000)]
  0x000001e4ceba1000 JavaThread "Reference Handler" daemon [_thread_blocked, id=6248, stack(0x0000006a10f00000,0x0000006a11000000)]
  0x000001e4ceba2000 JavaThread "Finalizer" daemon [_thread_blocked, id=23148, stack(0x0000006a11000000,0x0000006a11100000)]
  0x000001e4cebbe000 JavaThread "Signal Dispatcher" daemon [_thread_blocked, id=3124, stack(0x0000006a11100000,0x0000006a11200000)]
  0x000001e4cebc0000 JavaThread "Attach Listener" daemon [_thread_blocked, id=14380, stack(0x0000006a11200000,0x0000006a11300000)]
  0x000001e4cebc1000 JavaThread "Service Thread" daemon [_thread_blocked, id=10560, stack(0x0000006a11300000,0x0000006a11400000)]
=>0x000001e4cebc4000 JavaThread "C2 CompilerThread0" daemon [_thread_in_native, id=15292, stack(0x0000006a11400000,0x0000006a11500000)]
  0x000001e4cebc5800 JavaThread "C1 CompilerThread0" daemon [_thread_in_vm, id=22412, stack(0x0000006a11500000,0x0000006a11600000)]
  0x000001e4cebc8800 JavaThread "Sweeper thread" daemon [_thread_blocked, id=14440, stack(0x0000006a11600000,0x0000006a11700000)]
  0x000001e4cf5ba000 JavaThread "Common-Cleaner" daemon [_thread_blocked, id=22940, stack(0x0000006a11700000,0x0000006a11800000)]
  0x000001e4d1087800 JavaThread "Daemon health stats" [_thread_blocked, id=23740, stack(0x0000006a10700000,0x0000006a10800000)]
  0x000001e4d0bd8800 JavaThread "Incoming local TCP Connector on port 51886" [_thread_in_native, id=32148, stack(0x0000006a11d00000,0x0000006a11e00000)]
  0x000001e4d0d5a000 JavaThread "Daemon periodic checks" [_thread_blocked, id=32288, stack(0x0000006a11f00000,0x0000006a12000000)]
  0x000001e4d0a76800 JavaThread "Daemon" [_thread_blocked, id=32548, stack(0x0000006a11e00000,0x0000006a11f00000)]
  0x000001e4cfefb800 JavaThread "Handler for socket connection from /127.0.0.1:51886 to /127.0.0.1:51890" [_thread_in_native, id=32560, stack(0x0000006a11a00000,0x0000006a11b00000)]
  0x000001e4d1334800 JavaThread "Cancel handler" [_thread_blocked, id=32616, stack(0x0000006a11900000,0x0000006a11a00000)]
  0x000001e4cfefc000 JavaThread "Daemon worker" [_thread_in_native, id=11344, stack(0x0000006a12000000,0x0000006a12100000)]
  0x000001e4d0d57800 JavaThread "Asynchronous log dispatcher for DefaultDaemonConnection: socket connection from /127.0.0.1:51886 to /127.0.0.1:51890" [_thread_blocked, id=29016, stack(0x0000006a12100000,0x0000006a12200000)]
  0x000001e4d14ed000 JavaThread "Stdin handler" [_thread_blocked, id=30148, stack(0x0000006a12200000,0x0000006a12300000)]
  0x000001e4d0bbf800 JavaThread "Daemon client event forwarder" [_thread_blocked, id=31192, stack(0x0000006a12300000,0x0000006a12400000)]
  0x000001e4d0bc0800 JavaThread "Cache worker for journal cache (C:\Users\sony\.gradle\caches\journal-1)" [_thread_blocked, id=12712, stack(0x0000006a12400000,0x0000006a12500000)]
  0x000001e4d0bbe000 JavaThread "File lock request listener" [_thread_in_native, id=11380, stack(0x0000006a12500000,0x0000006a12600000)]
  0x000001e4d0bc1000 JavaThread "Cache worker for file hash cache (C:\Users\sony\.gradle\caches\7.5.1\fileHashes)" [_thread_blocked, id=31728, stack(0x0000006a12c00000,0x0000006a12d00000)]
  0x000001e4d0bc2000 JavaThread "File watcher server" daemon [_thread_in_native, id=27992, stack(0x0000006a12f00000,0x0000006a13000000)]
  0x000001e4d0bbc000 JavaThread "File watcher consumer" daemon [_thread_blocked, id=29188, stack(0x0000006a13000000,0x0000006a13100000)]
  0x000001e4d0bc2800 JavaThread "Cache worker for checksums cache (D:\LoginApp\dtrgApp2\Dtrg\android\.gradle\7.5.1\checksums)" [_thread_blocked, id=7340, stack(0x0000006a12e00000,0x0000006a12f00000)]
  0x000001e4d0bbd000 JavaThread "Cache worker for cache directory md-rule (C:\Users\sony\.gradle\caches\7.5.1\md-rule)" [_thread_blocked, id=19264, stack(0x0000006a13100000,0x0000006a13200000)]
  0x000001e4d1f9e800 JavaThread "Cache worker for file content cache (C:\Users\sony\.gradle\caches\7.5.1\fileContent)" [_thread_blocked, id=6532, stack(0x0000006a13200000,0x0000006a13300000)]
  0x000001e4d1fa0000 JavaThread "Cache worker for file hash cache (D:\LoginApp\dtrgApp2\Dtrg\android\.gradle\7.5.1\fileHashes)" [_thread_blocked, id=29848, stack(0x0000006a13300000,0x0000006a13400000)]
  0x000001e4d1f9c800 JavaThread "Cache worker for cache directory md-supplier (C:\Users\sony\.gradle\caches\7.5.1\md-supplier)" [_thread_blocked, id=18600, stack(0x0000006a13400000,0x0000006a13500000)]
  0x000001e4d1fa0800 JavaThread "Cache worker for execution history cache (C:\Users\sony\.gradle\caches\7.5.1\executionHistory)" [_thread_blocked, id=12204, stack(0x0000006a13500000,0x0000006a13600000)]
  0x000001e4d1f9f000 JavaThread "jar transforms" [_thread_blocked, id=15172, stack(0x0000006a13600000,0x0000006a13700000)]
  0x000001e4d1f9b000 JavaThread "jar transforms Thread 2" [_thread_blocked, id=6252, stack(0x0000006a13700000,0x0000006a13800000)]
  0x000001e4d1f9c000 JavaThread "jar transforms Thread 3" [_thread_blocked, id=20364, stack(0x0000006a13800000,0x0000006a13900000)]
  0x000001e4d1fa3000 JavaThread "jar transforms Thread 4" [_thread_blocked, id=29916, stack(0x0000006a13900000,0x0000006a13a00000)]
  0x000001e4d1fa4000 JavaThread "Cache worker for kotlin-dsl (C:\Users\sony\.gradle\caches\7.5.1\kotlin-dsl)" [_thread_blocked, id=33396, stack(0x0000006a11b00000,0x0000006a11c00000)]
  0x000001e4d1fa8000 JavaThread "jar transforms Thread 5" [_thread_blocked, id=18564, stack(0x0000006a13a00000,0x0000006a13b00000)]
  0x000001e4d1fa7800 JavaThread "jar transforms Thread 6" [_thread_blocked, id=31908, stack(0x0000006a13b00000,0x0000006a13c00000)]
  0x000001e4d1fa5800 JavaThread "Cache worker for dependencies-accessors (D:\LoginApp\dtrgApp2\Dtrg\android\.gradle\7.5.1\dependencies-accessors)" [_thread_blocked, id=34132, stack(0x0000006a13c00000,0x0000006a13d00000)]
  0x000001e4d1fa6800 JavaThread "Cache worker for Build Output Cleanup Cache (D:\LoginApp\dtrgApp2\Dtrg\node_modules\react-native-gradle-plugin\.gradle\buildOutputCleanup)" [_thread_blocked, id=26044, stack(0x0000006a13d00000,0x0000006a13e00000)]
  0x000001e4d1fa2800 JavaThread "jar transforms Thread 7" [_thread_blocked, id=35552, stack(0x0000006a13e00000,0x0000006a13f00000)]
  0x000001e4d1fa9800 JavaThread "Unconstrained build operations" [_thread_blocked, id=16608, stack(0x0000006a13f00000,0x0000006a14000000)]
  0x000001e4d1fa9000 JavaThread "Unconstrained build operations Thread 2" [_thread_blocked, id=34176, stack(0x0000006a14000000,0x0000006a14100000)]
  0x000001e4d0bbe800 JavaThread "Unconstrained build operations Thread 3" [_thread_blocked, id=11368, stack(0x0000006a14100000,0x0000006a14200000)]
  0x000001e4d1838000 JavaThread "Unconstrained build operations Thread 4" [_thread_blocked, id=29100, stack(0x0000006a14200000,0x0000006a14300000)]
  0x000001e4d1833000 JavaThread "Unconstrained build operations Thread 5" [_thread_blocked, id=33380, stack(0x0000006a14300000,0x0000006a14400000)]
  0x000001e4d1834000 JavaThread "Unconstrained build operations Thread 6" [_thread_blocked, id=30248, stack(0x0000006a14400000,0x0000006a14500000)]
  0x000001e4d1834800 JavaThread "Unconstrained build operations Thread 7" [_thread_blocked, id=27436, stack(0x0000006a14500000,0x0000006a14600000)]
  0x000001e4d1835800 JavaThread "Unconstrained build operations Thread 8" [_thread_blocked, id=33528, stack(0x0000006a14600000,0x0000006a14700000)]
  0x000001e4d1836800 JavaThread "Unconstrained build operations Thread 9" [_thread_blocked, id=28136, stack(0x0000006a14700000,0x0000006a14800000)]
  0x000001e4d1837000 JavaThread "Unconstrained build operations Thread 10" [_thread_blocked, id=29756, stack(0x0000006a14800000,0x0000006a14900000)]
  0x000001e4d1832000 JavaThread "Unconstrained build operations Thread 11" [_thread_blocked, id=18336, stack(0x0000006a14900000,0x0000006a14a00000)]
  0x000001e4d183c000 JavaThread "Unconstrained build operations Thread 12" [_thread_blocked, id=13576, stack(0x0000006a14a00000,0x0000006a14b00000)]
  0x000001e4d183d800 JavaThread "Unconstrained build operations Thread 13" [_thread_blocked, id=33524, stack(0x0000006a14b00000,0x0000006a14c00000)]
  0x000001e4d183d000 JavaThread "Unconstrained build operations Thread 14" [_thread_blocked, id=33468, stack(0x0000006a14c00000,0x0000006a14d00000)]
  0x000001e4d183a800 JavaThread "Unconstrained build operations Thread 15" [_thread_blocked, id=30588, stack(0x0000006a14d00000,0x0000006a14e00000)]
  0x000001e4d183b000 JavaThread "Unconstrained build operations Thread 16" [_thread_blocked, id=34892, stack(0x0000006a14e00000,0x0000006a14f00000)]
  0x000001e4d183e800 JavaThread "Unconstrained build operations Thread 17" [_thread_blocked, id=34896, stack(0x0000006a14f00000,0x0000006a15000000)]
  0x000001e4d1838800 JavaThread "Unconstrained build operations Thread 18" [_thread_blocked, id=34900, stack(0x0000006a15000000,0x0000006a15100000)]
  0x000001e4d1839800 JavaThread "Unconstrained build operations Thread 19" [_thread_blocked, id=34904, stack(0x0000006a15100000,0x0000006a15200000)]
  0x000001e4d1840000 JavaThread "Unconstrained build operations Thread 20" [_thread_blocked, id=12628, stack(0x0000006a15200000,0x0000006a15300000)]
  0x000001e4d183f800 JavaThread "Unconstrained build operations Thread 21" [_thread_blocked, id=13272, stack(0x0000006a15300000,0x0000006a15400000)]
  0x000001e4d1841000 JavaThread "Unconstrained build operations Thread 22" [_thread_blocked, id=13268, stack(0x0000006a15400000,0x0000006a15500000)]
  0x000001e4d3e59000 JavaThread "Unconstrained build operations Thread 23" [_thread_blocked, id=34824, stack(0x0000006a15500000,0x0000006a15600000)]
  0x000001e4d3e5b000 JavaThread "Unconstrained build operations Thread 24" [_thread_blocked, id=34116, stack(0x0000006a15600000,0x0000006a15700000)]
  0x000001e4d3e5a000 JavaThread "Unconstrained build operations Thread 25" [_thread_blocked, id=23164, stack(0x0000006a15700000,0x0000006a15800000)]
  0x000001e4d3e55000 JavaThread "Unconstrained build operations Thread 26" [_thread_blocked, id=33472, stack(0x0000006a15800000,0x0000006a15900000)]
  0x000001e4d3e5b800 JavaThread "Unconstrained build operations Thread 27" [_thread_blocked, id=27684, stack(0x0000006a15900000,0x0000006a15a00000)]
  0x000001e4d3e57800 JavaThread "Unconstrained build operations Thread 28" [_thread_blocked, id=32796, stack(0x0000006a15a00000,0x0000006a15b00000)]
  0x000001e4d3e56000 JavaThread "Unconstrained build operations Thread 29" [_thread_blocked, id=32808, stack(0x0000006a15b00000,0x0000006a15c00000)]
  0x000001e4d3e56800 JavaThread "Unconstrained build operations Thread 30" [_thread_blocked, id=33444, stack(0x0000006a15c00000,0x0000006a15d00000)]
  0x000001e4d3e5e000 JavaThread "Unconstrained build operations Thread 31" [_thread_blocked, id=33564, stack(0x0000006a15d00000,0x0000006a15e00000)]
  0x000001e4d3e5c800 JavaThread "Unconstrained build operations Thread 32" [_thread_blocked, id=32820, stack(0x0000006a15e00000,0x0000006a15f00000)]
  0x000001e4d3e5d000 JavaThread "Unconstrained build operations Thread 33" [_thread_blocked, id=32696, stack(0x0000006a15f00000,0x0000006a16000000)]
  0x000001e4d3e58800 JavaThread "jar transforms Thread 8" [_thread_blocked, id=31784, stack(0x0000006a16000000,0x0000006a16100000)]
  0x000001e4d3e5f800 JavaThread "build event listener" [_thread_blocked, id=35768, stack(0x0000006a16100000,0x0000006a16200000)]
  0x000001e4d3e63800 JavaThread "Memory manager" [_thread_blocked, id=36144, stack(0x0000006a16200000,0x0000006a16300000)]
  0x000001e4d3e62000 JavaThread "Cache worker for Build Output Cleanup Cache (D:\LoginApp\dtrgApp2\Dtrg\android\.gradle\buildOutputCleanup)" [_thread_blocked, id=36404, stack(0x0000006a16300000,0x0000006a16400000)]
  0x000001e4d3e5f000 JavaThread "Execution worker" [_thread_blocked, id=37244, stack(0x0000006a16400000,0x0000006a16500000)]
  0x000001e4d3e60800 JavaThread "Execution worker Thread 2" [_thread_blocked, id=36320, stack(0x0000006a16500000,0x0000006a16600000)]
  0x000001e4d43b6800 JavaThread "Execution worker Thread 3" [_thread_blocked, id=37608, stack(0x0000006a16600000,0x0000006a16700000)]
  0x000001e4d43b7800 JavaThread "Execution worker Thread 4" [_thread_blocked, id=37712, stack(0x0000006a16700000,0x0000006a16800000)]
  0x000001e4d43b8000 JavaThread "Execution worker Thread 5" [_thread_blocked, id=2220, stack(0x0000006a16800000,0x0000006a16900000)]
  0x000001e4d43b9000 JavaThread "Execution worker Thread 6" [_thread_blocked, id=20880, stack(0x0000006a16900000,0x0000006a16a00000)]
  0x000001e4d43b6000 JavaThread "Execution worker Thread 7" [_thread_blocked, id=36304, stack(0x0000006a16a00000,0x0000006a16b00000)]
  0x000001e4d43b3800 JavaThread "Cache worker for execution history cache (D:\LoginApp\dtrgApp2\Dtrg\node_modules\react-native-gradle-plugin\.gradle\7.5.1\executionHistory)" [_thread_blocked, id=37836, stack(0x0000006a16b00000,0x0000006a16c00000)]
  0x000001e4d43ba000 JavaThread "Unconstrained build operations Thread 34" [_thread_blocked, id=15216, stack(0x0000006a16c00000,0x0000006a16d00000)]
  0x000001e4d43b4000 JavaThread "Unconstrained build operations Thread 35" [_thread_blocked, id=33592, stack(0x0000006a16d00000,0x0000006a16e00000)]
  0x000001e4d43ba800 JavaThread "Unconstrained build operations Thread 36" [_thread_blocked, id=29736, stack(0x0000006a16e00000,0x0000006a16f00000)]
  0x000001e4d43b5000 JavaThread "Unconstrained build operations Thread 37" [_thread_blocked, id=24604, stack(0x0000006a16f00000,0x0000006a17000000)]
  0x000001e4d43c1000 JavaThread "Unconstrained build operations Thread 38" [_thread_blocked, id=37956, stack(0x0000006a17000000,0x0000006a17100000)]
  0x000001e4d43bd000 JavaThread "Unconstrained build operations Thread 39" [_thread_blocked, id=37960, stack(0x0000006a17100000,0x0000006a17200000)]
  0x000001e4d43be800 JavaThread "Unconstrained build operations Thread 40" [_thread_blocked, id=37964, stack(0x0000006a17200000,0x0000006a17300000)]
  0x000001e4d43bf800 JavaThread "Unconstrained build operations Thread 41" [_thread_blocked, id=37968, stack(0x0000006a17300000,0x0000006a17400000)]
  0x000001e4d43be000 JavaThread "Unconstrained build operations Thread 42" [_thread_blocked, id=37972, stack(0x0000006a17400000,0x0000006a17500000)]
  0x000001e4d43c0800 JavaThread "Unconstrained build operations Thread 43" [_thread_blocked, id=37976, stack(0x0000006a17500000,0x0000006a17600000)]
  0x000001e4d43bb800 JavaThread "Unconstrained build operations Thread 44" [_thread_blocked, id=37980, stack(0x0000006a17600000,0x0000006a17700000)]
  0x000001e4d43c2000 JavaThread "Unconstrained build operations Thread 45" [_thread_blocked, id=37984, stack(0x0000006a17700000,0x0000006a17800000)]
  0x000001e4d43bc800 JavaThread "Unconstrained build operations Thread 46" [_thread_blocked, id=37992, stack(0x0000006a17800000,0x0000006a17900000)]
  0x000001e4d36ae000 JavaThread "Unconstrained build operations Thread 47" [_thread_blocked, id=37996, stack(0x0000006a17900000,0x0000006a17a00000)]
  0x000001e4d36ad800 JavaThread "Unconstrained build operations Thread 48" [_thread_blocked, id=38000, stack(0x0000006a17a00000,0x0000006a17b00000)]
  0x000001e4d36a8800 JavaThread "Unconstrained build operations Thread 49" [_thread_blocked, id=38004, stack(0x0000006a17b00000,0x0000006a17c00000)]
  0x000001e4d36ab800 JavaThread "Unconstrained build operations Thread 50" [_thread_blocked, id=38008, stack(0x0000006a17c00000,0x0000006a17d00000)]
  0x000001e4d36af000 JavaThread "Unconstrained build operations Thread 51" [_thread_blocked, id=38012, stack(0x0000006a17d00000,0x0000006a17e00000)]
  0x000001e4d36aa000 JavaThread "Unconstrained build operations Thread 52" [_thread_blocked, id=38016, stack(0x0000006a17e00000,0x0000006a17f00000)]
  0x000001e4d36ab000 JavaThread "Unconstrained build operations Thread 53" [_thread_blocked, id=38020, stack(0x0000006a17f00000,0x0000006a18000000)]
  0x000001e4d36a9800 JavaThread "Unconstrained build operations Thread 54" [_thread_blocked, id=38028, stack(0x0000006a18000000,0x0000006a18100000)]
  0x000001e4d36b0000 JavaThread "Unconstrained build operations Thread 55" [_thread_blocked, id=38484, stack(0x0000006a18100000,0x0000006a18200000)]
  0x000001e4d36b0800 JavaThread "Unconstrained build operations Thread 56" [_thread_blocked, id=35080, stack(0x0000006a18200000,0x0000006a18300000)]
  0x000001e4d36b1800 JavaThread "Unconstrained build operations Thread 57" [_thread_blocked, id=35204, stack(0x0000006a18300000,0x0000006a18400000)]
  0x000001e4d36b2800 JavaThread "Unconstrained build operations Thread 58" [_thread_blocked, id=35808, stack(0x0000006a18400000,0x0000006a18500000)]
  0x000001e4d36ac800 JavaThread "Unconstrained build operations Thread 59" [_thread_blocked, id=24180, stack(0x0000006a18500000,0x0000006a18600000)]
  0x000001e4d36b3000 JavaThread "Unconstrained build operations Thread 60" [_thread_blocked, id=8980, stack(0x0000006a18600000,0x0000006a18700000)]
  0x000001e4d36b4000 JavaThread "Unconstrained build operations Thread 61" [_thread_blocked, id=25440, stack(0x0000006a18700000,0x0000006a18800000)]
  0x000001e4d36b4800 JavaThread "Unconstrained build operations Thread 62" [_thread_blocked, id=20516, stack(0x0000006a18800000,0x0000006a18900000)]
  0x000001e4d36b5800 JavaThread "Unconstrained build operations Thread 63" [_thread_blocked, id=34392, stack(0x0000006a18900000,0x0000006a18a00000)]
  0x000001e4d36b7000 JavaThread "Unconstrained build operations Thread 64" [_thread_blocked, id=16700, stack(0x0000006a18a00000,0x0000006a18b00000)]
  0x000001e4d36b6800 JavaThread "Unconstrained build operations Thread 65" [_thread_blocked, id=19420, stack(0x0000006a18b00000,0x0000006a18c00000)]
  0x000001e4d4075000 JavaThread "Unconstrained build operations Thread 66" [_thread_blocked, id=35880, stack(0x0000006a18c00000,0x0000006a18d00000)]
  0x000001e4d4075800 JavaThread "Unconstrained build operations Thread 67" [_thread_blocked, id=36136, stack(0x0000006a18d00000,0x0000006a18e00000)]
  0x000001e4d4072800 JavaThread "Unconstrained build operations Thread 68" [_thread_blocked, id=34324, stack(0x0000006a18e00000,0x0000006a18f00000)]
  0x000001e4d4070000 JavaThread "Unconstrained build operations Thread 69" [_thread_blocked, id=37652, stack(0x0000006a18f00000,0x0000006a19000000)]
  0x000001e4d4071000 JavaThread "Unconstrained build operations Thread 70" [_thread_blocked, id=8784, stack(0x0000006a19000000,0x0000006a19100000)]
  0x000001e4d4074000 JavaThread "Unconstrained build operations Thread 71" [_thread_blocked, id=37044, stack(0x0000006a19100000,0x0000006a19200000)]
  0x000001e4d4073000 JavaThread "Unconstrained build operations Thread 72" [_thread_blocked, id=37388, stack(0x0000006a19200000,0x0000006a19300000)]
  0x000001e4d4076800 JavaThread "Unconstrained build operations Thread 73" [_thread_blocked, id=37556, stack(0x0000006a19300000,0x0000006a19400000)]
  0x000001e4d4071800 JavaThread "Unconstrained build operations Thread 74" [_thread_blocked, id=23308, stack(0x0000006a19400000,0x0000006a19500000)]
  0x000001e4d407a800 JavaThread "Unconstrained build operations Thread 75" [_thread_blocked, id=11360, stack(0x0000006a19500000,0x0000006a19600000)]
  0x000001e4d4079000 JavaThread "Unconstrained build operations Thread 76" [_thread_blocked, id=28540, stack(0x0000006a19600000,0x0000006a19700000)]
  0x000001e4d407b800 JavaThread "Unconstrained build operations Thread 77" [_thread_blocked, id=32192, stack(0x0000006a19700000,0x0000006a19800000)]
  0x000001e4d4078000 JavaThread "Unconstrained build operations Thread 78" [_thread_blocked, id=38060, stack(0x0000006a19800000,0x0000006a19900000)]
  0x000001e4d407d000 JavaThread "Unconstrained build operations Thread 79" [_thread_blocked, id=34328, stack(0x0000006a19900000,0x0000006a19a00000)]
  0x000001e4d4077800 JavaThread "Unconstrained build operations Thread 80" [_thread_blocked, id=15120, stack(0x0000006a19a00000,0x0000006a19b00000)]
  0x000001e4d407e000 JavaThread "File lock release action executor Thread 3" [_thread_blocked, id=43880, stack(0x0000006a11c00000,0x0000006a11d00000)]

Other Threads:
  0x000001e4ceb9b000 VMThread "VM Thread" [stack: 0x0000006a10e00000,0x0000006a10f00000] [id=17260]
  0x000001e4cf666000 WatcherThread [stack: 0x0000006a11800000,0x0000006a11900000] [id=24468]
  0x000001e4b0b5b800 GCTaskThread "GC Thread#0" [stack: 0x0000006a10900000,0x0000006a10a00000] [id=7400]
  0x000001e4cf651000 GCTaskThread "GC Thread#1" [stack: 0x0000006a10500000,0x0000006a10600000] [id=29956]
  0x000001e4cf651800 GCTaskThread "GC Thread#2" [stack: 0x0000006a10600000,0x0000006a10700000] [id=29960]
  0x000001e4d165b000 GCTaskThread "GC Thread#3" [stack: 0x0000006a12600000,0x0000006a12700000] [id=13828]
  0x000001e4d0d3a000 GCTaskThread "GC Thread#4" [stack: 0x0000006a12700000,0x0000006a12800000] [id=13924]
  0x000001e4d132c800 GCTaskThread "GC Thread#5" [stack: 0x0000006a12800000,0x0000006a12900000] [id=14512]
  0x000001e4d132d000 GCTaskThread "GC Thread#6" [stack: 0x0000006a12900000,0x0000006a12a00000] [id=15184]
  0x000001e4d0bce000 GCTaskThread "GC Thread#7" [stack: 0x0000006a12a00000,0x0000006a12b00000] [id=20136]
  0x000001e4b0b8a800 ConcurrentGCThread "G1 Main Marker" [stack: 0x0000006a10a00000,0x0000006a10b00000] [id=15332]
  0x000001e4b0b8c000 ConcurrentGCThread "G1 Conc#0" [stack: 0x0000006a10b00000,0x0000006a10c00000] [id=14344]
  0x000001e4d0e84800 ConcurrentGCThread "G1 Conc#1" [stack: 0x0000006a12d00000,0x0000006a12e00000] [id=26684]
  0x000001e4cea10800 ConcurrentGCThread "G1 Refine#0" [stack: 0x0000006a10c00000,0x0000006a10d00000] [id=15304]
  0x000001e4cea11800 ConcurrentGCThread "G1 Young RemSet Sampling" [stack: 0x0000006a10d00000,0x0000006a10e00000] [id=15328]

Threads with active compile tasks:
C2 CompilerThread0   604309 11615       4       org.gradle.internal.operations.DefaultBuildOperationRunner::execute (147 bytes)
C1 CompilerThread0   604309 11674       3       org.gradle.api.internal.provider.AbstractCollectionProperty::add (27 bytes)

VM state:not at safepoint (normal execution)

VM Mutex/Monitor currently owned by a thread: None

Heap address: 0x0000000080000000, size: 2048 MB, Compressed Oops mode: 32-bit
Narrow klass base: 0x0000000000000000, Narrow klass shift: 3
Compressed class space size: 528482304 Address: 0x0000000100000000

Heap:
 garbage-first heap   total 131072K, used 115497K [0x0000000080000000, 0x0000000100000000)
  region size 1024K, 2 young (2048K), 1 survivors (1024K)
 Metaspace       used 94947K, capacity 98010K, committed 98048K, reserved 602112K
  class space    used 12633K, capacity 13822K, committed 13824K, reserved 516096K
Heap Regions: E=young(eden), S=young(survivor), O=old, HS=humongous(starts), HC=humongous(continues), CS=collection set, F=free, A=archive, TAMS=top-at-mark-start (previous, next)
|   0|0x0000000080000000, 0x0000000080100000, 0x0000000080100000|100%| O|  |TAMS 0x0000000080100000, 0x0000000080100000| Untracked 
|   1|0x0000000080100000, 0x0000000080200000, 0x0000000080200000|100%| O|  |TAMS 0x0000000080200000, 0x0000000080200000| Untracked 
|   2|0x0000000080200000, 0x0000000080300000, 0x0000000080300000|100%| O|  |TAMS 0x0000000080300000, 0x0000000080300000| Untracked 
|   3|0x0000000080300000, 0x0000000080400000, 0x0000000080400000|100%|HS|  |TAMS 0x0000000080400000, 0x0000000080400000| Complete 
|   4|0x0000000080400000, 0x0000000080500000, 0x0000000080500000|100%|HC|  |TAMS 0x0000000080500000, 0x0000000080500000| Complete 
|   5|0x0000000080500000, 0x0000000080600000, 0x0000000080600000|100%|HC|  |TAMS 0x0000000080600000, 0x0000000080600000| Complete 
|   6|0x0000000080600000, 0x0000000080700000, 0x0000000080700000|100%| O|  |TAMS 0x0000000080700000, 0x0000000080700000| Untracked 
|   7|0x0000000080700000, 0x0000000080800000, 0x0000000080800000|100%| O|  |TAMS 0x0000000080800000, 0x0000000080800000| Untracked 
|   8|0x0000000080800000, 0x0000000080900000, 0x0000000080900000|100%| O|  |TAMS 0x0000000080900000, 0x0000000080900000| Untracked 
|   9|0x0000000080900000, 0x0000000080a00000, 0x0000000080a00000|100%| O|  |TAMS 0x0000000080a00000, 0x0000000080a00000| Untracked 
|  10|0x0000000080a00000, 0x0000000080b00000, 0x0000000080b00000|100%| O|  |TAMS 0x0000000080b00000, 0x0000000080b00000| Untracked 
|  11|0x0000000080b00000, 0x0000000080c00000, 0x0000000080c00000|100%| O|  |TAMS 0x0000000080c00000, 0x0000000080c00000| Untracked 
|  12|0x0000000080c00000, 0x0000000080d00000, 0x0000000080d00000|100%| O|  |TAMS 0x0000000080d00000, 0x0000000080d00000| Untracked 
|  13|0x0000000080d00000, 0x0000000080e00000, 0x0000000080e00000|100%| O|  |TAMS 0x0000000080e00000, 0x0000000080e00000| Untracked 
|  14|0x0000000080e00000, 0x0000000080f00000, 0x0000000080f00000|100%| O|  |TAMS 0x0000000080f00000, 0x0000000080f00000| Untracked 
|  15|0x0000000080f00000, 0x0000000081000000, 0x0000000081000000|100%| O|  |TAMS 0x0000000081000000, 0x0000000081000000| Untracked 
|  16|0x0000000081000000, 0x0000000081100000, 0x0000000081100000|100%| O|  |TAMS 0x0000000081100000, 0x0000000081100000| Untracked 
|  17|0x0000000081100000, 0x0000000081200000, 0x0000000081200000|100%|HS|  |TAMS 0x0000000081200000, 0x0000000081200000| Complete 
|  18|0x0000000081200000, 0x0000000081300000, 0x0000000081300000|100%| O|  |TAMS 0x0000000081300000, 0x0000000081300000| Untracked 
|  19|0x0000000081300000, 0x0000000081400000, 0x0000000081400000|100%| O|  |TAMS 0x0000000081400000, 0x0000000081400000| Untracked 
|  20|0x0000000081400000, 0x0000000081500000, 0x0000000081500000|100%| O|  |TAMS 0x0000000081500000, 0x0000000081500000| Untracked 
|  21|0x0000000081500000, 0x0000000081600000, 0x0000000081600000|100%| O|  |TAMS 0x0000000081600000, 0x0000000081600000| Untracked 
|  22|0x0000000081600000, 0x0000000081700000, 0x0000000081700000|100%| O|  |TAMS 0x0000000081700000, 0x0000000081700000| Untracked 
|  23|0x0000000081700000, 0x0000000081800000, 0x0000000081800000|100%| O|  |TAMS 0x0000000081800000, 0x0000000081800000| Untracked 
|  24|0x0000000081800000, 0x0000000081900000, 0x0000000081900000|100%| O|  |TAMS 0x0000000081900000, 0x0000000081900000| Untracked 
|  25|0x0000000081900000, 0x0000000081a00000, 0x0000000081a00000|100%| O|  |TAMS 0x0000000081a00000, 0x0000000081a00000| Untracked 
|  26|0x0000000081a00000, 0x0000000081b00000, 0x0000000081b00000|100%| O|  |TAMS 0x0000000081b00000, 0x0000000081b00000| Untracked 
|  27|0x0000000081b00000, 0x0000000081c00000, 0x0000000081c00000|100%| O|  |TAMS 0x0000000081c00000, 0x0000000081c00000| Untracked 
|  28|0x0000000081c00000, 0x0000000081d00000, 0x0000000081d00000|100%|HS|  |TAMS 0x0000000081d00000, 0x0000000081d00000| Complete 
|  29|0x0000000081d00000, 0x0000000081e00000, 0x0000000081e00000|100%|HC|  |TAMS 0x0000000081e00000, 0x0000000081e00000| Complete 
|  30|0x0000000081e00000, 0x0000000081f00000, 0x0000000081f00000|100%|HC|  |TAMS 0x0000000081f00000, 0x0000000081f00000| Complete 
|  31|0x0000000081f00000, 0x0000000082000000, 0x0000000082000000|100%| O|  |TAMS 0x0000000082000000, 0x0000000082000000| Untracked 
|  32|0x0000000082000000, 0x0000000082100000, 0x0000000082100000|100%| O|  |TAMS 0x0000000082100000, 0x0000000082100000| Untracked 
|  33|0x0000000082100000, 0x0000000082200000, 0x0000000082200000|100%| O|  |TAMS 0x0000000082200000, 0x0000000082200000| Untracked 
|  34|0x0000000082200000, 0x0000000082300000, 0x0000000082300000|100%| O|  |TAMS 0x0000000082300000, 0x0000000082300000| Untracked 
|  35|0x0000000082300000, 0x0000000082400000, 0x0000000082400000|100%| O|  |TAMS 0x0000000082400000, 0x0000000082400000| Untracked 
|  36|0x0000000082400000, 0x0000000082500000, 0x0000000082500000|100%| O|  |TAMS 0x0000000082500000, 0x0000000082500000| Untracked 
|  37|0x0000000082500000, 0x0000000082600000, 0x0000000082600000|100%| O|  |TAMS 0x0000000082600000, 0x0000000082600000| Untracked 
|  38|0x0000000082600000, 0x0000000082700000, 0x0000000082700000|100%| O|  |TAMS 0x0000000082700000, 0x0000000082700000| Untracked 
|  39|0x0000000082700000, 0x0000000082800000, 0x0000000082800000|100%| O|  |TAMS 0x0000000082800000, 0x0000000082800000| Untracked 
|  40|0x0000000082800000, 0x0000000082900000, 0x0000000082900000|100%| O|  |TAMS 0x0000000082900000, 0x0000000082900000| Untracked 
|  41|0x0000000082900000, 0x0000000082a00000, 0x0000000082a00000|100%|HS|  |TAMS 0x0000000082a00000, 0x0000000082a00000| Complete 
|  42|0x0000000082a00000, 0x0000000082b00000, 0x0000000082b00000|100%|HS|  |TAMS 0x0000000082b00000, 0x0000000082b00000| Complete 
|  43|0x0000000082b00000, 0x0000000082c00000, 0x0000000082c00000|100%| O|  |TAMS 0x0000000082c00000, 0x0000000082c00000| Untracked 
|  44|0x0000000082c00000, 0x0000000082d00000, 0x0000000082d00000|100%|HS|  |TAMS 0x0000000082d00000, 0x0000000082d00000| Complete 
|  45|0x0000000082d00000, 0x0000000082e00000, 0x0000000082e00000|100%|HC|  |TAMS 0x0000000082e00000, 0x0000000082e00000| Complete 
|  46|0x0000000082e00000, 0x0000000082f00000, 0x0000000082f00000|100%| O|  |TAMS 0x0000000082f00000, 0x0000000082f00000| Untracked 
|  47|0x0000000082f00000, 0x0000000083000000, 0x0000000083000000|100%| O|  |TAMS 0x0000000083000000, 0x0000000083000000| Untracked 
|  48|0x0000000083000000, 0x0000000083100000, 0x0000000083100000|100%| O|  |TAMS 0x0000000083100000, 0x0000000083100000| Untracked 
|  49|0x0000000083100000, 0x0000000083200000, 0x0000000083200000|100%| O|  |TAMS 0x0000000083200000, 0x0000000083200000| Untracked 
|  50|0x0000000083200000, 0x0000000083300000, 0x0000000083300000|100%| O|  |TAMS 0x0000000083300000, 0x0000000083300000| Untracked 
|  51|0x0000000083300000, 0x0000000083400000, 0x0000000083400000|100%| O|  |TAMS 0x0000000083400000, 0x0000000083400000| Untracked 
|  52|0x0000000083400000, 0x0000000083500000, 0x0000000083500000|100%| O|  |TAMS 0x0000000083500000, 0x0000000083500000| Untracked 
|  53|0x0000000083500000, 0x0000000083600000, 0x0000000083600000|100%| O|  |TAMS 0x0000000083600000, 0x0000000083600000| Untracked 
|  54|0x0000000083600000, 0x0000000083700000, 0x0000000083700000|100%| O|  |TAMS 0x0000000083700000, 0x0000000083700000| Untracked 
|  55|0x0000000083700000, 0x0000000083800000, 0x0000000083800000|100%| O|  |TAMS 0x0000000083800000, 0x0000000083800000| Untracked 
|  56|0x0000000083800000, 0x0000000083900000, 0x0000000083900000|100%| O|  |TAMS 0x0000000083900000, 0x0000000083900000| Untracked 
|  57|0x0000000083900000, 0x0000000083a00000, 0x0000000083a00000|100%| O|  |TAMS 0x0000000083a00000, 0x0000000083a00000| Untracked 
|  58|0x0000000083a00000, 0x0000000083b00000, 0x0000000083b00000|100%| O|  |TAMS 0x0000000083b00000, 0x0000000083b00000| Untracked 
|  59|0x0000000083b00000, 0x0000000083c00000, 0x0000000083c00000|100%| O|  |TAMS 0x0000000083c00000, 0x0000000083c00000| Untracked 
|  60|0x0000000083c00000, 0x0000000083d00000, 0x0000000083d00000|100%| O|  |TAMS 0x0000000083d00000, 0x0000000083d00000| Untracked 
|  61|0x0000000083d00000, 0x0000000083e00000, 0x0000000083e00000|100%| O|  |TAMS 0x0000000083e00000, 0x0000000083e00000| Untracked 
|  62|0x0000000083e00000, 0x0000000083f00000, 0x0000000083f00000|100%| O|  |TAMS 0x0000000083f00000, 0x0000000083f00000| Untracked 
|  63|0x0000000083f00000, 0x0000000084000000, 0x0000000084000000|100%| O|  |TAMS 0x0000000084000000, 0x0000000084000000| Untracked 
|  64|0x0000000084000000, 0x0000000084100000, 0x0000000084100000|100%| O|  |TAMS 0x0000000084100000, 0x0000000084100000| Untracked 
|  65|0x0000000084100000, 0x0000000084200000, 0x0000000084200000|100%| O|  |TAMS 0x0000000084200000, 0x0000000084200000| Untracked 
|  66|0x0000000084200000, 0x0000000084300000, 0x0000000084300000|100%| O|  |TAMS 0x0000000084300000, 0x0000000084300000| Untracked 
|  67|0x0000000084300000, 0x0000000084400000, 0x0000000084400000|100%| O|  |TAMS 0x0000000084400000, 0x0000000084400000| Untracked 
|  68|0x0000000084400000, 0x0000000084500000, 0x0000000084500000|100%| O|  |TAMS 0x0000000084500000, 0x0000000084500000| Untracked 
|  69|0x0000000084500000, 0x0000000084600000, 0x0000000084600000|100%| O|  |TAMS 0x0000000084600000, 0x0000000084600000| Untracked 
|  70|0x0000000084600000, 0x0000000084700000, 0x0000000084700000|100%| O|  |TAMS 0x0000000084700000, 0x0000000084700000| Untracked 
|  71|0x0000000084700000, 0x0000000084800000, 0x0000000084800000|100%| O|  |TAMS 0x0000000084800000, 0x0000000084800000| Untracked 
|  72|0x0000000084800000, 0x0000000084900000, 0x0000000084900000|100%| O|  |TAMS 0x0000000084900000, 0x0000000084900000| Untracked 
|  73|0x0000000084900000, 0x0000000084a00000, 0x0000000084a00000|100%| O|  |TAMS 0x0000000084a00000, 0x0000000084a00000| Untracked 
|  74|0x0000000084a00000, 0x0000000084b00000, 0x0000000084b00000|100%| O|  |TAMS 0x0000000084b00000, 0x0000000084b00000| Untracked 
|  75|0x0000000084b00000, 0x0000000084c00000, 0x0000000084c00000|100%| O|  |TAMS 0x0000000084c00000, 0x0000000084c00000| Untracked 
|  76|0x0000000084c00000, 0x0000000084d00000, 0x0000000084d00000|100%| O|  |TAMS 0x0000000084d00000, 0x0000000084d00000| Untracked 
|  77|0x0000000084d00000, 0x0000000084e00000, 0x0000000084e00000|100%|HS|  |TAMS 0x0000000084e00000, 0x0000000084e00000| Complete 
|  78|0x0000000084e00000, 0x0000000084f00000, 0x0000000084f00000|100%|HC|  |TAMS 0x0000000084f00000, 0x0000000084f00000| Complete 
|  79|0x0000000084f00000, 0x0000000085000000, 0x0000000085000000|100%|HS|  |TAMS 0x0000000085000000, 0x0000000085000000| Complete 
|  80|0x0000000085000000, 0x0000000085100000, 0x0000000085100000|100%|HC|  |TAMS 0x0000000085100000, 0x0000000085100000| Complete 
|  81|0x0000000085100000, 0x0000000085200000, 0x0000000085200000|100%| O|  |TAMS 0x0000000085200000, 0x0000000085200000| Untracked 
|  82|0x0000000085200000, 0x0000000085300000, 0x0000000085300000|100%| O|  |TAMS 0x0000000085300000, 0x0000000085300000| Untracked 
|  83|0x0000000085300000, 0x0000000085400000, 0x0000000085400000|100%| O|  |TAMS 0x0000000085400000, 0x0000000085400000| Untracked 
|  84|0x0000000085400000, 0x0000000085500000, 0x0000000085500000|100%| O|  |TAMS 0x0000000085500000, 0x0000000085500000| Untracked 
|  85|0x0000000085500000, 0x0000000085600000, 0x0000000085600000|100%| O|  |TAMS 0x0000000085600000, 0x0000000085600000| Untracked 
|  86|0x0000000085600000, 0x0000000085700000, 0x0000000085700000|100%| O|  |TAMS 0x0000000085700000, 0x0000000085700000| Untracked 
|  87|0x0000000085700000, 0x0000000085800000, 0x0000000085800000|100%| O|  |TAMS 0x0000000085800000, 0x0000000085800000| Untracked 
|  88|0x0000000085800000, 0x0000000085900000, 0x0000000085900000|100%| O|  |TAMS 0x0000000085900000, 0x0000000085900000| Untracked 
|  89|0x0000000085900000, 0x0000000085a00000, 0x0000000085a00000|100%| O|  |TAMS 0x0000000085a00000, 0x0000000085a00000| Untracked 
|  90|0x0000000085a00000, 0x0000000085b00000, 0x0000000085b00000|100%|HS|  |TAMS 0x0000000085b00000, 0x0000000085b00000| Complete 
|  91|0x0000000085b00000, 0x0000000085c00000, 0x0000000085c00000|100%|HS|  |TAMS 0x0000000085c00000, 0x0000000085c00000| Complete 
|  92|0x0000000085c00000, 0x0000000085d00000, 0x0000000085d00000|100%|HC|  |TAMS 0x0000000085d00000, 0x0000000085d00000| Complete 
|  93|0x0000000085d00000, 0x0000000085e00000, 0x0000000085e00000|100%|HC|  |TAMS 0x0000000085e00000, 0x0000000085e00000| Complete 
|  94|0x0000000085e00000, 0x0000000085f00000, 0x0000000085f00000|100%| O|  |TAMS 0x0000000085f00000, 0x0000000085f00000| Untracked 
|  95|0x0000000085f00000, 0x0000000086000000, 0x0000000086000000|100%| O|  |TAMS 0x0000000086000000, 0x0000000086000000| Untracked 
|  96|0x0000000086000000, 0x0000000086100000, 0x0000000086100000|100%| O|  |TAMS 0x0000000086100000, 0x0000000086100000| Untracked 
|  97|0x0000000086100000, 0x0000000086200000, 0x0000000086200000|100%| O|  |TAMS 0x0000000086200000, 0x0000000086200000| Untracked 
|  98|0x0000000086200000, 0x0000000086300000, 0x0000000086300000|100%| O|  |TAMS 0x0000000086300000, 0x0000000086300000| Untracked 
|  99|0x0000000086300000, 0x0000000086400000, 0x0000000086400000|100%| O|  |TAMS 0x0000000086400000, 0x0000000086400000| Untracked 
| 100|0x0000000086400000, 0x0000000086500000, 0x0000000086500000|100%|HS|  |TAMS 0x0000000086500000, 0x0000000086500000| Complete 
| 101|0x0000000086500000, 0x0000000086600000, 0x0000000086600000|100%|HS|  |TAMS 0x0000000086600000, 0x0000000086600000| Complete 
| 102|0x0000000086600000, 0x0000000086700000, 0x0000000086700000|100%| O|  |TAMS 0x0000000086700000, 0x0000000086700000| Untracked 
| 103|0x0000000086700000, 0x0000000086800000, 0x0000000086800000|100%|HS|  |TAMS 0x0000000086800000, 0x0000000086800000| Complete 
| 104|0x0000000086800000, 0x0000000086900000, 0x0000000086900000|100%|HC|  |TAMS 0x0000000086900000, 0x0000000086900000| Complete 
| 105|0x0000000086900000, 0x0000000086a00000, 0x0000000086a00000|100%|HC|  |TAMS 0x0000000086a00000, 0x0000000086a00000| Complete 
| 106|0x0000000086a00000, 0x0000000086b00000, 0x0000000086b00000|100%| O|  |TAMS 0x0000000086b00000, 0x0000000086b00000| Untracked 
| 107|0x0000000086b00000, 0x0000000086c00000, 0x0000000086c00000|100%| O|  |TAMS 0x0000000086c00000, 0x0000000086c00000| Untracked 
| 108|0x0000000086c00000, 0x0000000086d00000, 0x0000000086d00000|100%| O|  |TAMS 0x0000000086d00000, 0x0000000086d00000| Untracked 
| 109|0x0000000086d00000, 0x0000000086e00000, 0x0000000086e00000|100%| O|  |TAMS 0x0000000086e00000, 0x0000000086e00000| Untracked 
| 110|0x0000000086e00000, 0x0000000086f00000, 0x0000000086f00000|100%| O|  |TAMS 0x0000000086e28600, 0x0000000086f00000| Untracked 
| 111|0x0000000086f00000, 0x0000000087000000, 0x0000000087000000|100%| O|  |TAMS 0x0000000086f00000, 0x0000000087000000| Untracked 
| 112|0x0000000087000000, 0x0000000087049600, 0x0000000087100000| 28%| O|  |TAMS 0x0000000087000000, 0x0000000087049600| Untracked 
| 113|0x0000000087100000, 0x0000000087100000, 0x0000000087200000|  0%| F|  |TAMS 0x0000000087100000, 0x0000000087100000| Untracked 
| 114|0x0000000087200000, 0x0000000087200000, 0x0000000087300000|  0%| F|  |TAMS 0x0000000087200000, 0x0000000087200000| Untracked 
| 115|0x0000000087300000, 0x0000000087300000, 0x0000000087400000|  0%| F|  |TAMS 0x0000000087300000, 0x0000000087300000| Untracked 
| 116|0x0000000087400000, 0x0000000087400000, 0x0000000087500000|  0%| F|  |TAMS 0x0000000087400000, 0x0000000087400000| Untracked 
| 117|0x0000000087500000, 0x0000000087500000, 0x0000000087600000|  0%| F|  |TAMS 0x0000000087500000, 0x0000000087500000| Untracked 
| 118|0x0000000087600000, 0x0000000087600000, 0x0000000087700000|  0%| F|  |TAMS 0x0000000087600000, 0x0000000087600000| Untracked 
| 119|0x0000000087700000, 0x0000000087700000, 0x0000000087800000|  0%| F|  |TAMS 0x0000000087700000, 0x0000000087700000| Untracked 
| 120|0x0000000087800000, 0x0000000087800000, 0x0000000087900000|  0%| F|  |TAMS 0x0000000087800000, 0x0000000087800000| Untracked 
| 121|0x0000000087900000, 0x0000000087900000, 0x0000000087a00000|  0%| F|  |TAMS 0x0000000087900000, 0x0000000087900000| Untracked 
| 122|0x0000000087a00000, 0x0000000087a80f88, 0x0000000087b00000| 50%| S|CS|TAMS 0x0000000087a00000, 0x0000000087a00000| Complete 
| 123|0x0000000087b00000, 0x0000000087b00000, 0x0000000087c00000|  0%| F|  |TAMS 0x0000000087b00000, 0x0000000087b00000| Untracked 
| 124|0x0000000087c00000, 0x0000000087c00000, 0x0000000087d00000|  0%| F|  |TAMS 0x0000000087c00000, 0x0000000087c00000| Untracked 
| 125|0x0000000087d00000, 0x0000000087d00000, 0x0000000087e00000|  0%| F|  |TAMS 0x0000000087d00000, 0x0000000087d00000| Untracked 
| 126|0x0000000087e00000, 0x0000000087e00000, 0x0000000087f00000|  0%| F|  |TAMS 0x0000000087e00000, 0x0000000087e00000| Untracked 
| 127|0x0000000087f00000, 0x0000000087f33560, 0x0000000088000000| 20%| E|  |TAMS 0x0000000087f00000, 0x0000000087f00000| Complete 

Card table byte_map: [0x000001e4c7960000,0x000001e4c7d60000] _byte_map_base: 0x000001e4c7560000

Marking Bits (Prev, Next): (CMBitMap*) 0x000001e4b0b819f0, (CMBitMap*) 0x000001e4b0b819b8
 Prev Bits: [0x000001e4ca160000, 0x000001e4cc160000)
 Next Bits: [0x000001e4c8160000, 0x000001e4ca160000)

Polling page: 0x000001e4aecc0000

Metaspace:

Usage:
  Non-class:     82.21 MB capacity,    80.38 MB ( 98%) used,     1.57 MB (  2%) free+waste,   271.06 KB ( <1%) overhead. 
      Class:     13.50 MB capacity,    12.34 MB ( 91%) used,     1.03 MB (  8%) free+waste,   128.94 KB ( <1%) overhead. 
       Both:     95.71 MB capacity,    92.72 MB ( 97%) used,     2.60 MB (  3%) free+waste,   400.00 KB ( <1%) overhead. 

Virtual space:
  Non-class space:       84.00 MB reserved,      82.25 MB ( 98%) committed 
      Class space:      504.00 MB reserved,      13.50 MB (  3%) committed 
             Both:      588.00 MB reserved,      95.75 MB ( 16%) committed 

Chunk freelists:
   Non-Class:  4.50 KB
       Class:  256 bytes
        Both:  4.75 KB

CodeHeap 'non-profiled nmethods': size=120000Kb used=7152Kb max_used=7152Kb free=112848Kb
 bounds [0x000001e4bfcf0000, 0x000001e4c03f0000, 0x000001e4c7220000]
CodeHeap 'profiled nmethods': size=120000Kb used=25767Kb max_used=25767Kb free=94233Kb
 bounds [0x000001e4b87c0000, 0x000001e4ba0f0000, 0x000001e4bfcf0000]
CodeHeap 'non-nmethods': size=5760Kb used=2304Kb max_used=2359Kb free=3455Kb
 bounds [0x000001e4b8220000, 0x000001e4b8490000, 0x000001e4b87c0000]
 total_blobs=12426 nmethods=11509 adapters=828
 compilation: enabled
              stopped_count=0, restarted_count=0
 full_count=0

Compilation events (10 events):
Event: 604.123 Thread 0x000001e4cebc5800 nmethod 11654 0x000001e4ba0dd410 code [0x000001e4ba0dd680, 0x000001e4ba0de078]
Event: 604.132 Thread 0x000001e4cebc5800 11655   !   3       jdk.internal.reflect.GeneratedConstructorAccessor57::newInstance (53 bytes)
Event: 604.135 Thread 0x000001e4cebc5800 nmethod 11655 0x000001e4ba0de410 code [0x000001e4ba0de6e0, 0x000001e4ba0df9b8]
Event: 604.135 Thread 0x000001e4cebc5800 11656       3       com.android.build.gradle.internal.publishing.PublishedConfigSpec::<init> (26 bytes)
Event: 604.136 Thread 0x000001e4cebc5800 nmethod 11656 0x000001e4ba0e0110 code [0x000001e4ba0e0340, 0x000001e4ba0e0af8]
Event: 604.136 Thread 0x000001e4cebc5800 11657       3       com.android.build.gradle.internal.scope.BuildArtifactSpec::access$getSpecMap$cp (4 bytes)
Event: 604.136 Thread 0x000001e4cebc5800 nmethod 11657 0x000001e4ba0e0e10 code [0x000001e4ba0e0fa0, 0x000001e4ba0e1098]
Event: 604.137 Thread 0x000001e4cebc5800 11658       3       com.android.build.gradle.internal.dependency.AndroidAttributes::addAttributesToContainer (208 bytes)
Event: 604.138 Thread 0x000001e4cebc5800 nmethod 11658 0x000001e4ba0e1110 code [0x000001e4ba0e1400, 0x000001e4ba0e2528]
Event: 604.138 Thread 0x000001e4cebc5800 11659       3       com.android.build.gradle.internal.scope.BuildArtifactSpec$Companion::has (16 bytes)

GC Heap History (10 events):
Event: 603.327 GC heap before
{Heap before GC invocations=59 (full 0):
 garbage-first heap   total 131072K, used 117855K [0x0000000080000000, 0x0000000100000000)
  region size 1024K, 6 young (6144K), 1 survivors (1024K)
 Metaspace       used 93890K, capacity 96779K, committed 96896K, reserved 600064K
  class space    used 12504K, capacity 13688K, committed 13696K, reserved 516096K
}
Event: 603.329 GC heap after
{Heap after GC invocations=60 (full 0):
 garbage-first heap   total 131072K, used 112835K [0x0000000080000000, 0x0000000100000000)
  region size 1024K, 1 young (1024K), 1 survivors (1024K)
 Metaspace       used 93890K, capacity 96779K, committed 96896K, reserved 600064K
  class space    used 12504K, capacity 13688K, committed 13696K, reserved 516096K
}
Event: 603.478 GC heap before
{Heap before GC invocations=61 (full 0):
 garbage-first heap   total 131072K, used 117955K [0x0000000080000000, 0x0000000100000000)
  region size 1024K, 6 young (6144K), 1 survivors (1024K)
 Metaspace       used 94203K, capacity 97195K, committed 97536K, reserved 600064K
  class space    used 12539K, capacity 13720K, committed 13824K, reserved 516096K
}
Event: 603.482 GC heap after
{Heap after GC invocations=62 (full 0):
 garbage-first heap   total 131072K, used 113245K [0x0000000080000000, 0x0000000100000000)
  region size 1024K, 1 young (1024K), 1 survivors (1024K)
 Metaspace       used 94203K, capacity 97195K, committed 97536K, reserved 600064K
  class space    used 12539K, capacity 13720K, committed 13824K, reserved 516096K
}
Event: 603.613 GC heap before
{Heap before GC invocations=62 (full 0):
 garbage-first heap   total 131072K, used 118365K [0x0000000080000000, 0x0000000100000000)
  region size 1024K, 6 young (6144K), 1 survivors (1024K)
 Metaspace       used 94421K, capacity 97420K, committed 97536K, reserved 600064K
  class space    used 12565K, capacity 13752K, committed 13824K, reserved 516096K
}
Event: 603.616 GC heap after
{Heap after GC invocations=63 (full 0):
 garbage-first heap   total 131072K, used 113511K [0x0000000080000000, 0x0000000100000000)
  region size 1024K, 1 young (1024K), 1 survivors (1024K)
 Metaspace       used 94421K, capacity 97420K, committed 97536K, reserved 600064K
  class space    used 12565K, capacity 13752K, committed 13824K, reserved 516096K
}
Event: 603.778 GC heap before
{Heap before GC invocations=63 (full 0):
 garbage-first heap   total 131072K, used 118631K [0x0000000080000000, 0x0000000100000000)
  region size 1024K, 6 young (6144K), 1 survivors (1024K)
 Metaspace       used 94521K, capacity 97530K, committed 97792K, reserved 600064K
  class space    used 12583K, capacity 13790K, committed 13824K, reserved 516096K
}
Event: 603.783 GC heap after
{Heap after GC invocations=64 (full 0):
 garbage-first heap   total 131072K, used 114010K [0x0000000080000000, 0x0000000100000000)
  region size 1024K, 1 young (1024K), 1 survivors (1024K)
 Metaspace       used 94521K, capacity 97530K, committed 97792K, reserved 600064K
  class space    used 12583K, capacity 13790K, committed 13824K, reserved 516096K
}
Event: 603.983 GC heap before
{Heap before GC invocations=65 (full 0):
 garbage-first heap   total 131072K, used 118106K [0x0000000080000000, 0x0000000100000000)
  region size 1024K, 6 young (6144K), 1 survivors (1024K)
 Metaspace       used 94692K, capacity 97786K, committed 98048K, reserved 602112K
  class space    used 12598K, capacity 13790K, committed 13824K, reserved 516096K
}
Event: 603.991 GC heap after
{Heap after GC invocations=66 (full 0):
 garbage-first heap   total 131072K, used 114979K [0x0000000080000000, 0x0000000100000000)
  region size 1024K, 1 young (1024K), 1 survivors (1024K)
 Metaspace       used 94692K, capacity 97786K, committed 98048K, reserved 602112K
  class space    used 12598K, capacity 13790K, committed 13824K, reserved 516096K
}

Deoptimization events (10 events):
Event: 577.037 Thread 0x000001e4cfefc000 Uncommon trap: reason=unstable_if action=reinterpret pc=0x000001e4c032faf0 method=groovy.lang.MetaClassImpl.filterPropertyMethod(Ljava/lang/Object;ZZ)Ljava/lang/Object; @ 80 c2
Event: 578.883 Thread 0x000001e4cfefc000 Uncommon trap: reason=unstable_if action=reinterpret pc=0x000001e4c01be8e4 method=sun.net.www.protocol.jar.Handler.parseURL(Ljava/net/URL;Ljava/lang/String;II)V @ 116 c2
Event: 579.755 Thread 0x000001e4cfefc000 Uncommon trap: reason=unstable_if action=reinterpret pc=0x000001e4c012bc0c method=java.lang.String.regionMatches(ZILjava/lang/String;II)Z @ 52 c2
Event: 579.756 Thread 0x000001e4cfefc000 Uncommon trap: reason=unstable_if action=reinterpret pc=0x000001e4c010aad8 method=java.lang.StringLatin1.regionMatchesCI([BI[BII)Z @ 66 c2
Event: 585.126 Thread 0x000001e4cfefc000 Uncommon trap: reason=unstable_if action=reinterpret pc=0x000001e4c00aafa0 method=com.esotericsoftware.kryo.io.Output.writeString(Ljava/lang/String;)V @ 39 c2
Event: 599.352 Thread 0x000001e4cfefc000 Uncommon trap: reason=unstable_if action=reinterpret pc=0x000001e4bff98030 method=org.gradle.internal.snapshot.VfsRelativePath.isPrefix(Ljava/lang/String;ILjava/lang/String;ILorg/gradle/internal/snapshot/CaseSensitivity;)Z @ 101 c2
Event: 603.847 Thread 0x000001e4cfefc000 Uncommon trap: reason=class_check action=maybe_recompile pc=0x000001e4c03e6928 method=jdk.internal.misc.Unsafe.allocateUninitializedArray(Ljava/lang/Class;I)Ljava/lang/Object; @ 48 c2
Event: 603.847 Thread 0x000001e4cfefc000 Uncommon trap: reason=class_check action=maybe_recompile pc=0x000001e4c03e6928 method=jdk.internal.misc.Unsafe.allocateUninitializedArray(Ljava/lang/Class;I)Ljava/lang/Object; @ 48 c2
Event: 603.847 Thread 0x000001e4cfefc000 Uncommon trap: reason=class_check action=maybe_recompile pc=0x000001e4c03e6928 method=jdk.internal.misc.Unsafe.allocateUninitializedArray(Ljava/lang/Class;I)Ljava/lang/Object; @ 48 c2
Event: 603.847 Thread 0x000001e4cfefc000 Uncommon trap: reason=class_check action=maybe_recompile pc=0x000001e4c03e6928 method=jdk.internal.misc.Unsafe.allocateUninitializedArray(Ljava/lang/Class;I)Ljava/lang/Object; @ 48 c2

Classes redefined (0 events):
No events

Internal exceptions (10 events):
Event: 603.732 Thread 0x000001e4cfefc000 Exception <a 'java/lang/ClassNotFoundException'{0x0000000087c60340}: org/gradle/api/JavaVersionCustomizer> (0x0000000087c60340) thrown at [./open/src/hotspot/share/classfile/systemDictionary.cpp, line 226]
Event: 603.741 Thread 0x000001e4cfefc000 Exception <a 'java/lang/ClassNotFoundException'{0x0000000087cd1758}: com/android/build/gradle/internal/CompileOptions$AgpDecorated_DecoratedBeanInfo> (0x0000000087cd1758) thrown at [./open/src/hotspot/share/classfile/systemDictionary.cpp, line 226]
Event: 603.742 Thread 0x000001e4cfefc000 Exception <a 'java/lang/ClassNotFoundException'{0x0000000087cf6208}: com/android/build/gradle/internal/CompileOptions$AgpDecoratedBeanInfo> (0x0000000087cf6208) thrown at [./open/src/hotspot/share/classfile/systemDictionary.cpp, line 226]
Event: 603.743 Thread 0x000001e4cfefc000 Exception <a 'java/lang/ClassNotFoundException'{0x0000000087b175d8}: com/android/build/gradle/internal/CompileOptionsBeanInfo> (0x0000000087b175d8) thrown at [./open/src/hotspot/share/classfile/systemDictionary.cpp, line 226]
Event: 603.745 Thread 0x000001e4cfefc000 Exception <a 'java/lang/ClassNotFoundException'{0x0000000087b39598}: com/android/build/gradle/internal/CompileOptionsCustomizer> (0x0000000087b39598) thrown at [./open/src/hotspot/share/classfile/systemDictionary.cpp, line 226]
Event: 603.747 Thread 0x000001e4cfefc000 Exception <a 'java/lang/ClassNotFoundException'{0x0000000087b6a448}: com/android/build/gradle/internal/CompileOptions$AgpDecoratedCustomizer> (0x0000000087b6a448) thrown at [./open/src/hotspot/share/classfile/systemDictionary.cpp, line 226]
Event: 603.765 Thread 0x000001e4cfefc000 Exception <a 'java/lang/ClassNotFoundException'{0x0000000087b9f4f0}: com/android/build/gradle/internal/CompileOptions$AgpDecorated_DecoratedCustomizer> (0x0000000087b9f4f0) thrown at [./open/src/hotspot/share/classfile/systemDictionary.cpp, line 226]
Event: 603.788 Thread 0x000001e4cfefc000 Exception <a 'java/lang/ClassNotFoundException'{0x0000000087f572a0}: org/jetbrains/kotlin/gradle/plugin/sources/DefaultKotlinSourceSetBeanInfo> (0x0000000087f572a0) thrown at [./open/src/hotspot/share/classfile/systemDictionary.cpp, line 226]
Event: 603.789 Thread 0x000001e4cfefc000 Exception <a 'java/lang/ClassNotFoundException'{0x0000000087f854b8}: org/jetbrains/kotlin/gradle/plugin/sources/DefaultKotlinSourceSetCustomizer> (0x0000000087f854b8) thrown at [./open/src/hotspot/share/classfile/systemDictionary.cpp, line 226]
Event: 604.132 Thread 0x000001e4cfefc000 Exception <a 'java/lang/NoClassDefFoundError'{0x0000000087c114b8}: org/jetbrains/kotlin/gradle/plugin/KotlinBasePluginWrapper> (0x0000000087c114b8) thrown at [./open/src/hotspot/share/oops/constantPool.cpp, line 770]

Events (10 events):
Event: 603.847 Thread 0x000001e4cfefc000 Uncommon trap: trap_request=0xffffffde fr.pc=0x000001e4c03e6928 relative=0x0000000000000108
Event: 603.847 Thread 0x000001e4cfefc000 DEOPT PACKING pc=0x000001e4c03e6928 sp=0x0000006a120f8db0
Event: 603.847 Thread 0x000001e4cfefc000 DEOPT UNPACKING pc=0x000001e4b824652f sp=0x0000006a120f8d38 mode 2
Event: 603.847 Thread 0x000001e4cfefc000 Uncommon trap: trap_request=0xffffffde fr.pc=0x000001e4c03e6928 relative=0x0000000000000108
Event: 603.847 Thread 0x000001e4cfefc000 DEOPT PACKING pc=0x000001e4c03e6928 sp=0x0000006a120f8db0
Event: 603.847 Thread 0x000001e4cfefc000 DEOPT UNPACKING pc=0x000001e4b824652f sp=0x0000006a120f8d38 mode 2
Event: 603.938 Executing VM operation: CGC_Operation
Event: 603.939 Executing VM operation: CGC_Operation done
Event: 603.982 Executing VM operation: G1CollectForAllocation
Event: 603.991 Executing VM operation: G1CollectForAllocation done


Dynamic libraries:
0x00007ff749650000 - 0x00007ff749660000 	D:\Program Files\Java\bin\java.exe
0x00007ffda7f30000 - 0x00007ffda8128000 	C:\Windows\SYSTEM32\ntdll.dll
0x00007ffda7b20000 - 0x00007ffda7bdf000 	C:\Windows\System32\KERNEL32.DLL
0x00007ffda5680000 - 0x00007ffda5976000 	C:\Windows\System32\KERNELBASE.dll
0x00007ffda5a20000 - 0x00007ffda5b20000 	C:\Windows\System32\ucrtbase.dll
0x00007ffd90750000 - 0x00007ffd90769000 	D:\Program Files\Java\bin\jli.dll
0x00007ffda62b0000 - 0x00007ffda635f000 	C:\Windows\System32\ADVAPI32.dll
0x00007ffda6500000 - 0x00007ffda659e000 	C:\Windows\System32\msvcrt.dll
0x00007ffd85a20000 - 0x00007ffd85a3b000 	D:\Program Files\Java\bin\VCRUNTIME140.dll
0x00007ffda6c10000 - 0x00007ffda6cac000 	C:\Windows\System32\sechost.dll
0x00007ffda5ff0000 - 0x00007ffda6116000 	C:\Windows\System32\RPCRT4.dll
0x00007ffda7d50000 - 0x00007ffda7eed000 	C:\Windows\System32\USER32.dll
0x00007ffd98f80000 - 0x00007ffd9921a000 	C:\Windows\WinSxS\amd64_microsoft.windows.common-controls_6595b64144ccf1df_6.0.19041.1110_none_60b5254171f9507e\COMCTL32.dll
0x00007ffda5f60000 - 0x00007ffda5f82000 	C:\Windows\System32\win32u.dll
0x00007ffda61f0000 - 0x00007ffda621c000 	C:\Windows\System32\GDI32.dll
0x00007ffda5b20000 - 0x00007ffda5c35000 	C:\Windows\System32\gdi32full.dll
0x00007ffda5980000 - 0x00007ffda5a1d000 	C:\Windows\System32\msvcp_win.dll
0x00007ffd9cf10000 - 0x00007ffd9cf1a000 	C:\Windows\SYSTEM32\VERSION.dll
0x00007ffda7af0000 - 0x00007ffda7b20000 	C:\Windows\System32\IMM32.DLL
0x00007ffd9f630000 - 0x00007ffd9f63c000 	D:\Program Files\Java\bin\vcruntime140_1.dll
0x00007ffd803c0000 - 0x00007ffd8044e000 	D:\Program Files\Java\bin\msvcp140.dll
0x00007ffd52ab0000 - 0x00007ffd5361c000 	D:\Program Files\Java\bin\server\jvm.dll
0x00007ffda61e0000 - 0x00007ffda61e8000 	C:\Windows\System32\PSAPI.DLL
0x00007ffd946c0000 - 0x00007ffd946c9000 	C:\Windows\SYSTEM32\WSOCK32.dll
0x00007ffda6490000 - 0x00007ffda64fb000 	C:\Windows\System32\WS2_32.dll
0x00007ffd98bf0000 - 0x00007ffd98c17000 	C:\Windows\SYSTEM32\WINMM.dll
0x00007ffda34d0000 - 0x00007ffda34e2000 	C:\Windows\SYSTEM32\kernel.appcore.dll
0x00007ffd8ea80000 - 0x00007ffd8ea90000 	D:\Program Files\Java\bin\verify.dll
0x00007ffd924b0000 - 0x00007ffd92694000 	C:\Windows\SYSTEM32\DBGHELP.DLL
0x00007ffd92400000 - 0x00007ffd92434000 	C:\Windows\SYSTEM32\dbgcore.DLL
0x00007ffda5c40000 - 0x00007ffda5cc2000 	C:\Windows\System32\bcryptPrimitives.dll
0x00007ffd809d0000 - 0x00007ffd809f8000 	D:\Program Files\Java\bin\java.dll
0x00007ffd8e490000 - 0x00007ffd8e49a000 	D:\Program Files\Java\bin\jimage.dll
0x00007ffd809b0000 - 0x00007ffd809c7000 	D:\Program Files\Java\bin\zip.dll
0x00007ffda6f10000 - 0x00007ffda7654000 	C:\Windows\System32\SHELL32.dll
0x00007ffda36d0000 - 0x00007ffda3e63000 	C:\Windows\SYSTEM32\windows.storage.dll
0x00007ffda6770000 - 0x00007ffda6ac4000 	C:\Windows\System32\combase.dll
0x00007ffda5070000 - 0x00007ffda509e000 	C:\Windows\SYSTEM32\Wldp.dll
0x00007ffda65a0000 - 0x00007ffda664d000 	C:\Windows\System32\SHCORE.dll
0x00007ffda6180000 - 0x00007ffda61d5000 	C:\Windows\System32\shlwapi.dll
0x00007ffda5550000 - 0x00007ffda556f000 	C:\Windows\SYSTEM32\profapi.dll
0x00007ffd80850000 - 0x00007ffd80869000 	D:\Program Files\Java\bin\net.dll
0x00007ffd9d120000 - 0x00007ffd9d22a000 	C:\Windows\SYSTEM32\WINHTTP.dll
0x00007ffda4dd0000 - 0x00007ffda4e3a000 	C:\Windows\system32\mswsock.dll
0x00007ffd80830000 - 0x00007ffd80842000 	D:\Program Files\Java\bin\nio.dll
0x00007ffd8fa20000 - 0x00007ffd8fa47000 	C:\Users\sony\.gradle\native\e1d6ef7f7dcc3fd88c89a11ec53ec762bb8ba0a96d01ffa2cd45eb1d1d8dd5c5\windows-amd64\native-platform.dll
0x00007ffd53a20000 - 0x00007ffd53b64000 	C:\Users\sony\.gradle\native\0d407fdbe67a94daf76414ababcb853783967236a71b16ec16e742cd7a986fd3\windows-amd64\native-platform-file-events.dll
0x00007ffd87a60000 - 0x00007ffd87a69000 	D:\Program Files\Java\bin\management.dll
0x00007ffd85db0000 - 0x00007ffd85dbb000 	D:\Program Files\Java\bin\management_ext.dll
0x00007ffda4fc0000 - 0x00007ffda4fd8000 	C:\Windows\SYSTEM32\CRYPTSP.dll
0x00007ffda4680000 - 0x00007ffda46b4000 	C:\Windows\system32\rsaenh.dll
0x00007ffda5cd0000 - 0x00007ffda5cf7000 	C:\Windows\System32\bcrypt.dll
0x00007ffda5510000 - 0x00007ffda553e000 	C:\Windows\SYSTEM32\USERENV.dll
0x00007ffda4fe0000 - 0x00007ffda4fec000 	C:\Windows\SYSTEM32\CRYPTBASE.dll
0x00007ffda4a70000 - 0x00007ffda4aac000 	C:\Windows\SYSTEM32\IPHLPAPI.DLL
0x00007ffda7ae0000 - 0x00007ffda7ae8000 	C:\Windows\System32\NSI.dll
0x00007ffd9d5c0000 - 0x00007ffd9d5d7000 	C:\Windows\SYSTEM32\dhcpcsvc6.DLL
0x00007ffd9dfb0000 - 0x00007ffd9dfcd000 	C:\Windows\SYSTEM32\dhcpcsvc.DLL
0x00007ffda4ac0000 - 0x00007ffda4b8b000 	C:\Windows\SYSTEM32\DNSAPI.dll

dbghelp: loaded successfully - version: 4.0.5 - missing functions: none
symbol engine: initialized successfully - sym options: 0x614 - pdb path: .;D:\Program Files\Java\bin;C:\Windows\SYSTEM32;C:\Windows\WinSxS\amd64_microsoft.windows.common-controls_6595b64144ccf1df_6.0.19041.1110_none_60b5254171f9507e;D:\Program Files\Java\bin\server;C:\Users\sony\.gradle\native\e1d6ef7f7dcc3fd88c89a11ec53ec762bb8ba0a96d01ffa2cd45eb1d1d8dd5c5\windows-amd64;C:\Users\sony\.gradle\native\0d407fdbe67a94daf76414ababcb853783967236a71b16ec16e742cd7a986fd3\windows-amd64

VM Arguments:
jvm_args: -XX:MaxMetaspaceSize=512m --add-opens=java.base/java.util=ALL-UNNAMED --add-opens=java.base/java.lang=ALL-UNNAMED --add-opens=java.base/java.lang.invoke=ALL-UNNAMED --add-opens=java.base/java.util=ALL-UNNAMED --add-opens=java.prefs/java.util.prefs=ALL-UNNAMED --add-opens=java.prefs/java.util.prefs=ALL-UNNAMED --add-opens=java.base/java.nio.charset=ALL-UNNAMED --add-opens=java.base/java.net=ALL-UNNAMED --add-opens=java.base/java.util.concurrent.atomic=ALL-UNNAMED -Xmx2048m -Dfile.encoding=windows-1252 -Duser.country=US -Duser.language=en -Duser.variant 
java_command: org.gradle.launcher.daemon.bootstrap.GradleDaemon 7.5.1
java_class_path (initial): C:\Users\sony\.gradle\wrapper\dists\gradle-7.5.1-all\1ehga6e77gqps5uk2kc5kf1vc\gradle-7.5.1\lib\gradle-launcher-7.5.1.jar
Launcher Type: SUN_STANDARD

[Global flags]
     intx CICompilerCount                          = 4                                         {product} {ergonomic}
   size_t CompressedClassSpaceSize                 = 528482304                                 {product} {ergonomic}
     uint ConcGCThreads                            = 2                                         {product} {ergonomic}
     uint G1ConcRefinementThreads                  = 8                                         {product} {ergonomic}
   size_t G1HeapRegionSize                         = 1048576                                   {product} {ergonomic}
    uintx GCDrainStackTargetSize                   = 64                                        {product} {ergonomic}
   size_t InitialHeapSize                          = 134217728                                 {product} {ergonomic}
   size_t MarkStackSize                            = 4194304                                   {product} {ergonomic}
   size_t MaxHeapSize                              = 2147483648                                {product} {command line}
   size_t MaxMetaspaceSize                         = 536870912                                 {product} {command line}
   size_t MaxNewSize                               = 1287651328                                {product} {ergonomic}
   size_t MinHeapDeltaBytes                        = 1048576                                   {product} {ergonomic}
    uintx NonNMethodCodeHeapSize                   = 5836300                                {pd product} {ergonomic}
    uintx NonProfiledCodeHeapSize                  = 122910970                              {pd product} {ergonomic}
    uintx ProfiledCodeHeapSize                     = 122910970                              {pd product} {ergonomic}
    uintx ReservedCodeCacheSize                    = 251658240                              {pd product} {ergonomic}
     bool SegmentedCodeCache                       = true                                      {product} {ergonomic}
     bool UseCompressedClassPointers               = true                                 {lp64_product} {ergonomic}
     bool UseCompressedOops                        = true                                 {lp64_product} {ergonomic}
     bool UseG1GC                                  = true                                      {product} {ergonomic}
     bool UseLargePagesIndividualAllocation        = false                                  {pd product} {ergonomic}

Logging:
Log output configuration:
 #0: stdout all=warning uptime,level,tags
 #1: stderr all=off uptime,level,tags

Environment Variables:
CLASSPATH=D:\LoginApp\dtrgApp2\Dtrg\android\\gradle\wrapper\gradle-wrapper.jar
PATH=D:\LoginApp\dtrgApp2\Dtrg\android\node_modules\.bin;D:\LoginApp\dtrgApp2\Dtrg\node_modules\.bin;D:\LoginApp\dtrgApp2\node_modules\.bin;D:\LoginApp\node_modules\.bin;D:\node_modules\.bin;C:\Program Files\nodejs;D:\LoginApp\dtrgApp2\Dtrg\node_modules\.bin;D:\LoginApp\dtrgApp2\Dtrg\node_modules\.bin;D:\LoginApp\dtrgApp2\node_modules\.bin;D:\LoginApp\node_modules\.bin;D:\node_modules\.bin;C:\Users\sony\AppData\Roaming\npm\node_modules\npm\node_modules\@npmcli\run-script\lib\node-gyp-bin;D:\LoginApp\dtrgApp2\Dtrg\node_modules\.bin;D:\LoginApp\dtrgApp2\node_modules\.bin;D:\LoginApp\node_modules\.bin;D:\node_modules\.bin;C:\Program Files\nodejs;D:\LoginApp\dtrgApp2\Dtrg\node_modules\.bin;D:\LoginApp\dtrgApp2\node_modules\.bin;D:\LoginApp\node_modules\.bin;D:\node_modules\.bin;C:\Users\sony\AppData\Roaming\npm\node_modules\npm\node_modules\@npmcli\run-script\lib\node-gyp-bin;C:\Program Files\Common Files\Oracle\Java\javapath;C:\Windows\system32;C:\Windows;C:\Windows\System32\Wbem;C:\Windows\System32\WindowsPowerShell\v1.0\;C:\Windows\System32\OpenSSH\;C:\Program Files\Microsoft SQL Server\150\Tools\Binn\;C:\Program Files\Microsoft SQL Server\Client SDK\ODBC\170\Tools\Binn\;C:\Program Files\dotnet\;C:\Program Files\TortoiseSVN\bin;C:\Program Files\nodejs\;C:\Users\sony\AppData\Local\Microsoft\WindowsApps;C:\Users\sony\AppData\Local\Programs\Microsoft VS Code\bin;C:\Users\sony\.dotnet\tools;C:\Users\sony\AppData\Local\Android\Sdk\platform-tools;C:\Users\sony\AppData\Roaming\npm
USERNAME=sony
OS=Windows_NT
PROCESSOR_IDENTIFIER=Intel64 Family 6 Model 42 Stepping 7, GenuineIntel



---------------  S Y S T E M  ---------------

OS: Windows 10 , 64 bit Build 19041 (10.0.19041.2913)

CPU:total 8 (initial active 8) (4 cores per cpu, 2 threads per core) family 6 model 42 stepping 7 microcode 0x2f, cmov, cx8, fxsr, mmx, sse, sse2, sse3, ssse3, sse4.1, sse4.2, popcnt, avx, aes, clmul, ht, tsc, tscinvbit

Memory: 4k page, system-wide physical 8173M (215M free)
TotalPageFile size 32749M (AvailPageFile size 3M)
current process WorkingSet (physical memory assigned to process): 274M, peak: 347M
current process commit charge ("private bytes"): 427M, peak: 434M

vm_info: Java HotSpot(TM) 64-Bit Server VM (11.0.19+9-LTS-224) for windows-amd64 JRE (11.0.19+9-LTS-224), built on Mar 27 2023 08:48:55 by "mach5one" with MS VC++ 17.1 (VS2022)

END.
