#
# There is insufficient memory for the Java Runtime Environment to continue.
# Native memory allocation (malloc) failed to allocate 32744 bytes for ChunkPool::allocate
# Possible reasons:
#   The system is out of physical RAM or swap space
#   The process is running with CompressedOops enabled, and the Java Heap may be blocking the growth of the native heap
# Possible solutions:
#   Reduce memory load on the system
#   Increase physical memory or swap space
#   Check if swap backing store is full
#   Decrease Java heap size (-Xmx/-Xms)
#   Decrease number of Java threads
#   Decrease Java thread stack sizes (-Xss)
#   Set larger code cache with -XX:ReservedCodeCacheSize=
#   JVM is running with Unscaled Compressed Oops mode in which the Java heap is
#     placed in the first 4GB address space. The Java Heap base address is the
#     maximum limit for the native heap growth. Please use -XX:HeapBaseMinAddress
#     to set the Java Heap base and to place the Java Heap above 4GB virtual address.
# This output file may be truncated or incomplete.
#
#  Out of Memory Error (./open/src/hotspot/share/memory/arena.cpp:81), pid=43204, tid=26224
#
# JRE version: Java(TM) SE Runtime Environment 18.9 (11.0.19+9) (build 11.0.19+9-LTS-224)
# Java VM: Java HotSpot(TM) 64-Bit Server VM 18.9 (11.0.19+9-LTS-224, mixed mode, tiered, compressed oops, g1 gc, windows-amd64)
# No core dump will be written. Minidumps are not enabled by default on client versions of Windows
#

---------------  S U M M A R Y ------------

Command Line: -Xmx64m -Xms64m -Dorg.gradle.appname=gradlew org.gradle.wrapper.GradleWrapperMain app:installDebug -PreactNativeDevServerPort=8081

Host: Intel(R) Core(TM) i7-2670QM CPU @ 2.20GHz, 8 cores, 7G,  Windows 10 , 64 bit Build 19041 (10.0.19041.2913)
Time: Thu May 18 16:29:30 2023 Nepal Standard Time elapsed time: 102.466628 seconds (0d 0h 1m 42s)

---------------  T H R E A D  ---------------

Current thread (0x000001f58f118800):  JavaThread "C1 CompilerThread0" daemon [_thread_in_native, id=26224, stack(0x0000009df6e00000,0x0000009df6f00000)]


Current CompileTask:
C1: 102466 1167       3      
[error occurred during error reporting (printing current compile task), id 0xe0000001, Out of Memory Error (./open/src/hotspot/share/memory/arena.cpp:81)]

Stack: [0x0000009df6e00000,0x0000009df6f00000]
Native frames: (J=compiled Java code, j=interpreted, Vv=VM code, C=native code)
V  [jvm.dll+0x65fe1a]
V  [jvm.dll+0x7a2bbf]
V  [jvm.dll+0x7a4289]
V  [jvm.dll+0x7a4923]
V  [jvm.dll+0x258a25]
V  [jvm.dll+0xb2c3f]
V  [jvm.dll+0xb2f8c]
V  [jvm.dll+0x73067b]
V  [jvm.dll+0x7307d9]
V  [jvm.dll+0x531172]
V  [jvm.dll+0x616049]
V  [jvm.dll+0x225b3f]
V  [jvm.dll+0x7a2a5d]
V  [jvm.dll+0x7a4289]
V  [jvm.dll+0x7a4923]
V  [jvm.dll+0x258a25]
V  [jvm.dll+0xb2c3f]
V  [jvm.dll+0xb2f8c]
V  [jvm.dll+0x157b3d]
V  [jvm.dll+0x163188]
V  [jvm.dll+0x1632f0]
V  [jvm.dll+0x159bfc]
V  [jvm.dll+0x15662e]
V  [jvm.dll+0x142d50]
V  [jvm.dll+0x12a5d9]
V  [jvm.dll+0x129f3f]
V  [jvm.dll+0x12a172]
V  [jvm.dll+0x1294c9]
V  [jvm.dll+0x12b318]
V  [jvm.dll+0x220989]
V  [jvm.dll+0x21ecac]
V  [jvm.dll+0x766921]
V  [jvm.dll+0x75f2e4]
V  [jvm.dll+0x65ecc5]
C  [ucrtbase.dll+0x21bb2]
C  [KERNEL32.DLL+0x17614]
C  [ntdll.dll+0x526a1]


---------------  P R O C E S S  ---------------

Threads class SMR info:
_java_thread_list=0x000001f5907627a0, length=11, elements={
0x000001f5f300a000, 0x000001f5ffecc000, 0x000001f5ffed6000, 0x000001f5fff3c800,
0x000001f5fff40000, 0x000001f5fff41000, 0x000001f5fff42000, 0x000001f58f118800,
0x000001f58f136800, 0x000001f58f235000, 0x000001f590142000
}

Java Threads: ( => current thread )
  0x000001f5f300a000 JavaThread "main" [_thread_in_vm, id=36844, stack(0x0000009df6100000,0x0000009df6200000)]
  0x000001f5ffecc000 JavaThread "Reference Handler" daemon [_thread_blocked, id=26324, stack(0x0000009df6800000,0x0000009df6900000)]
  0x000001f5ffed6000 JavaThread "Finalizer" daemon [_thread_blocked, id=7012, stack(0x0000009df6900000,0x0000009df6a00000)]
  0x000001f5fff3c800 JavaThread "Signal Dispatcher" daemon [_thread_blocked, id=15300, stack(0x0000009df6a00000,0x0000009df6b00000)]
  0x000001f5fff40000 JavaThread "Attach Listener" daemon [_thread_blocked, id=14700, stack(0x0000009df6b00000,0x0000009df6c00000)]
  0x000001f5fff41000 JavaThread "Service Thread" daemon [_thread_blocked, id=12592, stack(0x0000009df6c00000,0x0000009df6d00000)]
  0x000001f5fff42000 JavaThread "C2 CompilerThread0" daemon [_thread_blocked, id=9852, stack(0x0000009df6d00000,0x0000009df6e00000)]
=>0x000001f58f118800 JavaThread "C1 CompilerThread0" daemon [_thread_in_native, id=26224, stack(0x0000009df6e00000,0x0000009df6f00000)]
  0x000001f58f136800 JavaThread "Sweeper thread" daemon [_thread_blocked, id=8016, stack(0x0000009df6f00000,0x0000009df7000000)]
  0x000001f58f235000 JavaThread "Common-Cleaner" daemon [_thread_blocked, id=39104, stack(0x0000009df7100000,0x0000009df7200000)]
  0x000001f590142000 JavaThread "pool-1-thread-1" [_thread_blocked, id=30524, stack(0x0000009df5e00000,0x0000009df5f00000)]

Other Threads:
  0x000001f5ffea7000 VMThread "VM Thread" [stack: 0x0000009df6700000,0x0000009df6800000] [id=39048]
  0x000001f58f230800 WatcherThread [stack: 0x0000009df7000000,0x0000009df7100000] [id=39536]
  0x000001f5f50f2800 GCTaskThread "GC Thread#0" [stack: 0x0000009df6200000,0x0000009df6300000] [id=36632]
  0x000001f58f2fa000 GCTaskThread "GC Thread#1" [stack: 0x0000009df7200000,0x0000009df7300000] [id=44820]
  0x000001f5f50fc000 ConcurrentGCThread "G1 Main Marker" [stack: 0x0000009df6300000,0x0000009df6400000] [id=45012]
  0x000001f5f5101000 ConcurrentGCThread "G1 Conc#0" [stack: 0x0000009df6400000,0x0000009df6500000] [id=41636]
  0x000001f58f311000 ConcurrentGCThread "G1 Conc#1" [stack: 0x0000009df7300000,0x0000009df7400000] [id=6368]
  0x000001f5f5163800 ConcurrentGCThread "G1 Refine#0" [stack: 0x0000009df6500000,0x0000009df6600000] [id=24844]
  0x000001f5f5164800 ConcurrentGCThread "G1 Young RemSet Sampling" [stack: 0x0000009df6600000,0x0000009df6700000] [id=30968]

Threads with active compile tasks:
C1 CompilerThread0   102544 1167       3       sun.nio.fs.WindowsPathParser::parse (384 bytes)

VM state:not at safepoint (normal execution)

VM Mutex/Monitor currently owned by a thread: None

Heap address: 0x00000000fc000000, size: 64 MB, Compressed Oops mode: 32-bit
Narrow klass base: 0x0000000000000000, Narrow klass shift: 3
Compressed class space size: 1073741824 Address: 0x0000000100000000

Heap:
 garbage-first heap   total 65536K, used 42936K [0x00000000fc000000, 0x0000000100000000)
  region size 1024K, 38 young (38912K), 1 survivors (1024K)
 Metaspace       used 13575K, capacity 13857K, committed 14080K, reserved 1069056K
  class space    used 1572K, capacity 1668K, committed 1792K, reserved 1048576K
Heap Regions: E=young(eden), S=young(survivor), O=old, HS=humongous(starts), HC=humongous(continues), CS=collection set, F=free, A=archive, TAMS=top-at-mark-start (previous, next)
|   0|0x00000000fc000000, 0x00000000fc100000, 0x00000000fc100000|100%|HS|  |TAMS 0x00000000fc000000, 0x00000000fc000000| Complete 
|   1|0x00000000fc100000, 0x00000000fc200000, 0x00000000fc200000|100%|HC|  |TAMS 0x00000000fc100000, 0x00000000fc100000| Complete 
|   2|0x00000000fc200000, 0x00000000fc300000, 0x00000000fc300000|100%|HC|  |TAMS 0x00000000fc200000, 0x00000000fc200000| Complete 
|   3|0x00000000fc300000, 0x00000000fc400000, 0x00000000fc400000|100%|HS|  |TAMS 0x00000000fc300000, 0x00000000fc300000| Complete 
|   4|0x00000000fc400000, 0x00000000fc500000, 0x00000000fc500000|100%|HC|  |TAMS 0x00000000fc400000, 0x00000000fc400000| Complete 
|   5|0x00000000fc500000, 0x00000000fc600000, 0x00000000fc600000|100%|HC|  |TAMS 0x00000000fc500000, 0x00000000fc500000| Complete 
|   6|0x00000000fc600000, 0x00000000fc600000, 0x00000000fc700000|  0%| F|  |TAMS 0x00000000fc600000, 0x00000000fc600000| Untracked 
|   7|0x00000000fc700000, 0x00000000fc700000, 0x00000000fc800000|  0%| F|  |TAMS 0x00000000fc700000, 0x00000000fc700000| Untracked 
|   8|0x00000000fc800000, 0x00000000fc800000, 0x00000000fc900000|  0%| F|  |TAMS 0x00000000fc800000, 0x00000000fc800000| Untracked 
|   9|0x00000000fc900000, 0x00000000fc900000, 0x00000000fca00000|  0%| F|  |TAMS 0x00000000fc900000, 0x00000000fc900000| Untracked 
|  10|0x00000000fca00000, 0x00000000fca00000, 0x00000000fcb00000|  0%| F|  |TAMS 0x00000000fca00000, 0x00000000fca00000| Untracked 
|  11|0x00000000fcb00000, 0x00000000fcb00000, 0x00000000fcc00000|  0%| F|  |TAMS 0x00000000fcb00000, 0x00000000fcb00000| Untracked 
|  12|0x00000000fcc00000, 0x00000000fcc00000, 0x00000000fcd00000|  0%| F|  |TAMS 0x00000000fcc00000, 0x00000000fcc00000| Untracked 
|  13|0x00000000fcd00000, 0x00000000fcd00000, 0x00000000fce00000|  0%| F|  |TAMS 0x00000000fcd00000, 0x00000000fcd00000| Untracked 
|  14|0x00000000fce00000, 0x00000000fce00000, 0x00000000fcf00000|  0%| F|  |TAMS 0x00000000fce00000, 0x00000000fce00000| Untracked 
|  15|0x00000000fcf00000, 0x00000000fcf00000, 0x00000000fd000000|  0%| F|  |TAMS 0x00000000fcf00000, 0x00000000fcf00000| Untracked 
|  16|0x00000000fd000000, 0x00000000fd000000, 0x00000000fd100000|  0%| F|  |TAMS 0x00000000fd000000, 0x00000000fd000000| Untracked 
|  17|0x00000000fd100000, 0x00000000fd100000, 0x00000000fd200000|  0%| F|  |TAMS 0x00000000fd100000, 0x00000000fd100000| Untracked 
|  18|0x00000000fd200000, 0x00000000fd200000, 0x00000000fd300000|  0%| F|  |TAMS 0x00000000fd200000, 0x00000000fd200000| Untracked 
|  19|0x00000000fd300000, 0x00000000fd300000, 0x00000000fd400000|  0%| F|  |TAMS 0x00000000fd300000, 0x00000000fd300000| Untracked 
|  20|0x00000000fd400000, 0x00000000fd400000, 0x00000000fd500000|  0%| F|  |TAMS 0x00000000fd400000, 0x00000000fd400000| Untracked 
|  21|0x00000000fd500000, 0x00000000fd500000, 0x00000000fd600000|  0%| F|  |TAMS 0x00000000fd500000, 0x00000000fd500000| Untracked 
|  22|0x00000000fd600000, 0x00000000fd600000, 0x00000000fd700000|  0%| F|  |TAMS 0x00000000fd600000, 0x00000000fd600000| Untracked 
|  23|0x00000000fd700000, 0x00000000fd700000, 0x00000000fd800000|  0%| F|  |TAMS 0x00000000fd700000, 0x00000000fd700000| Untracked 
|  24|0x00000000fd800000, 0x00000000fd800000, 0x00000000fd900000|  0%| F|  |TAMS 0x00000000fd800000, 0x00000000fd800000| Untracked 
|  25|0x00000000fd900000, 0x00000000fd900000, 0x00000000fda00000|  0%| F|  |TAMS 0x00000000fd900000, 0x00000000fd900000| Untracked 
|  26|0x00000000fda00000, 0x00000000fdb00000, 0x00000000fdb00000|100%| E|  |TAMS 0x00000000fda00000, 0x00000000fda00000| Complete 
|  27|0x00000000fdb00000, 0x00000000fdc00000, 0x00000000fdc00000|100%| E|CS|TAMS 0x00000000fdb00000, 0x00000000fdb00000| Complete 
|  28|0x00000000fdc00000, 0x00000000fdd00000, 0x00000000fdd00000|100%| E|CS|TAMS 0x00000000fdc00000, 0x00000000fdc00000| Complete 
|  29|0x00000000fdd00000, 0x00000000fde00000, 0x00000000fde00000|100%| E|CS|TAMS 0x00000000fdd00000, 0x00000000fdd00000| Complete 
|  30|0x00000000fde00000, 0x00000000fdf00000, 0x00000000fdf00000|100%| E|CS|TAMS 0x00000000fde00000, 0x00000000fde00000| Complete 
|  31|0x00000000fdf00000, 0x00000000fe000000, 0x00000000fe000000|100%| E|CS|TAMS 0x00000000fdf00000, 0x00000000fdf00000| Complete 
|  32|0x00000000fe000000, 0x00000000fe100000, 0x00000000fe100000|100%| E|CS|TAMS 0x00000000fe000000, 0x00000000fe000000| Complete 
|  33|0x00000000fe100000, 0x00000000fe200000, 0x00000000fe200000|100%| E|CS|TAMS 0x00000000fe100000, 0x00000000fe100000| Complete 
|  34|0x00000000fe200000, 0x00000000fe300000, 0x00000000fe300000|100%| E|CS|TAMS 0x00000000fe200000, 0x00000000fe200000| Complete 
|  35|0x00000000fe300000, 0x00000000fe400000, 0x00000000fe400000|100%| E|CS|TAMS 0x00000000fe300000, 0x00000000fe300000| Complete 
|  36|0x00000000fe400000, 0x00000000fe500000, 0x00000000fe500000|100%| E|CS|TAMS 0x00000000fe400000, 0x00000000fe400000| Complete 
|  37|0x00000000fe500000, 0x00000000fe600000, 0x00000000fe600000|100%| E|CS|TAMS 0x00000000fe500000, 0x00000000fe500000| Complete 
|  38|0x00000000fe600000, 0x00000000fe700000, 0x00000000fe700000|100%| E|CS|TAMS 0x00000000fe600000, 0x00000000fe600000| Complete 
|  39|0x00000000fe700000, 0x00000000fe800000, 0x00000000fe800000|100%| E|CS|TAMS 0x00000000fe700000, 0x00000000fe700000| Complete 
|  40|0x00000000fe800000, 0x00000000fe900000, 0x00000000fe900000|100%| E|CS|TAMS 0x00000000fe800000, 0x00000000fe800000| Complete 
|  41|0x00000000fe900000, 0x00000000fea00000, 0x00000000fea00000|100%| E|CS|TAMS 0x00000000fe900000, 0x00000000fe900000| Complete 
|  42|0x00000000fea00000, 0x00000000feb00000, 0x00000000feb00000|100%| E|CS|TAMS 0x00000000fea00000, 0x00000000fea00000| Complete 
|  43|0x00000000feb00000, 0x00000000fec00000, 0x00000000fec00000|100%| E|CS|TAMS 0x00000000feb00000, 0x00000000feb00000| Complete 
|  44|0x00000000fec00000, 0x00000000fed00000, 0x00000000fed00000|100%| E|CS|TAMS 0x00000000fec00000, 0x00000000fec00000| Complete 
|  45|0x00000000fed00000, 0x00000000fee00000, 0x00000000fee00000|100%| E|CS|TAMS 0x00000000fed00000, 0x00000000fed00000| Complete 
|  46|0x00000000fee00000, 0x00000000fef00000, 0x00000000fef00000|100%| E|CS|TAMS 0x00000000fee00000, 0x00000000fee00000| Complete 
|  47|0x00000000fef00000, 0x00000000ff000000, 0x00000000ff000000|100%| E|CS|TAMS 0x00000000fef00000, 0x00000000fef00000| Complete 
|  48|0x00000000ff000000, 0x00000000ff100000, 0x00000000ff100000|100%| E|CS|TAMS 0x00000000ff000000, 0x00000000ff000000| Complete 
|  49|0x00000000ff100000, 0x00000000ff200000, 0x00000000ff200000|100%| E|CS|TAMS 0x00000000ff100000, 0x00000000ff100000| Complete 
|  50|0x00000000ff200000, 0x00000000ff300000, 0x00000000ff300000|100%| E|CS|TAMS 0x00000000ff200000, 0x00000000ff200000| Complete 
|  51|0x00000000ff300000, 0x00000000ff400000, 0x00000000ff400000|100%| E|CS|TAMS 0x00000000ff300000, 0x00000000ff300000| Complete 
|  52|0x00000000ff400000, 0x00000000ff500000, 0x00000000ff500000|100%| E|  |TAMS 0x00000000ff400000, 0x00000000ff400000| Complete 
|  53|0x00000000ff500000, 0x00000000ff600000, 0x00000000ff600000|100%| E|CS|TAMS 0x00000000ff500000, 0x00000000ff500000| Complete 
|  54|0x00000000ff600000, 0x00000000ff700000, 0x00000000ff700000|100%| E|CS|TAMS 0x00000000ff600000, 0x00000000ff600000| Complete 
|  55|0x00000000ff700000, 0x00000000ff800000, 0x00000000ff800000|100%| E|CS|TAMS 0x00000000ff700000, 0x00000000ff700000| Complete 
|  56|0x00000000ff800000, 0x00000000ff900000, 0x00000000ff900000|100%| E|CS|TAMS 0x00000000ff800000, 0x00000000ff800000| Complete 
|  57|0x00000000ff900000, 0x00000000ffa00000, 0x00000000ffa00000|100%| E|CS|TAMS 0x00000000ff900000, 0x00000000ff900000| Complete 
|  58|0x00000000ffa00000, 0x00000000ffb00000, 0x00000000ffb00000|100%| E|CS|TAMS 0x00000000ffa00000, 0x00000000ffa00000| Complete 
|  59|0x00000000ffb00000, 0x00000000ffc00000, 0x00000000ffc00000|100%| E|CS|TAMS 0x00000000ffb00000, 0x00000000ffb00000| Complete 
|  60|0x00000000ffc00000, 0x00000000ffcee0b8, 0x00000000ffd00000| 92%| S|CS|TAMS 0x00000000ffc00000, 0x00000000ffc00000| Complete 
|  61|0x00000000ffd00000, 0x00000000ffe00000, 0x00000000ffe00000|100%| E|CS|TAMS 0x00000000ffd00000, 0x00000000ffd00000| Complete 
|  62|0x00000000ffe00000, 0x00000000fff00000, 0x00000000fff00000|100%| E|CS|TAMS 0x00000000ffe00000, 0x00000000ffe00000| Complete 
|  63|0x00000000fff00000, 0x0000000100000000, 0x0000000100000000|100%| E|CS|TAMS 0x00000000fff00000, 0x00000000fff00000| Complete 

Card table byte_map: [0x000001f5f30e0000,0x000001f5f3100000] _byte_map_base: 0x000001f5f2900000

Marking Bits (Prev, Next): (CMBitMap*) 0x000001f5f50f9b30, (CMBitMap*) 0x000001f5f50f9af8
 Prev Bits: [0x000001f5fcbf0000, 0x000001f5fccf0000)
 Next Bits: [0x000001f5fcaf0000, 0x000001f5fcbf0000)

Polling page: 0x000001f5f3090000

Metaspace:

Usage:
  Non-class:     11.90 MB capacity,    11.72 MB ( 98%) used,   167.12 KB (  1%) free+waste,    18.56 KB ( <1%) overhead. 
      Class:      1.63 MB capacity,     1.54 MB ( 94%) used,    86.17 KB (  5%) free+waste,     9.56 KB ( <1%) overhead. 
       Both:     13.53 MB capacity,    13.26 MB ( 98%) used,   253.30 KB (  2%) free+waste,    28.12 KB ( <1%) overhead. 

Virtual space:
  Non-class space:       20.00 MB reserved,      12.00 MB ( 60%) committed 
      Class space:        1.00 GB reserved,       1.75 MB ( <1%) committed 
             Both:        1.02 GB reserved,      13.75 MB (  1%) committed 

Chunk freelists:
   Non-Class:  4.38 KB
       Class:  0 bytes
        Both:  4.38 KB

CodeHeap 'non-profiled nmethods': size=120000Kb used=434Kb max_used=434Kb free=119565Kb
 bounds [0x000001f587ad0000, 0x000001f587d40000, 0x000001f58f000000]
CodeHeap 'profiled nmethods': size=120000Kb used=2196Kb max_used=2196Kb free=117803Kb
 bounds [0x000001f5805a0000, 0x000001f580810000, 0x000001f587ad0000]
CodeHeap 'non-nmethods': size=5760Kb used=1086Kb max_used=1102Kb free=4673Kb
 bounds [0x000001f580000000, 0x000001f580270000, 0x000001f5805a0000]
 total_blobs=1563 nmethods=1165 adapters=310
 compilation: enabled
              stopped_count=0, restarted_count=0
 full_count=0

Compilation events (10 events):
Event: 100.642 Thread 0x000001f58f118800 nmethod 1160 0x000001f5807c1390 code [0x000001f5807c1540, 0x000001f5807c1668]
Event: 100.642 Thread 0x000001f58f118800 1161       3       java.util.concurrent.locks.ReentrantLock$Sync::nonfairTryAcquire (67 bytes)
Event: 100.643 Thread 0x000001f58f118800 nmethod 1161 0x000001f5807c1710 code [0x000001f5807c1940, 0x000001f5807c21c8]
Event: 100.643 Thread 0x000001f58f118800 1162       3       java.util.concurrent.locks.ReentrantLock$Sync::tryRelease (45 bytes)
Event: 100.644 Thread 0x000001f58f118800 nmethod 1162 0x000001f5807c2510 code [0x000001f5807c26c0, 0x000001f5807c29a8]
Event: 101.736 Thread 0x000001f58f118800 1164       3       java.lang.invoke.VarHandleGuards::guard_LLL_Z (70 bytes)
Event: 101.738 Thread 0x000001f58f118800 nmethod 1164 0x000001f5807c2a90 code [0x000001f5807c2d20, 0x000001f5807c3cc8]
Event: 102.123 Thread 0x000001f58f118800 1166       3       java.lang.invoke.VarHandleObjects$FieldInstanceReadWrite::compareAndSet (38 bytes)
Event: 102.124 Thread 0x000001f58f118800 nmethod 1166 0x000001f5807c4210 code [0x000001f5807c4460, 0x000001f5807c4dc8]
Event: 102.407 Thread 0x000001f58f118800 1167       3       sun.nio.fs.WindowsPathParser::parse (384 bytes)

GC Heap History (2 events):
Event: 5.575 GC heap before
{Heap before GC invocations=0 (full 0):
 garbage-first heap   total 65536K, used 2048K [0x00000000fc000000, 0x0000000100000000)
  region size 1024K, 3 young (3072K), 0 survivors (0K)
 Metaspace       used 6405K, capacity 6472K, committed 6528K, reserved 1062912K
  class space    used 556K, capacity 601K, committed 640K, reserved 1048576K
}
Event: 5.947 GC heap after
{Heap after GC invocations=1 (full 0):
 garbage-first heap   total 65536K, used 952K [0x00000000fc000000, 0x0000000100000000)
  region size 1024K, 1 young (1024K), 1 survivors (1024K)
 Metaspace       used 6405K, capacity 6472K, committed 6528K, reserved 1062912K
  class space    used 556K, capacity 601K, committed 640K, reserved 1048576K
}

Deoptimization events (10 events):
Event: 84.342 Thread 0x000001f5f300a000 Uncommon trap: reason=bimorphic_or_optimized_type_check action=maybe_recompile pc=0x000001f587aff988 method=java.util.HashMap.putVal(ILjava/lang/Object;Ljava/lang/Object;ZZ)Ljava/lang/Object; @ 91 c2
Event: 84.342 Thread 0x000001f5f300a000 Uncommon trap: reason=bimorphic_or_optimized_type_check action=maybe_recompile pc=0x000001f587aff988 method=java.util.HashMap.putVal(ILjava/lang/Object;Ljava/lang/Object;ZZ)Ljava/lang/Object; @ 91 c2
Event: 88.614 Thread 0x000001f5f300a000 Uncommon trap: reason=unstable_if action=reinterpret pc=0x000001f587b0e780 method=java.io.WinNTFileSystem.normalize(Ljava/lang/String;)Ljava/lang/String; @ 40 c2
Event: 88.807 Thread 0x000001f5f300a000 Uncommon trap: reason=unstable_if action=reinterpret pc=0x000001f587aecc68 method=java.util.regex.Matcher.reset()Ljava/util/regex/Matcher; @ 47 c2
Event: 88.807 Thread 0x000001f5f300a000 Uncommon trap: reason=class_check action=maybe_recompile pc=0x000001f587aed360 method=java.util.regex.Matcher.match(II)Z @ 121 c2
Event: 88.807 Thread 0x000001f5f300a000 Uncommon trap: reason=class_check action=maybe_recompile pc=0x000001f587aed360 method=java.util.regex.Matcher.match(II)Z @ 121 c2
Event: 88.825 Thread 0x000001f5f300a000 Uncommon trap: reason=class_check action=maybe_recompile pc=0x000001f587aed360 method=java.util.regex.Matcher.match(II)Z @ 121 c2
Event: 88.825 Thread 0x000001f5f300a000 Uncommon trap: reason=class_check action=maybe_recompile pc=0x000001f587aed360 method=java.util.regex.Matcher.match(II)Z @ 121 c2
Event: 89.226 Thread 0x000001f5f300a000 Uncommon trap: reason=unstable_if action=reinterpret pc=0x000001f587b108a4 method=java.util.HashMap.hash(Ljava/lang/Object;)I @ 1 c2
Event: 97.013 Thread 0x000001f5f300a000 Uncommon trap: reason=unstable_if action=reinterpret pc=0x000001f587b285d4 method=java.util.HashMap.getNode(ILjava/lang/Object;)Ljava/util/HashMap$Node; @ 129 c2

Classes redefined (0 events):
No events

Internal exceptions (10 events):
Event: 7.687 Thread 0x000001f5f300a000 Exception <a 'java/lang/NoSuchMethodError'{0x00000000ffd99df0}: java.lang.invoke.DirectMethodHandle$Holder.invokeSpecial(Ljava/lang/Object;Ljava/lang/Object;Ljava/lang/Object;Ljava/lang/Object;)I> (0x00000000ffd99df0) thrown at [./open/src/hotspot/share/i
Event: 7.711 Thread 0x000001f5f300a000 Exception <a 'java/lang/NoSuchMethodError'{0x00000000ffdd26c8}: java.lang.invoke.DirectMethodHandle$Holder.invokeSpecialIFC(Ljava/lang/Object;Ljava/lang/Object;I)I> (0x00000000ffdd26c8) thrown at [./open/src/hotspot/share/interpreter/linkResolver.cpp, lin
Event: 89.220 Thread 0x000001f5f300a000 Implicit null exception at 0x000001f587b106d5 to 0x000001f587b10894
Event: 90.193 Thread 0x000001f5f300a000 Exception <a 'java/lang/NoClassDefFoundError'{0x00000000fe9c9a10}: org/slf4j/impl/StaticMarkerBinder> (0x00000000fe9c9a10) thrown at [./open/src/hotspot/share/classfile/systemDictionary.cpp, line 215]
Event: 90.404 Thread 0x000001f5f300a000 Exception <a 'java/lang/NoSuchMethodError'{0x00000000fe8c7278}: java.lang.invoke.DirectMethodHandle$Holder.invokeVirtual(Ljava/lang/Object;Ljava/lang/Object;Ljava/lang/Object;Ljava/lang/Object;Ljava/lang/Object;Ljava/lang/Object;Ljava/lang/Object;)Ljava/l
Event: 90.411 Thread 0x000001f5f300a000 Exception <a 'java/lang/NoSuchMethodError'{0x00000000fe8db330}: java.lang.invoke.Invokers$Holder.invoker(Ljava/lang/Object;Ljava/lang/Object;Ljava/lang/Object;)Ljava/lang/Object;> (0x00000000fe8db330) thrown at [./open/src/hotspot/share/interpreter/linkRe
Event: 90.778 Thread 0x000001f5f300a000 Exception <a 'java/lang/NoSuchMethodError'{0x00000000fe8ec050}: java.lang.invoke.DelegatingMethodHandle$Holder.delegate(Ljava/lang/Object;Ljava/lang/Object;ILjava/lang/Object;)V> (0x00000000fe8ec050) thrown at [./open/src/hotspot/share/interpreter/linkRes
Event: 94.050 Thread 0x000001f5f300a000 Exception <a 'java/lang/NoSuchMethodError'{0x00000000fe121d20}: java.lang.invoke.DirectMethodHandle$Holder.invokeInterface(Ljava/lang/Object;Ljava/lang/Object;Ljava/lang/Object;)Ljava/lang/Object;> (0x00000000fe121d20) thrown at [./open/src/hotspot/share/
Event: 94.509 Thread 0x000001f5f300a000 Exception <a 'java/lang/NoSuchMethodError'{0x00000000fdfc9848}: java.lang.invoke.DirectMethodHandle$Holder.invokeStaticInit(Ljava/lang/Object;Ljava/lang/Object;Ljava/lang/Object;)Ljava/lang/Object;> (0x00000000fdfc9848) thrown at [./open/src/hotspot/share
Event: 97.922 Thread 0x000001f5f300a000 Exception <a 'java/lang/NoSuchMethodError'{0x00000000fdabb6c8}: java.lang.invoke.DirectMethodHandle$Holder.invokeStaticInit(Ljava/lang/Object;IIII)Ljava/lang/Object;> (0x00000000fdabb6c8) thrown at [./open/src/hotspot/share/interpreter/linkResolver.cpp, l

Events (10 events):
Event: 102.330 loading class java/nio/file/DirectoryStream done
Event: 102.330 loading class sun/nio/fs/WindowsDirectoryStream done
Event: 102.395 loading class sun/nio/fs/WindowsDirectoryStream$WindowsDirectoryIterator
Event: 102.404 loading class sun/nio/fs/WindowsDirectoryStream$WindowsDirectoryIterator done
Event: 102.404 loading class sun/nio/fs/WindowsPath$WindowsPathWithAttributes
Event: 102.404 loading class sun/nio/fs/BasicFileAttributesHolder
Event: 102.404 loading class sun/nio/fs/BasicFileAttributesHolder done
Event: 102.404 loading class sun/nio/fs/WindowsPath$WindowsPathWithAttributes done
Event: 102.404 Executing VM operation: Deoptimize
Event: 102.405 Executing VM operation: Deoptimize done


Dynamic libraries:
0x00007ff749650000 - 0x00007ff749660000 	D:\Program Files\Java\bin\java.exe
0x00007ffda7f30000 - 0x00007ffda8128000 	C:\Windows\SYSTEM32\ntdll.dll
0x00007ffda7b20000 - 0x00007ffda7bdf000 	C:\Windows\System32\KERNEL32.DLL
0x00007ffda5680000 - 0x00007ffda5976000 	C:\Windows\System32\KERNELBASE.dll
0x00007ffda5a20000 - 0x00007ffda5b20000 	C:\Windows\System32\ucrtbase.dll
0x00007ffd85a20000 - 0x00007ffd85a3b000 	D:\Program Files\Java\bin\VCRUNTIME140.dll
0x00007ffd90750000 - 0x00007ffd90769000 	D:\Program Files\Java\bin\jli.dll
0x00007ffda62b0000 - 0x00007ffda635f000 	C:\Windows\System32\ADVAPI32.dll
0x00007ffda6500000 - 0x00007ffda659e000 	C:\Windows\System32\msvcrt.dll
0x00007ffda6c10000 - 0x00007ffda6cac000 	C:\Windows\System32\sechost.dll
0x00007ffda5ff0000 - 0x00007ffda6116000 	C:\Windows\System32\RPCRT4.dll
0x00007ffda7d50000 - 0x00007ffda7eed000 	C:\Windows\System32\USER32.dll
0x00007ffda5f60000 - 0x00007ffda5f82000 	C:\Windows\System32\win32u.dll
0x00007ffda61f0000 - 0x00007ffda621c000 	C:\Windows\System32\GDI32.dll
0x00007ffd98f80000 - 0x00007ffd9921a000 	C:\Windows\WinSxS\amd64_microsoft.windows.common-controls_6595b64144ccf1df_6.0.19041.1110_none_60b5254171f9507e\COMCTL32.dll
0x00007ffda5b20000 - 0x00007ffda5c35000 	C:\Windows\System32\gdi32full.dll
0x00007ffda5980000 - 0x00007ffda5a1d000 	C:\Windows\System32\msvcp_win.dll
0x00007ffd9cf10000 - 0x00007ffd9cf1a000 	C:\Windows\SYSTEM32\VERSION.dll
0x00007ffda7af0000 - 0x00007ffda7b20000 	C:\Windows\System32\IMM32.DLL
0x00007ffd9f630000 - 0x00007ffd9f63c000 	D:\Program Files\Java\bin\vcruntime140_1.dll
0x00007ffd803c0000 - 0x00007ffd8044e000 	D:\Program Files\Java\bin\msvcp140.dll
0x00007ffd52ab0000 - 0x00007ffd5361c000 	D:\Program Files\Java\bin\server\jvm.dll
0x00007ffda61e0000 - 0x00007ffda61e8000 	C:\Windows\System32\PSAPI.DLL
0x00007ffd946c0000 - 0x00007ffd946c9000 	C:\Windows\SYSTEM32\WSOCK32.dll
0x00007ffd98bf0000 - 0x00007ffd98c17000 	C:\Windows\SYSTEM32\WINMM.dll
0x00007ffda6490000 - 0x00007ffda64fb000 	C:\Windows\System32\WS2_32.dll
0x00007ffda34d0000 - 0x00007ffda34e2000 	C:\Windows\SYSTEM32\kernel.appcore.dll
0x00007ffd8ea80000 - 0x00007ffd8ea90000 	D:\Program Files\Java\bin\verify.dll
0x00007ffd924b0000 - 0x00007ffd92694000 	C:\Windows\SYSTEM32\DBGHELP.DLL
0x00007ffd92400000 - 0x00007ffd92434000 	C:\Windows\SYSTEM32\dbgcore.DLL
0x00007ffda5c40000 - 0x00007ffda5cc2000 	C:\Windows\System32\bcryptPrimitives.dll
0x00007ffd809d0000 - 0x00007ffd809f8000 	D:\Program Files\Java\bin\java.dll
0x00007ffd8e490000 - 0x00007ffd8e49a000 	D:\Program Files\Java\bin\jimage.dll
0x00007ffd809b0000 - 0x00007ffd809c7000 	D:\Program Files\Java\bin\zip.dll
0x00007ffda6f10000 - 0x00007ffda7654000 	C:\Windows\System32\SHELL32.dll
0x00007ffda36d0000 - 0x00007ffda3e63000 	C:\Windows\SYSTEM32\windows.storage.dll
0x00007ffda6770000 - 0x00007ffda6ac4000 	C:\Windows\System32\combase.dll
0x00007ffda5070000 - 0x00007ffda509e000 	C:\Windows\SYSTEM32\Wldp.dll
0x00007ffda65a0000 - 0x00007ffda664d000 	C:\Windows\System32\SHCORE.dll
0x00007ffda6180000 - 0x00007ffda61d5000 	C:\Windows\System32\shlwapi.dll
0x00007ffda5550000 - 0x00007ffda556f000 	C:\Windows\SYSTEM32\profapi.dll
0x00007ffd80850000 - 0x00007ffd80869000 	D:\Program Files\Java\bin\net.dll
0x00007ffd9d120000 - 0x00007ffd9d22a000 	C:\Windows\SYSTEM32\WINHTTP.dll
0x00007ffda4dd0000 - 0x00007ffda4e3a000 	C:\Windows\system32\mswsock.dll
0x00007ffd80830000 - 0x00007ffd80842000 	D:\Program Files\Java\bin\nio.dll
0x00007ffd8fa20000 - 0x00007ffd8fa47000 	C:\Users\sony\.gradle\native\e1d6ef7f7dcc3fd88c89a11ec53ec762bb8ba0a96d01ffa2cd45eb1d1d8dd5c5\windows-amd64\native-platform.dll
0x00007ffd87a60000 - 0x00007ffd87a69000 	D:\Program Files\Java\bin\management.dll
0x00007ffd85db0000 - 0x00007ffd85dbb000 	D:\Program Files\Java\bin\management_ext.dll
0x00007ffda4fc0000 - 0x00007ffda4fd8000 	C:\Windows\SYSTEM32\CRYPTSP.dll
0x00007ffda4680000 - 0x00007ffda46b4000 	C:\Windows\system32\rsaenh.dll
0x00007ffda5cd0000 - 0x00007ffda5cf7000 	C:\Windows\System32\bcrypt.dll
0x00007ffda5510000 - 0x00007ffda553e000 	C:\Windows\SYSTEM32\USERENV.dll
0x00007ffda4fe0000 - 0x00007ffda4fec000 	C:\Windows\SYSTEM32\CRYPTBASE.dll
0x00007ffda4a70000 - 0x00007ffda4aac000 	C:\Windows\SYSTEM32\IPHLPAPI.DLL
0x00007ffda7ae0000 - 0x00007ffda7ae8000 	C:\Windows\System32\NSI.dll
0x00007ffd9d5c0000 - 0x00007ffd9d5d7000 	C:\Windows\SYSTEM32\dhcpcsvc6.DLL
0x00007ffd9dfb0000 - 0x00007ffd9dfcd000 	C:\Windows\SYSTEM32\dhcpcsvc.DLL
0x00007ffda4ac0000 - 0x00007ffda4b8b000 	C:\Windows\SYSTEM32\DNSAPI.dll

dbghelp: loaded successfully - version: 4.0.5 - missing functions: none
symbol engine: initialized successfully - sym options: 0x614 - pdb path: .;D:\Program Files\Java\bin;C:\Windows\SYSTEM32;C:\Windows\WinSxS\amd64_microsoft.windows.common-controls_6595b64144ccf1df_6.0.19041.1110_none_60b5254171f9507e;D:\Program Files\Java\bin\server;C:\Users\sony\.gradle\native\e1d6ef7f7dcc3fd88c89a11ec53ec762bb8ba0a96d01ffa2cd45eb1d1d8dd5c5\windows-amd64

VM Arguments:
jvm_args: -Xmx64m -Xms64m -Dorg.gradle.appname=gradlew 
java_command: org.gradle.wrapper.GradleWrapperMain app:installDebug -PreactNativeDevServerPort=8081
java_class_path (initial): D:\\LoginApp\\dtrgApp2\\Dtrg\\android\\\\gradle\\wrapper\\gradle-wrapper.jar
Launcher Type: SUN_STANDARD

[Global flags]
     intx CICompilerCount                          = 4                                         {product} {ergonomic}
     uint ConcGCThreads                            = 2                                         {product} {ergonomic}
     uint G1ConcRefinementThreads                  = 8                                         {product} {ergonomic}
   size_t G1HeapRegionSize                         = 1048576                                   {product} {ergonomic}
    uintx GCDrainStackTargetSize                   = 64                                        {product} {ergonomic}
   size_t InitialHeapSize                          = 67108864                                  {product} {command line}
   size_t MarkStackSize                            = 4194304                                   {product} {ergonomic}
   size_t MaxHeapSize                              = 67108864                                  {product} {command line}
   size_t MaxNewSize                               = 39845888                                  {product} {ergonomic}
   size_t MinHeapDeltaBytes                        = 1048576                                   {product} {ergonomic}
    uintx NonNMethodCodeHeapSize                   = 5836300                                {pd product} {ergonomic}
    uintx NonProfiledCodeHeapSize                  = 122910970                              {pd product} {ergonomic}
    uintx ProfiledCodeHeapSize                     = 122910970                              {pd product} {ergonomic}
    uintx ReservedCodeCacheSize                    = 251658240                              {pd product} {ergonomic}
     bool SegmentedCodeCache                       = true                                      {product} {ergonomic}
     bool UseCompressedClassPointers               = true                                 {lp64_product} {ergonomic}
     bool UseCompressedOops                        = true                                 {lp64_product} {ergonomic}
     bool UseG1GC                                  = true                                      {product} {ergonomic}
     bool UseLargePagesIndividualAllocation        = false                                  {pd product} {ergonomic}

Logging:
Log output configuration:
 #0: stdout all=warning uptime,level,tags
 #1: stderr all=off uptime,level,tags

Environment Variables:
CLASSPATH=D:\LoginApp\dtrgApp2\Dtrg\android\\gradle\wrapper\gradle-wrapper.jar
PATH=D:\LoginApp\dtrgApp2\Dtrg\android\node_modules\.bin;D:\LoginApp\dtrgApp2\Dtrg\node_modules\.bin;D:\LoginApp\dtrgApp2\node_modules\.bin;D:\LoginApp\node_modules\.bin;D:\node_modules\.bin;C:\Program Files\nodejs;D:\LoginApp\dtrgApp2\Dtrg\node_modules\.bin;D:\LoginApp\dtrgApp2\Dtrg\node_modules\.bin;D:\LoginApp\dtrgApp2\node_modules\.bin;D:\LoginApp\node_modules\.bin;D:\node_modules\.bin;C:\Users\sony\AppData\Roaming\npm\node_modules\npm\node_modules\@npmcli\run-script\lib\node-gyp-bin;D:\LoginApp\dtrgApp2\Dtrg\node_modules\.bin;D:\LoginApp\dtrgApp2\node_modules\.bin;D:\LoginApp\node_modules\.bin;D:\node_modules\.bin;C:\Program Files\nodejs;D:\LoginApp\dtrgApp2\Dtrg\node_modules\.bin;D:\LoginApp\dtrgApp2\node_modules\.bin;D:\LoginApp\node_modules\.bin;D:\node_modules\.bin;C:\Users\sony\AppData\Roaming\npm\node_modules\npm\node_modules\@npmcli\run-script\lib\node-gyp-bin;C:\Program Files\Common Files\Oracle\Java\javapath;C:\Windows\system32;C:\Windows;C:\Windows\System32\Wbem;C:\Windows\System32\WindowsPowerShell\v1.0\;C:\Windows\System32\OpenSSH\;C:\Program Files\Microsoft SQL Server\150\Tools\Binn\;C:\Program Files\Microsoft SQL Server\Client SDK\ODBC\170\Tools\Binn\;C:\Program Files\dotnet\;C:\Program Files\TortoiseSVN\bin;C:\Program Files\nodejs\;C:\Users\sony\AppData\Local\Microsoft\WindowsApps;C:\Users\sony\AppData\Local\Programs\Microsoft VS Code\bin;C:\Users\sony\.dotnet\tools;C:\Users\sony\AppData\Local\Android\Sdk\platform-tools;C:\Users\sony\AppData\Roaming\npm
USERNAME=sony
OS=Windows_NT
PROCESSOR_IDENTIFIER=Intel64 Family 6 Model 42 Stepping 7, GenuineIntel



---------------  S Y S T E M  ---------------

OS: Windows 10 , 64 bit Build 19041 (10.0.19041.2913)

CPU:total 8 (initial active 8) (4 cores per cpu, 2 threads per core) family 6 model 42 stepping 7 microcode 0x2f, cmov, cx8, fxsr, mmx, sse, sse2, sse3, ssse3, sse4.1, sse4.2, popcnt, avx, aes, clmul, ht, tsc, tscinvbit

Memory: 4k page, system-wide physical 8173M (67M free)
TotalPageFile size 32749M (AvailPageFile size 0M)
current process WorkingSet (physical memory assigned to process): 62M, peak: 64M
current process commit charge ("private bytes"): 157M, peak: 160M

vm_info: Java HotSpot(TM) 64-Bit Server VM (11.0.19+9-LTS-224) for windows-amd64 JRE (11.0.19+9-LTS-224), built on Mar 27 2023 08:48:55 by "mach5one" with MS VC++ 17.1 (VS2022)

END.
