#
# A fatal error has been detected by the Java Runtime Environment:
#
#  EXCEPTION_ACCESS_VIOLATION (0xc0000005) at pc=0x00007ffd52e3a663, pid=29116, tid=32784
#
# JRE version: Java(TM) SE Runtime Environment 18.9 (11.0.19+9) (build 11.0.19+9-LTS-224)
# Java VM: Java HotSpot(TM) 64-Bit Server VM 18.9 (11.0.19+9-LTS-224, mixed mode, tiered, compressed oops, g1 gc, windows-amd64)
# Problematic frame:
# V  [jvm.dll+0x38a663]
#
# No core dump will be written. Minidumps are not enabled by default on client versions of Windows
#
# If you would like to submit a bug report, please visit:
#   https://bugreport.java.com/bugreport/crash.jsp
#

---------------  S U M M A R Y ------------

Command Line: -Xmx64m -Xms64m -Dorg.gradle.appname=gradlew org.gradle.wrapper.GradleWrapperMain app:installDebug -PreactNativeDevServerPort=8081

Host: Intel(R) Core(TM) i7-2670QM CPU @ 2.20GHz, 8 cores, 7G,  Windows 10 , 64 bit Build 19041 (10.0.19041.2913)
Time: Thu May 18 16:29:31 2023 Nepal Standard Time elapsed time: 139.755218 seconds (0d 0h 2m 19s)

---------------  T H R E A D  ---------------

Current thread (0x0000022832815000):  JavaThread "Exec process Thread 2" [_thread_in_vm, id=32784, stack(0x00000047af400000,0x00000047af500000)]

Stack: [0x00000047af400000,0x00000047af500000],  sp=0x00000047af4ff950,  free space=1022k
Native frames: (J=compiled Java code, j=interpreted, Vv=VM code, C=native code)
V  [jvm.dll+0x38a663]
V  [jvm.dll+0x65fd42]
V  [jvm.dll+0x38b38a]
V  [jvm.dll+0x38b617]
V  [jvm.dll+0x40234e]
V  [jvm.dll+0x766921]
V  [jvm.dll+0x75f2e4]
V  [jvm.dll+0x65ecc5]
C  [ucrtbase.dll+0x21bb2]
C  [KERNEL32.DLL+0x17614]
C  [ntdll.dll+0x526a1]


siginfo: EXCEPTION_ACCESS_VIOLATION (0xc0000005), writing address 0x00000047af4f8950


Register to memory mapping:

RIP=0x00007ffd52e3a663 jvm.dll
RAX=0x0000000000000001 is an unknown value
RBX=0x00000047af4f8950 is pointing into the stack for thread: 0x0000022832815000
RCX=0x0000000000001000 is an unknown value
RDX=0x0 is NULL
RSP=0x00000047af4ff950 is pointing into the stack for thread: 0x0000022832815000
RBP=0x00000047af4ffa29 is pointing into the stack for thread: 0x0000022832815000
RSI=0x00000047af4ffbd0 is pointing into the stack for thread: 0x0000022832815000
RDI=0x000002283305a270 points into unknown readable memory: 0x00000000fe9cded0 | d0 de 9c fe 00 00 00 00
R8 =0x00000047af4ff950 is pointing into the stack for thread: 0x0000022832815000
R9 =0x000000000000011d is an unknown value
R10=0x00000047af4ffaf0 is pointing into the stack for thread: 0x0000022832815000
R11=0x00000047af4ffca0 is pointing into the stack for thread: 0x0000022832815000
R12=0x00000047af4ffaf0 is pointing into the stack for thread: 0x0000022832815000
R13=0x00000047af4ffca0 is pointing into the stack for thread: 0x0000022832815000
R14=0x0000022832815000 is a thread
R15=0x000000000000000a is an unknown value


Registers:
RAX=0x0000000000000001, RBX=0x00000047af4f8950, RCX=0x0000000000001000, RDX=0x0000000000000000
RSP=0x00000047af4ff950, RBP=0x00000047af4ffa29, RSI=0x00000047af4ffbd0, RDI=0x000002283305a270
R8 =0x00000047af4ff950, R9 =0x000000000000011d, R10=0x00000047af4ffaf0, R11=0x00000047af4ffca0
R12=0x00000047af4ffaf0, R13=0x00000047af4ffca0, R14=0x0000022832815000, R15=0x000000000000000a
RIP=0x00007ffd52e3a663, EFLAGS=0x0000000000010206

Top of Stack: (sp=0x00000047af4ff950)
0x00000047af4ff950:   00000047af4ff950 00000047af4ffbd0
0x00000047af4ff960:   00000047af4ffa08 00007ffd52cbdc98
0x00000047af4ff970:   0000000000000000 00007ffda7fa4c28
0x00000047af4ff980:   00000047af4ff9d0 0000000000000000
0x00000047af4ff990:   0000000000000006 00007ffd52dfcf52
0x00000047af4ff9a0:   0000000000000000 00000047af4ffb60
0x00000047af4ff9b0:   0000000000000000 0000000000000000
0x00000047af4ff9c0:   00000047af4ffaa0 00007ffd5300298a
0x00000047af4ff9d0:   0000022832815000 0000022832815000
0x00000047af4ff9e0:   0000000000000000 0000000000000000
0x00000047af4ff9f0:   0000000000000000 00007ffda7f5b86b
0x00000047af4ffa00:   00000228311d9490 00000228311d9490
0x00000047af4ffa10:   0000022832815000 00000228311d9490
0x00000047af4ffa20:   0000022832815000 00000047af4ffb40
0x00000047af4ffa30:   0000022831dd33d8 00000047af4ffb40
0x00000047af4ffa40:   0000000000000000 0000022832815000 

Instructions: (pc=0x00007ffd52e3a663)
0x00007ffd52e3a643:   72 00 33 d2 48 8b 05 f2 1c 74 00 48 f7 f1 48 83
0x00007ffd52e3a653:   f8 01 72 15 66 0f 1f 84 00 00 00 00 00 48 2b d9
0x00007ffd52e3a663:   c6 03 00 48 83 e8 01 75 f4 4d 8b cd 4c 89 74 24
0x00007ffd52e3a673:   20 4c 8b c7 48 8d 4c 24 40 49 8b d4 e8 0c fb ff 


Stack slot to memory mapping:
stack at sp + 0 slots: 0x00000047af4ff950 is pointing into the stack for thread: 0x0000022832815000
stack at sp + 1 slots: 0x00000047af4ffbd0 is pointing into the stack for thread: 0x0000022832815000
stack at sp + 2 slots: 0x00000047af4ffa08 is pointing into the stack for thread: 0x0000022832815000
stack at sp + 3 slots: 0x00007ffd52cbdc98 jvm.dll
stack at sp + 4 slots: 0x0 is NULL
stack at sp + 5 slots: 0x00007ffda7fa4c28 ntdll.dll
stack at sp + 6 slots: 0x00000047af4ff9d0 is pointing into the stack for thread: 0x0000022832815000
stack at sp + 7 slots: 0x0 is NULL


---------------  P R O C E S S  ---------------

Threads class SMR info:
_java_thread_list=0x0000022832b4a3f0, length=14, elements={
0x0000022815adb000, 0x0000022831afd000, 0x0000022831b07000, 0x0000022831b6f800,
0x0000022831b72000, 0x0000022831b73000, 0x0000022831b74000, 0x0000022831b1b000,
0x0000022831b1d000, 0x0000022831de2000, 0x00000228324b1800, 0x0000022832821800,
0x0000022832f0f000, 0x0000022832815000
}

Java Threads: ( => current thread )
  0x0000022815adb000 JavaThread "main" [_thread_blocked, id=35516, stack(0x00000047ade00000,0x00000047adf00000)]
  0x0000022831afd000 JavaThread "Reference Handler" daemon [_thread_blocked, id=41920, stack(0x00000047ae500000,0x00000047ae600000)]
  0x0000022831b07000 JavaThread "Finalizer" daemon [_thread_blocked, id=12728, stack(0x00000047ae600000,0x00000047ae700000)]
  0x0000022831b6f800 JavaThread "Signal Dispatcher" daemon [_thread_blocked, id=28568, stack(0x00000047ae700000,0x00000047ae800000)]
  0x0000022831b72000 JavaThread "Attach Listener" daemon [_thread_blocked, id=40808, stack(0x00000047ae800000,0x00000047ae900000)]
  0x0000022831b73000 JavaThread "Service Thread" daemon [_thread_blocked, id=43428, stack(0x00000047ae900000,0x00000047aea00000)]
  0x0000022831b74000 JavaThread "C2 CompilerThread0" daemon [_thread_blocked, id=41276, stack(0x00000047aea00000,0x00000047aeb00000)]
  0x0000022831b1b000 JavaThread "C1 CompilerThread0" daemon [_thread_blocked, id=40308, stack(0x00000047aeb00000,0x00000047aec00000)]
  0x0000022831b1d000 JavaThread "Sweeper thread" daemon [_thread_blocked, id=10836, stack(0x00000047aec00000,0x00000047aed00000)]
  0x0000022831de2000 JavaThread "Common-Cleaner" daemon [_thread_blocked, id=37128, stack(0x00000047aee00000,0x00000047aef00000)]
  0x00000228324b1800 JavaThread "pool-1-thread-1" [_thread_blocked, id=24272, stack(0x00000047adc00000,0x00000047add00000)]
  0x0000022832821800 JavaThread "Exec process" [_thread_blocked, id=7240, stack(0x00000047af200000,0x00000047af300000)]
  0x0000022832f0f000 JavaThread "DisconnectableInputStream source reader" daemon [_thread_blocked, id=12452, stack(0x00000047af300000,0x00000047af400000)]
=>0x0000022832815000 JavaThread "Exec process Thread 2" [_thread_in_vm, id=32784, stack(0x00000047af400000,0x00000047af500000)]

Other Threads:
  0x0000022831ad8800 VMThread "VM Thread" [stack: 0x00000047ae400000,0x00000047ae500000] [id=24532]
  0x0000022831ddd000 WatcherThread [stack: 0x00000047aed00000,0x00000047aee00000] [id=16860]
  0x0000022817d23800 GCTaskThread "GC Thread#0" [stack: 0x00000047adf00000,0x00000047ae000000] [id=42824]
  0x0000022831fd4800 GCTaskThread "GC Thread#1" [stack: 0x00000047adb00000,0x00000047adc00000] [id=20308]
  0x0000022817d2d800 ConcurrentGCThread "G1 Main Marker" [stack: 0x00000047ae000000,0x00000047ae100000] [id=18984]
  0x0000022817d31000 ConcurrentGCThread "G1 Conc#0" [stack: 0x00000047ae100000,0x00000047ae200000] [id=29024]
  0x0000022817d94000 ConcurrentGCThread "G1 Refine#0" [stack: 0x00000047ae200000,0x00000047ae300000] [id=11404]
  0x0000022817d95800 ConcurrentGCThread "G1 Young RemSet Sampling" [stack: 0x00000047ae300000,0x00000047ae400000] [id=33124]

Threads with active compile tasks:

VM state:synchronizing (normal execution)

VM Mutex/Monitor currently owned by a thread:  ([mutex/lock_event])
[0x0000022817d10530] Threads_lock - owner thread: 0x0000022831ad8800

Heap address: 0x00000000fc000000, size: 64 MB, Compressed Oops mode: 32-bit
Narrow klass base: 0x0000000000000000, Narrow klass shift: 3
Compressed class space size: 1073741824 Address: 0x0000000100000000

Heap:
 garbage-first heap   total 65536K, used 32879K [0x00000000fc000000, 0x0000000100000000)
  region size 1024K, 27 young (27648K), 3 survivors (3072K)
 Metaspace       used 15625K, capacity 15987K, committed 16256K, reserved 1062912K
  class space    used 1774K, capacity 1891K, committed 1920K, reserved 1048576K
Heap Regions: E=young(eden), S=young(survivor), O=old, HS=humongous(starts), HC=humongous(continues), CS=collection set, F=free, A=archive, TAMS=top-at-mark-start (previous, next)
|   0|0x00000000fc000000, 0x00000000fc000000, 0x00000000fc100000|  0%| F|  |TAMS 0x00000000fc000000, 0x00000000fc000000| Untracked 
|   1|0x00000000fc100000, 0x00000000fc100000, 0x00000000fc200000|  0%| F|  |TAMS 0x00000000fc100000, 0x00000000fc100000| Untracked 
|   2|0x00000000fc200000, 0x00000000fc200000, 0x00000000fc300000|  0%| F|  |TAMS 0x00000000fc200000, 0x00000000fc200000| Untracked 
|   3|0x00000000fc300000, 0x00000000fc400000, 0x00000000fc400000|100%|HS|  |TAMS 0x00000000fc300000, 0x00000000fc300000| Complete 
|   4|0x00000000fc400000, 0x00000000fc500000, 0x00000000fc500000|100%|HC|  |TAMS 0x00000000fc400000, 0x00000000fc400000| Complete 
|   5|0x00000000fc500000, 0x00000000fc600000, 0x00000000fc600000|100%|HC|  |TAMS 0x00000000fc500000, 0x00000000fc500000| Complete 
|   6|0x00000000fc600000, 0x00000000fc700000, 0x00000000fc700000|100%| O|  |TAMS 0x00000000fc600000, 0x00000000fc600000| Untracked 
|   7|0x00000000fc700000, 0x00000000fc800000, 0x00000000fc800000|100%| O|  |TAMS 0x00000000fc700000, 0x00000000fc700000| Untracked 
|   8|0x00000000fc800000, 0x00000000fc900000, 0x00000000fc900000|100%| O|  |TAMS 0x00000000fc800000, 0x00000000fc800000| Untracked 
|   9|0x00000000fc900000, 0x00000000fc91bc00, 0x00000000fca00000| 10%| O|  |TAMS 0x00000000fc900000, 0x00000000fc900000| Untracked 
|  10|0x00000000fca00000, 0x00000000fca00000, 0x00000000fcb00000|  0%| F|  |TAMS 0x00000000fca00000, 0x00000000fca00000| Untracked 
|  11|0x00000000fcb00000, 0x00000000fcb00000, 0x00000000fcc00000|  0%| F|  |TAMS 0x00000000fcb00000, 0x00000000fcb00000| Untracked 
|  12|0x00000000fcc00000, 0x00000000fcc00000, 0x00000000fcd00000|  0%| F|  |TAMS 0x00000000fcc00000, 0x00000000fcc00000| Untracked 
|  13|0x00000000fcd00000, 0x00000000fcd00000, 0x00000000fce00000|  0%| F|  |TAMS 0x00000000fcd00000, 0x00000000fcd00000| Untracked 
|  14|0x00000000fce00000, 0x00000000fce00000, 0x00000000fcf00000|  0%| F|  |TAMS 0x00000000fce00000, 0x00000000fce00000| Untracked 
|  15|0x00000000fcf00000, 0x00000000fcf00000, 0x00000000fd000000|  0%| F|  |TAMS 0x00000000fcf00000, 0x00000000fcf00000| Untracked 
|  16|0x00000000fd000000, 0x00000000fd000000, 0x00000000fd100000|  0%| F|  |TAMS 0x00000000fd000000, 0x00000000fd000000| Untracked 
|  17|0x00000000fd100000, 0x00000000fd100000, 0x00000000fd200000|  0%| F|  |TAMS 0x00000000fd100000, 0x00000000fd100000| Untracked 
|  18|0x00000000fd200000, 0x00000000fd200000, 0x00000000fd300000|  0%| F|  |TAMS 0x00000000fd200000, 0x00000000fd200000| Untracked 
|  19|0x00000000fd300000, 0x00000000fd300000, 0x00000000fd400000|  0%| F|  |TAMS 0x00000000fd300000, 0x00000000fd300000| Untracked 
|  20|0x00000000fd400000, 0x00000000fd400000, 0x00000000fd500000|  0%| F|  |TAMS 0x00000000fd400000, 0x00000000fd400000| Untracked 
|  21|0x00000000fd500000, 0x00000000fd500000, 0x00000000fd600000|  0%| F|  |TAMS 0x00000000fd500000, 0x00000000fd500000| Untracked 
|  22|0x00000000fd600000, 0x00000000fd600000, 0x00000000fd700000|  0%| F|  |TAMS 0x00000000fd600000, 0x00000000fd600000| Untracked 
|  23|0x00000000fd700000, 0x00000000fd700000, 0x00000000fd800000|  0%| F|  |TAMS 0x00000000fd700000, 0x00000000fd700000| Untracked 
|  24|0x00000000fd800000, 0x00000000fd800000, 0x00000000fd900000|  0%| F|  |TAMS 0x00000000fd800000, 0x00000000fd800000| Untracked 
|  25|0x00000000fd900000, 0x00000000fd900000, 0x00000000fda00000|  0%| F|  |TAMS 0x00000000fd900000, 0x00000000fd900000| Untracked 
|  26|0x00000000fda00000, 0x00000000fda00000, 0x00000000fdb00000|  0%| F|  |TAMS 0x00000000fda00000, 0x00000000fda00000| Untracked 
|  27|0x00000000fdb00000, 0x00000000fdb00000, 0x00000000fdc00000|  0%| F|  |TAMS 0x00000000fdb00000, 0x00000000fdb00000| Untracked 
|  28|0x00000000fdc00000, 0x00000000fdc00000, 0x00000000fdd00000|  0%| F|  |TAMS 0x00000000fdc00000, 0x00000000fdc00000| Untracked 
|  29|0x00000000fdd00000, 0x00000000fdd00000, 0x00000000fde00000|  0%| F|  |TAMS 0x00000000fdd00000, 0x00000000fdd00000| Untracked 
|  30|0x00000000fde00000, 0x00000000fde00000, 0x00000000fdf00000|  0%| F|  |TAMS 0x00000000fde00000, 0x00000000fde00000| Untracked 
|  31|0x00000000fdf00000, 0x00000000fdf00000, 0x00000000fe000000|  0%| F|  |TAMS 0x00000000fdf00000, 0x00000000fdf00000| Untracked 
|  32|0x00000000fe000000, 0x00000000fe000000, 0x00000000fe100000|  0%| F|  |TAMS 0x00000000fe000000, 0x00000000fe000000| Untracked 
|  33|0x00000000fe100000, 0x00000000fe100000, 0x00000000fe200000|  0%| F|  |TAMS 0x00000000fe100000, 0x00000000fe100000| Untracked 
|  34|0x00000000fe200000, 0x00000000fe200000, 0x00000000fe300000|  0%| F|  |TAMS 0x00000000fe200000, 0x00000000fe200000| Untracked 
|  35|0x00000000fe300000, 0x00000000fe300000, 0x00000000fe400000|  0%| F|  |TAMS 0x00000000fe300000, 0x00000000fe300000| Untracked 
|  36|0x00000000fe400000, 0x00000000fe400000, 0x00000000fe500000|  0%| F|  |TAMS 0x00000000fe400000, 0x00000000fe400000| Untracked 
|  37|0x00000000fe500000, 0x00000000fe600000, 0x00000000fe600000|100%| S|CS|TAMS 0x00000000fe500000, 0x00000000fe500000| Complete 
|  38|0x00000000fe600000, 0x00000000fe700000, 0x00000000fe700000|100%| S|CS|TAMS 0x00000000fe600000, 0x00000000fe600000| Complete 
|  39|0x00000000fe700000, 0x00000000fe800000, 0x00000000fe800000|100%| S|CS|TAMS 0x00000000fe700000, 0x00000000fe700000| Complete 
|  40|0x00000000fe800000, 0x00000000fe800800, 0x00000000fe900000|  0%| E|  |TAMS 0x00000000fe800000, 0x00000000fe800000| Complete 
|  41|0x00000000fe900000, 0x00000000fea00000, 0x00000000fea00000|100%| E|CS|TAMS 0x00000000fe900000, 0x00000000fe900000| Complete 
|  42|0x00000000fea00000, 0x00000000feb00000, 0x00000000feb00000|100%| E|CS|TAMS 0x00000000fea00000, 0x00000000fea00000| Complete 
|  43|0x00000000feb00000, 0x00000000fec00000, 0x00000000fec00000|100%| E|CS|TAMS 0x00000000feb00000, 0x00000000feb00000| Complete 
|  44|0x00000000fec00000, 0x00000000fed00000, 0x00000000fed00000|100%| E|CS|TAMS 0x00000000fec00000, 0x00000000fec00000| Complete 
|  45|0x00000000fed00000, 0x00000000fee00000, 0x00000000fee00000|100%| E|CS|TAMS 0x00000000fed00000, 0x00000000fed00000| Complete 
|  46|0x00000000fee00000, 0x00000000fef00000, 0x00000000fef00000|100%| E|CS|TAMS 0x00000000fee00000, 0x00000000fee00000| Complete 
|  47|0x00000000fef00000, 0x00000000ff000000, 0x00000000ff000000|100%| E|CS|TAMS 0x00000000fef00000, 0x00000000fef00000| Complete 
|  48|0x00000000ff000000, 0x00000000ff100000, 0x00000000ff100000|100%| E|CS|TAMS 0x00000000ff000000, 0x00000000ff000000| Complete 
|  49|0x00000000ff100000, 0x00000000ff200000, 0x00000000ff200000|100%| E|CS|TAMS 0x00000000ff100000, 0x00000000ff100000| Complete 
|  50|0x00000000ff200000, 0x00000000ff300000, 0x00000000ff300000|100%| E|CS|TAMS 0x00000000ff200000, 0x00000000ff200000| Complete 
|  51|0x00000000ff300000, 0x00000000ff400000, 0x00000000ff400000|100%| E|CS|TAMS 0x00000000ff300000, 0x00000000ff300000| Complete 
|  52|0x00000000ff400000, 0x00000000ff500000, 0x00000000ff500000|100%| E|CS|TAMS 0x00000000ff400000, 0x00000000ff400000| Complete 
|  53|0x00000000ff500000, 0x00000000ff600000, 0x00000000ff600000|100%| E|CS|TAMS 0x00000000ff500000, 0x00000000ff500000| Complete 
|  54|0x00000000ff600000, 0x00000000ff700000, 0x00000000ff700000|100%| E|CS|TAMS 0x00000000ff600000, 0x00000000ff600000| Complete 
|  55|0x00000000ff700000, 0x00000000ff800000, 0x00000000ff800000|100%| E|CS|TAMS 0x00000000ff700000, 0x00000000ff700000| Complete 
|  56|0x00000000ff800000, 0x00000000ff900000, 0x00000000ff900000|100%| E|CS|TAMS 0x00000000ff800000, 0x00000000ff800000| Complete 
|  57|0x00000000ff900000, 0x00000000ffa00000, 0x00000000ffa00000|100%| E|CS|TAMS 0x00000000ff900000, 0x00000000ff900000| Complete 
|  58|0x00000000ffa00000, 0x00000000ffb00000, 0x00000000ffb00000|100%| E|CS|TAMS 0x00000000ffa00000, 0x00000000ffa00000| Complete 
|  59|0x00000000ffb00000, 0x00000000ffc00000, 0x00000000ffc00000|100%| E|CS|TAMS 0x00000000ffb00000, 0x00000000ffb00000| Complete 
|  60|0x00000000ffc00000, 0x00000000ffd00000, 0x00000000ffd00000|100%| E|CS|TAMS 0x00000000ffc00000, 0x00000000ffc00000| Complete 
|  61|0x00000000ffd00000, 0x00000000ffe00000, 0x00000000ffe00000|100%| E|CS|TAMS 0x00000000ffd00000, 0x00000000ffd00000| Complete 
|  62|0x00000000ffe00000, 0x00000000fff00000, 0x00000000fff00000|100%| E|CS|TAMS 0x00000000ffe00000, 0x00000000ffe00000| Complete 
|  63|0x00000000fff00000, 0x0000000100000000, 0x0000000100000000|100%| E|CS|TAMS 0x00000000fff00000, 0x00000000fff00000| Complete 

Card table byte_map: [0x0000022815ca0000,0x0000022815cc0000] _byte_map_base: 0x00000228154c0000

Marking Bits (Prev, Next): (CMBitMap*) 0x0000022817d2b918, (CMBitMap*) 0x0000022817d2b950
 Prev Bits: [0x000002282e720000, 0x000002282e820000)
 Next Bits: [0x000002282e820000, 0x000002282e920000)

Polling page: 0x0000022815c50000

Metaspace:

Usage:
  Non-class:     13.77 MB capacity,    13.53 MB ( 98%) used,   221.30 KB (  2%) free+waste,    23.19 KB ( <1%) overhead. 
      Class:      1.85 MB capacity,     1.73 MB ( 94%) used,   105.02 KB (  6%) free+waste,    11.81 KB ( <1%) overhead. 
       Both:     15.61 MB capacity,    15.26 MB ( 98%) used,   326.31 KB (  2%) free+waste,    35.00 KB ( <1%) overhead. 

Virtual space:
  Non-class space:       14.00 MB reserved,      14.00 MB (100%) committed 
      Class space:        1.00 GB reserved,       1.88 MB ( <1%) committed 
             Both:        1.01 GB reserved,      15.88 MB (  2%) committed 

Chunk freelists:
   Non-Class:  6.00 KB
       Class:  0 bytes
        Both:  6.00 KB

CodeHeap 'non-profiled nmethods': size=120000Kb used=576Kb max_used=576Kb free=119423Kb
 bounds [0x0000022826ec0000, 0x0000022827130000, 0x000002282e3f0000]
CodeHeap 'profiled nmethods': size=120000Kb used=2968Kb max_used=2968Kb free=117031Kb
 bounds [0x000002281f990000, 0x000002281fc80000, 0x0000022826ec0000]
CodeHeap 'non-nmethods': size=5760Kb used=1101Kb max_used=1118Kb free=4658Kb
 bounds [0x000002281f3f0000, 0x000002281f660000, 0x000002281f990000]
 total_blobs=1912 nmethods=1492 adapters=332
 compilation: enabled
              stopped_count=0, restarted_count=0
 full_count=0

Compilation events (10 events):
Event: 138.318 Thread 0x0000022831b1b000 1485       3       sun.invoke.util.VerifyType::isNullConversion (157 bytes)
Event: 138.320 Thread 0x0000022831b74000 1488       4       jdk.internal.org.objectweb.asm.Item::set (219 bytes)
Event: 138.321 Thread 0x0000022831b1b000 nmethod 1485 0x000002281fc71290 code [0x000002281fc71580, 0x000002281fc72a68]
Event: 138.321 Thread 0x0000022831b1b000 1486       3       java.lang.invoke.InvokerBytecodeGenerator::emitPushArgument (120 bytes)
Event: 138.323 Thread 0x0000022831b1b000 nmethod 1486 0x000002281fc72f10 code [0x000002281fc731e0, 0x000002281fc73f88]
Event: 138.323 Thread 0x0000022831b1b000 1491       3       java.lang.invoke.InvokerBytecodeGenerator::emitLoadInsn (21 bytes)
Event: 138.323 Thread 0x0000022831b1b000 nmethod 1491 0x000002281fc74410 code [0x000002281fc745c0, 0x000002281fc747f8]
Event: 138.323 Thread 0x0000022831b1b000 1492       3       java.lang.invoke.InvokerBytecodeGenerator::loadInsnOpcode (86 bytes)
Event: 138.325 Thread 0x0000022831b1b000 nmethod 1492 0x000002281fc74910 code [0x000002281fc74b80, 0x000002281fc756b8]
Event: 138.648 Thread 0x0000022831b74000 nmethod 1488 0x0000022826f4eb90 code [0x0000022826f4ed40, 0x0000022826f4fc18]

GC Heap History (2 events):
Event: 91.771 GC heap before
{Heap before GC invocations=0 (full 0):
 garbage-first heap   total 65536K, used 29696K [0x00000000fc000000, 0x0000000100000000)
  region size 1024K, 24 young (24576K), 0 survivors (0K)
 Metaspace       used 10185K, capacity 10418K, committed 10624K, reserved 1058816K
  class space    used 1046K, capacity 1131K, committed 1152K, reserved 1048576K
}
Event: 91.823 GC heap after
{Heap after GC invocations=1 (full 0):
 garbage-first heap   total 65536K, used 9327K [0x00000000fc000000, 0x0000000100000000)
  region size 1024K, 3 young (3072K), 3 survivors (3072K)
 Metaspace       used 10185K, capacity 10418K, committed 10624K, reserved 1058816K
  class space    used 1046K, capacity 1131K, committed 1152K, reserved 1048576K
}

Deoptimization events (10 events):
Event: 88.305 Thread 0x0000022815adb000 Uncommon trap: reason=bimorphic_or_optimized_type_check action=maybe_recompile pc=0x0000022826ef0aa4 method=java.util.HashMap.putVal(ILjava/lang/Object;Ljava/lang/Object;ZZ)Ljava/lang/Object; @ 91 c2
Event: 90.409 Thread 0x0000022815adb000 Uncommon trap: reason=unstable_if action=reinterpret pc=0x0000022826efd200 method=java.io.WinNTFileSystem.normalize(Ljava/lang/String;)Ljava/lang/String; @ 40 c2
Event: 90.784 Thread 0x0000022815adb000 Uncommon trap: reason=unstable_if action=reinterpret pc=0x0000022826edc568 method=java.util.regex.Matcher.reset()Ljava/util/regex/Matcher; @ 47 c2
Event: 90.787 Thread 0x0000022815adb000 Uncommon trap: reason=class_check action=maybe_recompile pc=0x0000022826edcc60 method=java.util.regex.Matcher.match(II)Z @ 121 c2
Event: 90.787 Thread 0x0000022815adb000 Uncommon trap: reason=class_check action=maybe_recompile pc=0x0000022826edcc60 method=java.util.regex.Matcher.match(II)Z @ 121 c2
Event: 90.789 Thread 0x0000022815adb000 Uncommon trap: reason=class_check action=maybe_recompile pc=0x0000022826edcc60 method=java.util.regex.Matcher.match(II)Z @ 121 c2
Event: 90.789 Thread 0x0000022815adb000 Uncommon trap: reason=class_check action=maybe_recompile pc=0x0000022826edcc60 method=java.util.regex.Matcher.match(II)Z @ 121 c2
Event: 90.859 Thread 0x0000022815adb000 Uncommon trap: reason=unstable_if action=reinterpret pc=0x0000022826f004a4 method=java.util.HashMap.hash(Ljava/lang/Object;)I @ 1 c2
Event: 98.025 Thread 0x0000022815adb000 Uncommon trap: reason=unstable_if action=reinterpret pc=0x0000022826f19754 method=java.util.HashMap.getNode(ILjava/lang/Object;)Ljava/util/HashMap$Node; @ 129 c2
Event: 125.302 Thread 0x0000022815adb000 Uncommon trap: reason=unstable_if action=reinterpret pc=0x0000022826f1b50c method=java.util.concurrent.ConcurrentHashMap.putVal(Ljava/lang/Object;Ljava/lang/Object;Z)Ljava/lang/Object; @ 256 c2

Classes redefined (0 events):
No events

Internal exceptions (10 events):
Event: 91.917 Thread 0x0000022815adb000 Exception <a 'java/lang/NoSuchMethodError'{0x00000000fffe2c00}: java.lang.invoke.DelegatingMethodHandle$Holder.delegate(Ljava/lang/Object;Ljava/lang/Object;ILjava/lang/Object;)V> (0x00000000fffe2c00) thrown at [./open/src/hotspot/share/interpreter/linkRes
Event: 95.035 Thread 0x0000022815adb000 Exception <a 'java/lang/NoSuchMethodError'{0x00000000ff9fa9e8}: java.lang.invoke.DirectMethodHandle$Holder.invokeInterface(Ljava/lang/Object;Ljava/lang/Object;Ljava/lang/Object;)Ljava/lang/Object;> (0x00000000ff9fa9e8) thrown at [./open/src/hotspot/share/
Event: 96.635 Thread 0x0000022815adb000 Exception <a 'java/lang/NoSuchMethodError'{0x00000000ff6a5bb8}: java.lang.invoke.DirectMethodHandle$Holder.invokeStaticInit(Ljava/lang/Object;Ljava/lang/Object;Ljava/lang/Object;)Ljava/lang/Object;> (0x00000000ff6a5bb8) thrown at [./open/src/hotspot/share
Event: 98.099 Thread 0x0000022815adb000 Exception <a 'java/lang/NoSuchMethodError'{0x00000000ff197378}: java.lang.invoke.DirectMethodHandle$Holder.invokeStaticInit(Ljava/lang/Object;IIII)Ljava/lang/Object;> (0x00000000ff197378) thrown at [./open/src/hotspot/share/interpreter/linkResolver.cpp, l
Event: 113.493 Thread 0x0000022815adb000 Exception <a 'java/lang/NoSuchMethodError'{0x00000000ff1d5828}: java.lang.invoke.DirectMethodHandle$Holder.invokeStaticInit(Ljava/lang/Object;Ljava/lang/Object;IIII)Ljava/lang/Object;> (0x00000000ff1d5828) thrown at [./open/src/hotspot/share/interpreter/l
Event: 138.274 Thread 0x0000022832821800 Exception <a 'java/lang/NoSuchMethodError'{0x00000000fe999750}: java.lang.invoke.DirectMethodHandle$Holder.invokeStatic(Ljava/lang/Object;J)V> (0x00000000fe999750) thrown at [./open/src/hotspot/share/interpreter/linkResolver.cpp, line 772]
Event: 138.278 Thread 0x0000022832821800 Exception <a 'java/lang/NoSuchMethodError'{0x00000000fe99e6b0}: java.lang.invoke.DirectMethodHandle$Holder.invokeStatic(Ljava/lang/Object;J)Ljava/lang/Object;> (0x00000000fe99e6b0) thrown at [./open/src/hotspot/share/interpreter/linkResolver.cpp, line 772
Event: 138.318 Thread 0x0000022832821800 Exception <a 'java/lang/NoSuchMethodError'{0x00000000fe9ac748}: java.lang.invoke.DirectMethodHandle$Holder.invokeStaticInit(Ljava/lang/Object;Ljava/lang/Object;JLjava/lang/Object;)Ljava/lang/Object;> (0x00000000fe9ac748) thrown at [./open/src/hotspot/shar
Event: 138.319 Thread 0x0000022832821800 Exception <a 'java/lang/NoSuchMethodError'{0x00000000fe9b2630}: java.lang.invoke.DirectMethodHandle$Holder.invokeStatic(Ljava/lang/Object;Ljava/lang/Object;J)Ljava/lang/Object;> (0x00000000fe9b2630) thrown at [./open/src/hotspot/share/interpreter/linkReso
Event: 138.321 Thread 0x0000022832821800 Exception <a 'java/lang/NoSuchMethodError'{0x00000000fe9b8900}: java.lang.invoke.Invokers$Holder.linkToTargetMethod(Ljava/lang/Object;JLjava/lang/Object;)Ljava/lang/Object;> (0x00000000fe9b8900) thrown at [./open/src/hotspot/share/interpreter/linkResolver

Events (10 events):
Event: 138.346 loading class org/gradle/util/internal/DisconnectableInputStream$1
Event: 138.346 loading class org/gradle/util/internal/DisconnectableInputStream$1 done
Event: 138.357 Thread 0x0000022832f0f000 Thread added: 0x0000022832f0f000
Event: 138.357 loading class org/gradle/process/internal/streams/ExecOutputHandleRunner
Event: 138.357 loading class org/gradle/process/internal/streams/ExecOutputHandleRunner done
Event: 138.358 Executing VM operation: BulkRevokeBias
Event: 138.646 Executing VM operation: BulkRevokeBias done
Event: 138.647 loading class org/gradle/process/internal/shutdown/ShutdownHooks
Event: 138.647 loading class org/gradle/process/internal/shutdown/ShutdownHooks done
Event: 138.672 Thread 0x0000022832815000 Thread added: 0x0000022832815000


Dynamic libraries:
0x00007ff749650000 - 0x00007ff749660000 	D:\Program Files\Java\bin\java.exe
0x00007ffda7f30000 - 0x00007ffda8128000 	C:\Windows\SYSTEM32\ntdll.dll
0x00007ffda7b20000 - 0x00007ffda7bdf000 	C:\Windows\System32\KERNEL32.DLL
0x00007ffda5680000 - 0x00007ffda5976000 	C:\Windows\System32\KERNELBASE.dll
0x00007ffda5a20000 - 0x00007ffda5b20000 	C:\Windows\System32\ucrtbase.dll
0x00007ffd90750000 - 0x00007ffd90769000 	D:\Program Files\Java\bin\jli.dll
0x00007ffd85a20000 - 0x00007ffd85a3b000 	D:\Program Files\Java\bin\VCRUNTIME140.dll
0x00007ffda62b0000 - 0x00007ffda635f000 	C:\Windows\System32\ADVAPI32.dll
0x00007ffda6500000 - 0x00007ffda659e000 	C:\Windows\System32\msvcrt.dll
0x00007ffda6c10000 - 0x00007ffda6cac000 	C:\Windows\System32\sechost.dll
0x00007ffda5ff0000 - 0x00007ffda6116000 	C:\Windows\System32\RPCRT4.dll
0x00007ffda7d50000 - 0x00007ffda7eed000 	C:\Windows\System32\USER32.dll
0x00007ffd98f80000 - 0x00007ffd9921a000 	C:\Windows\WinSxS\amd64_microsoft.windows.common-controls_6595b64144ccf1df_6.0.19041.1110_none_60b5254171f9507e\COMCTL32.dll
0x00007ffda5f60000 - 0x00007ffda5f82000 	C:\Windows\System32\win32u.dll
0x00007ffda61f0000 - 0x00007ffda621c000 	C:\Windows\System32\GDI32.dll
0x00007ffda5b20000 - 0x00007ffda5c35000 	C:\Windows\System32\gdi32full.dll
0x00007ffda5980000 - 0x00007ffda5a1d000 	C:\Windows\System32\msvcp_win.dll
0x00007ffd9cf10000 - 0x00007ffd9cf1a000 	C:\Windows\SYSTEM32\VERSION.dll
0x00007ffda7af0000 - 0x00007ffda7b20000 	C:\Windows\System32\IMM32.DLL
0x00007ffd9f630000 - 0x00007ffd9f63c000 	D:\Program Files\Java\bin\vcruntime140_1.dll
0x00007ffd803c0000 - 0x00007ffd8044e000 	D:\Program Files\Java\bin\msvcp140.dll
0x00007ffd52ab0000 - 0x00007ffd5361c000 	D:\Program Files\Java\bin\server\jvm.dll
0x00007ffda61e0000 - 0x00007ffda61e8000 	C:\Windows\System32\PSAPI.DLL
0x00007ffd946c0000 - 0x00007ffd946c9000 	C:\Windows\SYSTEM32\WSOCK32.dll
0x00007ffda6490000 - 0x00007ffda64fb000 	C:\Windows\System32\WS2_32.dll
0x00007ffd98bf0000 - 0x00007ffd98c17000 	C:\Windows\SYSTEM32\WINMM.dll
0x00007ffda34d0000 - 0x00007ffda34e2000 	C:\Windows\SYSTEM32\kernel.appcore.dll
0x00007ffd8ea80000 - 0x00007ffd8ea90000 	D:\Program Files\Java\bin\verify.dll
0x00007ffd924b0000 - 0x00007ffd92694000 	C:\Windows\SYSTEM32\DBGHELP.DLL
0x00007ffd92400000 - 0x00007ffd92434000 	C:\Windows\SYSTEM32\dbgcore.DLL
0x00007ffda5c40000 - 0x00007ffda5cc2000 	C:\Windows\System32\bcryptPrimitives.dll
0x00007ffd809d0000 - 0x00007ffd809f8000 	D:\Program Files\Java\bin\java.dll
0x00007ffd8e490000 - 0x00007ffd8e49a000 	D:\Program Files\Java\bin\jimage.dll
0x00007ffd809b0000 - 0x00007ffd809c7000 	D:\Program Files\Java\bin\zip.dll
0x00007ffda6f10000 - 0x00007ffda7654000 	C:\Windows\System32\SHELL32.dll
0x00007ffda36d0000 - 0x00007ffda3e63000 	C:\Windows\SYSTEM32\windows.storage.dll
0x00007ffda6770000 - 0x00007ffda6ac4000 	C:\Windows\System32\combase.dll
0x00007ffda5070000 - 0x00007ffda509e000 	C:\Windows\SYSTEM32\Wldp.dll
0x00007ffda65a0000 - 0x00007ffda664d000 	C:\Windows\System32\SHCORE.dll
0x00007ffda6180000 - 0x00007ffda61d5000 	C:\Windows\System32\shlwapi.dll
0x00007ffda5550000 - 0x00007ffda556f000 	C:\Windows\SYSTEM32\profapi.dll
0x00007ffd80850000 - 0x00007ffd80869000 	D:\Program Files\Java\bin\net.dll
0x00007ffd9d120000 - 0x00007ffd9d22a000 	C:\Windows\SYSTEM32\WINHTTP.dll
0x00007ffda4dd0000 - 0x00007ffda4e3a000 	C:\Windows\system32\mswsock.dll
0x00007ffd80830000 - 0x00007ffd80842000 	D:\Program Files\Java\bin\nio.dll
0x00007ffd8fa20000 - 0x00007ffd8fa47000 	C:\Users\sony\.gradle\native\e1d6ef7f7dcc3fd88c89a11ec53ec762bb8ba0a96d01ffa2cd45eb1d1d8dd5c5\windows-amd64\native-platform.dll
0x00007ffd87a60000 - 0x00007ffd87a69000 	D:\Program Files\Java\bin\management.dll
0x00007ffd85db0000 - 0x00007ffd85dbb000 	D:\Program Files\Java\bin\management_ext.dll
0x00007ffda4fc0000 - 0x00007ffda4fd8000 	C:\Windows\SYSTEM32\CRYPTSP.dll
0x00007ffda4680000 - 0x00007ffda46b4000 	C:\Windows\system32\rsaenh.dll
0x00007ffda5cd0000 - 0x00007ffda5cf7000 	C:\Windows\System32\bcrypt.dll
0x00007ffda5510000 - 0x00007ffda553e000 	C:\Windows\SYSTEM32\USERENV.dll
0x00007ffda4fe0000 - 0x00007ffda4fec000 	C:\Windows\SYSTEM32\CRYPTBASE.dll
0x00007ffda4a70000 - 0x00007ffda4aac000 	C:\Windows\SYSTEM32\IPHLPAPI.DLL
0x00007ffda7ae0000 - 0x00007ffda7ae8000 	C:\Windows\System32\NSI.dll
0x00007ffd9d5c0000 - 0x00007ffd9d5d7000 	C:\Windows\SYSTEM32\dhcpcsvc6.DLL
0x00007ffd9dfb0000 - 0x00007ffd9dfcd000 	C:\Windows\SYSTEM32\dhcpcsvc.DLL
0x00007ffda4ac0000 - 0x00007ffda4b8b000 	C:\Windows\SYSTEM32\DNSAPI.dll

dbghelp: loaded successfully - version: 4.0.5 - missing functions: none
symbol engine: initialized successfully - sym options: 0x614 - pdb path: .;D:\Program Files\Java\bin;C:\Windows\SYSTEM32;C:\Windows\WinSxS\amd64_microsoft.windows.common-controls_6595b64144ccf1df_6.0.19041.1110_none_60b5254171f9507e;D:\Program Files\Java\bin\server;C:\Users\sony\.gradle\native\e1d6ef7f7dcc3fd88c89a11ec53ec762bb8ba0a96d01ffa2cd45eb1d1d8dd5c5\windows-amd64

VM Arguments:
jvm_args: -Xmx64m -Xms64m -Dorg.gradle.appname=gradlew 
java_command: org.gradle.wrapper.GradleWrapperMain app:installDebug -PreactNativeDevServerPort=8081
java_class_path (initial): D:\\LoginApp\\dtrgApp2\\Dtrg\\android\\\\gradle\\wrapper\\gradle-wrapper.jar
Launcher Type: SUN_STANDARD

[Global flags]
     intx CICompilerCount                          = 4                                         {product} {ergonomic}
     uint ConcGCThreads                            = 2                                         {product} {ergonomic}
     uint G1ConcRefinementThreads                  = 8                                         {product} {ergonomic}
   size_t G1HeapRegionSize                         = 1048576                                   {product} {ergonomic}
    uintx GCDrainStackTargetSize                   = 64                                        {product} {ergonomic}
   size_t InitialHeapSize                          = 67108864                                  {product} {command line}
   size_t MarkStackSize                            = 4194304                                   {product} {ergonomic}
   size_t MaxHeapSize                              = 67108864                                  {product} {command line}
   size_t MaxNewSize                               = 39845888                                  {product} {ergonomic}
   size_t MinHeapDeltaBytes                        = 1048576                                   {product} {ergonomic}
    uintx NonNMethodCodeHeapSize                   = 5836300                                {pd product} {ergonomic}
    uintx NonProfiledCodeHeapSize                  = 122910970                              {pd product} {ergonomic}
    uintx ProfiledCodeHeapSize                     = 122910970                              {pd product} {ergonomic}
    uintx ReservedCodeCacheSize                    = 251658240                              {pd product} {ergonomic}
     bool SegmentedCodeCache                       = true                                      {product} {ergonomic}
     bool UseCompressedClassPointers               = true                                 {lp64_product} {ergonomic}
     bool UseCompressedOops                        = true                                 {lp64_product} {ergonomic}
     bool UseG1GC                                  = true                                      {product} {ergonomic}
     bool UseLargePagesIndividualAllocation        = false                                  {pd product} {ergonomic}

Logging:
Log output configuration:
 #0: stdout all=warning uptime,level,tags
 #1: stderr all=off uptime,level,tags

Environment Variables:
CLASSPATH=D:\LoginApp\dtrgApp2\Dtrg\android\\gradle\wrapper\gradle-wrapper.jar
PATH=D:\LoginApp\dtrgApp2\Dtrg\android\node_modules\.bin;D:\LoginApp\dtrgApp2\Dtrg\node_modules\.bin;D:\LoginApp\dtrgApp2\node_modules\.bin;D:\LoginApp\node_modules\.bin;D:\node_modules\.bin;C:\Program Files\nodejs;D:\LoginApp\dtrgApp2\Dtrg\node_modules\.bin;D:\LoginApp\dtrgApp2\Dtrg\node_modules\.bin;D:\LoginApp\dtrgApp2\node_modules\.bin;D:\LoginApp\node_modules\.bin;D:\node_modules\.bin;C:\Users\sony\AppData\Roaming\npm\node_modules\npm\node_modules\@npmcli\run-script\lib\node-gyp-bin;D:\LoginApp\dtrgApp2\Dtrg\node_modules\.bin;D:\LoginApp\dtrgApp2\node_modules\.bin;D:\LoginApp\node_modules\.bin;D:\node_modules\.bin;C:\Program Files\nodejs;D:\LoginApp\dtrgApp2\Dtrg\node_modules\.bin;D:\LoginApp\dtrgApp2\node_modules\.bin;D:\LoginApp\node_modules\.bin;D:\node_modules\.bin;C:\Users\sony\AppData\Roaming\npm\node_modules\npm\node_modules\@npmcli\run-script\lib\node-gyp-bin;C:\Program Files\Common Files\Oracle\Java\javapath;C:\Windows\system32;C:\Windows;C:\Windows\System32\Wbem;C:\Windows\System32\WindowsPowerShell\v1.0\;C:\Windows\System32\OpenSSH\;C:\Program Files\Microsoft SQL Server\150\Tools\Binn\;C:\Program Files\Microsoft SQL Server\Client SDK\ODBC\170\Tools\Binn\;C:\Program Files\dotnet\;C:\Program Files\TortoiseSVN\bin;C:\Program Files\nodejs\;C:\Users\sony\AppData\Local\Microsoft\WindowsApps;C:\Users\sony\AppData\Local\Programs\Microsoft VS Code\bin;C:\Users\sony\.dotnet\tools;C:\Users\sony\AppData\Local\Android\Sdk\platform-tools;C:\Users\sony\AppData\Roaming\npm
USERNAME=sony
OS=Windows_NT
PROCESSOR_IDENTIFIER=Intel64 Family 6 Model 42 Stepping 7, GenuineIntel



---------------  S Y S T E M  ---------------

OS: Windows 10 , 64 bit Build 19041 (10.0.19041.2913)

CPU:total 8 (initial active 8) (4 cores per cpu, 2 threads per core) family 6 model 42 stepping 7 microcode 0x2f, cmov, cx8, fxsr, mmx, sse, sse2, sse3, ssse3, sse4.1, sse4.2, popcnt, avx, aes, clmul, ht, tsc, tscinvbit

Memory: 4k page, system-wide physical 8173M (312M free)
TotalPageFile size 32749M (AvailPageFile size 1151M)
current process WorkingSet (physical memory assigned to process): 58M, peak: 71M
current process commit charge ("private bytes"): 163M, peak: 164M

vm_info: Java HotSpot(TM) 64-Bit Server VM (11.0.19+9-LTS-224) for windows-amd64 JRE (11.0.19+9-LTS-224), built on Mar 27 2023 08:48:55 by "mach5one" with MS VC++ 17.1 (VS2022)

END.
