#
# A fatal error has been detected by the Java Runtime Environment:
#
#  EXCEPTION_ACCESS_VIOLATION (0xc0000005) at pc=0x0000000000000000, pid=22940, tid=33528
#
# JRE version: Java(TM) SE Runtime Environment 18.9 (11.0.19+9) (build 11.0.19+9-LTS-224)
# Java VM: Java HotSpot(TM) 64-Bit Server VM 18.9 (11.0.19+9-LTS-224, mixed mode, tiered, compressed oops, g1 gc, windows-amd64)
# Problematic frame:
# C  0x0000000000000000
#
# No core dump will be written. Minidumps are not enabled by default on client versions of Windows
#
# If you would like to submit a bug report, please visit:
#   https://bugreport.java.com/bugreport/crash.jsp
# The crash happened outside the Java Virtual Machine in native code.
# See problematic frame for where to report the bug.
#

---------------  S U M M A R Y ------------

Command Line: -Xmx64m -Xms64m -Dorg.gradle.appname=gradlew org.gradle.wrapper.GradleWrapperMain app:installDebug -PreactNativeDevServerPort=8081

Host: Intel(R) Core(TM) i7-2670QM CPU @ 2.20GHz, 8 cores, 7G,  Windows 10 , 64 bit Build 19041 (10.0.19041.2913)
Time: Thu May 18 16:29:31 2023 Nepal Standard Time elapsed time: 115.908410 seconds (0d 0h 1m 55s)

---------------  T H R E A D  ---------------

Current thread (0x000001f36e66b000):  JavaThread "main" [_thread_in_native, id=33528, stack(0x000000de9fe00000,0x000000de9ff00000)]

Stack: [0x000000de9fe00000,0x000000de9ff00000],  sp=0x000000de9fefa1b8,  free space=1000k
Native frames: (J=compiled Java code, j=interpreted, Vv=VM code, C=native code)

Java frames: (J=compiled Java code, j=interpreted, Vv=VM code)
j  java.net.NetworkInterface.getAll()[Ljava/net/NetworkInterface;+0 java.base@11.0.19
j  java.net.NetworkInterface.getNetworkInterfaces()Ljava/util/Enumeration;+0 java.base@11.0.19
j  sun.security.provider.SeedGenerator.addNetworkAdapterInfo(Ljava/security/MessageDigest;)V+0 java.base@11.0.19
j  sun.security.provider.SeedGenerator$1.run()Ljava/lang/Void;+66 java.base@11.0.19
j  sun.security.provider.SeedGenerator$1.run()Ljava/lang/Object;+1 java.base@11.0.19
v  ~StubRoutines::call_stub
j  java.security.AccessController.doPrivileged(Ljava/security/PrivilegedAction;)Ljava/lang/Object;+0 java.base@11.0.19
j  sun.security.provider.SeedGenerator.getSystemEntropy()[B+40 java.base@11.0.19
j  sun.security.provider.AbstractDrbg$SeederHolder.<clinit>()V+28 java.base@11.0.19
v  ~StubRoutines::call_stub
j  sun.security.provider.AbstractDrbg.getEntropyInput(IIIZ)[B+87 java.base@11.0.19
j  sun.security.provider.AbstractDrbg.getEntropyInput(Z)[B+14 java.base@11.0.19
j  sun.security.provider.AbstractDrbg.instantiateIfNecessary([B)V+16 java.base@11.0.19
j  sun.security.provider.AbstractDrbg.engineNextBytes([BLjava/security/SecureRandomParameters;)V+162 java.base@11.0.19
j  sun.security.provider.AbstractDrbg.engineNextBytes([B)V+11 java.base@11.0.19
j  sun.security.provider.DRBG.engineNextBytes([B)V+5 java.base@11.0.19
j  java.security.SecureRandom.nextBytes([B)V+12 java.base@11.0.19
j  java.util.UUID.randomUUID()Ljava/util/UUID;+11 java.base@11.0.19
j  org.gradle.internal.id.UUIDGenerator.generateId()Ljava/util/UUID;+0
j  org.gradle.internal.id.UUIDGenerator.generateId()Ljava/lang/Object;+1
j  org.gradle.launcher.daemon.client.DaemonClient.execute(Lorg/gradle/internal/invocation/BuildAction;Lorg/gradle/launcher/exec/BuildActionParameters;Lorg/gradle/initialization/BuildRequestContext;)Lorg/gradle/launcher/exec/BuildActionResult;+4
j  org.gradle.launcher.daemon.client.DaemonClient.execute(Lorg/gradle/internal/invocation/BuildAction;Ljava/lang/Object;Ljava/lang/Object;)Lorg/gradle/launcher/exec/BuildActionResult;+10
j  org.gradle.launcher.cli.RunBuildAction.run()V+74
j  org.gradle.internal.Actions$RunnableActionAdapter.execute(Ljava/lang/Object;)V+4
j  org.gradle.launcher.cli.DefaultCommandLineActionFactory$ParseAndBuildAction.execute(Lorg/gradle/launcher/bootstrap/ExecutionListener;)V+60
j  org.gradle.launcher.cli.DefaultCommandLineActionFactory$ParseAndBuildAction.execute(Ljava/lang/Object;)V+5
j  org.gradle.launcher.cli.DebugLoggerWarningAction.execute(Lorg/gradle/launcher/bootstrap/ExecutionListener;)V+9
j  org.gradle.launcher.cli.DebugLoggerWarningAction.execute(Ljava/lang/Object;)V+5
j  org.gradle.launcher.cli.WelcomeMessageAction.execute(Lorg/gradle/launcher/bootstrap/ExecutionListener;)V+218
j  org.gradle.launcher.cli.WelcomeMessageAction.execute(Ljava/lang/Object;)V+5
j  org.gradle.launcher.cli.NativeServicesInitializingAction.execute(Lorg/gradle/launcher/bootstrap/ExecutionListener;)V+35
j  org.gradle.launcher.cli.NativeServicesInitializingAction.execute(Ljava/lang/Object;)V+5
j  org.gradle.launcher.cli.ExceptionReportingAction.execute(Lorg/gradle/launcher/bootstrap/ExecutionListener;)V+5
j  org.gradle.launcher.cli.ExceptionReportingAction.execute(Ljava/lang/Object;)V+5
j  org.gradle.launcher.cli.DefaultCommandLineActionFactory$WithLogging.execute(Lorg/gradle/launcher/bootstrap/ExecutionListener;)V+299
j  org.gradle.launcher.Main.doAction([Ljava/lang/String;Lorg/gradle/launcher/bootstrap/ExecutionListener;)V+14
j  org.gradle.launcher.bootstrap.EntryPoint.run([Ljava/lang/String;)V+12
v  ~StubRoutines::call_stub
j  jdk.internal.reflect.NativeMethodAccessorImpl.invoke0(Ljava/lang/reflect/Method;Ljava/lang/Object;[Ljava/lang/Object;)Ljava/lang/Object;+0 java.base@11.0.19
j  jdk.internal.reflect.NativeMethodAccessorImpl.invoke(Ljava/lang/Object;[Ljava/lang/Object;)Ljava/lang/Object;+100 java.base@11.0.19
j  jdk.internal.reflect.DelegatingMethodAccessorImpl.invoke(Ljava/lang/Object;[Ljava/lang/Object;)Ljava/lang/Object;+6 java.base@11.0.19
j  java.lang.reflect.Method.invoke(Ljava/lang/Object;[Ljava/lang/Object;)Ljava/lang/Object;+59 java.base@11.0.19
j  org.gradle.launcher.bootstrap.ProcessBootstrap.runNoExit(Ljava/lang/String;[Ljava/lang/String;)V+159
j  org.gradle.launcher.bootstrap.ProcessBootstrap.run(Ljava/lang/String;[Ljava/lang/String;)V+2
v  ~StubRoutines::call_stub
j  jdk.internal.reflect.NativeMethodAccessorImpl.invoke0(Ljava/lang/reflect/Method;Ljava/lang/Object;[Ljava/lang/Object;)Ljava/lang/Object;+0 java.base@11.0.19
j  jdk.internal.reflect.NativeMethodAccessorImpl.invoke(Ljava/lang/Object;[Ljava/lang/Object;)Ljava/lang/Object;+100 java.base@11.0.19
j  jdk.internal.reflect.DelegatingMethodAccessorImpl.invoke(Ljava/lang/Object;[Ljava/lang/Object;)Ljava/lang/Object;+6 java.base@11.0.19
j  java.lang.reflect.Method.invoke(Ljava/lang/Object;[Ljava/lang/Object;)Ljava/lang/Object;+59 java.base@11.0.19
j  org.gradle.launcher.GradleMain.main([Ljava/lang/String;)V+100
v  ~StubRoutines::call_stub
j  jdk.internal.reflect.NativeMethodAccessorImpl.invoke0(Ljava/lang/reflect/Method;Ljava/lang/Object;[Ljava/lang/Object;)Ljava/lang/Object;+0 java.base@11.0.19
j  jdk.internal.reflect.NativeMethodAccessorImpl.invoke(Ljava/lang/Object;[Ljava/lang/Object;)Ljava/lang/Object;+100 java.base@11.0.19
j  jdk.internal.reflect.DelegatingMethodAccessorImpl.invoke(Ljava/lang/Object;[Ljava/lang/Object;)Ljava/lang/Object;+6 java.base@11.0.19
j  java.lang.reflect.Method.invoke(Ljava/lang/Object;[Ljava/lang/Object;)Ljava/lang/Object;+59 java.base@11.0.19
j  org.gradle.wrapper.BootstrapMainStarter.start([Ljava/lang/String;Ljava/io/File;)V+105
j  org.gradle.wrapper.WrapperExecutor.execute([Ljava/lang/String;Lorg/gradle/wrapper/Install;Lorg/gradle/wrapper/BootstrapMainStarter;)V+14
j  org.gradle.wrapper.GradleWrapperMain.main([Ljava/lang/String;)V+190
v  ~StubRoutines::call_stub

siginfo: EXCEPTION_ACCESS_VIOLATION (0xc0000005), data execution prevention violation at address 0x0000000000000000


Register to memory mapping:

RIP=0x0 is NULL
RAX=0x0 is NULL
RBX=0x0 is NULL
RCX=0x000001f37c8e04e0 points into unknown readable memory: 0x000001f37c005f10 | 10 5f 00 7c f3 01 00 00
RDX=0x000000de9fefa1f0 is pointing into the stack for thread: 0x000001f36e66b000
RSP=0x000000de9fefa1b8 is pointing into the stack for thread: 0x000001f36e66b000
RBP=0x000000de9fefa240 is pointing into the stack for thread: 0x000001f36e66b000
RSI=0x000001f36e66b348 points into unknown readable memory: 0x00007ffd534e6d40 | 40 6d 4e 53 fd 7f 00 00
RDI=0x0 is NULL
R8 =0x0000000000000001 is an unknown value
R9 =0x0000000000000078 is an unknown value
R10=0x0 is NULL
R11=0x000000de9fefa120 is pointing into the stack for thread: 0x000001f36e66b000
R12=0x000000de9fefa3f0 is pointing into the stack for thread: 0x000001f36e66b000
R13=0x000001f36e66b348 points into unknown readable memory: 0x00007ffd534e6d40 | 40 6d 4e 53 fd 7f 00 00
R14=0x0 is NULL
R15=0x000001f37c8e04e0 points into unknown readable memory: 0x000001f37c005f10 | 10 5f 00 7c f3 01 00 00


Registers:
RAX=0x0000000000000000, RBX=0x0000000000000000, RCX=0x000001f37c8e04e0, RDX=0x000000de9fefa1f0
RSP=0x000000de9fefa1b8, RBP=0x000000de9fefa240, RSI=0x000001f36e66b348, RDI=0x0000000000000000
R8 =0x0000000000000001, R9 =0x0000000000000078, R10=0x0000000000000000, R11=0x000000de9fefa120
R12=0x000000de9fefa3f0, R13=0x000001f36e66b348, R14=0x0000000000000000, R15=0x000001f37c8e04e0
RIP=0x0000000000000000, EFLAGS=0x0000000000010206

Top of Stack: (sp=0x000000de9fefa1b8)
0x000000de9fefa1b8:   00007ffd8085560c 000001f37c8e04e0
0x000000de9fefa1c8:   000000de9fefa1f0 0000000000000001
0x000000de9fefa1d8:   0000000000000078 0000000000000000
0x000000de9fefa1e8:   000001f300051f8b 0000000000000360
0x000000de9fefa1f8:   0000000000000000 0000000000000000
0x000000de9fefa208:   0000000000000000 0000000000051f80
0x000000de9fefa218:   0000000001000000 000001f36e66b348
0x000000de9fefa228:   000000de9fefa3f0 0000000000000000
0x000000de9fefa238:   0000549cb4728a87 0000000000000000
0x000000de9fefa248:   0000000000000000 0000000000000000
0x000000de9fefa258:   000000de9fefa3f0 000000de9fefa498
0x000000de9fefa268:   000001f36e66b348 000000de9fefa339
0x000000de9fefa278:   00007ffd808567fe 0000000000000000
0x000000de9fefa288:   000001f300051f80 000001f36e66b348
0x000000de9fefa298:   000000de9fefa2a8 000001f370764b60
0x000000de9fefa2a8:   00007ffd532874d8 0000000000000000 

Instructions: (pc=0x0000000000000000)
0xffffffffffffffe0:   


Stack slot to memory mapping:
stack at sp + 0 slots: 0x00007ffd8085560c net.dll
stack at sp + 1 slots: 0x000001f37c8e04e0 points into unknown readable memory: 0x000001f37c005f10 | 10 5f 00 7c f3 01 00 00
stack at sp + 2 slots: 0x000000de9fefa1f0 is pointing into the stack for thread: 0x000001f36e66b000
stack at sp + 3 slots: 0x0000000000000001 is an unknown value
stack at sp + 4 slots: 0x0000000000000078 is an unknown value
stack at sp + 5 slots: 0x0 is NULL
stack at sp + 6 slots: 0x000001f300051f8b is at code_begin+11 in 
[CodeBlob (0x000001f300051f10)]
Framesize: 0
BufferBlob (0x000001f300051f10) used for Signature Handler Temp Buffer
stack at sp + 7 slots: 0x0000000000000360 is an unknown value


---------------  P R O C E S S  ---------------

Threads class SMR info:
_java_thread_list=0x000001f37c66bdb0, length=11, elements={
0x000001f36e66b000, 0x000001f37b55c800, 0x000001f37b55e000, 0x000001f37b5ce800,
0x000001f37b5d0000, 0x000001f37b5d1000, 0x000001f37b5d2000, 0x000001f37b57a800,
0x000001f37b72c800, 0x000001f37b865000, 0x000001f37bd3a000
}

Java Threads: ( => current thread )
=>0x000001f36e66b000 JavaThread "main" [_thread_in_native, id=33528, stack(0x000000de9fe00000,0x000000de9ff00000)]
  0x000001f37b55c800 JavaThread "Reference Handler" daemon [_thread_blocked, id=34324, stack(0x000000dea0500000,0x000000dea0600000)]
  0x000001f37b55e000 JavaThread "Finalizer" daemon [_thread_blocked, id=8784, stack(0x000000dea0600000,0x000000dea0700000)]
  0x000001f37b5ce800 JavaThread "Signal Dispatcher" daemon [_thread_blocked, id=37148, stack(0x000000dea0700000,0x000000dea0800000)]
  0x000001f37b5d0000 JavaThread "Attach Listener" daemon [_thread_blocked, id=38496, stack(0x000000dea0800000,0x000000dea0900000)]
  0x000001f37b5d1000 JavaThread "Service Thread" daemon [_thread_blocked, id=2940, stack(0x000000dea0900000,0x000000dea0a00000)]
  0x000001f37b5d2000 JavaThread "C2 CompilerThread0" daemon [_thread_blocked, id=2968, stack(0x000000dea0a00000,0x000000dea0b00000)]
  0x000001f37b57a800 JavaThread "C1 CompilerThread0" daemon [_thread_blocked, id=34380, stack(0x000000dea0b00000,0x000000dea0c00000)]
  0x000001f37b72c800 JavaThread "Sweeper thread" daemon [_thread_blocked, id=45400, stack(0x000000dea0c00000,0x000000dea0d00000)]
  0x000001f37b865000 JavaThread "Common-Cleaner" daemon [_thread_blocked, id=45944, stack(0x000000dea0e00000,0x000000dea0f00000)]
  0x000001f37bd3a000 JavaThread "pool-1-thread-1" [_thread_blocked, id=23352, stack(0x000000de9fc00000,0x000000de9fd00000)]

Other Threads:
  0x000001f37b538000 VMThread "VM Thread" [stack: 0x000000dea0400000,0x000000dea0500000] [id=30820]
  0x000001f37b863800 WatcherThread [stack: 0x000000dea0d00000,0x000000dea0e00000] [id=23840]
  0x000001f370774000 GCTaskThread "GC Thread#0" [stack: 0x000000de9ff00000,0x000000dea0000000] [id=29736]
  0x000001f37c62a800 GCTaskThread "GC Thread#1" [stack: 0x000000de9fb00000,0x000000de9fc00000] [id=19640]
  0x000001f37baa4800 GCTaskThread "GC Thread#2" [stack: 0x000000de9fd00000,0x000000de9fe00000] [id=32180]
  0x000001f37bbb6800 GCTaskThread "GC Thread#3" [stack: 0x000000dea0f00000,0x000000dea1000000] [id=23876]
  0x000001f37077d000 ConcurrentGCThread "G1 Main Marker" [stack: 0x000000dea0000000,0x000000dea0100000] [id=24604]
  0x000001f37077f800 ConcurrentGCThread "G1 Conc#0" [stack: 0x000000dea0100000,0x000000dea0200000] [id=37968]
  0x000001f3707e3800 ConcurrentGCThread "G1 Refine#0" [stack: 0x000000dea0200000,0x000000dea0300000] [id=37972]
  0x000001f3707e5000 ConcurrentGCThread "G1 Young RemSet Sampling" [stack: 0x000000dea0300000,0x000000dea0400000] [id=37976]

Threads with active compile tasks:

VM state:not at safepoint (normal execution)

VM Mutex/Monitor currently owned by a thread: None

Heap address: 0x00000000fc000000, size: 64 MB, Compressed Oops mode: 32-bit
Narrow klass base: 0x0000000000000000, Narrow klass shift: 3
Compressed class space size: 1073741824 Address: 0x0000000100000000

Heap:
 garbage-first heap   total 65536K, used 10366K [0x00000000fc000000, 0x0000000100000000)
  region size 1024K, 2 young (2048K), 1 survivors (1024K)
 Metaspace       used 13553K, capacity 13858K, committed 14080K, reserved 1060864K
  class space    used 1565K, capacity 1669K, committed 1792K, reserved 1048576K
Heap Regions: E=young(eden), S=young(survivor), O=old, HS=humongous(starts), HC=humongous(continues), CS=collection set, F=free, A=archive, TAMS=top-at-mark-start (previous, next)
|   0|0x00000000fc000000, 0x00000000fc100000, 0x00000000fc100000|100%| O|  |TAMS 0x00000000fc000000, 0x00000000fc000000| Untracked 
|   1|0x00000000fc100000, 0x00000000fc200000, 0x00000000fc200000|100%| O|  |TAMS 0x00000000fc100000, 0x00000000fc100000| Untracked 
|   2|0x00000000fc200000, 0x00000000fc261c00, 0x00000000fc300000| 38%| O|  |TAMS 0x00000000fc200000, 0x00000000fc200000| Untracked 
|   3|0x00000000fc300000, 0x00000000fc400000, 0x00000000fc400000|100%|HS|  |TAMS 0x00000000fc300000, 0x00000000fc300000| Complete 
|   4|0x00000000fc400000, 0x00000000fc500000, 0x00000000fc500000|100%|HC|  |TAMS 0x00000000fc400000, 0x00000000fc400000| Complete 
|   5|0x00000000fc500000, 0x00000000fc600000, 0x00000000fc600000|100%|HC|  |TAMS 0x00000000fc500000, 0x00000000fc500000| Complete 
|   6|0x00000000fc600000, 0x00000000fc700000, 0x00000000fc700000|100%| O|  |TAMS 0x00000000fc600000, 0x00000000fc600000| Untracked 
|   7|0x00000000fc700000, 0x00000000fc800000, 0x00000000fc800000|100%| O|  |TAMS 0x00000000fc700000, 0x00000000fc700000| Untracked 
|   8|0x00000000fc800000, 0x00000000fc900000, 0x00000000fc900000|100%| O|  |TAMS 0x00000000fc800000, 0x00000000fc800000| Untracked 
|   9|0x00000000fc900000, 0x00000000fca00000, 0x00000000fca00000|100%| O|  |TAMS 0x00000000fc900000, 0x00000000fc900000| Untracked 
|  10|0x00000000fca00000, 0x00000000fca00000, 0x00000000fcb00000|  0%| F|  |TAMS 0x00000000fca00000, 0x00000000fca00000| Untracked 
|  11|0x00000000fcb00000, 0x00000000fcb00000, 0x00000000fcc00000|  0%| F|  |TAMS 0x00000000fcb00000, 0x00000000fcb00000| Untracked 
|  12|0x00000000fcc00000, 0x00000000fcc00000, 0x00000000fcd00000|  0%| F|  |TAMS 0x00000000fcc00000, 0x00000000fcc00000| Untracked 
|  13|0x00000000fcd00000, 0x00000000fcd00000, 0x00000000fce00000|  0%| F|  |TAMS 0x00000000fcd00000, 0x00000000fcd00000| Untracked 
|  14|0x00000000fce00000, 0x00000000fce00000, 0x00000000fcf00000|  0%| F|  |TAMS 0x00000000fce00000, 0x00000000fce00000| Untracked 
|  15|0x00000000fcf00000, 0x00000000fcf00000, 0x00000000fd000000|  0%| F|  |TAMS 0x00000000fcf00000, 0x00000000fcf00000| Untracked 
|  16|0x00000000fd000000, 0x00000000fd000000, 0x00000000fd100000|  0%| F|  |TAMS 0x00000000fd000000, 0x00000000fd000000| Untracked 
|  17|0x00000000fd100000, 0x00000000fd100000, 0x00000000fd200000|  0%| F|  |TAMS 0x00000000fd100000, 0x00000000fd100000| Untracked 
|  18|0x00000000fd200000, 0x00000000fd200000, 0x00000000fd300000|  0%| F|  |TAMS 0x00000000fd200000, 0x00000000fd200000| Untracked 
|  19|0x00000000fd300000, 0x00000000fd300000, 0x00000000fd400000|  0%| F|  |TAMS 0x00000000fd300000, 0x00000000fd300000| Untracked 
|  20|0x00000000fd400000, 0x00000000fd400000, 0x00000000fd500000|  0%| F|  |TAMS 0x00000000fd400000, 0x00000000fd400000| Untracked 
|  21|0x00000000fd500000, 0x00000000fd500000, 0x00000000fd600000|  0%| F|  |TAMS 0x00000000fd500000, 0x00000000fd500000| Untracked 
|  22|0x00000000fd600000, 0x00000000fd600000, 0x00000000fd700000|  0%| F|  |TAMS 0x00000000fd600000, 0x00000000fd600000| Untracked 
|  23|0x00000000fd700000, 0x00000000fd700000, 0x00000000fd800000|  0%| F|  |TAMS 0x00000000fd700000, 0x00000000fd700000| Untracked 
|  24|0x00000000fd800000, 0x00000000fd800000, 0x00000000fd900000|  0%| F|  |TAMS 0x00000000fd800000, 0x00000000fd800000| Untracked 
|  25|0x00000000fd900000, 0x00000000fd900000, 0x00000000fda00000|  0%| F|  |TAMS 0x00000000fd900000, 0x00000000fd900000| Untracked 
|  26|0x00000000fda00000, 0x00000000fda00000, 0x00000000fdb00000|  0%| F|  |TAMS 0x00000000fda00000, 0x00000000fda00000| Untracked 
|  27|0x00000000fdb00000, 0x00000000fdb00000, 0x00000000fdc00000|  0%| F|  |TAMS 0x00000000fdb00000, 0x00000000fdb00000| Untracked 
|  28|0x00000000fdc00000, 0x00000000fdc00000, 0x00000000fdd00000|  0%| F|  |TAMS 0x00000000fdc00000, 0x00000000fdc00000| Untracked 
|  29|0x00000000fdd00000, 0x00000000fdd00000, 0x00000000fde00000|  0%| F|  |TAMS 0x00000000fdd00000, 0x00000000fdd00000| Untracked 
|  30|0x00000000fde00000, 0x00000000fde00000, 0x00000000fdf00000|  0%| F|  |TAMS 0x00000000fde00000, 0x00000000fde00000| Untracked 
|  31|0x00000000fdf00000, 0x00000000fdf00000, 0x00000000fe000000|  0%| F|  |TAMS 0x00000000fdf00000, 0x00000000fdf00000| Untracked 
|  32|0x00000000fe000000, 0x00000000fe000000, 0x00000000fe100000|  0%| F|  |TAMS 0x00000000fe000000, 0x00000000fe000000| Untracked 
|  33|0x00000000fe100000, 0x00000000fe100000, 0x00000000fe200000|  0%| F|  |TAMS 0x00000000fe100000, 0x00000000fe100000| Untracked 
|  34|0x00000000fe200000, 0x00000000fe200000, 0x00000000fe300000|  0%| F|  |TAMS 0x00000000fe200000, 0x00000000fe200000| Untracked 
|  35|0x00000000fe300000, 0x00000000fe300000, 0x00000000fe400000|  0%| F|  |TAMS 0x00000000fe300000, 0x00000000fe300000| Untracked 
|  36|0x00000000fe400000, 0x00000000fe400000, 0x00000000fe500000|  0%| F|  |TAMS 0x00000000fe400000, 0x00000000fe400000| Untracked 
|  37|0x00000000fe500000, 0x00000000fe500000, 0x00000000fe600000|  0%| F|  |TAMS 0x00000000fe500000, 0x00000000fe500000| Untracked 
|  38|0x00000000fe600000, 0x00000000fe600000, 0x00000000fe700000|  0%| F|  |TAMS 0x00000000fe600000, 0x00000000fe600000| Untracked 
|  39|0x00000000fe700000, 0x00000000fe700000, 0x00000000fe800000|  0%| F|  |TAMS 0x00000000fe700000, 0x00000000fe700000| Untracked 
|  40|0x00000000fe800000, 0x00000000fe800000, 0x00000000fe900000|  0%| F|  |TAMS 0x00000000fe800000, 0x00000000fe800000| Untracked 
|  41|0x00000000fe900000, 0x00000000fe900000, 0x00000000fea00000|  0%| F|  |TAMS 0x00000000fe900000, 0x00000000fe900000| Untracked 
|  42|0x00000000fea00000, 0x00000000fea00000, 0x00000000feb00000|  0%| F|  |TAMS 0x00000000fea00000, 0x00000000fea00000| Untracked 
|  43|0x00000000feb00000, 0x00000000feb00000, 0x00000000fec00000|  0%| F|  |TAMS 0x00000000feb00000, 0x00000000feb00000| Untracked 
|  44|0x00000000fec00000, 0x00000000fec00000, 0x00000000fed00000|  0%| F|  |TAMS 0x00000000fec00000, 0x00000000fec00000| Untracked 
|  45|0x00000000fed00000, 0x00000000fed00000, 0x00000000fee00000|  0%| F|  |TAMS 0x00000000fed00000, 0x00000000fed00000| Untracked 
|  46|0x00000000fee00000, 0x00000000fee00000, 0x00000000fef00000|  0%| F|  |TAMS 0x00000000fee00000, 0x00000000fee00000| Untracked 
|  47|0x00000000fef00000, 0x00000000fef00000, 0x00000000ff000000|  0%| F|  |TAMS 0x00000000fef00000, 0x00000000fef00000| Untracked 
|  48|0x00000000ff000000, 0x00000000ff000000, 0x00000000ff100000|  0%| F|  |TAMS 0x00000000ff000000, 0x00000000ff000000| Untracked 
|  49|0x00000000ff100000, 0x00000000ff100000, 0x00000000ff200000|  0%| F|  |TAMS 0x00000000ff100000, 0x00000000ff100000| Untracked 
|  50|0x00000000ff200000, 0x00000000ff200000, 0x00000000ff300000|  0%| F|  |TAMS 0x00000000ff200000, 0x00000000ff200000| Untracked 
|  51|0x00000000ff300000, 0x00000000ff300000, 0x00000000ff400000|  0%| F|  |TAMS 0x00000000ff300000, 0x00000000ff300000| Untracked 
|  52|0x00000000ff400000, 0x00000000ff400000, 0x00000000ff500000|  0%| F|  |TAMS 0x00000000ff400000, 0x00000000ff400000| Untracked 
|  53|0x00000000ff500000, 0x00000000ff500000, 0x00000000ff600000|  0%| F|  |TAMS 0x00000000ff500000, 0x00000000ff500000| Untracked 
|  54|0x00000000ff600000, 0x00000000ff600000, 0x00000000ff700000|  0%| F|  |TAMS 0x00000000ff600000, 0x00000000ff600000| Untracked 
|  55|0x00000000ff700000, 0x00000000ff7bdcf0, 0x00000000ff800000| 74%| S|CS|TAMS 0x00000000ff700000, 0x00000000ff700000| Complete 
|  56|0x00000000ff800000, 0x00000000ff800000, 0x00000000ff900000|  0%| F|  |TAMS 0x00000000ff800000, 0x00000000ff800000| Untracked 
|  57|0x00000000ff900000, 0x00000000ff900000, 0x00000000ffa00000|  0%| F|  |TAMS 0x00000000ff900000, 0x00000000ff900000| Untracked 
|  58|0x00000000ffa00000, 0x00000000ffa00000, 0x00000000ffb00000|  0%| F|  |TAMS 0x00000000ffa00000, 0x00000000ffa00000| Untracked 
|  59|0x00000000ffb00000, 0x00000000ffb00000, 0x00000000ffc00000|  0%| F|  |TAMS 0x00000000ffb00000, 0x00000000ffb00000| Untracked 
|  60|0x00000000ffc00000, 0x00000000ffc00000, 0x00000000ffd00000|  0%| F|  |TAMS 0x00000000ffc00000, 0x00000000ffc00000| Untracked 
|  61|0x00000000ffd00000, 0x00000000ffd00000, 0x00000000ffe00000|  0%| F|  |TAMS 0x00000000ffd00000, 0x00000000ffd00000| Untracked 
|  62|0x00000000ffe00000, 0x00000000ffe00000, 0x00000000fff00000|  0%| F|  |TAMS 0x00000000ffe00000, 0x00000000ffe00000| Untracked 
|  63|0x00000000fff00000, 0x00000000fffa5bd0, 0x0000000100000000| 64%| E|  |TAMS 0x00000000fff00000, 0x00000000fff00000| Complete 

Card table byte_map: [0x000001f36e6f0000,0x000001f36e710000] _byte_map_base: 0x000001f36df10000

Marking Bits (Prev, Next): (CMBitMap*) 0x000001f37077be68, (CMBitMap*) 0x000001f37077bea0
 Prev Bits: [0x000001f378170000, 0x000001f378270000)
 Next Bits: [0x000001f378270000, 0x000001f378370000)

Polling page: 0x000001f36e6a0000

Metaspace:

Usage:
  Non-class:     11.90 MB capacity,    11.71 MB ( 98%) used,   182.84 KB (  2%) free+waste,    18.56 KB ( <1%) overhead. 
      Class:      1.63 MB capacity,     1.53 MB ( 94%) used,    93.84 KB (  6%) free+waste,     9.56 KB ( <1%) overhead. 
       Both:     13.53 MB capacity,    13.24 MB ( 98%) used,   276.68 KB (  2%) free+waste,    28.12 KB ( <1%) overhead. 

Virtual space:
  Non-class space:       12.00 MB reserved,      12.00 MB (100%) committed 
      Class space:        1.00 GB reserved,       1.75 MB ( <1%) committed 
             Both:        1.01 GB reserved,      13.75 MB (  1%) committed 

Chunk freelists:
   Non-Class:  4.38 KB
       Class:  0 bytes
        Both:  4.38 KB

CodeHeap 'non-profiled nmethods': size=120000Kb used=435Kb max_used=435Kb free=119564Kb
 bounds [0x000001f307ad0000, 0x000001f307d40000, 0x000001f30f000000]
CodeHeap 'profiled nmethods': size=120000Kb used=2169Kb max_used=2169Kb free=117830Kb
 bounds [0x000001f3005a0000, 0x000001f300810000, 0x000001f307ad0000]
CodeHeap 'non-nmethods': size=5760Kb used=1086Kb max_used=1101Kb free=4673Kb
 bounds [0x000001f300000000, 0x000001f300270000, 0x000001f3005a0000]
 total_blobs=1550 nmethods=1152 adapters=310
 compilation: enabled
              stopped_count=0, restarted_count=0
 full_count=0

Compilation events (10 events):
Event: 114.793 Thread 0x000001f37b57a800 1145       3       java.util.concurrent.locks.ReentrantLock$NonfairSync::tryAcquire (6 bytes)
Event: 114.793 Thread 0x000001f37b57a800 nmethod 1145 0x000001f3007bb110 code [0x000001f3007bb2c0, 0x000001f3007bb3e8]
Event: 114.793 Thread 0x000001f37b57a800 1146       3       java.util.concurrent.locks.ReentrantLock$Sync::nonfairTryAcquire (67 bytes)
Event: 114.795 Thread 0x000001f37b57a800 nmethod 1146 0x000001f3007bb490 code [0x000001f3007bb6c0, 0x000001f3007bbf48]
Event: 114.798 Thread 0x000001f37b5d2000 1148       4       java.lang.ThreadLocal::getMap (5 bytes)
Event: 114.798 Thread 0x000001f37b57a800 1149       1       java.nio.charset.Charset::name (5 bytes)
Event: 114.798 Thread 0x000001f37b57a800 nmethod 1149 0x000001f307b3c890 code [0x000001f307b3ca20, 0x000001f307b3cad8]
Event: 114.798 Thread 0x000001f37b57a800 1150       3       java.lang.Integer::reverseBytes (26 bytes)
Event: 114.798 Thread 0x000001f37b57a800 nmethod 1150 0x000001f3007bc290 code [0x000001f3007bc420, 0x000001f3007bc538]
Event: 114.848 Thread 0x000001f37b5d2000 nmethod 1148 0x000001f307b3cb90 code [0x000001f307b3cd00, 0x000001f307b3cd78]

GC Heap History (6 events):
Event: 104.188 GC heap before
{Heap before GC invocations=0 (full 0):
 garbage-first heap   total 65536K, used 29696K [0x00000000fc000000, 0x0000000100000000)
  region size 1024K, 24 young (24576K), 0 survivors (0K)
 Metaspace       used 10213K, capacity 10482K, committed 10624K, reserved 1058816K
  class space    used 1047K, capacity 1131K, committed 1152K, reserved 1048576K
}
Event: 104.656 GC heap after
{Heap after GC invocations=1 (full 0):
 garbage-first heap   total 65536K, used 9319K [0x00000000fc000000, 0x0000000100000000)
  region size 1024K, 3 young (3072K), 3 survivors (3072K)
 Metaspace       used 10213K, capacity 10482K, committed 10624K, reserved 1058816K
  class space    used 1047K, capacity 1131K, committed 1152K, reserved 1048576K
}
Event: 111.106 GC heap before
{Heap before GC invocations=1 (full 0):
 garbage-first heap   total 65536K, used 16487K [0x00000000fc000000, 0x0000000100000000)
  region size 1024K, 10 young (10240K), 3 survivors (3072K)
 Metaspace       used 11489K, capacity 11754K, committed 11904K, reserved 1060864K
  class space    used 1268K, capacity 1346K, committed 1408K, reserved 1048576K
}
Event: 111.508 GC heap after
{Heap after GC invocations=2 (full 0):
 garbage-first heap   total 65536K, used 10024K [0x00000000fc000000, 0x0000000100000000)
  region size 1024K, 1 young (1024K), 1 survivors (1024K)
 Metaspace       used 11489K, capacity 11754K, committed 11904K, reserved 1060864K
  class space    used 1268K, capacity 1346K, committed 1408K, reserved 1048576K
}
Event: 113.915 GC heap before
{Heap before GC invocations=2 (full 0):
 garbage-first heap   total 65536K, used 17192K [0x00000000fc000000, 0x0000000100000000)
  region size 1024K, 8 young (8192K), 1 survivors (1024K)
 Metaspace       used 13236K, capacity 13529K, committed 13696K, reserved 1060864K
  class space    used 1527K, capacity 1664K, committed 1664K, reserved 1048576K
}
Event: 114.029 GC heap after
{Heap after GC invocations=3 (full 0):
 garbage-first heap   total 65536K, used 10366K [0x00000000fc000000, 0x0000000100000000)
  region size 1024K, 1 young (1024K), 1 survivors (1024K)
 Metaspace       used 13236K, capacity 13529K, committed 13696K, reserved 1060864K
  class space    used 1527K, capacity 1664K, committed 1664K, reserved 1048576K
}

Deoptimization events (10 events):
Event: 94.946 Thread 0x000001f36e66b000 Uncommon trap: reason=bimorphic_or_optimized_type_check action=maybe_recompile pc=0x000001f307b00a3c method=java.util.HashMap.putVal(ILjava/lang/Object;Ljava/lang/Object;ZZ)Ljava/lang/Object; @ 91 c2
Event: 94.948 Thread 0x000001f36e66b000 Uncommon trap: reason=bimorphic_or_optimized_type_check action=maybe_recompile pc=0x000001f307b00a3c method=java.util.HashMap.putVal(ILjava/lang/Object;Ljava/lang/Object;ZZ)Ljava/lang/Object; @ 91 c2
Event: 100.595 Thread 0x000001f36e66b000 Uncommon trap: reason=unstable_if action=reinterpret pc=0x000001f307b0df80 method=java.io.WinNTFileSystem.normalize(Ljava/lang/String;)Ljava/lang/String; @ 40 c2
Event: 102.638 Thread 0x000001f36e66b000 Uncommon trap: reason=unstable_if action=reinterpret pc=0x000001f307aec068 method=java.util.regex.Matcher.reset()Ljava/util/regex/Matcher; @ 47 c2
Event: 102.639 Thread 0x000001f36e66b000 Uncommon trap: reason=class_check action=maybe_recompile pc=0x000001f307aec760 method=java.util.regex.Matcher.match(II)Z @ 121 c2
Event: 102.639 Thread 0x000001f36e66b000 Uncommon trap: reason=class_check action=maybe_recompile pc=0x000001f307aec760 method=java.util.regex.Matcher.match(II)Z @ 121 c2
Event: 102.756 Thread 0x000001f36e66b000 Uncommon trap: reason=class_check action=maybe_recompile pc=0x000001f307aec760 method=java.util.regex.Matcher.match(II)Z @ 121 c2
Event: 102.756 Thread 0x000001f36e66b000 Uncommon trap: reason=class_check action=maybe_recompile pc=0x000001f307aec760 method=java.util.regex.Matcher.match(II)Z @ 121 c2
Event: 103.428 Thread 0x000001f36e66b000 Uncommon trap: reason=unstable_if action=reinterpret pc=0x000001f307b100b4 method=java.util.HashMap.hash(Ljava/lang/Object;)I @ 1 c2
Event: 113.892 Thread 0x000001f36e66b000 Uncommon trap: reason=unstable_if action=reinterpret pc=0x000001f307b280c0 method=java.util.HashMap.getNode(ILjava/lang/Object;)Ljava/util/HashMap$Node; @ 129 c2

Classes redefined (0 events):
No events

Internal exceptions (10 events):
Event: 5.862 Thread 0x000001f36e66b000 Exception <a 'java/lang/NoSuchMethodError'{0x00000000ffb4c7b0}: java.lang.invoke.DirectMethodHandle$Holder.invokeSpecial(Ljava/lang/Object;Ljava/lang/Object;Ljava/lang/Object;Ljava/lang/Object;)I> (0x00000000ffb4c7b0) thrown at [./open/src/hotspot/share/i
Event: 5.910 Thread 0x000001f36e66b000 Exception <a 'java/lang/NoSuchMethodError'{0x00000000ffb86130}: java.lang.invoke.DirectMethodHandle$Holder.invokeSpecialIFC(Ljava/lang/Object;Ljava/lang/Object;I)I> (0x00000000ffb86130) thrown at [./open/src/hotspot/share/interpreter/linkResolver.cpp, lin
Event: 103.413 Thread 0x000001f36e66b000 Implicit null exception at 0x000001f307b0fed5 to 0x000001f307b100a4
Event: 104.152 Thread 0x000001f36e66b000 Exception <a 'java/lang/NoClassDefFoundError'{0x00000000fe87d7e8}: org/slf4j/impl/StaticMarkerBinder> (0x00000000fe87d7e8) thrown at [./open/src/hotspot/share/classfile/systemDictionary.cpp, line 215]
Event: 104.694 Thread 0x000001f36e66b000 Exception <a 'java/lang/NoSuchMethodError'{0x00000000fff8e308}: java.lang.invoke.DirectMethodHandle$Holder.invokeVirtual(Ljava/lang/Object;Ljava/lang/Object;Ljava/lang/Object;Ljava/lang/Object;Ljava/lang/Object;Ljava/lang/Object;Ljava/lang/Object;)Ljava/l
Event: 104.706 Thread 0x000001f36e66b000 Exception <a 'java/lang/NoSuchMethodError'{0x00000000fffa2468}: java.lang.invoke.Invokers$Holder.invoker(Ljava/lang/Object;Ljava/lang/Object;Ljava/lang/Object;)Ljava/lang/Object;> (0x00000000fffa2468) thrown at [./open/src/hotspot/share/interpreter/linkRe
Event: 104.720 Thread 0x000001f36e66b000 Exception <a 'java/lang/NoSuchMethodError'{0x00000000fffb3470}: java.lang.invoke.DelegatingMethodHandle$Holder.delegate(Ljava/lang/Object;Ljava/lang/Object;ILjava/lang/Object;)V> (0x00000000fffb3470) thrown at [./open/src/hotspot/share/interpreter/linkRes
Event: 110.917 Thread 0x000001f36e66b000 Exception <a 'java/lang/NoSuchMethodError'{0x00000000ff9b7560}: java.lang.invoke.DirectMethodHandle$Holder.invokeInterface(Ljava/lang/Object;Ljava/lang/Object;Ljava/lang/Object;)Ljava/lang/Object;> (0x00000000ff9b7560) thrown at [./open/src/hotspot/share/
Event: 112.835 Thread 0x000001f36e66b000 Exception <a 'java/lang/NoSuchMethodError'{0x00000000ffd7a048}: java.lang.invoke.DirectMethodHandle$Holder.invokeStaticInit(Ljava/lang/Object;Ljava/lang/Object;Ljava/lang/Object;)Ljava/lang/Object;> (0x00000000ffd7a048) thrown at [./open/src/hotspot/share
Event: 114.313 Thread 0x000001f36e66b000 Exception <a 'java/lang/NoSuchMethodError'{0x00000000fff756b0}: java.lang.invoke.DirectMethodHandle$Holder.invokeStaticInit(Ljava/lang/Object;IIII)Ljava/lang/Object;> (0x00000000fff756b0) thrown at [./open/src/hotspot/share/interpreter/linkResolver.cpp, l

Events (10 events):
Event: 114.941 loading class java/net/InetAddress$NameService done
Event: 114.941 loading class java/net/InetAddress$PlatformNameService done
Event: 114.941 loading class java/net/Inet4Address
Event: 114.941 loading class java/net/Inet4Address done
Event: 114.941 loading class java/net/Inet6Address
Event: 114.942 loading class java/net/Inet6Address done
Event: 114.942 loading class java/net/Inet6Address$Inet6AddressHolder
Event: 114.943 loading class java/net/Inet6Address$Inet6AddressHolder done
Event: 114.943 loading class java/net/DefaultInterface
Event: 114.943 loading class java/net/DefaultInterface done


Dynamic libraries:
0x00007ff749650000 - 0x00007ff749660000 	D:\Program Files\Java\bin\java.exe
0x00007ffda7f30000 - 0x00007ffda8128000 	C:\Windows\SYSTEM32\ntdll.dll
0x00007ffda7b20000 - 0x00007ffda7bdf000 	C:\Windows\System32\KERNEL32.DLL
0x00007ffda5680000 - 0x00007ffda5976000 	C:\Windows\System32\KERNELBASE.dll
0x00007ffda5a20000 - 0x00007ffda5b20000 	C:\Windows\System32\ucrtbase.dll
0x00007ffd90750000 - 0x00007ffd90769000 	D:\Program Files\Java\bin\jli.dll
0x00007ffd85a20000 - 0x00007ffd85a3b000 	D:\Program Files\Java\bin\VCRUNTIME140.dll
0x00007ffda62b0000 - 0x00007ffda635f000 	C:\Windows\System32\ADVAPI32.dll
0x00007ffda6500000 - 0x00007ffda659e000 	C:\Windows\System32\msvcrt.dll
0x00007ffda6c10000 - 0x00007ffda6cac000 	C:\Windows\System32\sechost.dll
0x00007ffda5ff0000 - 0x00007ffda6116000 	C:\Windows\System32\RPCRT4.dll
0x00007ffda7d50000 - 0x00007ffda7eed000 	C:\Windows\System32\USER32.dll
0x00007ffda5f60000 - 0x00007ffda5f82000 	C:\Windows\System32\win32u.dll
0x00007ffda61f0000 - 0x00007ffda621c000 	C:\Windows\System32\GDI32.dll
0x00007ffda5b20000 - 0x00007ffda5c35000 	C:\Windows\System32\gdi32full.dll
0x00007ffda5980000 - 0x00007ffda5a1d000 	C:\Windows\System32\msvcp_win.dll
0x00007ffd98f80000 - 0x00007ffd9921a000 	C:\Windows\WinSxS\amd64_microsoft.windows.common-controls_6595b64144ccf1df_6.0.19041.1110_none_60b5254171f9507e\COMCTL32.dll
0x00007ffd9cf10000 - 0x00007ffd9cf1a000 	C:\Windows\SYSTEM32\VERSION.dll
0x00007ffda7af0000 - 0x00007ffda7b20000 	C:\Windows\System32\IMM32.DLL
0x00007ffd9f630000 - 0x00007ffd9f63c000 	D:\Program Files\Java\bin\vcruntime140_1.dll
0x00007ffd803c0000 - 0x00007ffd8044e000 	D:\Program Files\Java\bin\msvcp140.dll
0x00007ffd52ab0000 - 0x00007ffd5361c000 	D:\Program Files\Java\bin\server\jvm.dll
0x00007ffda61e0000 - 0x00007ffda61e8000 	C:\Windows\System32\PSAPI.DLL
0x00007ffd946c0000 - 0x00007ffd946c9000 	C:\Windows\SYSTEM32\WSOCK32.dll
0x00007ffda6490000 - 0x00007ffda64fb000 	C:\Windows\System32\WS2_32.dll
0x00007ffd98bf0000 - 0x00007ffd98c17000 	C:\Windows\SYSTEM32\WINMM.dll
0x00007ffda34d0000 - 0x00007ffda34e2000 	C:\Windows\SYSTEM32\kernel.appcore.dll
0x00007ffd8ea80000 - 0x00007ffd8ea90000 	D:\Program Files\Java\bin\verify.dll
0x00007ffd924b0000 - 0x00007ffd92694000 	C:\Windows\SYSTEM32\DBGHELP.DLL
0x00007ffd92400000 - 0x00007ffd92434000 	C:\Windows\SYSTEM32\dbgcore.DLL
0x00007ffda5c40000 - 0x00007ffda5cc2000 	C:\Windows\System32\bcryptPrimitives.dll
0x00007ffd809d0000 - 0x00007ffd809f8000 	D:\Program Files\Java\bin\java.dll
0x00007ffd8e490000 - 0x00007ffd8e49a000 	D:\Program Files\Java\bin\jimage.dll
0x00007ffd809b0000 - 0x00007ffd809c7000 	D:\Program Files\Java\bin\zip.dll
0x00007ffda6f10000 - 0x00007ffda7654000 	C:\Windows\System32\SHELL32.dll
0x00007ffda36d0000 - 0x00007ffda3e63000 	C:\Windows\SYSTEM32\windows.storage.dll
0x00007ffda6770000 - 0x00007ffda6ac4000 	C:\Windows\System32\combase.dll
0x00007ffda5070000 - 0x00007ffda509e000 	C:\Windows\SYSTEM32\Wldp.dll
0x00007ffda65a0000 - 0x00007ffda664d000 	C:\Windows\System32\SHCORE.dll
0x00007ffda6180000 - 0x00007ffda61d5000 	C:\Windows\System32\shlwapi.dll
0x00007ffda5550000 - 0x00007ffda556f000 	C:\Windows\SYSTEM32\profapi.dll
0x00007ffd80850000 - 0x00007ffd80869000 	D:\Program Files\Java\bin\net.dll
0x00007ffd9d120000 - 0x00007ffd9d22a000 	C:\Windows\SYSTEM32\WINHTTP.dll
0x00007ffda4dd0000 - 0x00007ffda4e3a000 	C:\Windows\system32\mswsock.dll
0x00007ffd80830000 - 0x00007ffd80842000 	D:\Program Files\Java\bin\nio.dll
0x00007ffd8fa20000 - 0x00007ffd8fa47000 	C:\Users\sony\.gradle\native\e1d6ef7f7dcc3fd88c89a11ec53ec762bb8ba0a96d01ffa2cd45eb1d1d8dd5c5\windows-amd64\native-platform.dll
0x00007ffd87a60000 - 0x00007ffd87a69000 	D:\Program Files\Java\bin\management.dll
0x00007ffd85db0000 - 0x00007ffd85dbb000 	D:\Program Files\Java\bin\management_ext.dll
0x00007ffda4fc0000 - 0x00007ffda4fd8000 	C:\Windows\SYSTEM32\CRYPTSP.dll
0x00007ffda4680000 - 0x00007ffda46b4000 	C:\Windows\system32\rsaenh.dll
0x00007ffda5cd0000 - 0x00007ffda5cf7000 	C:\Windows\System32\bcrypt.dll
0x00007ffda5510000 - 0x00007ffda553e000 	C:\Windows\SYSTEM32\USERENV.dll
0x00007ffda4fe0000 - 0x00007ffda4fec000 	C:\Windows\SYSTEM32\CRYPTBASE.dll

dbghelp: loaded successfully - version: 4.0.5 - missing functions: none
symbol engine: initialized successfully - sym options: 0x614 - pdb path: .;D:\Program Files\Java\bin;C:\Windows\SYSTEM32;C:\Windows\WinSxS\amd64_microsoft.windows.common-controls_6595b64144ccf1df_6.0.19041.1110_none_60b5254171f9507e;D:\Program Files\Java\bin\server;C:\Users\sony\.gradle\native\e1d6ef7f7dcc3fd88c89a11ec53ec762bb8ba0a96d01ffa2cd45eb1d1d8dd5c5\windows-amd64

VM Arguments:
jvm_args: -Xmx64m -Xms64m -Dorg.gradle.appname=gradlew 
java_command: org.gradle.wrapper.GradleWrapperMain app:installDebug -PreactNativeDevServerPort=8081
java_class_path (initial): D:\\LoginApp\\dtrgApp2\\Dtrg\\android\\\\gradle\\wrapper\\gradle-wrapper.jar
Launcher Type: SUN_STANDARD

[Global flags]
     intx CICompilerCount                          = 4                                         {product} {ergonomic}
     uint ConcGCThreads                            = 2                                         {product} {ergonomic}
     uint G1ConcRefinementThreads                  = 8                                         {product} {ergonomic}
   size_t G1HeapRegionSize                         = 1048576                                   {product} {ergonomic}
    uintx GCDrainStackTargetSize                   = 64                                        {product} {ergonomic}
   size_t InitialHeapSize                          = 67108864                                  {product} {command line}
   size_t MarkStackSize                            = 4194304                                   {product} {ergonomic}
   size_t MaxHeapSize                              = 67108864                                  {product} {command line}
   size_t MaxNewSize                               = 39845888                                  {product} {ergonomic}
   size_t MinHeapDeltaBytes                        = 1048576                                   {product} {ergonomic}
    uintx NonNMethodCodeHeapSize                   = 5836300                                {pd product} {ergonomic}
    uintx NonProfiledCodeHeapSize                  = 122910970                              {pd product} {ergonomic}
    uintx ProfiledCodeHeapSize                     = 122910970                              {pd product} {ergonomic}
    uintx ReservedCodeCacheSize                    = 251658240                              {pd product} {ergonomic}
     bool SegmentedCodeCache                       = true                                      {product} {ergonomic}
     bool UseCompressedClassPointers               = true                                 {lp64_product} {ergonomic}
     bool UseCompressedOops                        = true                                 {lp64_product} {ergonomic}
     bool UseG1GC                                  = true                                      {product} {ergonomic}
     bool UseLargePagesIndividualAllocation        = false                                  {pd product} {ergonomic}

Logging:
Log output configuration:
 #0: stdout all=warning uptime,level,tags
 #1: stderr all=off uptime,level,tags

Environment Variables:
CLASSPATH=D:\LoginApp\dtrgApp2\Dtrg\android\\gradle\wrapper\gradle-wrapper.jar
PATH=D:\LoginApp\dtrgApp2\Dtrg\android\node_modules\.bin;D:\LoginApp\dtrgApp2\Dtrg\node_modules\.bin;D:\LoginApp\dtrgApp2\node_modules\.bin;D:\LoginApp\node_modules\.bin;D:\node_modules\.bin;C:\Program Files\nodejs;D:\LoginApp\dtrgApp2\Dtrg\node_modules\.bin;D:\LoginApp\dtrgApp2\Dtrg\node_modules\.bin;D:\LoginApp\dtrgApp2\node_modules\.bin;D:\LoginApp\node_modules\.bin;D:\node_modules\.bin;C:\Users\sony\AppData\Roaming\npm\node_modules\npm\node_modules\@npmcli\run-script\lib\node-gyp-bin;D:\LoginApp\dtrgApp2\Dtrg\node_modules\.bin;D:\LoginApp\dtrgApp2\node_modules\.bin;D:\LoginApp\node_modules\.bin;D:\node_modules\.bin;C:\Program Files\nodejs;D:\LoginApp\dtrgApp2\Dtrg\node_modules\.bin;D:\LoginApp\dtrgApp2\node_modules\.bin;D:\LoginApp\node_modules\.bin;D:\node_modules\.bin;C:\Users\sony\AppData\Roaming\npm\node_modules\npm\node_modules\@npmcli\run-script\lib\node-gyp-bin;C:\Program Files\Common Files\Oracle\Java\javapath;C:\Windows\system32;C:\Windows;C:\Windows\System32\Wbem;C:\Windows\System32\WindowsPowerShell\v1.0\;C:\Windows\System32\OpenSSH\;C:\Program Files\Microsoft SQL Server\150\Tools\Binn\;C:\Program Files\Microsoft SQL Server\Client SDK\ODBC\170\Tools\Binn\;C:\Program Files\dotnet\;C:\Program Files\TortoiseSVN\bin;C:\Program Files\nodejs\;C:\Users\sony\AppData\Local\Microsoft\WindowsApps;C:\Users\sony\AppData\Local\Programs\Microsoft VS Code\bin;C:\Users\sony\.dotnet\tools;C:\Users\sony\AppData\Local\Android\Sdk\platform-tools;C:\Users\sony\AppData\Roaming\npm
USERNAME=sony
OS=Windows_NT
PROCESSOR_IDENTIFIER=Intel64 Family 6 Model 42 Stepping 7, GenuineIntel



---------------  S Y S T E M  ---------------

OS: Windows 10 , 64 bit Build 19041 (10.0.19041.2913)

CPU:total 8 (initial active 8) (4 cores per cpu, 2 threads per core) family 6 model 42 stepping 7 microcode 0x2f, cmov, cx8, fxsr, mmx, sse, sse2, sse3, ssse3, sse4.1, sse4.2, popcnt, avx, aes, clmul, ht, tsc, tscinvbit

Memory: 4k page, system-wide physical 8173M (328M free)
TotalPageFile size 32749M (AvailPageFile size 1419M)
current process WorkingSet (physical memory assigned to process): 63M, peak: 66M
current process commit charge ("private bytes"): 157M, peak: 160M

vm_info: Java HotSpot(TM) 64-Bit Server VM (11.0.19+9-LTS-224) for windows-amd64 JRE (11.0.19+9-LTS-224), built on Mar 27 2023 08:48:55 by "mach5one" with MS VC++ 17.1 (VS2022)

END.
