#
# A fatal error has been detected by the Java Runtime Environment:
#
#  EXCEPTION_ACCESS_VIOLATION (0xc0000005) at pc=0x00007ffd8e491bcd, pid=39600, tid=42540
#
# JRE version:  (11.0.19+9) (build )
# Java VM: Java HotSpot(TM) 64-Bit Server VM (11.0.19+9-LTS-224, mixed mode, sharing, tiered, unknown gc, windows-amd64)
# Problematic frame:
# C  [jimage.dll+0x1bcd]
#
# No core dump will be written. Minidumps are not enabled by default on client versions of Windows
#
#

---------------  S U M M A R Y ------------

Command Line: 

Host: Intel(R) Core(TM) i7-2670QM CPU @ 2.20GHz, 8 cores, 7G,  Windows 10 , 64 bit Build 19041 (10.0.19041.2913)
Time: Thu May 18 16:27:15 2023 Nepal Standard Time elapsed time: 0.057486 seconds (0d 0h 0m 0s)

---------------  T H R E A D  ---------------

Current thread is native thread

Stack: [0x00000049e0b00000,0x00000049e0c00000],  sp=0x00000049e0bfd860,  free space=1014k
Native frames: (J=compiled Java code, j=interpreted, Vv=VM code, C=native code)
C  [jimage.dll+0x1bcd]


siginfo: EXCEPTION_ACCESS_VIOLATION (0xc0000005), reading address 0x000000000000cb5c


Registers:
RAX=0x00000000000032d0, RBX=0x00000049e0bfd951, RCX=0x00007ffd8e496000, RDX=0x00000000000032d0
RSP=0x00000049e0bfd860, RBP=0x00000049e0bfd950, RSI=0x00000000000074de, RDI=0x00000049e0bfd950
R8 =0x00007ffd8e494298, R9 =0x000000000000001c, R10=0x00007ffd85a20000, R11=0x00007ffd8e496000
R12=0x00000049e0bff7c0, R13=0x00000213ff314d30, R14=0x00000049e0bfe9c0, R15=0x00007ffd5333a060
RIP=0x00007ffd8e491bcd, EFLAGS=0x0000000000010246

Top of Stack: (sp=0x00000049e0bfd860)
0x00000049e0bfd860:   00000213ff300000 00000049e0bfd929
0x00000049e0bfd870:   0000000000000005 00007ffda7f5b3c7
0x00000049e0bfd880:   00000213ff327800 00007ffd8e491d5b
0x00000049e0bfd890:   000000000000000b 00000213ff327800
0x00000049e0bfd8a0:   0000000000000000 0000000000000000
0x00000049e0bfd8b0:   0000000200000000 0000000000000000
0x00000049e0bfd8c0:   00000049e0bfd900 00007ffda7f65bee
0x00000049e0bfd8d0:   00000213ff1a0820 0000000000000000
0x00000049e0bfd8e0:   00000213ff3ce580 00000049e0bfdc18
0x00000049e0bfd8f0:   000066fa44448947 00007ffda7f6db01
0x00000049e0bfd900:   00007ffd53318df0 0000000000000017
0x00000049e0bfd910:   00000213ff327800 00000049e0bfe9c0
0x00000049e0bfd920:   000000000000000b 00007ffd8e492725
0x00000049e0bfd930:   0000000000000000 00007ffda804d2f0
0x00000049e0bfd940:   0000000000000200 00007ffda7f9160f
0x00000049e0bfd950:   61622e6176616a2f 692f6b646a2f6573 

Instructions: (pc=0x00007ffd8e491bcd)
0x00007ffd8e491bad:   b6 ca 44 8a 12 33 c1 48 ff c2 45 84 d2 75 e9 4d
0x00007ffd8e491bbd:   8b 03 0f ba f0 1f 33 d2 49 8b cb f7 f6 48 63 c2
0x00007ffd8e491bcd:   41 8b 14 81 41 ff 50 08 85 c0 7e 24 8a 0f eb 10
0x00007ffd8e491bdd:   69 c0 93 01 00 01 0f b6 c9 33 c1 8a 0b 48 ff c3 



---------------  P R O C E S S  ---------------

VM state:not at safepoint (not fully initialized)

VM Mutex/Monitor currently owned by a thread: None


Dynamic libraries:
0x00007ff749650000 - 0x00007ff749660000 	D:\Program Files\Java\bin\java.exe
0x00007ffda7f30000 - 0x00007ffda8128000 	C:\Windows\SYSTEM32\ntdll.dll
0x00007ffda7b20000 - 0x00007ffda7bdf000 	C:\Windows\System32\KERNEL32.DLL
0x00007ffda5680000 - 0x00007ffda5976000 	C:\Windows\System32\KERNELBASE.dll
0x00007ffda5a20000 - 0x00007ffda5b20000 	C:\Windows\System32\ucrtbase.dll
0x00007ffd90750000 - 0x00007ffd90769000 	D:\Program Files\Java\bin\jli.dll
0x00007ffda62b0000 - 0x00007ffda635f000 	C:\Windows\System32\ADVAPI32.dll
0x00007ffda6500000 - 0x00007ffda659e000 	C:\Windows\System32\msvcrt.dll
0x00007ffda6c10000 - 0x00007ffda6cac000 	C:\Windows\System32\sechost.dll
0x00007ffda5ff0000 - 0x00007ffda6116000 	C:\Windows\System32\RPCRT4.dll
0x00007ffda7d50000 - 0x00007ffda7eed000 	C:\Windows\System32\USER32.dll
0x00007ffda5f60000 - 0x00007ffda5f82000 	C:\Windows\System32\win32u.dll
0x00007ffda61f0000 - 0x00007ffda621c000 	C:\Windows\System32\GDI32.dll
0x00007ffda5b20000 - 0x00007ffda5c35000 	C:\Windows\System32\gdi32full.dll
0x00007ffda5980000 - 0x00007ffda5a1d000 	C:\Windows\System32\msvcp_win.dll
0x00007ffd85a20000 - 0x00007ffd85a3b000 	D:\Program Files\Java\bin\VCRUNTIME140.dll
0x00007ffd98f80000 - 0x00007ffd9921a000 	C:\Windows\WinSxS\amd64_microsoft.windows.common-controls_6595b64144ccf1df_6.0.19041.1110_none_60b5254171f9507e\COMCTL32.dll
0x00007ffd9cf10000 - 0x00007ffd9cf1a000 	C:\Windows\SYSTEM32\VERSION.dll
0x00007ffda7af0000 - 0x00007ffda7b20000 	C:\Windows\System32\IMM32.DLL
0x00007ffd9f630000 - 0x00007ffd9f63c000 	D:\Program Files\Java\bin\vcruntime140_1.dll
0x00007ffd803c0000 - 0x00007ffd8044e000 	D:\Program Files\Java\bin\msvcp140.dll
0x00007ffd52ab0000 - 0x00007ffd5361c000 	D:\Program Files\Java\bin\server\jvm.dll
0x00007ffda61e0000 - 0x00007ffda61e8000 	C:\Windows\System32\PSAPI.DLL
0x00007ffd946c0000 - 0x00007ffd946c9000 	C:\Windows\SYSTEM32\WSOCK32.dll
0x00007ffda6490000 - 0x00007ffda64fb000 	C:\Windows\System32\WS2_32.dll
0x00007ffd98bf0000 - 0x00007ffd98c17000 	C:\Windows\SYSTEM32\WINMM.dll
0x00007ffda34d0000 - 0x00007ffda34e2000 	C:\Windows\SYSTEM32\kernel.appcore.dll
0x00007ffd8ea80000 - 0x00007ffd8ea90000 	D:\Program Files\Java\bin\verify.dll
0x00007ffd924b0000 - 0x00007ffd92694000 	C:\Windows\SYSTEM32\DBGHELP.DLL
0x00007ffd92400000 - 0x00007ffd92434000 	C:\Windows\SYSTEM32\dbgcore.DLL
0x00007ffda5c40000 - 0x00007ffda5cc2000 	C:\Windows\System32\bcryptPrimitives.dll
0x00007ffd809d0000 - 0x00007ffd809f8000 	D:\Program Files\Java\bin\java.dll
0x00007ffd8e490000 - 0x00007ffd8e49a000 	D:\Program Files\Java\bin\jimage.dll

dbghelp: loaded successfully - version: 4.0.5 - missing functions: none
symbol engine: initialized successfully - sym options: 0x614 - pdb path: .;D:\Program Files\Java\bin;C:\Windows\SYSTEM32;C:\Windows\WinSxS\amd64_microsoft.windows.common-controls_6595b64144ccf1df_6.0.19041.1110_none_60b5254171f9507e;D:\Program Files\Java\bin\server

VM Arguments:
java_command: <unknown>
java_class_path (initial): <not set>
Launcher Type: SUN_STANDARD

[Global flags]
     bool UseLargePagesIndividualAllocation        = false                                  {pd product} {ergonomic}

Logging:
Log output configuration:
 #0: stdout all=warning uptime,level,tags
 #1: stderr all=off uptime,level,tags

Environment Variables:
CLASSPATH=D:\LoginApp\dtrgApp2\Dtrg\android\\gradle\wrapper\gradle-wrapper.jar
PATH=D:\LoginApp\dtrgApp2\Dtrg\android\node_modules\.bin;D:\LoginApp\dtrgApp2\Dtrg\node_modules\.bin;D:\LoginApp\dtrgApp2\node_modules\.bin;D:\LoginApp\node_modules\.bin;D:\node_modules\.bin;C:\Program Files\nodejs;D:\LoginApp\dtrgApp2\Dtrg\node_modules\.bin;D:\LoginApp\dtrgApp2\Dtrg\node_modules\.bin;D:\LoginApp\dtrgApp2\node_modules\.bin;D:\LoginApp\node_modules\.bin;D:\node_modules\.bin;C:\Users\sony\AppData\Roaming\npm\node_modules\npm\node_modules\@npmcli\run-script\lib\node-gyp-bin;D:\LoginApp\dtrgApp2\Dtrg\node_modules\.bin;D:\LoginApp\dtrgApp2\node_modules\.bin;D:\LoginApp\node_modules\.bin;D:\node_modules\.bin;C:\Program Files\nodejs;D:\LoginApp\dtrgApp2\Dtrg\node_modules\.bin;D:\LoginApp\dtrgApp2\node_modules\.bin;D:\LoginApp\node_modules\.bin;D:\node_modules\.bin;C:\Users\sony\AppData\Roaming\npm\node_modules\npm\node_modules\@npmcli\run-script\lib\node-gyp-bin;C:\Program Files\Common Files\Oracle\Java\javapath;C:\Windows\system32;C:\Windows;C:\Windows\System32\Wbem;C:\Windows\System32\WindowsPowerShell\v1.0\;C:\Windows\System32\OpenSSH\;C:\Program Files\Microsoft SQL Server\150\Tools\Binn\;C:\Program Files\Microsoft SQL Server\Client SDK\ODBC\170\Tools\Binn\;C:\Program Files\dotnet\;C:\Program Files\TortoiseSVN\bin;C:\Program Files\nodejs\;C:\Users\sony\AppData\Local\Microsoft\WindowsApps;C:\Users\sony\AppData\Local\Programs\Microsoft VS Code\bin;C:\Users\sony\.dotnet\tools;C:\Users\sony\AppData\Local\Android\Sdk\platform-tools;C:\Users\sony\AppData\Roaming\npm
USERNAME=sony
OS=Windows_NT
PROCESSOR_IDENTIFIER=Intel64 Family 6 Model 42 Stepping 7, GenuineIntel



---------------  S Y S T E M  ---------------

OS: Windows 10 , 64 bit Build 19041 (10.0.19041.2913)

CPU:total 8 (initial active 0) 

Memory: 4k page, system-wide physical 8173M (168M free)
TotalPageFile size 32749M (AvailPageFile size 1M)
current process WorkingSet (physical memory assigned to process): 7M, peak: 7M
current process commit charge ("private bytes"): 3M, peak: 3M

vm_info: Java HotSpot(TM) 64-Bit Server VM (11.0.19+9-LTS-224) for windows-amd64 JRE (11.0.19+9-LTS-224), built on Mar 27 2023 08:48:55 by "mach5one" with MS VC++ 17.1 (VS2022)

END.
