#
# There is insufficient memory for the Java Runtime Environment to continue.
# Native memory allocation (malloc) failed to allocate 32744 bytes for ChunkPool::allocate
# Possible reasons:
#   The system is out of physical RAM or swap space
#   The process is running with CompressedOops enabled, and the Java Heap may be blocking the growth of the native heap
# Possible solutions:
#   Reduce memory load on the system
#   Increase physical memory or swap space
#   Check if swap backing store is full
#   Decrease Java heap size (-Xmx/-Xms)
#   Decrease number of Java threads
#   Decrease Java thread stack sizes (-Xss)
#   Set larger code cache with -XX:ReservedCodeCacheSize=
#
#  
#
# 
]V  [jvm.dll+0x65fe1a]
V  [jvm.dll+0x7a2bbf]
V  [jvm.dll+0x7a4289]
V  [jvm.dll+0x7a4923]
V  [jvm.dll+0x258a25]
V  [jvm.dll+0xb2c3f]
V  [jvm.dll+0xb2f8c]
V  [jvm.dll+0x16dde3]
V  [jvm.dll+0x16deb0]
V  [jvm.dll+0x1707c0]
V  [jvm.dll+0x172791]
V  [jvm.dll+0x12a665]
V  [jvm.dll+0x129f3f]
V  [jvm.dll+0x12a172]
V  [jvm.dll+0x1294c9]
V  [jvm.dll+0x12b318]
V  [jvm.dll+0x220989]
V  [jvm.dll+0x21ecac]
V  [jvm.dll+0x766921]
V  [jvm.dll+0x75f2e4]
V  [jvm.dll+0x65ecc5]
C  [ucrtbase.dll+0x21bb2]
C  [KERNEL32.DLL+0x17614]
C  [ntdll.dll+0x526a1]


---------------  P R O C E S S  ---------------

Threads class SMR info:
_java_thread_list=0x00000221a9317a60, length=10, elements={
0x000002218d0fa000, 0x00000221a904b000, 0x00000221a904c000, 0x00000221a90bf800,
0x00000221a90c2000, 0x00000221a90c3800, 0x00000221a906b000, 0x00000221a906c000,
0x00000221a906e000, 0x00000221a9325000
}

Java Threads: ( => current thread )
  0x000002218d0fa000 JavaThread "main" [_thread_in_native, id=41732, stack(0x000000d4ea600000,0x000000d4ea700000)]
  0x00000221a904b000 JavaThread "Reference Handler" daemon [_thread_blocked, id=9332, stack(0x000000d4ead00000,0x000000d4eae00000)]
  0x00000221a904c000 JavaThread "Finalizer" daemon [_thread_blocked, id=28776, stack(0x000000d4eae00000,0x000000d4eaf00000)]
  0x00000221a90bf800 JavaThread "Signal Dispatcher" daemon [_thread_blocked, id=42112, stack(0x000000d4eaf00000,0x000000d4eb000000)]
  0x00000221a90c2000 JavaThread "Attach Listener" daemon [_thread_blocked, id=16464, stack(0x000000d4eb000000,0x000000d4eb100000)]
  0x00000221a90c3800 JavaThread "Service Thread" daemon [_thread_blocked, id=37596, stack(0x000000d4eb100000,0x000000d4eb200000)]
  0x00000221a906b000 JavaThread "C2 CompilerThread0" daemon [_thread_blocked, id=14304, stack(0x000000d4eb200000,0x000000d4eb300000)]
=>0x00000221a906c000 JavaThread "C1 CompilerThread0" daemon [_thread_in_native, id=15556, stack(0x000000d4eb300000,0x000000d4eb400000)]
  0x00000221a906e000 JavaThread "Sweeper thread" daemon [_thread_blocked, id=15804, stack(0x000000d4eb400000,0x000000d4eb500000)]
  0x00000221a9325000 JavaThread "Common-Cleaner" daemon [_thread_blocked, id=16932, stack(0x000000d4eb600000,0x000000d4eb700000)]

Other Threads:
  0x00000221a9026000 VMThread "VM Thread" [stack: 0x000000d4eac00000,0x000000d4ead00000] [id=40956]
  0x00000221a9324000 WatcherThread [stack: 0x000000d4eb500000,0x000000d4eb600000] [id=36240]
  0x000002218f272000 GCTaskThread "GC Thread#0" [stack: 0x000000d4ea700000,0x000000d4ea800000] [id=32352]
  0x000002218f27b000 ConcurrentGCThread "G1 Main Marker" [stack: 0x000000d4ea800000,0x000000d4ea900000] [id=41832]
  0x000002218f27e800 ConcurrentGCThread "G1 Conc#0" [stack: 0x000000d4ea900000,0x000000d4eaa00000] [id=34908]
  0x000002218f2e3000 ConcurrentGCThread "G1 Refine#0" [stack: 0x000000d4eaa00000,0x000000d4eab00000] [id=45352]
  0x000002218f2e4000 ConcurrentGCThread "G1 Young RemSet Sampling" [stack: 0x000000d4eab00000,0x000000d4eac00000] [id=31044]

Threads with active compile tasks:
C1 CompilerThread0    78615  666       3       java.util.zip.ZipFile$Source::initCEN (693 bytes)

VM state:not at safepoint (normal execution)

VM Mutex/Monitor currently owned by a thread: None

Heap address: 0x00000000fc000000, size: 64 MB, Compressed Oops mode: 32-bit
Narrow klass base: 0x0000000000000000, Narrow klass shift: 3
Compressed class space size: 1073741824 Address: 0x0000000100000000

Heap:
 garbage-first heap   total 65536K, used 17408K [0x00000000fc000000, 0x0000000100000000)
  region size 1024K, 16 young (16384K), 0 survivors (0K)
 Metaspace       used 7808K, capacity 7957K, committed 8192K, reserved 1056768K
  class space    used 699K, capacity 756K, committed 768K, reserved 1048576K
Heap Regions: E=young(eden), S=young(survivor), O=old, HS=humongous(starts), HC=humongous(continues), CS=collection set, F=free, A=archive, TAMS=top-at-mark-start (previous, next)
|   0|0x00000000fc000000, 0x00000000fc100000, 0x00000000fc100000|100%|HS|  |TAMS 0x00000000fc000000, 0x00000000fc000000| Complete 
|   1|0x00000000fc100000, 0x00000000fc200000, 0x00000000fc200000|100%|HC|  |TAMS 0x00000000fc100000, 0x00000000fc100000| Complete 
|   2|0x00000000fc200000, 0x00000000fc300000, 0x00000000fc300000|100%|HC|  |TAMS 0x00000000fc200000, 0x00000000fc200000| Complete 
|   3|0x00000000fc300000, 0x00000000fc300000, 0x00000000fc400000|  0%| F|  |TAMS 0x00000000fc300000, 0x00000000fc300000| Untracked 
|   4|0x00000000fc400000, 0x00000000fc400000, 0x00000000fc500000|  0%| F|  |TAMS 0x00000000fc400000, 0x00000000fc400000| Untracked 
|   5|0x00000000fc500000, 0x00000000fc500000, 0x00000000fc600000|  0%| F|  |TAMS 0x00000000fc500000, 0x00000000fc500000| Untracked 
|   6|0x00000000fc600000, 0x00000000fc600000, 0x00000000fc700000|  0%| F|  |TAMS 0x00000000fc600000, 0x00000000fc600000| Untracked 
|   7|0x00000000fc700000, 0x00000000fc700000, 0x00000000fc800000|  0%| F|  |TAMS 0x00000000fc700000, 0x00000000fc700000| Untracked 
|   8|0x00000000fc800000, 0x00000000fc800000, 0x00000000fc900000|  0%| F|  |TAMS 0x00000000fc800000, 0x00000000fc800000| Untracked 
|   9|0x00000000fc900000, 0x00000000fc900000, 0x00000000fca00000|  0%| F|  |TAMS 0x00000000fc900000, 0x00000000fc900000| Untracked 
|  10|0x00000000fca00000, 0x00000000fca00000, 0x00000000fcb00000|  0%| F|  |TAMS 0x00000000fca00000, 0x00000000fca00000| Untracked 
|  11|0x00000000fcb00000, 0x00000000fcb00000, 0x00000000fcc00000|  0%| F|  |TAMS 0x00000000fcb00000, 0x00000000fcb00000| Untracked 
|  12|0x00000000fcc00000, 0x00000000fcc00000, 0x00000000fcd00000|  0%| F|  |TAMS 0x00000000fcc00000, 0x00000000fcc00000| Untracked 
|  13|0x00000000fcd00000, 0x00000000fcd00000, 0x00000000fce00000|  0%| F|  |TAMS 0x00000000fcd00000, 0x00000000fcd00000| Untracked 
|  14|0x00000000fce00000, 0x00000000fce00000, 0x00000000fcf00000|  0%| F|  |TAMS 0x00000000fce00000, 0x00000000fce00000| Untracked 
|  15|0x00000000fcf00000, 0x00000000fcf00000, 0x00000000fd000000|  0%| F|  |TAMS 0x00000000fcf00000, 0x00000000fcf00000| Untracked 
|  16|0x00000000fd000000, 0x00000000fd000000, 0x00000000fd100000|  0%| F|  |TAMS 0x00000000fd000000, 0x00000000fd000000| Untracked 
|  17|0x00000000fd100000, 0x00000000fd100000, 0x00000000fd200000|  0%| F|  |TAMS 0x00000000fd100000, 0x00000000fd100000| Untracked 
|  18|0x00000000fd200000, 0x00000000fd200000, 0x00000000fd300000|  0%| F|  |TAMS 0x00000000fd200000, 0x00000000fd200000| Untracked 
|  19|0x00000000fd300000, 0x00000000fd300000, 0x00000000fd400000|  0%| F|  |TAMS 0x00000000fd300000, 0x00000000fd300000| Untracked 
|  20|0x00000000fd400000, 0x00000000fd400000, 0x00000000fd500000|  0%| F|  |TAMS 0x00000000fd400000, 0x00000000fd400000| Untracked 
|  21|0x00000000fd500000, 0x00000000fd500000, 0x00000000fd600000|  0%| F|  |TAMS 0x00000000fd500000, 0x00000000fd500000| Untracked 
|  22|0x00000000fd600000, 0x00000000fd600000, 0x00000000fd700000|  0%| F|  |TAMS 0x00000000fd600000, 0x00000000fd600000| Untracked 
|  23|0x00000000fd700000, 0x00000000fd700000, 0x00000000fd800000|  0%| F|  |TAMS 0x00000000fd700000, 0x00000000fd700000| Untracked 
|  24|0x00000000fd800000, 0x00000000fd800000, 0x00000000fd900000|  0%| F|  |TAMS 0x00000000fd800000, 0x00000000fd800000| Untracked 
|  25|0x00000000fd900000, 0x00000000fd900000, 0x00000000fda00000|  0%| F|  |TAMS 0x00000000fd900000, 0x00000000fd900000| Untracked 
|  26|0x00000000fda00000, 0x00000000fda00000, 0x00000000fdb00000|  0%| F|  |TAMS 0x00000000fda00000, 0x00000000fda00000| Untracked 
|  27|0x00000000fdb00000, 0x00000000fdb00000, 0x00000000fdc00000|  0%| F|  |TAMS 0x00000000fdb00000, 0x00000000fdb00000| Untracked 
|  28|0x00000000fdc00000, 0x00000000fdc00000, 0x00000000fdd00000|  0%| F|  |TAMS 0x00000000fdc00000, 0x00000000fdc00000| Untracked 
|  29|0x00000000fdd00000, 0x00000000fdd00000, 0x00000000fde00000|  0%| F|  |TAMS 0x00000000fdd00000, 0x00000000fdd00000| Untracked 
|  30|0x00000000fde00000, 0x00000000fde00000, 0x00000000fdf00000|  0%| F|  |TAMS 0x00000000fde00000, 0x00000000fde00000| Untracked 
|  31|0x00000000fdf00000, 0x00000000fdf00000, 0x00000000fe000000|  0%| F|  |TAMS 0x00000000fdf00000, 0x00000000fdf00000| Untracked 
|  32|0x00000000fe000000, 0x00000000fe000000, 0x00000000fe100000|  0%| F|  |TAMS 0x00000000fe000000, 0x00000000fe000000| Untracked 
|  33|0x00000000fe100000, 0x00000000fe100000, 0x00000000fe200000|  0%| F|  |TAMS 0x00000000fe100000, 0x00000000fe100000| Untracked 
|  34|0x00000000fe200000, 0x00000000fe200000, 0x00000000fe300000|  0%| F|  |TAMS 0x00000000fe200000, 0x00000000fe200000| Untracked 
|  35|0x00000000fe300000, 0x00000000fe300000, 0x00000000fe400000|  0%| F|  |TAMS 0x00000000fe300000, 0x00000000fe300000| Untracked 
|  36|0x00000000fe400000, 0x00000000fe400000, 0x00000000fe500000|  0%| F|  |TAMS 0x00000000fe400000, 0x00000000fe400000| Untracked 
|  37|0x00000000fe500000, 0x00000000fe500000, 0x00000000fe600000|  0%| F|  |TAMS 0x00000000fe500000, 0x00000000fe500000| Untracked 
|  38|0x00000000fe600000, 0x00000000fe600000, 0x00000000fe700000|  0%| F|  |TAMS 0x00000000fe600000, 0x00000000fe600000| Untracked 
|  39|0x00000000fe700000, 0x00000000fe700000, 0x00000000fe800000|  0%| F|  |TAMS 0x00000000fe700000, 0x00000000fe700000| Untracked 
|  40|0x00000000fe800000, 0x00000000fe800000, 0x00000000fe900000|  0%| F|  |TAMS 0x00000000fe800000, 0x00000000fe800000| Untracked 
|  41|0x00000000fe900000, 0x00000000fe900000, 0x00000000fea00000|  0%| F|  |TAMS 0x00000000fe900000, 0x00000000fe900000| Untracked 
|  42|0x00000000fea00000, 0x00000000fea00000, 0x00000000feb00000|  0%| F|  |TAMS 0x00000000fea00000, 0x00000000fea00000| Untracked 
|  43|0x00000000feb00000, 0x00000000feb00000, 0x00000000fec00000|  0%| F|  |TAMS 0x00000000feb00000, 0x00000000feb00000| Untracked 
|  44|0x00000000fec00000, 0x00000000fec00000, 0x00000000fed00000|  0%| F|  |TAMS 0x00000000fec00000, 0x00000000fec00000| Untracked 
|  45|0x00000000fed00000, 0x00000000fed00000, 0x00000000fee00000|  0%| F|  |TAMS 0x00000000fed00000, 0x00000000fed00000| Untracked 
|  46|0x00000000fee00000, 0x00000000fee00000, 0x00000000fef00000|  0%| F|  |TAMS 0x00000000fee00000, 0x00000000fee00000| Untracked 
|  47|0x00000000fef00000, 0x00000000fef00000, 0x00000000ff000000|  0%| F|  |TAMS 0x00000000fef00000, 0x00000000fef00000| Untracked 
|  48|0x00000000ff000000, 0x00000000ff094dc8, 0x00000000ff100000| 58%| E|  |TAMS 0x00000000ff000000, 0x00000000ff000000| Complete 
|  49|0x00000000ff100000, 0x00000000ff200000, 0x00000000ff200000|100%| E|CS|TAMS 0x00000000ff100000, 0x00000000ff100000| Complete 
|  50|0x00000000ff200000, 0x00000000ff300000, 0x00000000ff300000|100%| E|CS|TAMS 0x00000000ff200000, 0x00000000ff200000| Complete 
|  51|0x00000000ff300000, 0x00000000ff400000, 0x00000000ff400000|100%| E|CS|TAMS 0x00000000ff300000, 0x00000000ff300000| Complete 
|  52|0x00000000ff400000, 0x00000000ff500000, 0x00000000ff500000|100%| E|CS|TAMS 0x00000000ff400000, 0x00000000ff400000| Complete 
|  53|0x00000000ff500000, 0x00000000ff600000, 0x00000000ff600000|100%| E|CS|TAMS 0x00000000ff500000, 0x00000000ff500000| Complete 
|  54|0x00000000ff600000, 0x00000000ff700000, 0x00000000ff700000|100%| E|CS|TAMS 0x00000000ff600000, 0x00000000ff600000| Complete 
|  55|0x00000000ff700000, 0x00000000ff800000, 0x00000000ff800000|100%| E|CS|TAMS 0x00000000ff700000, 0x00000000ff700000| Complete 
|  56|0x00000000ff800000, 0x00000000ff900000, 0x00000000ff900000|100%| E|CS|TAMS 0x00000000ff800000, 0x00000000ff800000| Complete 
|  57|0x00000000ff900000, 0x00000000ffa00000, 0x00000000ffa00000|100%| E|CS|TAMS 0x00000000ff900000, 0x00000000ff900000| Complete 
|  58|0x00000000ffa00000, 0x00000000ffb00000, 0x00000000ffb00000|100%| E|CS|TAMS 0x00000000ffa00000, 0x00000000ffa00000| Complete 
|  59|0x00000000ffb00000, 0x00000000ffc00000, 0x00000000ffc00000|100%| E|CS|TAMS 0x00000000ffb00000, 0x00000000ffb00000| Complete 
|  60|0x00000000ffc00000, 0x00000000ffd00000, 0x00000000ffd00000|100%| E|CS|TAMS 0x00000000ffc00000, 0x00000000ffc00000| Complete 
|  61|0x00000000ffd00000, 0x00000000ffe00000, 0x00000000ffe00000|100%| E|  |TAMS 0x00000000ffd00000, 0x00000000ffd00000| Complete 
|  62|0x00000000ffe00000, 0x00000000fff00000, 0x00000000fff00000|100%| E|CS|TAMS 0x00000000ffe00000, 0x00000000ffe00000| Complete 
|  63|0x00000000fff00000, 0x0000000100000000, 0x0000000100000000|100%| E|CS|TAMS 0x00000000fff00000, 0x00000000fff00000| Complete 

Card table byte_map: [0x000002218d200000,0x000002218d220000] _byte_map_base: 0x000002218ca20000

Marking Bits (Prev, Next): (CMBitMap*) 0x000002218f278ff8, (CMBitMap*) 0x000002218f279030
 Prev Bits: [0x00000221a5c70000, 0x00000221a5d70000)
 Next Bits: [0x00000221a5d70000, 0x00000221a5e70000)

Polling page: 0x000002218d1b0000

Metaspace:

Usage:
  Non-class:      7.03 MB capacity,     6.94 MB ( 99%) used,    86.70 KB (  1%) free+waste,     6.06 KB ( <1%) overhead. 
      Class:    756.00 KB capacity,   699.97 KB ( 93%) used,    53.09 KB (  7%) free+waste,     2.94 KB ( <1%) overhead. 
       Both:      7.77 MB capacity,     7.63 MB ( 98%) used,   139.79 KB (  2%) free+waste,     9.00 KB ( <1%) overhead. 

Virtual space:
  Non-class space:        8.00 MB reserved,       7.25 MB ( 91%) committed 
      Class space:        1.00 GB reserved,     768.00 KB ( <1%) committed 
             Both:        1.01 GB reserved,       8.00 MB ( <1%) committed 

Chunk freelists:
   Non-Class:  3.88 KB
       Class:  1.50 KB
        Both:  5.38 KB

CodeHeap 'non-profiled nmethods': size=120000Kb used=188Kb max_used=188Kb free=119812Kb
 bounds [0x000002219e410000, 0x000002219e680000, 0x00000221a5940000]
CodeHeap 'profiled nmethods': size=120000Kb used=1182Kb max_used=1182Kb free=118817Kb
 bounds [0x0000022196ee0000, 0x0000022197150000, 0x000002219e410000]
CodeHeap 'non-nmethods': size=5760Kb used=1060Kb max_used=1075Kb free=4699Kb
 bounds [0x0000022196940000, 0x0000022196bb0000, 0x0000022196ee0000]
 total_blobs=1020 nmethods=664 adapters=268
 compilation: enabled
              stopped_count=0, restarted_count=0
 full_count=0

Compilation events (10 events):
Event: 71.610 Thread 0x00000221a906c000 nmethod 661 0x0000022197005010 code [0x00000221970051c0, 0x0000022197005478]
Event: 74.753 Thread 0x00000221a906c000  662       3       java.io.WinNTFileSystem::isLetter (30 bytes)
Event: 74.754 Thread 0x00000221a906c000 nmethod 662 0x0000022197005510 code [0x00000221970056a0, 0x00000221970058b8]
Event: 74.942 Thread 0x00000221a906c000  663       3       java.util.Arrays::fill (21 bytes)
Event: 74.943 Thread 0x00000221a906c000 nmethod 663 0x0000022197005990 code [0x0000022197005b20, 0x0000022197005cb8]
Event: 74.943 Thread 0x00000221a906c000  664       3       sun.net.util.URLUtil::urlNoFragString (114 bytes)
Event: 74.948 Thread 0x00000221a906c000 nmethod 664 0x0000022197005d90 code [0x00000221970060e0, 0x0000022197007348]
Event: 76.968 Thread 0x00000221a906b000  665       4       java.lang.AbstractStringBuilder::appendChars (133 bytes)
Event: 76.976 Thread 0x00000221a906b000 nmethod 665 0x000002219e43ea10 code [0x000002219e43eba0, 0x000002219e43ede8]
Event: 78.428 Thread 0x00000221a906c000  666       3       java.util.zip.ZipFile$Source::initCEN (693 bytes)

GC Heap History (0 events):
No events

Deoptimization events (7 events):
Event: 1.558 Thread 0x000002218d0fa000 Uncommon trap: reason=unstable_if action=reinterpret pc=0x000002219e413b24 method=java.lang.String.hashCode()I @ 14 c2
Event: 25.517 Thread 0x000002218d0fa000 Uncommon trap: reason=unstable_if action=reinterpret pc=0x000002219e428b88 method=java.util.regex.Pattern.append(II)V @ 6 c2
Event: 27.161 Thread 0x000002218d0fa000 Uncommon trap: reason=unstable_if action=reinterpret pc=0x000002219e41f0a4 method=java.util.zip.ZipFile$Source.checkUTF8([BII)V @ 12 c2
Event: 29.336 Thread 0x000002218d0fa000 Uncommon trap: reason=class_check action=maybe_recompile pc=0x000002219e433f38 method=java.util.HashMap.putVal(ILjava/lang/Object;Ljava/lang/Object;ZZ)Ljava/lang/Object; @ 203 c2
Event: 46.415 Thread 0x000002218d0fa000 Uncommon trap: reason=class_check action=maybe_recompile pc=0x000002219e433f38 method=java.util.HashMap.putVal(ILjava/lang/Object;Ljava/lang/Object;ZZ)Ljava/lang/Object; @ 203 c2
Event: 46.820 Thread 0x000002218d0fa000 Uncommon trap: reason=class_check action=maybe_recompile pc=0x000002219e433e7c method=java.util.HashMap.putVal(ILjava/lang/Object;Ljava/lang/Object;ZZ)Ljava/lang/Object; @ 91 c2
Event: 56.659 Thread 0x000002218d0fa000 Uncommon trap: reason=class_check action=maybe_recompile pc=0x000002219e433e7c method=java.util.HashMap.putVal(ILjava/lang/Object;Ljava/lang/Object;ZZ)Ljava/lang/Object; @ 91 c2

Classes redefined (0 events):
No events

Internal exceptions (4 events):
Event: 2.443 Thread 0x000002218d0fa000 Exception <a 'java/lang/NoSuchMethodError'{0x00000000ffd02468}: java.lang.invoke.DirectMethodHandle$Holder.invokeStaticInit(Ljava/lang/Object;Ljava/lang/Object;)V> (0x00000000ffd02468) thrown at [./open/src/hotspot/share/interpreter/linkResolver.cpp, line
Event: 3.949 Thread 0x000002218d0fa000 Exception <a 'java/lang/NoSuchMethodError'{0x00000000ffc79408}: java.lang.invoke.DirectMethodHandle$Holder.invokeStaticInit(Ljava/lang/Object;Ljava/lang/Object;)I> (0x00000000ffc79408) thrown at [./open/src/hotspot/share/interpreter/linkResolver.cpp, line
Event: 5.549 Thread 0x000002218d0fa000 Exception <a 'java/lang/NoSuchMethodError'{0x00000000ffb4c7b0}: java.lang.invoke.DirectMethodHandle$Holder.invokeSpecial(Ljava/lang/Object;Ljava/lang/Object;Ljava/lang/Object;Ljava/lang/Object;)I> (0x00000000ffb4c7b0) thrown at [./open/src/hotspot/share/i
Event: 5.569 Thread 0x000002218d0fa000 Exception <a 'java/lang/NoSuchMethodError'{0x00000000ffb86130}: java.lang.invoke.DirectMethodHandle$Holder.invokeSpecialIFC(Ljava/lang/Object;Ljava/lang/Object;I)I> (0x00000000ffb86130) thrown at [./open/src/hotspot/share/interpreter/linkResolver.cpp, lin

Events (10 events):
Event: 50.770 loading class java/lang/CompoundEnumeration done
Event: 50.770 loading class jdk/internal/loader/URLClassPath$1
Event: 50.770 loading class jdk/internal/loader/URLClassPath$1 done
Event: 50.770 loading class java/net/URLClassLoader$3
Event: 50.771 loading class java/net/URLClassLoader$3 done
Event: 50.771 loading class java/net/URLClassLoader$3$1
Event: 50.772 loading class java/net/URLClassLoader$3$1 done
Event: 56.659 Thread 0x000002218d0fa000 Uncommon trap: trap_request=0xffffffde fr.pc=0x000002219e433e7c relative=0x0000000000000efc
Event: 56.659 Thread 0x000002218d0fa000 DEOPT PACKING pc=0x000002219e433e7c sp=0x000000d4ea6fa380
Event: 56.659 Thread 0x000002218d0fa000 DEOPT UNPACKING pc=0x000002219696652f sp=0x000000d4ea6fa310 mode 2


Dynamic libraries:
0x00007ff749650000 - 0x00007ff749660000 	D:\Program Files\Java\bin\java.exe
0x00007ffda7f30000 - 0x00007ffda8128000 	C:\Windows\SYSTEM32\ntdll.dll
0x00007ffda7b20000 - 0x00007ffda7bdf000 	C:\Windows\System32\KERNEL32.DLL
0x00007ffda5680000 - 0x00007ffda5976000 	C:\Windows\System32\KERNELBASE.dll
0x00007ffda5a20000 - 0x00007ffda5b20000 	C:\Windows\System32\ucrtbase.dll
0x00007ffd90750000 - 0x00007ffd90769000 	D:\Program Files\Java\bin\jli.dll
0x00007ffd85a20000 - 0x00007ffd85a3b000 	D:\Program Files\Java\bin\VCRUNTIME140.dll
0x00007ffda62b0000 - 0x00007ffda635f000 	C:\Windows\System32\ADVAPI32.dll
0x00007ffda6500000 - 0x00007ffda659e000 	C:\Windows\System32\msvcrt.dll
0x00007ffda6c10000 - 0x00007ffda6cac000 	C:\Windows\System32\sechost.dll
0x00007ffda5ff0000 - 0x00007ffda6116000 	C:\Windows\System32\RPCRT4.dll
0x00007ffda7d50000 - 0x00007ffda7eed000 	C:\Windows\System32\USER32.dll
0x00007ffda5f60000 - 0x00007ffda5f82000 	C:\Windows\System32\win32u.dll
0x00007ffd98f80000 - 0x00007ffd9921a000 	C:\Windows\WinSxS\amd64_microsoft.windows.common-controls_6595b64144ccf1df_6.0.19041.1110_none_60b5254171f9507e\COMCTL32.dll
0x00007ffda61f0000 - 0x00007ffda621c000 	C:\Windows\System32\GDI32.dll
0x00007ffda5b20000 - 0x00007ffda5c35000 	C:\Windows\System32\gdi32full.dll
0x00007ffda5980000 - 0x00007ffda5a1d000 	C:\Windows\System32\msvcp_win.dll
0x00007ffd9cf10000 - 0x00007ffd9cf1a000 	C:\Windows\SYSTEM32\VERSION.dll
0x00007ffda7af0000 - 0x00007ffda7b20000 	C:\Windows\System32\IMM32.DLL
0x00007ffd9f630000 - 0x00007ffd9f63c000 	D:\Program Files\Java\bin\vcruntime140_1.dll
0x00007ffd803c0000 - 0x00007ffd8044e000 	D:\Program Files\Java\bin\msvcp140.dll
0x00007ffd52ab0000 - 0x00007ffd5361c000 	D:\Program Files\Java\bin\server\jvm.dll
0x00007ffda61e0000 - 0x00007ffda61e8000 	C:\Windows\System32\PSAPI.DLL
0x00007ffd946c0000 - 0x00007ffd946c9000 	C:\Windows\SYSTEM32\WSOCK32.dll
0x00007ffda6490000 - 0x00007ffda64fb000 	C:\Windows\System32\WS2_32.dll
0x00007ffd98bf0000 - 0x00007ffd98c17000 	C:\Windows\SYSTEM32\WINMM.dll
0x00007ffda34d0000 - 0x00007ffda34e2000 	C:\Windows\SYSTEM32\kernel.appcore.dll
0x00007ffd8ea80000 - 0x00007ffd8ea90000 	D:\Program Files\Java\bin\verify.dll
0x00007ffd924b0000 - 0x00007ffd92694000 	C:\Windows\SYSTEM32\DBGHELP.DLL
0x00007ffd92400000 - 0x00007ffd92434000 	C:\Windows\SYSTEM32\dbgcore.DLL
0x00007ffda5c40000 - 0x00007ffda5cc2000 	C:\Windows\System32\bcryptPrimitives.dll
0x00007ffd809d0000 - 0x00007ffd809f8000 	D:\Program Files\Java\bin\java.dll
0x00007ffd8e490000 - 0x00007ffd8e49a000 	D:\Program Files\Java\bin\jimage.dll
0x00007ffd809b0000 - 0x00007ffd809c7000 	D:\Program Files\Java\bin\zip.dll
0x00007ffda6f10000 - 0x00007ffda7654000 	C:\Windows\System32\SHELL32.dll
0x00007ffda36d0000 - 0x00007ffda3e63000 	C:\Windows\SYSTEM32\windows.storage.dll
0x00007ffda6770000 - 0x00007ffda6ac4000 	C:\Windows\System32\combase.dll
0x00007ffda5070000 - 0x00007ffda509e000 	C:\Windows\SYSTEM32\Wldp.dll
0x00007ffda65a0000 - 0x00007ffda664d000 	C:\Windows\System32\SHCORE.dll
0x00007ffda6180000 - 0x00007ffda61d5000 	C:\Windows\System32\shlwapi.dll
0x00007ffda5550000 - 0x00007ffda556f000 	C:\Windows\SYSTEM32\profapi.dll
0x00007ffd80850000 - 0x00007ffd80869000 	D:\Program Files\Java\bin\net.dll
0x00007ffd9d120000 - 0x00007ffd9d22a000 	C:\Windows\SYSTEM32\WINHTTP.dll
0x00007ffda4dd0000 - 0x00007ffda4e3a000 	C:\Windows\system32\mswsock.dll
0x00007ffd80830000 - 0x00007ffd80842000 	D:\Program Files\Java\bin\nio.dll

dbghelp: loaded successfully - version: 4.0.5 - missing functions: none
symbol engine: initialized successfully - sym options: 0x614 - pdb path: .;D:\Program Files\Java\bin;C:\Windows\SYSTEM32;C:\Windows\WinSxS\amd64_microsoft.windows.common-controls_6595b64144ccf1df_6.0.19041.1110_none_60b5254171f9507e;D:\Program Files\Java\bin\server

VM Arguments:
jvm_args: -Xmx64m -Xms64m -Dorg.gradle.appname=gradlew 
java_command: org.gradle.wrapper.GradleWrapperMain app:installDebug -PreactNativeDevServerPort=8081
java_class_path (initial): D:\\LoginApp\\dtrgApp2\\Dtrg\\android\\\\gradle\\wrapper\\gradle-wrapper.jar
Launcher Type: SUN_STANDARD

[Global flags]
     intx CICompilerCount                          = 4                                         {product} {ergonomic}
     uint ConcGCThreads                            = 2                                         {product} {ergonomic}
     uint G1ConcRefinementThreads                  = 8                                         {product} {ergonomic}
   size_t G1HeapRegionSize                         = 1048576                                   {product} {ergonomic}
    uintx GCDrainStackTargetSize                   = 64                                        {product} {ergonomic}
   size_t InitialHeapSize                          = 67108864                                  {product} {command line}
   size_t MarkStackSize                            = 4194304                                   {product} {ergonomic}
   size_t MaxHeapSize                              = 67108864                                  {product} {command line}
   size_t MaxNewSize                               = 39845888                                  {product} {ergonomic}
   size_t MinHeapDeltaBytes                        = 1048576                                   {product} {ergonomic}
    uintx NonNMethodCodeHeapSize                   = 5836300                                {pd product} {ergonomic}
    uintx NonProfiledCodeHeapSize                  = 122910970                              {pd product} {ergonomic}
    uintx ProfiledCodeHeapSize                     = 122910970                              {pd product} {ergonomic}
    uintx ReservedCodeCacheSize                    = 251658240                              {pd product} {ergonomic}
     bool SegmentedCodeCache                       = true                                      {product} {ergonomic}
     bool UseCompressedClassPointers               = true                                 {lp64_product} {ergonomic}
     bool UseCompressedOops                        = true                                 {lp64_product} {ergonomic}
     bool UseG1GC                                  = true                                      {product} {ergonomic}
     bool UseLargePagesIndividualAllocation        = false                                  {pd product} {ergonomic}

Logging:
Log output configuration:
 #0: stdout all=warning uptime,level,tags
 #1: stderr all=off uptime,level,tags

Environment Variables:
CLASSPATH=D:\LoginApp\dtrgApp2\Dtrg\android\\gradle\wrapper\gradle-wrapper.jar
PATH=D:\LoginApp\dtrgApp2\Dtrg\android\node_modules\.bin;D:\LoginApp\dtrgApp2\Dtrg\node_modules\.bin;D:\LoginApp\dtrgApp2\node_modules\.bin;D:\LoginApp\node_modules\.bin;D:\node_modules\.bin;C:\Program Files\nodejs;D:\LoginApp\dtrgApp2\Dtrg\node_modules\.bin;D:\LoginApp\dtrgApp2\Dtrg\node_modules\.bin;D:\LoginApp\dtrgApp2\node_modules\.bin;D:\LoginApp\node_modules\.bin;D:\node_modules\.bin;C:\Users\sony\AppData\Roaming\npm\node_modules\npm\node_modules\@npmcli\run-script\lib\node-gyp-bin;D:\LoginApp\dtrgApp2\Dtrg\node_modules\.bin;D:\LoginApp\dtrgApp2\node_modules\.bin;D:\LoginApp\node_modules\.bin;D:\node_modules\.bin;C:\Program Files\nodejs;D:\LoginApp\dtrgApp2\Dtrg\node_modules\.bin;D:\LoginApp\dtrgApp2\node_modules\.bin;D:\LoginApp\node_modules\.bin;D:\node_modules\.bin;C:\Users\sony\AppData\Roaming\npm\node_modules\npm\node_modules\@npmcli\run-script\lib\node-gyp-bin;C:\Program Files\Common Files\Oracle\Java\javapath;C:\Windows\system32;C:\Windows;C:\Windows\System32\Wbem;C:\Windows\System32\WindowsPowerShell\v1.0\;C:\Windows\System32\OpenSSH\;C:\Program Files\Microsoft SQL Server\150\Tools\Binn\;C:\Program Files\Microsoft SQL Server\Client SDK\ODBC\170\Tools\Binn\;C:\Program Files\dotnet\;C:\Program Files\TortoiseSVN\bin;C:\Program Files\nodejs\;C:\Users\sony\AppData\Local\Microsoft\WindowsApps;C:\Users\sony\AppData\Local\Programs\Microsoft VS Code\bin;C:\Users\sony\.dotnet\tools;C:\Users\sony\AppData\Local\Android\Sdk\platform-tools;C:\Users\sony\AppData\Roaming\npm
USERNAME=sony
OS=Windows_NT
PROCESSOR_IDENTIFIER=Intel64 Family 6 Model 42 Stepping 7, GenuineIntel



---------------  S Y S T E M  ---------------

OS: Windows 10 , 64 bit Build 19041 (10.0.19041.2913)

CPU:total 8 (initial active 8) (4 cores per cpu, 2 threads per core) family 6 model 42 stepping 7 microcode 0x2f, cmov, cx8, fxsr, mmx, sse, sse2, sse3, ssse3, sse4.1, sse4.2, popcnt, avx, aes, clmul, ht, tsc, tscinvbit

Memory: 4k page, system-wide physical 8173M (122M free)
TotalPageFile size 32749M (AvailPageFile size 10M)
current process WorkingSet (physical memory assigned to process): 26M, peak: 48M
current process commit charge ("private bytes"): 145M, peak: 145M

vm_info: Java HotSpot(TM) 64-Bit Server VM (11.0.19+9-LTS-224) for windows-amd64 JRE (11.0.19+9-LTS-224), built on Mar 27 2023 08:48:55 by "mach5one" with MS VC++ 17.1 (VS2022)

END.
