#
# There is insufficient memory for the Java Runtime Environment to continue.
# Native memory allocation (malloc) failed to allocate 749456 bytes for Chunk::new
# Possible reasons:
#   The system is out of physical RAM or swap space
#   The process is running with CompressedOops enabled, and the Java Heap may be blocking the growth of the native heap
# Possible solutions:
#   Reduce memory load on the system
#   Increase physical memory or swap space
#   Check if swap backing store is full
#   Decrease Java heap size (-Xmx/-Xms)
#   Decrease number of Java threads
#   Decrease Java thread stack sizes (-Xss)
#   Set larger code cache with -XX:ReservedCodeCacheSize=
#   JVM is running with Unscaled Compressed Oops mode in which the Java heap is
#     placed in the first 4GB address space. The Java Heap base address is the
#     maximum limit for the native heap growth. Please use -XX:HeapBaseMinAddress
#     to set the Java Heap base and to place the Java Heap above 4GB virtual address.
# This output file may be truncated or incomplete.
#
#  Out of Memory Error (./open/src/hotspot/share/memory/arena.cpp:197), pid=31504, tid=35872
#
# JRE version: Java(TM) SE Runtime Environment 18.9 (11.0.19+9) (build 11.0.19+9-LTS-224)
# Java VM: Java HotSpot(TM) 64-Bit Server VM 18.9 (11.0.19+9-LTS-224, mixed mode, tiered, compressed oops, g1 gc, windows-amd64)
# No core dump will be written. Minidumps are not enabled by default on client versions of Windows
#

---------------  S U M M A R Y ------------

Command Line: -Xmx64m -Xms64m -Dorg.gradle.appname=gradlew org.gradle.wrapper.GradleWrapperMain app:installDebug -PreactNativeDevServerPort=8081

Host: Intel(R) Core(TM) i7-2670QM CPU @ 2.20GHz, 8 cores, 7G,  Windows 10 , 64 bit Build 19041 (10.0.19041.2913)
Time: Thu May 18 16:28:28 2023 Nepal Standard Time elapsed time: 127.177508 seconds (0d 0h 2m 7s)

---------------  T H R E A D  ---------------

Current thread (0x0000023adf294000):  JavaThread "C2 CompilerThread0" daemon [_thread_in_native, id=35872, stack(0x000000ecdb200000,0x000000ecdb300000)]


Current CompileTask:
C2: 127177 1228       4       java.util.HashSet::add (20 bytes)

Stack: [0x000000ecdb200000,0x000000ecdb300000]
Native frames: (J=compiled Java code, j=interpreted, Vv=VM code, C=native code)
V  [jvm.dll+0x65fe1a]
V  [jvm.dll+0x7a2bbf]
V  [jvm.dll+0x7a4289]
V  [jvm.dll+0x7a4923]
V  [jvm.dll+0x258a25]
V  [jvm.dll+0xb29cc]
V  [jvm.dll+0xb2f8c]
V  [jvm.dll+0x3670df]
V  [jvm.dll+0x32fdf5]
V  [jvm.dll+0x32f1da]
V  [jvm.dll+0x21172d]
V  [jvm.dll+0x2106f8]
V  [jvm.dll+0x18c841]
V  [jvm.dll+0x220989]
V  [jvm.dll+0x21ecac]
V  [jvm.dll+0x766921]
V  [jvm.dll+0x75f2e4]
V  [jvm.dll+0x65ecc5]
C  [ucrtbase.dll+0x21bb2]
C  [KERNEL32.DLL+0x17614]
C  [ntdll.dll+0x526a1]


---------------  P R O C E S S  ---------------

Threads class SMR info:
_java_thread_list=0x0000023ae04939c0, length=11, elements={
0x0000023ac5432800, 0x0000023adf21d800, 0x0000023adf226800, 0x0000023adf28f800,
0x0000023adf291800, 0x0000023adf293000, 0x0000023adf294000, 0x0000023adf23a800,
0x0000023adf23b800, 0x0000023adf4ea800, 0x0000023ae0211800
}

Java Threads: ( => current thread )
  0x0000023ac5432800 JavaThread "main" [_thread_in_Java, id=33768, stack(0x000000ecda600000,0x000000ecda700000)]
  0x0000023adf21d800 JavaThread "Reference Handler" daemon [_thread_blocked, id=30000, stack(0x000000ecdad00000,0x000000ecdae00000)]
  0x0000023adf226800 JavaThread "Finalizer" daemon [_thread_blocked, id=44536, stack(0x000000ecdae00000,0x000000ecdaf00000)]
  0x0000023adf28f800 JavaThread "Signal Dispatcher" daemon [_thread_blocked, id=45368, stack(0x000000ecdaf00000,0x000000ecdb000000)]
  0x0000023adf291800 JavaThread "Attach Listener" daemon [_thread_blocked, id=45740, stack(0x000000ecdb000000,0x000000ecdb100000)]
  0x0000023adf293000 JavaThread "Service Thread" daemon [_thread_blocked, id=40076, stack(0x000000ecdb100000,0x000000ecdb200000)]
=>0x0000023adf294000 JavaThread "C2 CompilerThread0" daemon [_thread_in_native, id=35872, stack(0x000000ecdb200000,0x000000ecdb300000)]
  0x0000023adf23a800 JavaThread "C1 CompilerThread0" daemon [_thread_blocked, id=39044, stack(0x000000ecdb300000,0x000000ecdb400000)]
  0x0000023adf23b800 JavaThread "Sweeper thread" daemon [_thread_blocked, id=13280, stack(0x000000ecdb400000,0x000000ecdb500000)]
  0x0000023adf4ea800 JavaThread "Common-Cleaner" daemon [_thread_blocked, id=34840, stack(0x000000ecdb600000,0x000000ecdb700000)]
  0x0000023ae0211800 JavaThread "pool-1-thread-1" [_thread_blocked, id=42384, stack(0x000000ecda400000,0x000000ecda500000)]

Other Threads:
  0x0000023adf1f9800 VMThread "VM Thread" [stack: 0x000000ecdac00000,0x000000ecdad00000] [id=12664]
  0x0000023adf4e7800 WatcherThread [stack: 0x000000ecdb500000,0x000000ecdb600000] [id=40536]
  0x0000023ac5445000 GCTaskThread "GC Thread#0" [stack: 0x000000ecda700000,0x000000ecda800000] [id=12616]
  0x0000023adffbe800 GCTaskThread "GC Thread#1" [stack: 0x000000ecda300000,0x000000ecda400000] [id=43492]
  0x0000023ac544f000 ConcurrentGCThread "G1 Main Marker" [stack: 0x000000ecda800000,0x000000ecda900000] [id=12632]
  0x0000023ac5451000 ConcurrentGCThread "G1 Conc#0" [stack: 0x000000ecda900000,0x000000ecdaa00000] [id=12636]
  0x0000023ac54b5800 ConcurrentGCThread "G1 Refine#0" [stack: 0x000000ecdaa00000,0x000000ecdab00000] [id=28564]
  0x0000023ac54b6800 ConcurrentGCThread "G1 Young RemSet Sampling" [stack: 0x000000ecdab00000,0x000000ecdac00000] [id=32832]

Threads with active compile tasks:
C2 CompilerThread0   127239 1228       4       java.util.HashSet::add (20 bytes)

VM state:not at safepoint (normal execution)

VM Mutex/Monitor currently owned by a thread: None

Heap address: 0x00000000fc000000, size: 64 MB, Compressed Oops mode: 32-bit
Narrow klass base: 0x0000000000000000, Narrow klass shift: 3
Compressed class space size: 1073741824 Address: 0x0000000100000000

Heap:
 garbage-first heap   total 65536K, used 25720K [0x00000000fc000000, 0x0000000100000000)
  region size 1024K, 20 young (20480K), 3 survivors (3072K)
 Metaspace       used 14433K, capacity 14676K, committed 14848K, reserved 1062912K
  class space    used 1661K, capacity 1771K, committed 1792K, reserved 1048576K
Heap Regions: E=young(eden), S=young(survivor), O=old, HS=humongous(starts), HC=humongous(continues), CS=collection set, F=free, A=archive, TAMS=top-at-mark-start (previous, next)
|   0|0x00000000fc000000, 0x00000000fc000000, 0x00000000fc100000|  0%| F|  |TAMS 0x00000000fc000000, 0x00000000fc000000| Untracked 
|   1|0x00000000fc100000, 0x00000000fc100000, 0x00000000fc200000|  0%| F|  |TAMS 0x00000000fc100000, 0x00000000fc100000| Untracked 
|   2|0x00000000fc200000, 0x00000000fc200000, 0x00000000fc300000|  0%| F|  |TAMS 0x00000000fc200000, 0x00000000fc200000| Untracked 
|   3|0x00000000fc300000, 0x00000000fc400000, 0x00000000fc400000|100%|HS|  |TAMS 0x00000000fc300000, 0x00000000fc300000| Complete 
|   4|0x00000000fc400000, 0x00000000fc500000, 0x00000000fc500000|100%|HC|  |TAMS 0x00000000fc400000, 0x00000000fc400000| Complete 
|   5|0x00000000fc500000, 0x00000000fc600000, 0x00000000fc600000|100%|HC|  |TAMS 0x00000000fc500000, 0x00000000fc500000| Complete 
|   6|0x00000000fc600000, 0x00000000fc700000, 0x00000000fc700000|100%| O|  |TAMS 0x00000000fc600000, 0x00000000fc600000| Untracked 
|   7|0x00000000fc700000, 0x00000000fc800000, 0x00000000fc800000|100%| O|  |TAMS 0x00000000fc700000, 0x00000000fc700000| Untracked 
|   8|0x00000000fc800000, 0x00000000fc900000, 0x00000000fc900000|100%| O|  |TAMS 0x00000000fc800000, 0x00000000fc800000| Untracked 
|   9|0x00000000fc900000, 0x00000000fc91e000, 0x00000000fca00000| 11%| O|  |TAMS 0x00000000fc900000, 0x00000000fc900000| Untracked 
|  10|0x00000000fca00000, 0x00000000fca00000, 0x00000000fcb00000|  0%| F|  |TAMS 0x00000000fca00000, 0x00000000fca00000| Untracked 
|  11|0x00000000fcb00000, 0x00000000fcb00000, 0x00000000fcc00000|  0%| F|  |TAMS 0x00000000fcb00000, 0x00000000fcb00000| Untracked 
|  12|0x00000000fcc00000, 0x00000000fcc00000, 0x00000000fcd00000|  0%| F|  |TAMS 0x00000000fcc00000, 0x00000000fcc00000| Untracked 
|  13|0x00000000fcd00000, 0x00000000fcd00000, 0x00000000fce00000|  0%| F|  |TAMS 0x00000000fcd00000, 0x00000000fcd00000| Untracked 
|  14|0x00000000fce00000, 0x00000000fce00000, 0x00000000fcf00000|  0%| F|  |TAMS 0x00000000fce00000, 0x00000000fce00000| Untracked 
|  15|0x00000000fcf00000, 0x00000000fcf00000, 0x00000000fd000000|  0%| F|  |TAMS 0x00000000fcf00000, 0x00000000fcf00000| Untracked 
|  16|0x00000000fd000000, 0x00000000fd000000, 0x00000000fd100000|  0%| F|  |TAMS 0x00000000fd000000, 0x00000000fd000000| Untracked 
|  17|0x00000000fd100000, 0x00000000fd100000, 0x00000000fd200000|  0%| F|  |TAMS 0x00000000fd100000, 0x00000000fd100000| Untracked 
|  18|0x00000000fd200000, 0x00000000fd200000, 0x00000000fd300000|  0%| F|  |TAMS 0x00000000fd200000, 0x00000000fd200000| Untracked 
|  19|0x00000000fd300000, 0x00000000fd300000, 0x00000000fd400000|  0%| F|  |TAMS 0x00000000fd300000, 0x00000000fd300000| Untracked 
|  20|0x00000000fd400000, 0x00000000fd400000, 0x00000000fd500000|  0%| F|  |TAMS 0x00000000fd400000, 0x00000000fd400000| Untracked 
|  21|0x00000000fd500000, 0x00000000fd500000, 0x00000000fd600000|  0%| F|  |TAMS 0x00000000fd500000, 0x00000000fd500000| Untracked 
|  22|0x00000000fd600000, 0x00000000fd600000, 0x00000000fd700000|  0%| F|  |TAMS 0x00000000fd600000, 0x00000000fd600000| Untracked 
|  23|0x00000000fd700000, 0x00000000fd700000, 0x00000000fd800000|  0%| F|  |TAMS 0x00000000fd700000, 0x00000000fd700000| Untracked 
|  24|0x00000000fd800000, 0x00000000fd800000, 0x00000000fd900000|  0%| F|  |TAMS 0x00000000fd800000, 0x00000000fd800000| Untracked 
|  25|0x00000000fd900000, 0x00000000fd900000, 0x00000000fda00000|  0%| F|  |TAMS 0x00000000fd900000, 0x00000000fd900000| Untracked 
|  26|0x00000000fda00000, 0x00000000fda00000, 0x00000000fdb00000|  0%| F|  |TAMS 0x00000000fda00000, 0x00000000fda00000| Untracked 
|  27|0x00000000fdb00000, 0x00000000fdb00000, 0x00000000fdc00000|  0%| F|  |TAMS 0x00000000fdb00000, 0x00000000fdb00000| Untracked 
|  28|0x00000000fdc00000, 0x00000000fdc00000, 0x00000000fdd00000|  0%| F|  |TAMS 0x00000000fdc00000, 0x00000000fdc00000| Untracked 
|  29|0x00000000fdd00000, 0x00000000fdd00000, 0x00000000fde00000|  0%| F|  |TAMS 0x00000000fdd00000, 0x00000000fdd00000| Untracked 
|  30|0x00000000fde00000, 0x00000000fde00000, 0x00000000fdf00000|  0%| F|  |TAMS 0x00000000fde00000, 0x00000000fde00000| Untracked 
|  31|0x00000000fdf00000, 0x00000000fdf00000, 0x00000000fe000000|  0%| F|  |TAMS 0x00000000fdf00000, 0x00000000fdf00000| Untracked 
|  32|0x00000000fe000000, 0x00000000fe000000, 0x00000000fe100000|  0%| F|  |TAMS 0x00000000fe000000, 0x00000000fe000000| Untracked 
|  33|0x00000000fe100000, 0x00000000fe100000, 0x00000000fe200000|  0%| F|  |TAMS 0x00000000fe100000, 0x00000000fe100000| Untracked 
|  34|0x00000000fe200000, 0x00000000fe200000, 0x00000000fe300000|  0%| F|  |TAMS 0x00000000fe200000, 0x00000000fe200000| Untracked 
|  35|0x00000000fe300000, 0x00000000fe300000, 0x00000000fe400000|  0%| F|  |TAMS 0x00000000fe300000, 0x00000000fe300000| Untracked 
|  36|0x00000000fe400000, 0x00000000fe400000, 0x00000000fe500000|  0%| F|  |TAMS 0x00000000fe400000, 0x00000000fe400000| Untracked 
|  37|0x00000000fe500000, 0x00000000fe600000, 0x00000000fe600000|100%| S|CS|TAMS 0x00000000fe500000, 0x00000000fe500000| Complete 
|  38|0x00000000fe600000, 0x00000000fe700000, 0x00000000fe700000|100%| S|CS|TAMS 0x00000000fe600000, 0x00000000fe600000| Complete 
|  39|0x00000000fe700000, 0x00000000fe800000, 0x00000000fe800000|100%| S|CS|TAMS 0x00000000fe700000, 0x00000000fe700000| Complete 
|  40|0x00000000fe800000, 0x00000000fe800000, 0x00000000fe900000|  0%| F|  |TAMS 0x00000000fe800000, 0x00000000fe800000| Untracked 
|  41|0x00000000fe900000, 0x00000000fe900000, 0x00000000fea00000|  0%| F|  |TAMS 0x00000000fe900000, 0x00000000fe900000| Untracked 
|  42|0x00000000fea00000, 0x00000000fea00000, 0x00000000feb00000|  0%| F|  |TAMS 0x00000000fea00000, 0x00000000fea00000| Untracked 
|  43|0x00000000feb00000, 0x00000000feb00000, 0x00000000fec00000|  0%| F|  |TAMS 0x00000000feb00000, 0x00000000feb00000| Untracked 
|  44|0x00000000fec00000, 0x00000000fec00000, 0x00000000fed00000|  0%| F|  |TAMS 0x00000000fec00000, 0x00000000fec00000| Untracked 
|  45|0x00000000fed00000, 0x00000000fed00000, 0x00000000fee00000|  0%| F|  |TAMS 0x00000000fed00000, 0x00000000fed00000| Untracked 
|  46|0x00000000fee00000, 0x00000000fee00000, 0x00000000fef00000|  0%| F|  |TAMS 0x00000000fee00000, 0x00000000fee00000| Untracked 
|  47|0x00000000fef00000, 0x00000000fefc3130, 0x00000000ff000000| 76%| E|  |TAMS 0x00000000fef00000, 0x00000000fef00000| Complete 
|  48|0x00000000ff000000, 0x00000000ff100000, 0x00000000ff100000|100%| E|CS|TAMS 0x00000000ff000000, 0x00000000ff000000| Complete 
|  49|0x00000000ff100000, 0x00000000ff200000, 0x00000000ff200000|100%| E|CS|TAMS 0x00000000ff100000, 0x00000000ff100000| Complete 
|  50|0x00000000ff200000, 0x00000000ff300000, 0x00000000ff300000|100%| E|CS|TAMS 0x00000000ff200000, 0x00000000ff200000| Complete 
|  51|0x00000000ff300000, 0x00000000ff400000, 0x00000000ff400000|100%| E|CS|TAMS 0x00000000ff300000, 0x00000000ff300000| Complete 
|  52|0x00000000ff400000, 0x00000000ff500000, 0x00000000ff500000|100%| E|CS|TAMS 0x00000000ff400000, 0x00000000ff400000| Complete 
|  53|0x00000000ff500000, 0x00000000ff600000, 0x00000000ff600000|100%| E|CS|TAMS 0x00000000ff500000, 0x00000000ff500000| Complete 
|  54|0x00000000ff600000, 0x00000000ff700000, 0x00000000ff700000|100%| E|CS|TAMS 0x00000000ff600000, 0x00000000ff600000| Complete 
|  55|0x00000000ff700000, 0x00000000ff800000, 0x00000000ff800000|100%| E|CS|TAMS 0x00000000ff700000, 0x00000000ff700000| Complete 
|  56|0x00000000ff800000, 0x00000000ff900000, 0x00000000ff900000|100%| E|CS|TAMS 0x00000000ff800000, 0x00000000ff800000| Complete 
|  57|0x00000000ff900000, 0x00000000ffa00000, 0x00000000ffa00000|100%| E|CS|TAMS 0x00000000ff900000, 0x00000000ff900000| Complete 
|  58|0x00000000ffa00000, 0x00000000ffb00000, 0x00000000ffb00000|100%| E|CS|TAMS 0x00000000ffa00000, 0x00000000ffa00000| Complete 
|  59|0x00000000ffb00000, 0x00000000ffc00000, 0x00000000ffc00000|100%| E|CS|TAMS 0x00000000ffb00000, 0x00000000ffb00000| Complete 
|  60|0x00000000ffc00000, 0x00000000ffd00000, 0x00000000ffd00000|100%| E|CS|TAMS 0x00000000ffc00000, 0x00000000ffc00000| Complete 
|  61|0x00000000ffd00000, 0x00000000ffe00000, 0x00000000ffe00000|100%| E|CS|TAMS 0x00000000ffd00000, 0x00000000ffd00000| Complete 
|  62|0x00000000ffe00000, 0x00000000fff00000, 0x00000000fff00000|100%| E|CS|TAMS 0x00000000ffe00000, 0x00000000ffe00000| Complete 
|  63|0x00000000fff00000, 0x0000000100000000, 0x0000000100000000|100%| E|CS|TAMS 0x00000000fff00000, 0x00000000fff00000| Complete 

Card table byte_map: [0x0000023ac5390000,0x0000023ac53b0000] _byte_map_base: 0x0000023ac4bb0000

Marking Bits (Prev, Next): (CMBitMap*) 0x0000023ac544ccc8, (CMBitMap*) 0x0000023ac544cd00
 Prev Bits: [0x0000023adbe40000, 0x0000023adbf40000)
 Next Bits: [0x0000023adbf40000, 0x0000023adc040000)

Polling page: 0x0000023ac4c10000

Metaspace:

Usage:
  Non-class:     12.60 MB capacity,    12.47 MB ( 99%) used,   112.66 KB ( <1%) free+waste,    19.81 KB ( <1%) overhead. 
      Class:      1.73 MB capacity,     1.62 MB ( 94%) used,    99.81 KB (  6%) free+waste,    10.12 KB ( <1%) overhead. 
       Both:     14.33 MB capacity,    14.10 MB ( 98%) used,   212.48 KB (  1%) free+waste,    29.94 KB ( <1%) overhead. 

Virtual space:
  Non-class space:       14.00 MB reserved,      12.75 MB ( 91%) committed 
      Class space:        1.00 GB reserved,       1.75 MB ( <1%) committed 
             Both:        1.01 GB reserved,      14.50 MB (  1%) committed 

Chunk freelists:
   Non-Class:  2.88 KB
       Class:  2.62 KB
        Both:  5.50 KB

CodeHeap 'non-profiled nmethods': size=120000Kb used=477Kb max_used=477Kb free=119522Kb
 bounds [0x0000023ad45e0000, 0x0000023ad4850000, 0x0000023adbb10000]
CodeHeap 'profiled nmethods': size=120000Kb used=2422Kb max_used=2422Kb free=117577Kb
 bounds [0x0000023acd0b0000, 0x0000023acd320000, 0x0000023ad45e0000]
CodeHeap 'non-nmethods': size=5760Kb used=1096Kb max_used=1108Kb free=4663Kb
 bounds [0x0000023accb10000, 0x0000023accd80000, 0x0000023acd0b0000]
 total_blobs=1666 nmethods=1256 adapters=322
 compilation: enabled
              stopped_count=0, restarted_count=0
 full_count=0

Compilation events (10 events):
Event: 127.148 Thread 0x0000023adf23a800 1257       3       sun.util.locale.LocaleUtils::isEmpty (19 bytes)
Event: 127.148 Thread 0x0000023adf23a800 nmethod 1257 0x0000023acd309f90 code [0x0000023acd30a140, 0x0000023acd30a368]
Event: 127.148 Thread 0x0000023adf23a800 1259       3       sun.util.locale.BaseLocale$Key::<init> (106 bytes)
Event: 127.149 Thread 0x0000023adf23a800 nmethod 1259 0x0000023acd30a410 code [0x0000023acd30a620, 0x0000023acd30adf8]
Event: 127.149 Thread 0x0000023adf23a800 1255       1       sun.util.locale.LanguageTag::getPrivateuse (5 bytes)
Event: 127.149 Thread 0x0000023adf23a800 nmethod 1255 0x0000023ad4657310 code [0x0000023ad46574a0, 0x0000023ad4657558]
Event: 127.149 Thread 0x0000023adf23a800 1263       3       sun.util.locale.LocaleObjectCache::get (126 bytes)
Event: 127.151 Thread 0x0000023adf23a800 nmethod 1263 0x0000023acd30b010 code [0x0000023acd30b2e0, 0x0000023acd30c868]
Event: 127.151 Thread 0x0000023adf23a800 1264       3       sun.util.locale.LocaleObjectCache::cleanStaleEntries (34 bytes)
Event: 127.152 Thread 0x0000023adf23a800 nmethod 1264 0x0000023acd30ce10 code [0x0000023acd30d000, 0x0000023acd30d698]

GC Heap History (2 events):
Event: 93.076 GC heap before
{Heap before GC invocations=0 (full 0):
 garbage-first heap   total 65536K, used 29696K [0x00000000fc000000, 0x0000000100000000)
  region size 1024K, 24 young (24576K), 0 survivors (0K)
 Metaspace       used 10121K, capacity 10354K, committed 10624K, reserved 1058816K
  class space    used 1035K, capacity 1131K, committed 1152K, reserved 1048576K
}
Event: 93.160 GC heap after
{Heap after GC invocations=1 (full 0):
 garbage-first heap   total 65536K, used 9336K [0x00000000fc000000, 0x0000000100000000)
  region size 1024K, 3 young (3072K), 3 survivors (3072K)
 Metaspace       used 10121K, capacity 10354K, committed 10624K, reserved 1058816K
  class space    used 1035K, capacity 1131K, committed 1152K, reserved 1048576K
}

Deoptimization events (10 events):
Event: 88.008 Thread 0x0000023ac5432800 Uncommon trap: reason=bimorphic_or_optimized_type_check action=maybe_recompile pc=0x0000023ad460fdcc method=java.util.HashMap.putVal(ILjava/lang/Object;Ljava/lang/Object;ZZ)Ljava/lang/Object; @ 91 c2
Event: 88.008 Thread 0x0000023ac5432800 Uncommon trap: reason=bimorphic_or_optimized_type_check action=maybe_recompile pc=0x0000023ad460fdcc method=java.util.HashMap.putVal(ILjava/lang/Object;Ljava/lang/Object;ZZ)Ljava/lang/Object; @ 91 c2
Event: 92.711 Thread 0x0000023ac5432800 Uncommon trap: reason=unstable_if action=reinterpret pc=0x0000023ad461e2a8 method=java.io.WinNTFileSystem.normalize(Ljava/lang/String;)Ljava/lang/String; @ 40 c2
Event: 92.766 Thread 0x0000023ac5432800 Uncommon trap: reason=unstable_if action=reinterpret pc=0x0000023ad45fbae8 method=java.util.regex.Matcher.reset()Ljava/util/regex/Matcher; @ 47 c2
Event: 92.767 Thread 0x0000023ac5432800 Uncommon trap: reason=class_check action=maybe_recompile pc=0x0000023ad45fc5f8 method=java.util.regex.Matcher.match(II)Z @ 121 c2
Event: 92.767 Thread 0x0000023ac5432800 Uncommon trap: reason=class_check action=maybe_recompile pc=0x0000023ad45fc5f8 method=java.util.regex.Matcher.match(II)Z @ 121 c2
Event: 92.769 Thread 0x0000023ac5432800 Uncommon trap: reason=class_check action=maybe_recompile pc=0x0000023ad45fc5f8 method=java.util.regex.Matcher.match(II)Z @ 121 c2
Event: 92.769 Thread 0x0000023ac5432800 Uncommon trap: reason=class_check action=maybe_recompile pc=0x0000023ad45fc5f8 method=java.util.regex.Matcher.match(II)Z @ 121 c2
Event: 98.293 Thread 0x0000023ac5432800 Uncommon trap: reason=unstable_if action=reinterpret pc=0x0000023ad462b340 method=java.util.HashMap.getNode(ILjava/lang/Object;)Ljava/util/HashMap$Node; @ 129 c2
Event: 127.096 Thread 0x0000023ac5432800 Uncommon trap: reason=unstable_if action=reinterpret pc=0x0000023ad463d70c method=java.util.concurrent.ConcurrentHashMap.putVal(Ljava/lang/Object;Ljava/lang/Object;Z)Ljava/lang/Object; @ 256 c2

Classes redefined (0 events):
No events

Internal exceptions (10 events):
Event: 12.175 Thread 0x0000023ac5432800 Exception <a 'java/lang/NoSuchMethodError'{0x00000000ffbbe830}: java.lang.invoke.DirectMethodHandle$Holder.invokeSpecial(Ljava/lang/Object;Ljava/lang/Object;Ljava/lang/Object;Ljava/lang/Object;)I> (0x00000000ffbbe830) thrown at [./open/src/hotspot/share/i
Event: 12.193 Thread 0x0000023ac5432800 Exception <a 'java/lang/NoSuchMethodError'{0x00000000ffbf6fc0}: java.lang.invoke.DirectMethodHandle$Holder.invokeSpecialIFC(Ljava/lang/Object;Ljava/lang/Object;I)I> (0x00000000ffbf6fc0) thrown at [./open/src/hotspot/share/interpreter/linkResolver.cpp, lin
Event: 93.070 Thread 0x0000023ac5432800 Exception <a 'java/lang/NoClassDefFoundError'{0x00000000fe8e9628}: org/slf4j/impl/StaticMarkerBinder> (0x00000000fe8e9628) thrown at [./open/src/hotspot/share/classfile/systemDictionary.cpp, line 215]
Event: 93.213 Thread 0x0000023ac5432800 Exception <a 'java/lang/NoSuchMethodError'{0x00000000fffe7be8}: java.lang.invoke.DirectMethodHandle$Holder.invokeVirtual(Ljava/lang/Object;Ljava/lang/Object;Ljava/lang/Object;Ljava/lang/Object;Ljava/lang/Object;Ljava/lang/Object;Ljava/lang/Object;)Ljava/l
Event: 93.768 Thread 0x0000023ac5432800 Exception <a 'java/lang/NoSuchMethodError'{0x00000000ffffbd48}: java.lang.invoke.Invokers$Holder.invoker(Ljava/lang/Object;Ljava/lang/Object;Ljava/lang/Object;)Ljava/lang/Object;> (0x00000000ffffbd48) thrown at [./open/src/hotspot/share/interpreter/linkRe
Event: 93.777 Thread 0x0000023ac5432800 Exception <a 'java/lang/NoSuchMethodError'{0x00000000ffe0d558}: java.lang.invoke.DelegatingMethodHandle$Holder.delegate(Ljava/lang/Object;Ljava/lang/Object;ILjava/lang/Object;)V> (0x00000000ffe0d558) thrown at [./open/src/hotspot/share/interpreter/linkRes
Event: 95.962 Thread 0x0000023ac5432800 Exception <a 'java/lang/NoSuchMethodError'{0x00000000ff9ef6b8}: java.lang.invoke.DirectMethodHandle$Holder.invokeInterface(Ljava/lang/Object;Ljava/lang/Object;Ljava/lang/Object;)Ljava/lang/Object;> (0x00000000ff9ef6b8) thrown at [./open/src/hotspot/share/
Event: 96.789 Thread 0x0000023ac5432800 Exception <a 'java/lang/NoSuchMethodError'{0x00000000ff6887f8}: java.lang.invoke.DirectMethodHandle$Holder.invokeStaticInit(Ljava/lang/Object;Ljava/lang/Object;Ljava/lang/Object;)Ljava/lang/Object;> (0x00000000ff6887f8) thrown at [./open/src/hotspot/share
Event: 98.357 Thread 0x0000023ac5432800 Exception <a 'java/lang/NoSuchMethodError'{0x00000000ff16ac20}: java.lang.invoke.DirectMethodHandle$Holder.invokeStaticInit(Ljava/lang/Object;IIII)Ljava/lang/Object;> (0x00000000ff16ac20) thrown at [./open/src/hotspot/share/interpreter/linkResolver.cpp, l
Event: 112.432 Thread 0x0000023ac5432800 Exception <a 'java/lang/NoSuchMethodError'{0x00000000ff1a90d0}: java.lang.invoke.DirectMethodHandle$Holder.invokeStaticInit(Ljava/lang/Object;Ljava/lang/Object;IIII)Ljava/lang/Object;> (0x00000000ff1a90d0) thrown at [./open/src/hotspot/share/interpreter/l

Events (10 events):
Event: 127.125 loading class sun/util/locale/provider/LocaleServiceProviderPool$LocalizedObjectGetter done
Event: 127.125 loading class sun/util/locale/provider/CalendarDataUtility$CalendarWeekParameterGetter done
Event: 127.125 loading class java/util/ResourceBundle$NoFallbackControl
Event: 127.125 loading class java/util/ResourceBundle$SingleFormatControl
Event: 127.125 loading class java/util/ResourceBundle$SingleFormatControl done
Event: 127.125 loading class java/util/ResourceBundle$NoFallbackControl done
Event: 127.126 loading class sun/util/cldr/CLDRCalendarDataProviderImpl
Event: 127.126 loading class sun/util/locale/provider/CalendarDataProviderImpl
Event: 127.126 loading class sun/util/locale/provider/CalendarDataProviderImpl done
Event: 127.126 loading class sun/util/cldr/CLDRCalendarDataProviderImpl done


Dynamic libraries:
0x00007ff749650000 - 0x00007ff749660000 	D:\Program Files\Java\bin\java.exe
0x00007ffda7f30000 - 0x00007ffda8128000 	C:\Windows\SYSTEM32\ntdll.dll
0x00007ffda7b20000 - 0x00007ffda7bdf000 	C:\Windows\System32\KERNEL32.DLL
0x00007ffda5680000 - 0x00007ffda5976000 	C:\Windows\System32\KERNELBASE.dll
0x00007ffda5a20000 - 0x00007ffda5b20000 	C:\Windows\System32\ucrtbase.dll
0x00007ffd90750000 - 0x00007ffd90769000 	D:\Program Files\Java\bin\jli.dll
0x00007ffda62b0000 - 0x00007ffda635f000 	C:\Windows\System32\ADVAPI32.dll
0x00007ffda6500000 - 0x00007ffda659e000 	C:\Windows\System32\msvcrt.dll
0x00007ffda6c10000 - 0x00007ffda6cac000 	C:\Windows\System32\sechost.dll
0x00007ffda5ff0000 - 0x00007ffda6116000 	C:\Windows\System32\RPCRT4.dll
0x00007ffd85a20000 - 0x00007ffd85a3b000 	D:\Program Files\Java\bin\VCRUNTIME140.dll
0x00007ffda7d50000 - 0x00007ffda7eed000 	C:\Windows\System32\USER32.dll
0x00007ffda5f60000 - 0x00007ffda5f82000 	C:\Windows\System32\win32u.dll
0x00007ffda61f0000 - 0x00007ffda621c000 	C:\Windows\System32\GDI32.dll
0x00007ffda5b20000 - 0x00007ffda5c35000 	C:\Windows\System32\gdi32full.dll
0x00007ffda5980000 - 0x00007ffda5a1d000 	C:\Windows\System32\msvcp_win.dll
0x00007ffd98f80000 - 0x00007ffd9921a000 	C:\Windows\WinSxS\amd64_microsoft.windows.common-controls_6595b64144ccf1df_6.0.19041.1110_none_60b5254171f9507e\COMCTL32.dll
0x00007ffd9cf10000 - 0x00007ffd9cf1a000 	C:\Windows\SYSTEM32\VERSION.dll
0x00007ffda7af0000 - 0x00007ffda7b20000 	C:\Windows\System32\IMM32.DLL
0x00007ffd9f630000 - 0x00007ffd9f63c000 	D:\Program Files\Java\bin\vcruntime140_1.dll
0x00007ffd803c0000 - 0x00007ffd8044e000 	D:\Program Files\Java\bin\msvcp140.dll
0x00007ffd52ab0000 - 0x00007ffd5361c000 	D:\Program Files\Java\bin\server\jvm.dll
0x00007ffda61e0000 - 0x00007ffda61e8000 	C:\Windows\System32\PSAPI.DLL
0x00007ffd946c0000 - 0x00007ffd946c9000 	C:\Windows\SYSTEM32\WSOCK32.dll
0x00007ffda6490000 - 0x00007ffda64fb000 	C:\Windows\System32\WS2_32.dll
0x00007ffd98bf0000 - 0x00007ffd98c17000 	C:\Windows\SYSTEM32\WINMM.dll
0x00007ffda34d0000 - 0x00007ffda34e2000 	C:\Windows\SYSTEM32\kernel.appcore.dll
0x00007ffd8ea80000 - 0x00007ffd8ea90000 	D:\Program Files\Java\bin\verify.dll
0x00007ffd924b0000 - 0x00007ffd92694000 	C:\Windows\SYSTEM32\DBGHELP.DLL
0x00007ffd92400000 - 0x00007ffd92434000 	C:\Windows\SYSTEM32\dbgcore.DLL
0x00007ffda5c40000 - 0x00007ffda5cc2000 	C:\Windows\System32\bcryptPrimitives.dll
0x00007ffd809d0000 - 0x00007ffd809f8000 	D:\Program Files\Java\bin\java.dll
0x00007ffd8e490000 - 0x00007ffd8e49a000 	D:\Program Files\Java\bin\jimage.dll
0x00007ffd809b0000 - 0x00007ffd809c7000 	D:\Program Files\Java\bin\zip.dll
0x00007ffda6f10000 - 0x00007ffda7654000 	C:\Windows\System32\SHELL32.dll
0x00007ffda36d0000 - 0x00007ffda3e63000 	C:\Windows\SYSTEM32\windows.storage.dll
0x00007ffda6770000 - 0x00007ffda6ac4000 	C:\Windows\System32\combase.dll
0x00007ffda5070000 - 0x00007ffda509e000 	C:\Windows\SYSTEM32\Wldp.dll
0x00007ffda65a0000 - 0x00007ffda664d000 	C:\Windows\System32\SHCORE.dll
0x00007ffda6180000 - 0x00007ffda61d5000 	C:\Windows\System32\shlwapi.dll
0x00007ffda5550000 - 0x00007ffda556f000 	C:\Windows\SYSTEM32\profapi.dll
0x00007ffd80850000 - 0x00007ffd80869000 	D:\Program Files\Java\bin\net.dll
0x00007ffd9d120000 - 0x00007ffd9d22a000 	C:\Windows\SYSTEM32\WINHTTP.dll
0x00007ffda4dd0000 - 0x00007ffda4e3a000 	C:\Windows\system32\mswsock.dll
0x00007ffd80830000 - 0x00007ffd80842000 	D:\Program Files\Java\bin\nio.dll
0x00007ffd8fa20000 - 0x00007ffd8fa47000 	C:\Users\sony\.gradle\native\e1d6ef7f7dcc3fd88c89a11ec53ec762bb8ba0a96d01ffa2cd45eb1d1d8dd5c5\windows-amd64\native-platform.dll
0x00007ffd87a60000 - 0x00007ffd87a69000 	D:\Program Files\Java\bin\management.dll
0x00007ffd85db0000 - 0x00007ffd85dbb000 	D:\Program Files\Java\bin\management_ext.dll
0x00007ffda4fc0000 - 0x00007ffda4fd8000 	C:\Windows\SYSTEM32\CRYPTSP.dll
0x00007ffda4680000 - 0x00007ffda46b4000 	C:\Windows\system32\rsaenh.dll
0x00007ffda5cd0000 - 0x00007ffda5cf7000 	C:\Windows\System32\bcrypt.dll
0x00007ffda5510000 - 0x00007ffda553e000 	C:\Windows\SYSTEM32\USERENV.dll
0x00007ffda4fe0000 - 0x00007ffda4fec000 	C:\Windows\SYSTEM32\CRYPTBASE.dll
0x00007ffda4a70000 - 0x00007ffda4aac000 	C:\Windows\SYSTEM32\IPHLPAPI.DLL
0x00007ffda7ae0000 - 0x00007ffda7ae8000 	C:\Windows\System32\NSI.dll
0x00007ffd9d5c0000 - 0x00007ffd9d5d7000 	C:\Windows\SYSTEM32\dhcpcsvc6.DLL
0x00007ffd9dfb0000 - 0x00007ffd9dfcd000 	C:\Windows\SYSTEM32\dhcpcsvc.DLL
0x00007ffda4ac0000 - 0x00007ffda4b8b000 	C:\Windows\SYSTEM32\DNSAPI.dll

dbghelp: loaded successfully - version: 4.0.5 - missing functions: none
symbol engine: initialized successfully - sym options: 0x614 - pdb path: .;D:\Program Files\Java\bin;C:\Windows\SYSTEM32;C:\Windows\WinSxS\amd64_microsoft.windows.common-controls_6595b64144ccf1df_6.0.19041.1110_none_60b5254171f9507e;D:\Program Files\Java\bin\server;C:\Users\sony\.gradle\native\e1d6ef7f7dcc3fd88c89a11ec53ec762bb8ba0a96d01ffa2cd45eb1d1d8dd5c5\windows-amd64

VM Arguments:
jvm_args: -Xmx64m -Xms64m -Dorg.gradle.appname=gradlew 
java_command: org.gradle.wrapper.GradleWrapperMain app:installDebug -PreactNativeDevServerPort=8081
java_class_path (initial): D:\\LoginApp\\dtrgApp2\\Dtrg\\android\\\\gradle\\wrapper\\gradle-wrapper.jar
Launcher Type: SUN_STANDARD

[Global flags]
     intx CICompilerCount                          = 4                                         {product} {ergonomic}
     uint ConcGCThreads                            = 2                                         {product} {ergonomic}
     uint G1ConcRefinementThreads                  = 8                                         {product} {ergonomic}
   size_t G1HeapRegionSize                         = 1048576                                   {product} {ergonomic}
    uintx GCDrainStackTargetSize                   = 64                                        {product} {ergonomic}
   size_t InitialHeapSize                          = 67108864                                  {product} {command line}
   size_t MarkStackSize                            = 4194304                                   {product} {ergonomic}
   size_t MaxHeapSize                              = 67108864                                  {product} {command line}
   size_t MaxNewSize                               = 39845888                                  {product} {ergonomic}
   size_t MinHeapDeltaBytes                        = 1048576                                   {product} {ergonomic}
    uintx NonNMethodCodeHeapSize                   = 5836300                                {pd product} {ergonomic}
    uintx NonProfiledCodeHeapSize                  = 122910970                              {pd product} {ergonomic}
    uintx ProfiledCodeHeapSize                     = 122910970                              {pd product} {ergonomic}
    uintx ReservedCodeCacheSize                    = 251658240                              {pd product} {ergonomic}
     bool SegmentedCodeCache                       = true                                      {product} {ergonomic}
     bool UseCompressedClassPointers               = true                                 {lp64_product} {ergonomic}
     bool UseCompressedOops                        = true                                 {lp64_product} {ergonomic}
     bool UseG1GC                                  = true                                      {product} {ergonomic}
     bool UseLargePagesIndividualAllocation        = false                                  {pd product} {ergonomic}

Logging:
Log output configuration:
 #0: stdout all=warning uptime,level,tags
 #1: stderr all=off uptime,level,tags

Environment Variables:
CLASSPATH=D:\LoginApp\dtrgApp2\Dtrg\android\\gradle\wrapper\gradle-wrapper.jar
PATH=D:\LoginApp\dtrgApp2\Dtrg\android\node_modules\.bin;D:\LoginApp\dtrgApp2\Dtrg\node_modules\.bin;D:\LoginApp\dtrgApp2\node_modules\.bin;D:\LoginApp\node_modules\.bin;D:\node_modules\.bin;C:\Program Files\nodejs;D:\LoginApp\dtrgApp2\Dtrg\node_modules\.bin;D:\LoginApp\dtrgApp2\Dtrg\node_modules\.bin;D:\LoginApp\dtrgApp2\node_modules\.bin;D:\LoginApp\node_modules\.bin;D:\node_modules\.bin;C:\Users\sony\AppData\Roaming\npm\node_modules\npm\node_modules\@npmcli\run-script\lib\node-gyp-bin;D:\LoginApp\dtrgApp2\Dtrg\node_modules\.bin;D:\LoginApp\dtrgApp2\node_modules\.bin;D:\LoginApp\node_modules\.bin;D:\node_modules\.bin;C:\Program Files\nodejs;D:\LoginApp\dtrgApp2\Dtrg\node_modules\.bin;D:\LoginApp\dtrgApp2\node_modules\.bin;D:\LoginApp\node_modules\.bin;D:\node_modules\.bin;C:\Users\sony\AppData\Roaming\npm\node_modules\npm\node_modules\@npmcli\run-script\lib\node-gyp-bin;C:\Program Files\Common Files\Oracle\Java\javapath;C:\Windows\system32;C:\Windows;C:\Windows\System32\Wbem;C:\Windows\System32\WindowsPowerShell\v1.0\;C:\Windows\System32\OpenSSH\;C:\Program Files\Microsoft SQL Server\150\Tools\Binn\;C:\Program Files\Microsoft SQL Server\Client SDK\ODBC\170\Tools\Binn\;C:\Program Files\dotnet\;C:\Program Files\TortoiseSVN\bin;C:\Program Files\nodejs\;C:\Users\sony\AppData\Local\Microsoft\WindowsApps;C:\Users\sony\AppData\Local\Programs\Microsoft VS Code\bin;C:\Users\sony\.dotnet\tools;C:\Users\sony\AppData\Local\Android\Sdk\platform-tools;C:\Users\sony\AppData\Roaming\npm
USERNAME=sony
OS=Windows_NT
PROCESSOR_IDENTIFIER=Intel64 Family 6 Model 42 Stepping 7, GenuineIntel



---------------  S Y S T E M  ---------------

OS: Windows 10 , 64 bit Build 19041 (10.0.19041.2913)

CPU:total 8 (initial active 8) (4 cores per cpu, 2 threads per core) family 6 model 42 stepping 7 microcode 0x2f, cmov, cx8, fxsr, mmx, sse, sse2, sse3, ssse3, sse4.1, sse4.2, popcnt, avx, aes, clmul, ht, tsc, tscinvbit

Memory: 4k page, system-wide physical 8173M (138M free)
TotalPageFile size 32749M (AvailPageFile size 0M)
current process WorkingSet (physical memory assigned to process): 62M, peak: 75M
current process commit charge ("private bytes"): 160M, peak: 162M

vm_info: Java HotSpot(TM) 64-Bit Server VM (11.0.19+9-LTS-224) for windows-amd64 JRE (11.0.19+9-LTS-224), built on Mar 27 2023 08:48:55 by "mach5one" with MS VC++ 17.1 (VS2022)

END.
