#
# There is insufficient memory for the Java Runtime Environment to continue.
# Native memory allocation (mmap) failed to map 32505856 bytes for Failed to commit area from 0x0000000089a00000 to 0x000000008b900000 of length 32505856.
# Possible reasons:
#   The system is out of physical RAM or swap space
#   The process is running with CompressedOops enabled, and the Java Heap may be blocking the growth of the native heap
# Possible solutions:
#   Reduce memory load on the system
#   Increase physical memory or swap space
#   Check if swap backing store is full
#   Decrease Java heap size (-Xmx/-Xms)
#   Decrease number of Java threads
#   Decrease Java thread stack sizes (-Xss)
#   Set larger code cache with -XX:ReservedCodeCacheSize=
#   JVM is running with Unscaled Compressed Oops mode in which the Java heap is
#     placed in the first 4GB address space. The Java Heap base address is the
#     maximum limit for the native heap growth. Please use -XX:HeapBaseMinAddress
#     to set the Java Heap base and to place the Java Heap above 4GB virtual address.
# This output file may be truncated or incomplete.
#
#  Out of Memory Error (./open/src/hotspot/os/windows/os_windows.cpp:3292), pid=7752, tid=27280
#
# JRE version: Java(TM) SE Runtime Environment 18.9 (11.0.19+9) (build 11.0.19+9-LTS-224)
# Java VM: Java HotSpot(TM) 64-Bit Server VM 18.9 (11.0.19+9-LTS-224, mixed mode, tiered, compressed oops, g1 gc, windows-amd64)
# No core dump will be written. Minidumps are not enabled by default on client versions of Windows
#

---------------  S U M M A R Y ------------

Command Line: -XX:MaxMetaspaceSize=512m --add-opens=java.base/java.util=ALL-UNNAMED --add-opens=java.base/java.lang=ALL-UNNAMED --add-opens=java.base/java.lang.invoke=ALL-UNNAMED --add-opens=java.base/java.util=ALL-UNNAMED --add-opens=java.prefs/java.util.prefs=ALL-UNNAMED --add-opens=java.prefs/java.util.prefs=ALL-UNNAMED --add-opens=java.base/java.nio.charset=ALL-UNNAMED --add-opens=java.base/java.net=ALL-UNNAMED --add-opens=java.base/java.util.concurrent.atomic=ALL-UNNAMED -Xmx2048m -Dfile.encoding=windows-1252 -Duser.country=US -Duser.language=en -Duser.variant org.gradle.launcher.daemon.bootstrap.GradleDaemon 7.5.1

Host: Intel(R) Core(TM) i7-2670QM CPU @ 2.20GHz, 8 cores, 7G,  Windows 10 , 64 bit Build 19041 (10.0.19041.2913)
Time: Thu May 18 16:28:27 2023 Nepal Standard Time elapsed time: 666.019292 seconds (0d 0h 11m 6s)

---------------  T H R E A D  ---------------

Current thread (0x000001fbfeb0d000):  VMThread "VM Thread" [stack: 0x000000707ab00000,0x000000707ac00000] [id=27280]

Stack: [0x000000707ab00000,0x000000707ac00000]
[error occurred during error reporting (printing stack bounds), id 0xc0000005, EXCEPTION_ACCESS_VIOLATION (0xc0000005) at pc=0x000001fbe81c0f2d]

Native frames: (J=compiled Java code, j=interpreted, Vv=VM code, C=native code)
V  [jvm.dll+0x65fe1a]
V  [jvm.dll+0x7a2bbf]
V  [jvm.dll+0x7a4289]
V  [jvm.dll+0x7a4885]
V  [jvm.dll+0x7a483b]
V  [jvm.dll+0x65f323]
V  [jvm.dll+0x65fa18]
C  [ntdll.dll+0xa23df]
C  [ntdll.dll+0x514a4]
C  [ntdll.dll+0xa0f0e]
C  0x000001fbe81c0f2d

VM_Operation (0x000000707bdf6d50): G1CollectForAllocation, mode: safepoint, requested by thread 0x000001fb809dc000


---------------  P R O C E S S  ---------------

Threads class SMR info:
_java_thread_list=0x000001fb891bcc80, length=135, elements={
0x000001fbe0ae3800, 0x000001fbfeb11000, 0x000001fbfeb12000, 0x000001fbfeb2e800,
0x000001fbfeb30800, 0x000001fbfeb31800, 0x000001fbfeb34800, 0x000001fbfeb36800,
0x000001fbff4dc800, 0x000001fbff554800, 0x000001fb823dd800, 0x000001fb82113800,
0x000001fb82498000, 0x000001fb81708000, 0x000001fb80f17000, 0x000001fb80fdf800,
0x000001fb809dc000, 0x000001fb818be800, 0x000001fb80d9d000, 0x000001fb8141a800,
0x000001fb81415000, 0x000001fb8141b800, 0x000001fb81415800, 0x000001fb81419800,
0x000001fb81417800, 0x000001fb81416800, 0x000001fb81418000, 0x000001fb83983800,
0x000001fb83980800, 0x000001fb83981000, 0x000001fb83984800, 0x000001fb83982800,
0x000001fb8397f800, 0x000001fb83987000, 0x000001fb83987800, 0x000001fb83982000,
0x000001fb8398c800, 0x000001fb8398b000, 0x000001fb8398d800, 0x000001fb83988800,
0x000001fb83989800, 0x000001fb8398a000, 0x000001fb8398b800, 0x000001fb81419000,
0x000001fb81ced000, 0x000001fb81ce7000, 0x000001fb81ced800, 0x000001fb81ce9800,
0x000001fb81ce8800, 0x000001fb81ce8000, 0x000001fb81ceb000, 0x000001fb81cec000,
0x000001fb81cea800, 0x000001fb82750800, 0x000001fb8274f800, 0x000001fb82751800,
0x000001fb82752000, 0x000001fb82753000, 0x000001fb82754000, 0x000001fb8274e000,
0x000001fb82754800, 0x000001fb8274f000, 0x000001fb82759800, 0x000001fb82756000,
0x000001fb8275b000, 0x000001fb8275a800, 0x000001fb82757000, 0x000001fb82755800,
0x000001fb82758000, 0x000001fb82758800, 0x000001fb8275c800, 0x000001fb8275c000,
0x000001fb84076800, 0x000001fb84077000, 0x000001fb84074800, 0x000001fb84075800,
0x000001fb84078000, 0x000001fb84072800, 0x000001fb84073000, 0x000001fb8407d000,
0x000001fb8407a800, 0x000001fb84079800, 0x000001fb8407c000, 0x000001fb8407d800,
0x000001fb8407b000, 0x000001fb8407e800, 0x000001fb8407f800, 0x000001fb84080000,
0x000001fb81a69800, 0x000001fb81a6d000, 0x000001fb81a70800, 0x000001fb81a6a800,
0x000001fb81a71000, 0x000001fb81a6e000, 0x000001fb81a6b800, 0x000001fb81a6f800,
0x000001fb81a72000, 0x000001fb81a6e800, 0x000001fb81a6c000, 0x000001fb81a76000,
0x000001fb81a77000, 0x000001fb81a75000, 0x000001fb81a77800, 0x000001fb81a72800,
0x000001fb81a74800, 0x000001fb81a78800, 0x000001fb81a73800, 0x000001fb81fc3800,
0x000001fb81fc5000, 0x000001fb81fc5800, 0x000001fb81fc6800, 0x000001fb81fc7800,
0x000001fb81fc8000, 0x000001fb81fc4000, 0x000001fb81fc2800, 0x000001fb81fcb800,
0x000001fb81fca000, 0x000001fb81fcc800, 0x000001fb81fca800, 0x000001fb81fcd000,
0x000001fb81fce800, 0x000001fb81fce000, 0x000001fb81fc9000, 0x000001fb81fd1000,
0x000001fb81fcf800, 0x000001fb81fd0800, 0x000001fb822e9000, 0x000001fb822ea800,
0x000001fb822eb800, 0x000001fb822ec800, 0x000001fb822ed000, 0x000001fb822ee000,
0x000001fb822ef000, 0x000001fb822ef800, 0x000001fb822ea000
}

Java Threads: ( => current thread )
  0x000001fbe0ae3800 JavaThread "main" [_thread_blocked, id=26992, stack(0x000000707a500000,0x000000707a600000)]
  0x000001fbfeb11000 JavaThread "Reference Handler" daemon [_thread_blocked, id=27448, stack(0x000000707ac00000,0x000000707ad00000)]
  0x000001fbfeb12000 JavaThread "Finalizer" daemon [_thread_blocked, id=27452, stack(0x000000707ad00000,0x000000707ae00000)]
  0x000001fbfeb2e800 JavaThread "Signal Dispatcher" daemon [_thread_blocked, id=27572, stack(0x000000707ae00000,0x000000707af00000)]
  0x000001fbfeb30800 JavaThread "Attach Listener" daemon [_thread_blocked, id=27576, stack(0x000000707af00000,0x000000707b000000)]
  0x000001fbfeb31800 JavaThread "Service Thread" daemon [_thread_blocked, id=27580, stack(0x000000707b000000,0x000000707b100000)]
  0x000001fbfeb34800 JavaThread "C2 CompilerThread0" daemon [_thread_in_native, id=27584, stack(0x000000707b100000,0x000000707b200000)]
  0x000001fbfeb36800 JavaThread "C1 CompilerThread0" daemon [_thread_blocked, id=22152, stack(0x000000707b200000,0x000000707b300000)]
  0x000001fbff4dc800 JavaThread "Sweeper thread" daemon [_thread_blocked, id=12080, stack(0x000000707b300000,0x000000707b400000)]
  0x000001fbff554800 JavaThread "Common-Cleaner" daemon [_thread_blocked, id=10872, stack(0x000000707b400000,0x000000707b500000)]
  0x000001fb823dd800 JavaThread "Daemon health stats" [_thread_blocked, id=32728, stack(0x000000707a400000,0x000000707a500000)]
  0x000001fb82113800 JavaThread "Incoming local TCP Connector on port 51949" [_thread_in_native, id=13516, stack(0x000000707b600000,0x000000707b700000)]
  0x000001fb82498000 JavaThread "Daemon periodic checks" [_thread_blocked, id=3412, stack(0x000000707b700000,0x000000707b800000)]
  0x000001fb81708000 JavaThread "Daemon" [_thread_blocked, id=19340, stack(0x000000707ba00000,0x000000707bb00000)]
  0x000001fb80f17000 JavaThread "Handler for socket connection from /127.0.0.1:51949 to /127.0.0.1:51961" [_thread_in_native, id=28248, stack(0x000000707bb00000,0x000000707bc00000)]
  0x000001fb80fdf800 JavaThread "Cancel handler" [_thread_blocked, id=28552, stack(0x000000707bc00000,0x000000707bd00000)]
  0x000001fb809dc000 JavaThread "Daemon worker" [_thread_blocked, id=32860, stack(0x000000707bd00000,0x000000707be00000)]
  0x000001fb818be800 JavaThread "Asynchronous log dispatcher for DefaultDaemonConnection: socket connection from /127.0.0.1:51949 to /127.0.0.1:51961" [_thread_blocked, id=32876, stack(0x000000707be00000,0x000000707bf00000)]
  0x000001fb80d9d000 JavaThread "Stdin handler" [_thread_blocked, id=32880, stack(0x000000707bf00000,0x000000707c000000)]
  0x000001fb8141a800 JavaThread "Daemon client event forwarder" [_thread_blocked, id=32948, stack(0x000000707c000000,0x000000707c100000)]
  0x000001fb81415000 JavaThread "Cache worker for journal cache (C:\Users\sony\.gradle\caches\journal-1)" [_thread_blocked, id=33024, stack(0x000000707c100000,0x000000707c200000)]
  0x000001fb8141b800 JavaThread "File lock request listener" [_thread_in_native, id=33136, stack(0x000000707c700000,0x000000707c800000)]
  0x000001fb81415800 JavaThread "Cache worker for file hash cache (C:\Users\sony\.gradle\caches\7.5.1\fileHashes)" [_thread_blocked, id=33292, stack(0x000000707c800000,0x000000707c900000)]
  0x000001fb81419800 JavaThread "File watcher server" daemon [_thread_in_native, id=33448, stack(0x000000707cb00000,0x000000707cc00000)]
  0x000001fb81417800 JavaThread "File watcher consumer" daemon [_thread_blocked, id=33464, stack(0x000000707cc00000,0x000000707cd00000)]
  0x000001fb81416800 JavaThread "Cache worker for checksums cache (D:\LoginApp\dtrgApp2\Dtrg\android\.gradle\7.5.1\checksums)" [_thread_blocked, id=33520, stack(0x000000707cd00000,0x000000707ce00000)]
  0x000001fb81418000 JavaThread "Cache worker for cache directory md-rule (C:\Users\sony\.gradle\caches\7.5.1\md-rule)" [_thread_blocked, id=33600, stack(0x000000707ce00000,0x000000707cf00000)]
  0x000001fb83983800 JavaThread "Cache worker for file content cache (C:\Users\sony\.gradle\caches\7.5.1\fileContent)" [_thread_blocked, id=33604, stack(0x000000707cf00000,0x000000707d000000)]
  0x000001fb83980800 JavaThread "Cache worker for file hash cache (D:\LoginApp\dtrgApp2\Dtrg\android\.gradle\7.5.1\fileHashes)" [_thread_blocked, id=33668, stack(0x000000707d000000,0x000000707d100000)]
  0x000001fb83981000 JavaThread "Cache worker for cache directory md-supplier (C:\Users\sony\.gradle\caches\7.5.1\md-supplier)" [_thread_blocked, id=33720, stack(0x000000707d100000,0x000000707d200000)]
  0x000001fb83984800 JavaThread "Cache worker for execution history cache (C:\Users\sony\.gradle\caches\7.5.1\executionHistory)" [_thread_blocked, id=14852, stack(0x000000707d200000,0x000000707d300000)]
  0x000001fb83982800 JavaThread "jar transforms" [_thread_blocked, id=4484, stack(0x000000707d300000,0x000000707d400000)]
  0x000001fb8397f800 JavaThread "jar transforms Thread 2" [_thread_blocked, id=29612, stack(0x000000707d400000,0x000000707d500000)]
  0x000001fb83987000 JavaThread "jar transforms Thread 3" [_thread_blocked, id=31752, stack(0x000000707d500000,0x000000707d600000)]
  0x000001fb83987800 JavaThread "jar transforms Thread 4" [_thread_blocked, id=30732, stack(0x000000707d600000,0x000000707d700000)]
  0x000001fb83982000 JavaThread "Cache worker for kotlin-dsl (C:\Users\sony\.gradle\caches\7.5.1\kotlin-dsl)" [_thread_blocked, id=33560, stack(0x000000707ca00000,0x000000707cb00000)]
  0x000001fb8398c800 JavaThread "jar transforms Thread 5" [_thread_blocked, id=36640, stack(0x000000707b800000,0x000000707b900000)]
  0x000001fb8398b000 JavaThread "jar transforms Thread 6" [_thread_blocked, id=36384, stack(0x000000707d800000,0x000000707d900000)]
  0x000001fb8398d800 JavaThread "Cache worker for dependencies-accessors (D:\LoginApp\dtrgApp2\Dtrg\android\.gradle\7.5.1\dependencies-accessors)" [_thread_blocked, id=11592, stack(0x000000707d900000,0x000000707da00000)]
  0x000001fb83988800 JavaThread "Cache worker for Build Output Cleanup Cache (D:\LoginApp\dtrgApp2\Dtrg\node_modules\react-native-gradle-plugin\.gradle\buildOutputCleanup)" [_thread_blocked, id=17836, stack(0x000000707da00000,0x000000707db00000)]
  0x000001fb83989800 JavaThread "jar transforms Thread 7" [_thread_blocked, id=12540, stack(0x000000707db00000,0x000000707dc00000)]
  0x000001fb8398a000 JavaThread "Unconstrained build operations" [_thread_blocked, id=38260, stack(0x000000707dc00000,0x000000707dd00000)]
  0x000001fb8398b800 JavaThread "Unconstrained build operations Thread 2" [_thread_blocked, id=38264, stack(0x000000707dd00000,0x000000707de00000)]
  0x000001fb81419000 JavaThread "Unconstrained build operations Thread 3" [_thread_blocked, id=38268, stack(0x000000707de00000,0x000000707df00000)]
  0x000001fb81ced000 JavaThread "Unconstrained build operations Thread 4" [_thread_blocked, id=38272, stack(0x000000707df00000,0x000000707e000000)]
  0x000001fb81ce7000 JavaThread "Unconstrained build operations Thread 5" [_thread_blocked, id=38276, stack(0x000000707e000000,0x000000707e100000)]
  0x000001fb81ced800 JavaThread "Unconstrained build operations Thread 6" [_thread_blocked, id=38280, stack(0x000000707e100000,0x000000707e200000)]
  0x000001fb81ce9800 JavaThread "Unconstrained build operations Thread 7" [_thread_blocked, id=38284, stack(0x000000707e200000,0x000000707e300000)]
  0x000001fb81ce8800 JavaThread "Unconstrained build operations Thread 8" [_thread_blocked, id=38288, stack(0x000000707e300000,0x000000707e400000)]
  0x000001fb81ce8000 JavaThread "Unconstrained build operations Thread 9" [_thread_blocked, id=38292, stack(0x000000707e400000,0x000000707e500000)]
  0x000001fb81ceb000 JavaThread "Unconstrained build operations Thread 10" [_thread_blocked, id=38296, stack(0x000000707e500000,0x000000707e600000)]
  0x000001fb81cec000 JavaThread "Unconstrained build operations Thread 11" [_thread_blocked, id=38300, stack(0x000000707e600000,0x000000707e700000)]
  0x000001fb81cea800 JavaThread "Unconstrained build operations Thread 12" [_thread_blocked, id=38304, stack(0x000000707e700000,0x000000707e800000)]
  0x000001fb82750800 JavaThread "Unconstrained build operations Thread 13" [_thread_blocked, id=38308, stack(0x000000707e800000,0x000000707e900000)]
  0x000001fb8274f800 JavaThread "Unconstrained build operations Thread 14" [_thread_blocked, id=38312, stack(0x000000707e900000,0x000000707ea00000)]
  0x000001fb82751800 JavaThread "Unconstrained build operations Thread 15" [_thread_blocked, id=38316, stack(0x000000707ea00000,0x000000707eb00000)]
  0x000001fb82752000 JavaThread "Unconstrained build operations Thread 16" [_thread_blocked, id=38320, stack(0x000000707eb00000,0x000000707ec00000)]
  0x000001fb82753000 JavaThread "Unconstrained build operations Thread 17" [_thread_blocked, id=38324, stack(0x000000707ec00000,0x000000707ed00000)]
  0x000001fb82754000 JavaThread "Unconstrained build operations Thread 18" [_thread_blocked, id=38328, stack(0x000000707ed00000,0x000000707ee00000)]
  0x000001fb8274e000 JavaThread "Unconstrained build operations Thread 19" [_thread_blocked, id=38332, stack(0x000000707ee00000,0x000000707ef00000)]
  0x000001fb82754800 JavaThread "Unconstrained build operations Thread 20" [_thread_blocked, id=38336, stack(0x000000707ef00000,0x000000707f000000)]
  0x000001fb8274f000 JavaThread "Unconstrained build operations Thread 21" [_thread_blocked, id=38340, stack(0x000000707f000000,0x000000707f100000)]
  0x000001fb82759800 JavaThread "Unconstrained build operations Thread 22" [_thread_blocked, id=38344, stack(0x000000707f100000,0x000000707f200000)]
  0x000001fb82756000 JavaThread "Unconstrained build operations Thread 23" [_thread_blocked, id=38348, stack(0x000000707f200000,0x000000707f300000)]
  0x000001fb8275b000 JavaThread "Unconstrained build operations Thread 24" [_thread_blocked, id=38352, stack(0x000000707f300000,0x000000707f400000)]
  0x000001fb8275a800 JavaThread "Unconstrained build operations Thread 25" [_thread_blocked, id=38356, stack(0x000000707f400000,0x000000707f500000)]
  0x000001fb82757000 JavaThread "Unconstrained build operations Thread 26" [_thread_blocked, id=38360, stack(0x000000707f500000,0x000000707f600000)]
  0x000001fb82755800 JavaThread "Unconstrained build operations Thread 27" [_thread_blocked, id=38364, stack(0x000000707f600000,0x000000707f700000)]
  0x000001fb82758000 JavaThread "Unconstrained build operations Thread 28" [_thread_blocked, id=38368, stack(0x000000707f700000,0x000000707f800000)]
  0x000001fb82758800 JavaThread "Unconstrained build operations Thread 29" [_thread_blocked, id=38372, stack(0x000000707f800000,0x000000707f900000)]
  0x000001fb8275c800 JavaThread "Unconstrained build operations Thread 30" [_thread_blocked, id=38376, stack(0x000000707f900000,0x000000707fa00000)]
  0x000001fb8275c000 JavaThread "Unconstrained build operations Thread 31" [_thread_blocked, id=38380, stack(0x000000707fa00000,0x000000707fb00000)]
  0x000001fb84076800 JavaThread "Unconstrained build operations Thread 32" [_thread_blocked, id=38384, stack(0x000000707fb00000,0x000000707fc00000)]
  0x000001fb84077000 JavaThread "Unconstrained build operations Thread 33" [_thread_blocked, id=38388, stack(0x000000707fc00000,0x000000707fd00000)]
  0x000001fb84074800 JavaThread "jar transforms Thread 8" [_thread_blocked, id=39256, stack(0x000000707b900000,0x000000707ba00000)]
  0x000001fb84075800 JavaThread "build event listener" [_thread_blocked, id=39896, stack(0x000000707fd00000,0x000000707fe00000)]
  0x000001fb84078000 JavaThread "Memory manager" [_thread_blocked, id=38508, stack(0x000000707fe00000,0x000000707ff00000)]
  0x000001fb84072800 JavaThread "Cache worker for Build Output Cleanup Cache (D:\LoginApp\dtrgApp2\Dtrg\android\.gradle\buildOutputCleanup)" [_thread_blocked, id=41136, stack(0x000000707ff00000,0x0000007080000000)]
  0x000001fb84073000 JavaThread "Execution worker" [_thread_blocked, id=41584, stack(0x0000007000100000,0x0000007000200000)]
  0x000001fb8407d000 JavaThread "Execution worker Thread 2" [_thread_blocked, id=41588, stack(0x0000007000200000,0x0000007000300000)]
  0x000001fb8407a800 JavaThread "Execution worker Thread 3" [_thread_blocked, id=41592, stack(0x0000007000300000,0x0000007000400000)]
  0x000001fb84079800 JavaThread "Execution worker Thread 4" [_thread_blocked, id=41596, stack(0x0000007000400000,0x0000007000500000)]
  0x000001fb8407c000 JavaThread "Execution worker Thread 5" [_thread_blocked, id=41600, stack(0x0000007000500000,0x0000007000600000)]
  0x000001fb8407d800 JavaThread "Execution worker Thread 6" [_thread_blocked, id=41604, stack(0x0000007000600000,0x0000007000700000)]
  0x000001fb8407b000 JavaThread "Execution worker Thread 7" [_thread_blocked, id=41608, stack(0x0000007000700000,0x0000007000800000)]
  0x000001fb8407e800 JavaThread "Cache worker for execution history cache (D:\LoginApp\dtrgApp2\Dtrg\node_modules\react-native-gradle-plugin\.gradle\7.5.1\executionHistory)" [_thread_blocked, id=41824, stack(0x0000007000800000,0x0000007000900000)]
  0x000001fb8407f800 JavaThread "Unconstrained build operations Thread 34" [_thread_blocked, id=22248, stack(0x0000007000900000,0x0000007000a00000)]
  0x000001fb84080000 JavaThread "Unconstrained build operations Thread 35" [_thread_blocked, id=15420, stack(0x0000007000a00000,0x0000007000b00000)]
  0x000001fb81a69800 JavaThread "Unconstrained build operations Thread 36" [_thread_blocked, id=38708, stack(0x0000007000b00000,0x0000007000c00000)]
  0x000001fb81a6d000 JavaThread "Unconstrained build operations Thread 37" [_thread_blocked, id=39696, stack(0x0000007000c00000,0x0000007000d00000)]
  0x000001fb81a70800 JavaThread "Unconstrained build operations Thread 38" [_thread_blocked, id=38600, stack(0x0000007000d00000,0x0000007000e00000)]
  0x000001fb81a6a800 JavaThread "Unconstrained build operations Thread 39" [_thread_blocked, id=38596, stack(0x0000007000e00000,0x0000007000f00000)]
  0x000001fb81a71000 JavaThread "Unconstrained build operations Thread 40" [_thread_blocked, id=14812, stack(0x0000007000f00000,0x0000007001000000)]
  0x000001fb81a6e000 JavaThread "Unconstrained build operations Thread 41" [_thread_blocked, id=33288, stack(0x0000007001000000,0x0000007001100000)]
  0x000001fb81a6b800 JavaThread "Unconstrained build operations Thread 42" [_thread_blocked, id=14624, stack(0x0000007001100000,0x0000007001200000)]
  0x000001fb81a6f800 JavaThread "Unconstrained build operations Thread 43" [_thread_blocked, id=35008, stack(0x0000007001200000,0x0000007001300000)]
  0x000001fb81a72000 JavaThread "Unconstrained build operations Thread 44" [_thread_blocked, id=40832, stack(0x0000007001300000,0x0000007001400000)]
  0x000001fb81a6e800 JavaThread "Unconstrained build operations Thread 45" [_thread_blocked, id=33268, stack(0x0000007001400000,0x0000007001500000)]
  0x000001fb81a6c000 JavaThread "Unconstrained build operations Thread 46" [_thread_blocked, id=21568, stack(0x0000007001500000,0x0000007001600000)]
  0x000001fb81a76000 JavaThread "Unconstrained build operations Thread 47" [_thread_blocked, id=37868, stack(0x0000007001600000,0x0000007001700000)]
  0x000001fb81a77000 JavaThread "Unconstrained build operations Thread 48" [_thread_blocked, id=38024, stack(0x0000007001700000,0x0000007001800000)]
  0x000001fb81a75000 JavaThread "Unconstrained build operations Thread 49" [_thread_blocked, id=38032, stack(0x0000007001800000,0x0000007001900000)]
  0x000001fb81a77800 JavaThread "Unconstrained build operations Thread 50" [_thread_blocked, id=38524, stack(0x0000007001900000,0x0000007001a00000)]
  0x000001fb81a72800 JavaThread "Unconstrained build operations Thread 51" [_thread_blocked, id=12676, stack(0x0000007001a00000,0x0000007001b00000)]
  0x000001fb81a74800 JavaThread "Unconstrained build operations Thread 52" [_thread_blocked, id=38800, stack(0x0000007001b00000,0x0000007001c00000)]
  0x000001fb81a78800 JavaThread "Unconstrained build operations Thread 53" [_thread_blocked, id=2240, stack(0x0000007001c00000,0x0000007001d00000)]
  0x000001fb81a73800 JavaThread "Unconstrained build operations Thread 54" [_thread_blocked, id=6180, stack(0x0000007001d00000,0x0000007001e00000)]
  0x000001fb81fc3800 JavaThread "Unconstrained build operations Thread 55" [_thread_blocked, id=41796, stack(0x0000007001e00000,0x0000007001f00000)]
  0x000001fb81fc5000 JavaThread "Unconstrained build operations Thread 56" [_thread_blocked, id=41100, stack(0x0000007001f00000,0x0000007002000000)]
  0x000001fb81fc5800 JavaThread "Unconstrained build operations Thread 57" [_thread_blocked, id=8056, stack(0x0000007002000000,0x0000007002100000)]
  0x000001fb81fc6800 JavaThread "Unconstrained build operations Thread 58" [_thread_blocked, id=40816, stack(0x0000007002100000,0x0000007002200000)]
  0x000001fb81fc7800 JavaThread "Unconstrained build operations Thread 59" [_thread_blocked, id=40704, stack(0x0000007002200000,0x0000007002300000)]
  0x000001fb81fc8000 JavaThread "Unconstrained build operations Thread 60" [_thread_blocked, id=40492, stack(0x0000007002300000,0x0000007002400000)]
  0x000001fb81fc4000 JavaThread "Unconstrained build operations Thread 61" [_thread_blocked, id=39820, stack(0x0000007002400000,0x0000007002500000)]
  0x000001fb81fc2800 JavaThread "Unconstrained build operations Thread 62" [_thread_blocked, id=40236, stack(0x0000007002500000,0x0000007002600000)]
  0x000001fb81fcb800 JavaThread "Unconstrained build operations Thread 63" [_thread_blocked, id=2268, stack(0x0000007002600000,0x0000007002700000)]
  0x000001fb81fca000 JavaThread "Unconstrained build operations Thread 64" [_thread_blocked, id=36060, stack(0x0000007002700000,0x0000007002800000)]
  0x000001fb81fcc800 JavaThread "Unconstrained build operations Thread 65" [_thread_blocked, id=36088, stack(0x0000007002800000,0x0000007002900000)]
  0x000001fb81fca800 JavaThread "Unconstrained build operations Thread 66" [_thread_blocked, id=36092, stack(0x0000007002900000,0x0000007002a00000)]
  0x000001fb81fcd000 JavaThread "Unconstrained build operations Thread 67" [_thread_blocked, id=36096, stack(0x0000007002a00000,0x0000007002b00000)]
  0x000001fb81fce800 JavaThread "Unconstrained build operations Thread 68" [_thread_blocked, id=35976, stack(0x0000007002b00000,0x0000007002c00000)]
  0x000001fb81fce000 JavaThread "Unconstrained build operations Thread 69" [_thread_blocked, id=40696, stack(0x0000007002c00000,0x0000007002d00000)]
  0x000001fb81fc9000 JavaThread "Unconstrained build operations Thread 70" [_thread_blocked, id=40892, stack(0x0000007002d00000,0x0000007002e00000)]
  0x000001fb81fd1000 JavaThread "Unconstrained build operations Thread 71" [_thread_blocked, id=27420, stack(0x0000007002e00000,0x0000007002f00000)]
  0x000001fb81fcf800 JavaThread "Unconstrained build operations Thread 72" [_thread_blocked, id=34748, stack(0x0000007002f00000,0x0000007003000000)]
  0x000001fb81fd0800 JavaThread "Unconstrained build operations Thread 73" [_thread_blocked, id=20456, stack(0x0000007003000000,0x0000007003100000)]
  0x000001fb822e9000 JavaThread "Unconstrained build operations Thread 74" [_thread_blocked, id=30832, stack(0x0000007003100000,0x0000007003200000)]
  0x000001fb822ea800 JavaThread "Unconstrained build operations Thread 75" [_thread_blocked, id=40516, stack(0x0000007003200000,0x0000007003300000)]
  0x000001fb822eb800 JavaThread "Unconstrained build operations Thread 76" [_thread_blocked, id=17308, stack(0x0000007003300000,0x0000007003400000)]
  0x000001fb822ec800 JavaThread "Unconstrained build operations Thread 77" [_thread_blocked, id=41736, stack(0x0000007003400000,0x0000007003500000)]
  0x000001fb822ed000 JavaThread "Unconstrained build operations Thread 78" [_thread_blocked, id=35988, stack(0x0000007003500000,0x0000007003600000)]
  0x000001fb822ee000 JavaThread "Unconstrained build operations Thread 79" [_thread_blocked, id=34220, stack(0x0000007003600000,0x0000007003700000)]
  0x000001fb822ef000 JavaThread "Unconstrained build operations Thread 80" [_thread_blocked, id=11232, stack(0x0000007003700000,0x0000007003800000)]
  0x000001fb822ef800 JavaThread "File lock release action executor Thread 3" [_thread_blocked, id=42788, stack(0x0000007000000000,0x0000007000100000)]
  0x000001fb822ea000 JavaThread "File lock release action executor Thread 4" [_thread_blocked, id=35004, stack(0x0000007003800000,0x0000007003900000)]

Other Threads:
=>0x000001fbfeb0d000 VMThread "VM Thread" [stack: 0x000000707ab00000,0x000000707ac00000] [id=27280]
  0x000001fbff5ca000 WatcherThread [stack: 0x000000707b500000,0x000000707b600000] [id=26488]
  0x000001fbe0afb000 GCTaskThread "GC Thread#0" [stack: 0x000000707a600000,0x000000707a700000] [id=27184]
  0x000001fb80c56000 GCTaskThread "GC Thread#1" [stack: 0x000000707a200000,0x000000707a300000] [id=21728]
  0x000001fb8071d800 GCTaskThread "GC Thread#2" [stack: 0x000000707a300000,0x000000707a400000] [id=7876]
  0x000001fb81b5b000 GCTaskThread "GC Thread#3" [stack: 0x000000707c200000,0x000000707c300000] [id=33032]
  0x000001fb8127d800 GCTaskThread "GC Thread#4" [stack: 0x000000707c300000,0x000000707c400000] [id=33036]
  0x000001fb8127e000 GCTaskThread "GC Thread#5" [stack: 0x000000707c400000,0x000000707c500000] [id=33040]
  0x000001fb80e7e000 GCTaskThread "GC Thread#6" [stack: 0x000000707c500000,0x000000707c600000] [id=33044]
  0x000001fb80e7e800 GCTaskThread "GC Thread#7" [stack: 0x000000707c600000,0x000000707c700000] [id=33048]
  0x000001fbe0b2b000 ConcurrentGCThread "G1 Main Marker" [stack: 0x000000707a700000,0x000000707a800000] [id=27188]
  0x000001fbe0b2c000 ConcurrentGCThread "G1 Conc#0" [stack: 0x000000707a800000,0x000000707a900000] [id=27192]
  0x000001fb8001f800 ConcurrentGCThread "G1 Conc#1" [stack: 0x000000707c900000,0x000000707ca00000] [id=33300]
  0x000001fbfe980800 ConcurrentGCThread "G1 Refine#0" [stack: 0x000000707a900000,0x000000707aa00000] [id=27196]
  0x000001fbfe981800 ConcurrentGCThread "G1 Young RemSet Sampling" [stack: 0x000000707aa00000,0x000000707ab00000] [id=27200]

Threads with active compile tasks:
C2 CompilerThread0   666080 12994       4       org.gradle.internal.serialize.kryo.StringDeduplicatingKryoBackedEncoder::writeNullableString (114 bytes)

VM state:at safepoint (normal execution)

VM Mutex/Monitor currently owned by a thread:  ([mutex/lock_event])
[0x000001fbe0ade680] Threads_lock - owner thread: 0x000001fbfeb0d000
[0x000001fbe0ade050] Heap_lock - owner thread: 0x000001fb809dc000

Heap address: 0x0000000080000000, size: 2048 MB, Compressed Oops mode: 32-bit
Narrow klass base: 0x0000000000000000, Narrow klass shift: 3
Compressed class space size: 528482304 Address: 0x0000000100000000

Heap:
 garbage-first heap   total 189440K, used 136953K [0x0000000080000000, 0x0000000100000000)
  region size 1024K, 1 young (1024K), 1 survivors (1024K)
 Metaspace       used 102811K, capacity 106265K, committed 106496K, reserved 608256K
  class space    used 13657K, capacity 14997K, committed 15104K, reserved 516096K
Heap Regions: E=young(eden), S=young(survivor), O=old, HS=humongous(starts), HC=humongous(continues), CS=collection set, F=free, A=archive, TAMS=top-at-mark-start (previous, next)
|   0|0x0000000080000000, 0x0000000080100000, 0x0000000080100000|100%| O|  |TAMS 0x0000000080100000, 0x0000000080100000| Untracked 
|   1|0x0000000080100000, 0x0000000080200000, 0x0000000080200000|100%| O|  |TAMS 0x0000000080200000, 0x0000000080200000| Untracked 
|   2|0x0000000080200000, 0x0000000080300000, 0x0000000080300000|100%| O|  |TAMS 0x0000000080300000, 0x0000000080300000| Untracked 
|   3|0x0000000080300000, 0x0000000080400000, 0x0000000080400000|100%|HS|  |TAMS 0x0000000080400000, 0x0000000080400000| Complete 
|   4|0x0000000080400000, 0x0000000080500000, 0x0000000080500000|100%|HC|  |TAMS 0x0000000080500000, 0x0000000080500000| Complete 
|   5|0x0000000080500000, 0x0000000080600000, 0x0000000080600000|100%|HC|  |TAMS 0x0000000080600000, 0x0000000080600000| Complete 
|   6|0x0000000080600000, 0x0000000080700000, 0x0000000080700000|100%| O|  |TAMS 0x0000000080700000, 0x0000000080700000| Untracked 
|   7|0x0000000080700000, 0x0000000080800000, 0x0000000080800000|100%| O|  |TAMS 0x0000000080800000, 0x0000000080800000| Untracked 
|   8|0x0000000080800000, 0x0000000080900000, 0x0000000080900000|100%| O|  |TAMS 0x0000000080900000, 0x0000000080900000| Untracked 
|   9|0x0000000080900000, 0x0000000080a00000, 0x0000000080a00000|100%| O|  |TAMS 0x0000000080a00000, 0x0000000080a00000| Untracked 
|  10|0x0000000080a00000, 0x0000000080b00000, 0x0000000080b00000|100%| O|  |TAMS 0x0000000080b00000, 0x0000000080b00000| Untracked 
|  11|0x0000000080b00000, 0x0000000080c00000, 0x0000000080c00000|100%| O|  |TAMS 0x0000000080c00000, 0x0000000080c00000| Untracked 
|  12|0x0000000080c00000, 0x0000000080d00000, 0x0000000080d00000|100%| O|  |TAMS 0x0000000080d00000, 0x0000000080d00000| Untracked 
|  13|0x0000000080d00000, 0x0000000080e00000, 0x0000000080e00000|100%| O|  |TAMS 0x0000000080e00000, 0x0000000080e00000| Untracked 
|  14|0x0000000080e00000, 0x0000000080f00000, 0x0000000080f00000|100%| O|  |TAMS 0x0000000080f00000, 0x0000000080f00000| Untracked 
|  15|0x0000000080f00000, 0x0000000081000000, 0x0000000081000000|100%| O|  |TAMS 0x0000000081000000, 0x0000000081000000| Untracked 
|  16|0x0000000081000000, 0x0000000081100000, 0x0000000081100000|100%| O|  |TAMS 0x0000000081100000, 0x0000000081100000| Untracked 
|  17|0x0000000081100000, 0x0000000081200000, 0x0000000081200000|100%| O|  |TAMS 0x0000000081200000, 0x0000000081200000| Untracked 
|  18|0x0000000081200000, 0x0000000081300000, 0x0000000081300000|100%| O|  |TAMS 0x0000000081300000, 0x0000000081300000| Untracked 
|  19|0x0000000081300000, 0x0000000081400000, 0x0000000081400000|100%| O|  |TAMS 0x0000000081400000, 0x0000000081400000| Untracked 
|  20|0x0000000081400000, 0x0000000081500000, 0x0000000081500000|100%| O|  |TAMS 0x0000000081500000, 0x0000000081500000| Untracked 
|  21|0x0000000081500000, 0x0000000081600000, 0x0000000081600000|100%| O|  |TAMS 0x0000000081600000, 0x0000000081600000| Untracked 
|  22|0x0000000081600000, 0x0000000081700000, 0x0000000081700000|100%| O|  |TAMS 0x0000000081700000, 0x0000000081700000| Untracked 
|  23|0x0000000081700000, 0x0000000081800000, 0x0000000081800000|100%| O|  |TAMS 0x0000000081800000, 0x0000000081800000| Untracked 
|  24|0x0000000081800000, 0x0000000081900000, 0x0000000081900000|100%| O|  |TAMS 0x0000000081900000, 0x0000000081900000| Untracked 
|  25|0x0000000081900000, 0x0000000081a00000, 0x0000000081a00000|100%| O|  |TAMS 0x0000000081a00000, 0x0000000081a00000| Untracked 
|  26|0x0000000081a00000, 0x0000000081b00000, 0x0000000081b00000|100%|HS|  |TAMS 0x0000000081b00000, 0x0000000081b00000| Complete 
|  27|0x0000000081b00000, 0x0000000081c00000, 0x0000000081c00000|100%|HS|  |TAMS 0x0000000081c00000, 0x0000000081c00000| Complete 
|  28|0x0000000081c00000, 0x0000000081d00000, 0x0000000081d00000|100%|HC|  |TAMS 0x0000000081d00000, 0x0000000081d00000| Complete 
|  29|0x0000000081d00000, 0x0000000081e00000, 0x0000000081e00000|100%|HC|  |TAMS 0x0000000081e00000, 0x0000000081e00000| Complete 
|  30|0x0000000081e00000, 0x0000000081f00000, 0x0000000081f00000|100%| O|  |TAMS 0x0000000081f00000, 0x0000000081f00000| Untracked 
|  31|0x0000000081f00000, 0x0000000082000000, 0x0000000082000000|100%| O|  |TAMS 0x0000000082000000, 0x0000000082000000| Untracked 
|  32|0x0000000082000000, 0x0000000082100000, 0x0000000082100000|100%| O|  |TAMS 0x0000000082100000, 0x0000000082100000| Untracked 
|  33|0x0000000082100000, 0x0000000082200000, 0x0000000082200000|100%| O|  |TAMS 0x0000000082200000, 0x0000000082200000| Untracked 
|  34|0x0000000082200000, 0x0000000082300000, 0x0000000082300000|100%| O|  |TAMS 0x0000000082300000, 0x0000000082300000| Untracked 
|  35|0x0000000082300000, 0x0000000082400000, 0x0000000082400000|100%| O|  |TAMS 0x0000000082400000, 0x0000000082400000| Untracked 
|  36|0x0000000082400000, 0x0000000082500000, 0x0000000082500000|100%| O|  |TAMS 0x0000000082500000, 0x0000000082500000| Untracked 
|  37|0x0000000082500000, 0x0000000082600000, 0x0000000082600000|100%| O|  |TAMS 0x0000000082600000, 0x0000000082600000| Untracked 
|  38|0x0000000082600000, 0x0000000082700000, 0x0000000082700000|100%| O|  |TAMS 0x0000000082700000, 0x0000000082700000| Untracked 
|  39|0x0000000082700000, 0x0000000082800000, 0x0000000082800000|100%| O|  |TAMS 0x0000000082800000, 0x0000000082800000| Untracked 
|  40|0x0000000082800000, 0x0000000082900000, 0x0000000082900000|100%| O|  |TAMS 0x0000000082900000, 0x0000000082900000| Untracked 
|  41|0x0000000082900000, 0x0000000082a00000, 0x0000000082a00000|100%| O|  |TAMS 0x0000000082a00000, 0x0000000082a00000| Untracked 
|  42|0x0000000082a00000, 0x0000000082b00000, 0x0000000082b00000|100%| O|  |TAMS 0x0000000082b00000, 0x0000000082b00000| Untracked 
|  43|0x0000000082b00000, 0x0000000082c00000, 0x0000000082c00000|100%|HS|  |TAMS 0x0000000082c00000, 0x0000000082c00000| Complete 
|  44|0x0000000082c00000, 0x0000000082d00000, 0x0000000082d00000|100%|HS|  |TAMS 0x0000000082d00000, 0x0000000082d00000| Complete 
|  45|0x0000000082d00000, 0x0000000082e00000, 0x0000000082e00000|100%| O|  |TAMS 0x0000000082e00000, 0x0000000082e00000| Untracked 
|  46|0x0000000082e00000, 0x0000000082f00000, 0x0000000082f00000|100%|HS|  |TAMS 0x0000000082f00000, 0x0000000082f00000| Complete 
|  47|0x0000000082f00000, 0x0000000083000000, 0x0000000083000000|100%|HC|  |TAMS 0x0000000083000000, 0x0000000083000000| Complete 
|  48|0x0000000083000000, 0x0000000083100000, 0x0000000083100000|100%| O|  |TAMS 0x0000000083100000, 0x0000000083100000| Untracked 
|  49|0x0000000083100000, 0x0000000083200000, 0x0000000083200000|100%| O|  |TAMS 0x0000000083200000, 0x0000000083200000| Untracked 
|  50|0x0000000083200000, 0x0000000083300000, 0x0000000083300000|100%| O|  |TAMS 0x0000000083300000, 0x0000000083300000| Untracked 
|  51|0x0000000083300000, 0x0000000083400000, 0x0000000083400000|100%| O|  |TAMS 0x0000000083400000, 0x0000000083400000| Untracked 
|  52|0x0000000083400000, 0x0000000083500000, 0x0000000083500000|100%| O|  |TAMS 0x0000000083500000, 0x0000000083500000| Untracked 
|  53|0x0000000083500000, 0x0000000083600000, 0x0000000083600000|100%| O|  |TAMS 0x0000000083600000, 0x0000000083600000| Untracked 
|  54|0x0000000083600000, 0x0000000083700000, 0x0000000083700000|100%| O|  |TAMS 0x0000000083700000, 0x0000000083700000| Untracked 
|  55|0x0000000083700000, 0x0000000083800000, 0x0000000083800000|100%| O|  |TAMS 0x0000000083800000, 0x0000000083800000| Untracked 
|  56|0x0000000083800000, 0x0000000083900000, 0x0000000083900000|100%| O|  |TAMS 0x0000000083900000, 0x0000000083900000| Untracked 
|  57|0x0000000083900000, 0x0000000083a00000, 0x0000000083a00000|100%| O|  |TAMS 0x0000000083a00000, 0x0000000083a00000| Untracked 
|  58|0x0000000083a00000, 0x0000000083b00000, 0x0000000083b00000|100%| O|  |TAMS 0x0000000083b00000, 0x0000000083b00000| Untracked 
|  59|0x0000000083b00000, 0x0000000083c00000, 0x0000000083c00000|100%| O|  |TAMS 0x0000000083c00000, 0x0000000083c00000| Untracked 
|  60|0x0000000083c00000, 0x0000000083d00000, 0x0000000083d00000|100%| O|  |TAMS 0x0000000083d00000, 0x0000000083d00000| Untracked 
|  61|0x0000000083d00000, 0x0000000083e00000, 0x0000000083e00000|100%| O|  |TAMS 0x0000000083e00000, 0x0000000083e00000| Untracked 
|  62|0x0000000083e00000, 0x0000000083f00000, 0x0000000083f00000|100%| O|  |TAMS 0x0000000083f00000, 0x0000000083f00000| Untracked 
|  63|0x0000000083f00000, 0x0000000084000000, 0x0000000084000000|100%| O|  |TAMS 0x0000000084000000, 0x0000000084000000| Untracked 
|  64|0x0000000084000000, 0x0000000084100000, 0x0000000084100000|100%| O|  |TAMS 0x0000000084100000, 0x0000000084100000| Untracked 
|  65|0x0000000084100000, 0x0000000084200000, 0x0000000084200000|100%| O|  |TAMS 0x0000000084200000, 0x0000000084200000| Untracked 
|  66|0x0000000084200000, 0x0000000084300000, 0x0000000084300000|100%| O|  |TAMS 0x0000000084300000, 0x0000000084300000| Untracked 
|  67|0x0000000084300000, 0x0000000084400000, 0x0000000084400000|100%| O|  |TAMS 0x0000000084400000, 0x0000000084400000| Untracked 
|  68|0x0000000084400000, 0x0000000084500000, 0x0000000084500000|100%| O|  |TAMS 0x0000000084500000, 0x0000000084500000| Untracked 
|  69|0x0000000084500000, 0x0000000084600000, 0x0000000084600000|100%| O|  |TAMS 0x0000000084600000, 0x0000000084600000| Untracked 
|  70|0x0000000084600000, 0x0000000084700000, 0x0000000084700000|100%| O|  |TAMS 0x0000000084700000, 0x0000000084700000| Untracked 
|  71|0x0000000084700000, 0x0000000084800000, 0x0000000084800000|100%| O|  |TAMS 0x0000000084800000, 0x0000000084800000| Untracked 
|  72|0x0000000084800000, 0x0000000084900000, 0x0000000084900000|100%| O|  |TAMS 0x0000000084900000, 0x0000000084900000| Untracked 
|  73|0x0000000084900000, 0x0000000084a00000, 0x0000000084a00000|100%| O|  |TAMS 0x0000000084a00000, 0x0000000084a00000| Untracked 
|  74|0x0000000084a00000, 0x0000000084b00000, 0x0000000084b00000|100%| O|  |TAMS 0x0000000084b00000, 0x0000000084b00000| Untracked 
|  75|0x0000000084b00000, 0x0000000084c00000, 0x0000000084c00000|100%| O|  |TAMS 0x0000000084c00000, 0x0000000084c00000| Untracked 
|  76|0x0000000084c00000, 0x0000000084d00000, 0x0000000084d00000|100%| O|  |TAMS 0x0000000084d00000, 0x0000000084d00000| Untracked 
|  77|0x0000000084d00000, 0x0000000084e00000, 0x0000000084e00000|100%|HS|  |TAMS 0x0000000084e00000, 0x0000000084e00000| Complete 
|  78|0x0000000084e00000, 0x0000000084f00000, 0x0000000084f00000|100%|HC|  |TAMS 0x0000000084f00000, 0x0000000084f00000| Complete 
|  79|0x0000000084f00000, 0x0000000085000000, 0x0000000085000000|100%| O|  |TAMS 0x0000000085000000, 0x0000000085000000| Untracked 
|  80|0x0000000085000000, 0x0000000085100000, 0x0000000085100000|100%| O|  |TAMS 0x0000000085100000, 0x0000000085100000| Untracked 
|  81|0x0000000085100000, 0x0000000085200000, 0x0000000085200000|100%|HS|  |TAMS 0x0000000085200000, 0x0000000085200000| Complete 
|  82|0x0000000085200000, 0x0000000085300000, 0x0000000085300000|100%|HC|  |TAMS 0x0000000085300000, 0x0000000085300000| Complete 
|  83|0x0000000085300000, 0x0000000085400000, 0x0000000085400000|100%| O|  |TAMS 0x0000000085400000, 0x0000000085400000| Untracked 
|  84|0x0000000085400000, 0x0000000085500000, 0x0000000085500000|100%| O|  |TAMS 0x0000000085500000, 0x0000000085500000| Untracked 
|  85|0x0000000085500000, 0x0000000085600000, 0x0000000085600000|100%| O|  |TAMS 0x0000000085600000, 0x0000000085600000| Untracked 
|  86|0x0000000085600000, 0x0000000085700000, 0x0000000085700000|100%| O|  |TAMS 0x0000000085700000, 0x0000000085700000| Untracked 
|  87|0x0000000085700000, 0x0000000085800000, 0x0000000085800000|100%| O|  |TAMS 0x0000000085800000, 0x0000000085800000| Untracked 
|  88|0x0000000085800000, 0x0000000085900000, 0x0000000085900000|100%| O|  |TAMS 0x0000000085900000, 0x0000000085900000| Untracked 
|  89|0x0000000085900000, 0x0000000085a00000, 0x0000000085a00000|100%| O|  |TAMS 0x0000000085a00000, 0x0000000085a00000| Untracked 
|  90|0x0000000085a00000, 0x0000000085b00000, 0x0000000085b00000|100%| O|  |TAMS 0x0000000085b00000, 0x0000000085b00000| Untracked 
|  91|0x0000000085b00000, 0x0000000085c00000, 0x0000000085c00000|100%| O|  |TAMS 0x0000000085c00000, 0x0000000085c00000| Untracked 
|  92|0x0000000085c00000, 0x0000000085d00000, 0x0000000085d00000|100%|HS|  |TAMS 0x0000000085d00000, 0x0000000085d00000| Complete 
|  93|0x0000000085d00000, 0x0000000085e00000, 0x0000000085e00000|100%|HS|  |TAMS 0x0000000085e00000, 0x0000000085e00000| Complete 
|  94|0x0000000085e00000, 0x0000000085f00000, 0x0000000085f00000|100%|HC|  |TAMS 0x0000000085f00000, 0x0000000085f00000| Complete 
|  95|0x0000000085f00000, 0x0000000086000000, 0x0000000086000000|100%|HC|  |TAMS 0x0000000086000000, 0x0000000086000000| Complete 
|  96|0x0000000086000000, 0x0000000086100000, 0x0000000086100000|100%| O|  |TAMS 0x0000000086100000, 0x0000000086100000| Untracked 
|  97|0x0000000086100000, 0x0000000086200000, 0x0000000086200000|100%| O|  |TAMS 0x0000000086200000, 0x0000000086200000| Untracked 
|  98|0x0000000086200000, 0x0000000086300000, 0x0000000086300000|100%| O|  |TAMS 0x0000000086300000, 0x0000000086300000| Untracked 
|  99|0x0000000086300000, 0x0000000086400000, 0x0000000086400000|100%| O|  |TAMS 0x0000000086400000, 0x0000000086400000| Untracked 
| 100|0x0000000086400000, 0x0000000086500000, 0x0000000086500000|100%| O|  |TAMS 0x0000000086500000, 0x0000000086500000| Untracked 
| 101|0x0000000086500000, 0x0000000086600000, 0x0000000086600000|100%| O|  |TAMS 0x0000000086600000, 0x0000000086600000| Untracked 
| 102|0x0000000086600000, 0x0000000086700000, 0x0000000086700000|100%| O|  |TAMS 0x0000000086700000, 0x0000000086700000| Untracked 
| 103|0x0000000086700000, 0x0000000086800000, 0x0000000086800000|100%|HS|  |TAMS 0x0000000086800000, 0x0000000086800000| Complete 
| 104|0x0000000086800000, 0x0000000086900000, 0x0000000086900000|100%| O|  |TAMS 0x0000000086900000, 0x0000000086900000| Untracked 
| 105|0x0000000086900000, 0x0000000086a00000, 0x0000000086a00000|100%| O|  |TAMS 0x0000000086a00000, 0x0000000086a00000| Untracked 
| 106|0x0000000086a00000, 0x0000000086b00000, 0x0000000086b00000|100%|HS|  |TAMS 0x0000000086b00000, 0x0000000086b00000| Complete 
| 107|0x0000000086b00000, 0x0000000086c00000, 0x0000000086c00000|100%|HS|  |TAMS 0x0000000086c00000, 0x0000000086c00000| Complete 
| 108|0x0000000086c00000, 0x0000000086d00000, 0x0000000086d00000|100%|HC|  |TAMS 0x0000000086d00000, 0x0000000086d00000| Complete 
| 109|0x0000000086d00000, 0x0000000086e00000, 0x0000000086e00000|100%|HC|  |TAMS 0x0000000086e00000, 0x0000000086e00000| Complete 
| 110|0x0000000086e00000, 0x0000000086f00000, 0x0000000086f00000|100%| O|  |TAMS 0x0000000086f00000, 0x0000000086f00000| Untracked 
| 111|0x0000000086f00000, 0x0000000087000000, 0x0000000087000000|100%| O|  |TAMS 0x0000000087000000, 0x0000000087000000| Untracked 
| 112|0x0000000087000000, 0x0000000087100000, 0x0000000087100000|100%| O|  |TAMS 0x0000000087100000, 0x0000000087100000| Untracked 
| 113|0x0000000087100000, 0x0000000087200000, 0x0000000087200000|100%| O|  |TAMS 0x0000000087200000, 0x0000000087200000| Untracked 
| 114|0x0000000087200000, 0x0000000087300000, 0x0000000087300000|100%| O|  |TAMS 0x0000000087300000, 0x0000000087300000| Untracked 
| 115|0x0000000087300000, 0x0000000087400000, 0x0000000087400000|100%| O|  |TAMS 0x0000000087400000, 0x0000000087400000| Untracked 
| 116|0x0000000087400000, 0x0000000087500000, 0x0000000087500000|100%| O|  |TAMS 0x0000000087500000, 0x0000000087500000| Untracked 
| 117|0x0000000087500000, 0x0000000087600000, 0x0000000087600000|100%| O|  |TAMS 0x0000000087600000, 0x0000000087600000| Untracked 
| 118|0x0000000087600000, 0x0000000087700000, 0x0000000087700000|100%| O|  |TAMS 0x0000000087700000, 0x0000000087700000| Untracked 
| 119|0x0000000087700000, 0x0000000087800000, 0x0000000087800000|100%| O|  |TAMS 0x0000000087800000, 0x0000000087800000| Untracked 
| 120|0x0000000087800000, 0x0000000087900000, 0x0000000087900000|100%| O|  |TAMS 0x0000000087900000, 0x0000000087900000| Untracked 
| 121|0x0000000087900000, 0x0000000087a00000, 0x0000000087a00000|100%| O|  |TAMS 0x0000000087a00000, 0x0000000087a00000| Untracked 
| 122|0x0000000087a00000, 0x0000000087b00000, 0x0000000087b00000|100%| O|  |TAMS 0x0000000087b00000, 0x0000000087b00000| Untracked 
| 123|0x0000000087b00000, 0x0000000087c00000, 0x0000000087c00000|100%| O|  |TAMS 0x0000000087c00000, 0x0000000087c00000| Untracked 
| 124|0x0000000087c00000, 0x0000000087d00000, 0x0000000087d00000|100%| O|  |TAMS 0x0000000087d00000, 0x0000000087d00000| Untracked 
| 125|0x0000000087d00000, 0x0000000087e00000, 0x0000000087e00000|100%| O|  |TAMS 0x0000000087e00000, 0x0000000087e00000| Untracked 
| 126|0x0000000087e00000, 0x0000000087f00000, 0x0000000087f00000|100%| O|  |TAMS 0x0000000087f00000, 0x0000000087f00000| Untracked 
| 127|0x0000000087f00000, 0x0000000088000000, 0x0000000088000000|100%| O|  |TAMS 0x0000000088000000, 0x0000000088000000| Untracked 
| 128|0x0000000088000000, 0x0000000088100000, 0x0000000088100000|100%| O|  |TAMS 0x0000000088100000, 0x0000000088100000| Untracked 
| 129|0x0000000088100000, 0x0000000088200000, 0x0000000088200000|100%| O|  |TAMS 0x0000000088200000, 0x0000000088200000| Untracked 
| 130|0x0000000088200000, 0x0000000088300000, 0x0000000088300000|100%| O|  |TAMS 0x00000000882b4200, 0x0000000088300000| Untracked 
| 131|0x0000000088300000, 0x0000000088400000, 0x0000000088400000|100%| O|  |TAMS 0x0000000088300000, 0x0000000088400000| Untracked 
| 132|0x0000000088400000, 0x00000000884c3200, 0x0000000088500000| 76%| O|  |TAMS 0x0000000088400000, 0x00000000884c3200| Untracked 
| 133|0x0000000088500000, 0x0000000088500000, 0x0000000088600000|  0%| F|  |TAMS 0x0000000088500000, 0x0000000088500000| Untracked 
| 134|0x0000000088600000, 0x0000000088600000, 0x0000000088700000|  0%| F|  |TAMS 0x0000000088600000, 0x0000000088600000| Untracked 
| 135|0x0000000088700000, 0x0000000088700000, 0x0000000088800000|  0%| F|  |TAMS 0x0000000088700000, 0x0000000088700000| Untracked 
| 136|0x0000000088800000, 0x0000000088800000, 0x0000000088900000|  0%| F|  |TAMS 0x0000000088800000, 0x0000000088800000| Untracked 
| 137|0x0000000088900000, 0x0000000088900000, 0x0000000088a00000|  0%| F|  |TAMS 0x0000000088900000, 0x0000000088900000| Untracked 
| 138|0x0000000088a00000, 0x0000000088a00000, 0x0000000088b00000|  0%| F|  |TAMS 0x0000000088a00000, 0x0000000088a00000| Untracked 
| 139|0x0000000088b00000, 0x0000000088b00000, 0x0000000088c00000|  0%| F|  |TAMS 0x0000000088b00000, 0x0000000088b00000| Untracked 
| 140|0x0000000088c00000, 0x0000000088c00000, 0x0000000088d00000|  0%| F|  |TAMS 0x0000000088c00000, 0x0000000088c00000| Untracked 
| 141|0x0000000088d00000, 0x0000000088d00000, 0x0000000088e00000|  0%| F|  |TAMS 0x0000000088d00000, 0x0000000088d00000| Untracked 
| 142|0x0000000088e00000, 0x0000000088e00000, 0x0000000088f00000|  0%| F|  |TAMS 0x0000000088e00000, 0x0000000088e00000| Untracked 
| 143|0x0000000088f00000, 0x0000000088f00000, 0x0000000089000000|  0%| F|  |TAMS 0x0000000088f00000, 0x0000000088f00000| Untracked 
| 144|0x0000000089000000, 0x0000000089000000, 0x0000000089100000|  0%| F|  |TAMS 0x0000000089000000, 0x0000000089000000| Untracked 
| 145|0x0000000089100000, 0x0000000089100000, 0x0000000089200000|  0%| F|  |TAMS 0x0000000089100000, 0x0000000089100000| Untracked 
| 146|0x0000000089200000, 0x00000000892fb370, 0x0000000089300000| 98%| S|CS|TAMS 0x0000000089200000, 0x0000000089200000| Complete 
| 147|0x0000000089300000, 0x0000000089300000, 0x0000000089400000|  0%| F|  |TAMS 0x0000000089300000, 0x0000000089300000| Untracked 
| 148|0x0000000089400000, 0x0000000089400000, 0x0000000089500000|  0%| F|  |TAMS 0x0000000089400000, 0x0000000089400000| Untracked 
| 149|0x0000000089500000, 0x0000000089500000, 0x0000000089600000|  0%| F|  |TAMS 0x0000000089500000, 0x0000000089500000| Untracked 
| 150|0x0000000089600000, 0x0000000089600000, 0x0000000089700000|  0%| F|  |TAMS 0x0000000089600000, 0x0000000089600000| Untracked 
| 151|0x0000000089700000, 0x0000000089700000, 0x0000000089800000|  0%| F|  |TAMS 0x0000000089700000, 0x0000000089700000| Untracked 
| 152|0x0000000089800000, 0x0000000089800000, 0x0000000089900000|  0%| F|  |TAMS 0x0000000089800000, 0x0000000089800000| Untracked 
| 153|0x0000000089900000, 0x0000000089900000, 0x0000000089a00000|  0%| F|  |TAMS 0x0000000089900000, 0x0000000089900000| Untracked 

Card table byte_map: [0x000001fbf78f0000,0x000001fbf7cf0000] _byte_map_base: 0x000001fbf74f0000

Marking Bits (Prev, Next): (CMBitMap*) 0x000001fbe0b220f0, (CMBitMap*) 0x000001fbe0b220b8
 Prev Bits: [0x000001fbfa0f0000, 0x000001fbfc0f0000)
 Next Bits: [0x000001fbf80f0000, 0x000001fbfa0f0000)

Polling page: 0x000001fbdeaa0000

Metaspace:

Usage:
  Non-class:     89.13 MB capacity,    87.06 MB ( 98%) used,     1.78 MB (  2%) free+waste,   295.25 KB ( <1%) overhead. 
      Class:     14.65 MB capacity,    13.34 MB ( 91%) used,     1.17 MB (  8%) free+waste,   139.38 KB ( <1%) overhead. 
       Both:    103.77 MB capacity,   100.40 MB ( 97%) used,     2.95 MB (  3%) free+waste,   434.62 KB ( <1%) overhead. 

Virtual space:
  Non-class space:       90.00 MB reserved,      89.25 MB (>99%) committed 
      Class space:      504.00 MB reserved,      14.75 MB (  3%) committed 
             Both:      594.00 MB reserved,     104.00 MB ( 18%) committed 

Chunk freelists:
   Non-Class:  0 bytes
       Class:  1.38 KB
        Both:  1.38 KB

CodeHeap 'non-profiled nmethods': size=120000Kb used=7683Kb max_used=7683Kb free=112316Kb
 bounds [0x000001fbefc90000, 0x000001fbf0420000, 0x000001fbf71c0000]
CodeHeap 'profiled nmethods': size=120000Kb used=29195Kb max_used=29195Kb free=90804Kb
 bounds [0x000001fbe8760000, 0x000001fbea3f0000, 0x000001fbefc90000]
CodeHeap 'non-nmethods': size=5760Kb used=2310Kb max_used=2370Kb free=3449Kb
 bounds [0x000001fbe81c0000, 0x000001fbe8430000, 0x000001fbe8760000]
 total_blobs=13873 nmethods=12947 adapters=837
 compilation: enabled
              stopped_count=0, restarted_count=0
 full_count=0

Compilation events (10 events):
Event: 665.988 Thread 0x000001fbfeb36800 13117       3       org.gradle.api.internal.attributes.DefaultAttributesSchema$DefaultAttributeMatcher::isMatching (14 bytes)
Event: 665.988 Thread 0x000001fbfeb36800 nmethod 13117 0x000001fbea3dfd90 code [0x000001fbea3dff40, 0x000001fbea3e0088]
Event: 665.988 Thread 0x000001fbfeb36800 13120       3       com.android.build.gradle.internal.dependency.ModelArtifactCompatibilityRule::<init> (5 bytes)
Event: 665.988 Thread 0x000001fbfeb36800 nmethod 13120 0x000001fbea3e0190 code [0x000001fbea3e0320, 0x000001fbea3e0478]
Event: 665.988 Thread 0x000001fbfeb36800 13121       3       com.android.build.gradle.internal.dependency.ModelArtifactCompatibilityRule::execute (9 bytes)
Event: 665.988 Thread 0x000001fbfeb36800 nmethod 13121 0x000001fbea3e0510 code [0x000001fbea3e06c0, 0x000001fbea3e08e8]
Event: 665.988 Thread 0x000001fbfeb36800 13122       3       com.android.build.gradle.internal.dependency.ModelArtifactCompatibilityRule::execute (142 bytes)
Event: 665.991 Thread 0x000001fbfeb36800 nmethod 13122 0x000001fbea3e0990 code [0x000001fbea3e0d00, 0x000001fbea3e2238]
Event: 665.991 Thread 0x000001fbfeb36800 13123       3       org.gradle.internal.snapshot.impl.StringValueSnapshot::hashCode (5 bytes)
Event: 665.991 Thread 0x000001fbfeb36800 nmethod 13123 0x000001fbea3e2990 code [0x000001fbea3e2b40, 0x000001fbea3e2d68]

GC Heap History (10 events):
Event: 663.970 GC heap after
{Heap after GC invocations=84 (full 0):
 garbage-first heap   total 157696K, used 129754K [0x0000000080000000, 0x0000000100000000)
  region size 1024K, 2 young (2048K), 2 survivors (2048K)
 Metaspace       used 101960K, capacity 105328K, committed 105600K, reserved 608256K
  class space    used 13588K, capacity 14906K, committed 14976K, reserved 516096K
}
Event: 664.307 GC heap before
{Heap before GC invocations=84 (full 0):
 garbage-first heap   total 157696K, used 136922K [0x0000000080000000, 0x0000000100000000)
  region size 1024K, 9 young (9216K), 2 survivors (2048K)
 Metaspace       used 102207K, capacity 105591K, committed 105856K, reserved 608256K
  class space    used 13618K, capacity 14944K, committed 14976K, reserved 516096K
}
Event: 664.315 GC heap after
{Heap after GC invocations=85 (full 0):
 garbage-first heap   total 157696K, used 131019K [0x0000000080000000, 0x0000000100000000)
  region size 1024K, 2 young (2048K), 2 survivors (2048K)
 Metaspace       used 102207K, capacity 105591K, committed 105856K, reserved 608256K
  class space    used 13618K, capacity 14944K, committed 14976K, reserved 516096K
}
Event: 664.860 GC heap before
{Heap before GC invocations=86 (full 0):
 garbage-first heap   total 157696K, used 137163K [0x0000000080000000, 0x0000000100000000)
  region size 1024K, 8 young (8192K), 2 survivors (2048K)
 Metaspace       used 102352K, capacity 105846K, committed 106112K, reserved 608256K
  class space    used 13624K, capacity 14954K, committed 14976K, reserved 516096K
}
Event: 664.868 GC heap after
{Heap after GC invocations=87 (full 0):
 garbage-first heap   total 157696K, used 132933K [0x0000000080000000, 0x0000000100000000)
  region size 1024K, 1 young (1024K), 1 survivors (1024K)
 Metaspace       used 102352K, capacity 105846K, committed 106112K, reserved 608256K
  class space    used 13624K, capacity 14954K, committed 14976K, reserved 516096K
}
Event: 665.137 GC heap before
{Heap before GC invocations=87 (full 0):
 garbage-first heap   total 157696K, used 139077K [0x0000000080000000, 0x0000000100000000)
  region size 1024K, 7 young (7168K), 1 survivors (1024K)
 Metaspace       used 102493K, capacity 106037K, committed 106240K, reserved 608256K
  class space    used 13634K, capacity 14991K, committed 15104K, reserved 516096K
}
Event: 665.156 GC heap after
{Heap after GC invocations=88 (full 0):
 garbage-first heap   total 157696K, used 134864K [0x0000000080000000, 0x0000000100000000)
  region size 1024K, 1 young (1024K), 1 survivors (1024K)
 Metaspace       used 102493K, capacity 106037K, committed 106240K, reserved 608256K
  class space    used 13634K, capacity 14991K, committed 15104K, reserved 516096K
}
Event: 665.716 GC heap before
{Heap before GC invocations=89 (full 0):
 garbage-first heap   total 157696K, used 141008K [0x0000000080000000, 0x0000000100000000)
  region size 1024K, 7 young (7168K), 1 survivors (1024K)
 Metaspace       used 102635K, capacity 106113K, committed 106240K, reserved 608256K
  class space    used 13646K, capacity 14993K, committed 15104K, reserved 516096K
}
Event: 665.722 GC heap after
{Heap after GC invocations=90 (full 0):
 garbage-first heap   total 157696K, used 135895K [0x0000000080000000, 0x0000000100000000)
  region size 1024K, 1 young (1024K), 1 survivors (1024K)
 Metaspace       used 102635K, capacity 106113K, committed 106240K, reserved 608256K
  class space    used 13646K, capacity 14993K, committed 15104K, reserved 516096K
}
Event: 665.996 GC heap before
{Heap before GC invocations=90 (full 0):
 garbage-first heap   total 157696K, used 142039K [0x0000000080000000, 0x0000000100000000)
  region size 1024K, 7 young (7168K), 1 survivors (1024K)
 Metaspace       used 102811K, capacity 106265K, committed 106496K, reserved 608256K
  class space    used 13657K, capacity 14997K, committed 15104K, reserved 516096K
}

Deoptimization events (10 events):
Event: 662.403 Thread 0x000001fbfeb12000 Uncommon trap: reason=unstable_if action=reinterpret pc=0x000001fbf0275a54 method=java.lang.ThreadLocal.remove()V @ 9 c2
Event: 662.434 Thread 0x000001fb809dc000 Uncommon trap: reason=unstable_if action=reinterpret pc=0x000001fbf02e3e50 method=java.lang.StringLatin1.lastIndexOf([BI[BII)I @ 111 c2
Event: 662.620 Thread 0x000001fb809dc000 Uncommon trap: reason=unstable_if action=reinterpret pc=0x000001fbf02588fc method=org.gradle.internal.instantiation.generator.AbstractClassGenerator.isNameProperty(Lorg/gradle/internal/instantiation/generator/AbstractClassGenerator$PropertyMetadata;)Z @ 2
Event: 663.841 Thread 0x000001fb809dc000 Uncommon trap: reason=unstable_if action=reinterpret pc=0x000001fbeffe83ec method=java.lang.Class.getTypeName()Ljava/lang/String; @ 23 c2
Event: 665.851 Thread 0x000001fb809dc000 Uncommon trap: reason=unstable_if action=reinterpret pc=0x000001fbf02ab564 method=com.google.common.cache.LocalCache.isExpired(Lcom/google/common/cache/ReferenceEntry;J)Z @ 9 c2
Event: 665.975 Thread 0x000001fb809dc000 Uncommon trap: reason=unstable_if action=reinterpret pc=0x000001fbf0315f34 method=org.gradle.api.internal.attributes.DefaultImmutableAttributes.findEntry(Ljava/lang/String;)Lorg/gradle/api/internal/attributes/AttributeValue; @ 5 c2
Event: 665.977 Thread 0x000001fb809dc000 Uncommon trap: reason=class_check action=maybe_recompile pc=0x000001fbf031d4e8 method=org.gradle.api.internal.attributes.DefaultImmutableAttributes.findEntry(Lorg/gradle/api/attributes/Attribute;)Lorg/gradle/api/internal/attributes/AttributeValue; @ 5 c2
Event: 665.977 Thread 0x000001fb809dc000 Uncommon trap: reason=class_check action=maybe_recompile pc=0x000001fbf031d4e8 method=org.gradle.api.internal.attributes.DefaultImmutableAttributes.findEntry(Lorg/gradle/api/attributes/Attribute;)Lorg/gradle/api/internal/attributes/AttributeValue; @ 5 c2
Event: 665.985 Thread 0x000001fb809dc000 Uncommon trap: reason=class_check action=maybe_recompile pc=0x000001fbf031d4e8 method=org.gradle.api.internal.attributes.DefaultImmutableAttributes.findEntry(Lorg/gradle/api/attributes/Attribute;)Lorg/gradle/api/internal/attributes/AttributeValue; @ 5 c2
Event: 665.985 Thread 0x000001fb809dc000 Uncommon trap: reason=class_check action=maybe_recompile pc=0x000001fbf031d4e8 method=org.gradle.api.internal.attributes.DefaultImmutableAttributes.findEntry(Lorg/gradle/api/attributes/Attribute;)Lorg/gradle/api/internal/attributes/AttributeValue; @ 5 c2

Classes redefined (0 events):
No events

Internal exceptions (10 events):
Event: 659.296 Thread 0x000001fb809dc000 Implicit null exception at 0x000001fbf0298286 to 0x000001fbf029f72c
Event: 660.365 Thread 0x000001fb809dc000 Exception <a 'sun/nio/fs/WindowsException'{0x00000000899e9cc8}> (0x00000000899e9cc8) thrown at [./open/src/hotspot/share/prims/jni.cpp, line 611]
Event: 661.173 Thread 0x000001fb809dc000 Exception <a 'java/lang/NullPointerException'{0x00000000897a6d58}> (0x00000000897a6d58) thrown at [./open/src/hotspot/share/interpreter/linkResolver.cpp, line 1436]
Event: 661.519 Thread 0x000001fb809dc000 Implicit null exception at 0x000001fbf00077c9 to 0x000001fbf0009ca4
Event: 661.977 Thread 0x000001fb809dc000 Exception <a 'java/lang/NoSuchMethodError'{0x00000000897c40f0}: java.lang.invoke.DirectMethodHandle$Holder.invokeStatic(Ljava/lang/Object;Ljava/lang/Object;ILjava/lang/Object;)I> (0x00000000897c40f0) thrown at [./open/src/hotspot/share/interpreter/linkRes
Event: 662.211 Thread 0x000001fb809dc000 Exception <a 'sun/nio/fs/WindowsException'{0x00000000896ed130}> (0x00000000896ed130) thrown at [./open/src/hotspot/share/prims/jni.cpp, line 611]
Event: 662.214 Thread 0x000001fb809dc000 Exception <a 'sun/nio/fs/WindowsException'{0x00000000896ee4b0}> (0x00000000896ee4b0) thrown at [./open/src/hotspot/share/prims/jni.cpp, line 611]
Event: 662.214 Thread 0x000001fb809dc000 Exception <a 'sun/nio/fs/WindowsException'{0x00000000896ef868}> (0x00000000896ef868) thrown at [./open/src/hotspot/share/prims/jni.cpp, line 611]
Event: 662.214 Thread 0x000001fb809dc000 Exception <a 'sun/nio/fs/WindowsException'{0x00000000896f0c20}> (0x00000000896f0c20) thrown at [./open/src/hotspot/share/prims/jni.cpp, line 611]
Event: 662.403 Thread 0x000001fbfeb12000 Implicit null exception at 0x000001fbf027530d to 0x000001fbf0275a44

Events (10 events):
Event: 665.990 loading class org/gradle/api/internal/artifacts/transform/BoundTransformationStep done
Event: 665.991 loading class org/gradle/api/internal/artifacts/transform/DefaultTransformUpstreamDependenciesResolver
Event: 665.991 loading class org/gradle/api/internal/artifacts/transform/DefaultTransformUpstreamDependenciesResolver done
Event: 665.994 loading class org/gradle/api/internal/artifacts/transform/ArtifactTransformDependencies
Event: 665.994 loading class org/gradle/api/internal/artifacts/transform/ArtifactTransformDependencies done
Event: 665.995 loading class org/gradle/api/internal/artifacts/transform/DefaultTransformUpstreamDependenciesResolver$1
Event: 665.995 loading class org/gradle/api/internal/artifacts/transform/DefaultTransformUpstreamDependenciesResolver$1 done
Event: 665.996 loading class org/gradle/api/internal/artifacts/transform/DefaultTransformUpstreamDependenciesResolver$2
Event: 665.996 loading class org/gradle/api/internal/artifacts/transform/DefaultTransformUpstreamDependenciesResolver$2 done
Event: 665.996 Executing VM operation: G1CollectForAllocation


Dynamic libraries:
0x00007ff749650000 - 0x00007ff749660000 	D:\Program Files\Java\bin\java.exe
0x00007ffda7f30000 - 0x00007ffda8128000 	C:\Windows\SYSTEM32\ntdll.dll
0x00007ffda7b20000 - 0x00007ffda7bdf000 	C:\Windows\System32\KERNEL32.DLL
0x00007ffda5680000 - 0x00007ffda5976000 	C:\Windows\System32\KERNELBASE.dll
0x00007ffda5a20000 - 0x00007ffda5b20000 	C:\Windows\System32\ucrtbase.dll
0x00007ffd90750000 - 0x00007ffd90769000 	D:\Program Files\Java\bin\jli.dll
0x00007ffda62b0000 - 0x00007ffda635f000 	C:\Windows\System32\ADVAPI32.dll
0x00007ffda6500000 - 0x00007ffda659e000 	C:\Windows\System32\msvcrt.dll
0x00007ffd85a20000 - 0x00007ffd85a3b000 	D:\Program Files\Java\bin\VCRUNTIME140.dll
0x00007ffda6c10000 - 0x00007ffda6cac000 	C:\Windows\System32\sechost.dll
0x00007ffda5ff0000 - 0x00007ffda6116000 	C:\Windows\System32\RPCRT4.dll
0x00007ffda7d50000 - 0x00007ffda7eed000 	C:\Windows\System32\USER32.dll
0x00007ffda5f60000 - 0x00007ffda5f82000 	C:\Windows\System32\win32u.dll
0x00007ffda61f0000 - 0x00007ffda621c000 	C:\Windows\System32\GDI32.dll
0x00007ffda5b20000 - 0x00007ffda5c35000 	C:\Windows\System32\gdi32full.dll
0x00007ffda5980000 - 0x00007ffda5a1d000 	C:\Windows\System32\msvcp_win.dll
0x00007ffd98f80000 - 0x00007ffd9921a000 	C:\Windows\WinSxS\amd64_microsoft.windows.common-controls_6595b64144ccf1df_6.0.19041.1110_none_60b5254171f9507e\COMCTL32.dll
0x00007ffd9cf10000 - 0x00007ffd9cf1a000 	C:\Windows\SYSTEM32\VERSION.dll
0x00007ffda7af0000 - 0x00007ffda7b20000 	C:\Windows\System32\IMM32.DLL
0x00007ffd9f630000 - 0x00007ffd9f63c000 	D:\Program Files\Java\bin\vcruntime140_1.dll
0x00007ffd803c0000 - 0x00007ffd8044e000 	D:\Program Files\Java\bin\msvcp140.dll
0x00007ffd52ab0000 - 0x00007ffd5361c000 	D:\Program Files\Java\bin\server\jvm.dll
0x00007ffda61e0000 - 0x00007ffda61e8000 	C:\Windows\System32\PSAPI.DLL
0x00007ffd946c0000 - 0x00007ffd946c9000 	C:\Windows\SYSTEM32\WSOCK32.dll
0x00007ffda6490000 - 0x00007ffda64fb000 	C:\Windows\System32\WS2_32.dll
0x00007ffd98bf0000 - 0x00007ffd98c17000 	C:\Windows\SYSTEM32\WINMM.dll
0x00007ffda34d0000 - 0x00007ffda34e2000 	C:\Windows\SYSTEM32\kernel.appcore.dll
0x00007ffd8ea80000 - 0x00007ffd8ea90000 	D:\Program Files\Java\bin\verify.dll
0x00007ffd924b0000 - 0x00007ffd92694000 	C:\Windows\SYSTEM32\DBGHELP.DLL
0x00007ffd92400000 - 0x00007ffd92434000 	C:\Windows\SYSTEM32\dbgcore.DLL
0x00007ffda5c40000 - 0x00007ffda5cc2000 	C:\Windows\System32\bcryptPrimitives.dll
0x00007ffd809d0000 - 0x00007ffd809f8000 	D:\Program Files\Java\bin\java.dll
0x00007ffd8e490000 - 0x00007ffd8e49a000 	D:\Program Files\Java\bin\jimage.dll
0x00007ffd809b0000 - 0x00007ffd809c7000 	D:\Program Files\Java\bin\zip.dll
0x00007ffda6f10000 - 0x00007ffda7654000 	C:\Windows\System32\SHELL32.dll
0x00007ffda36d0000 - 0x00007ffda3e63000 	C:\Windows\SYSTEM32\windows.storage.dll
0x00007ffda6770000 - 0x00007ffda6ac4000 	C:\Windows\System32\combase.dll
0x00007ffda5070000 - 0x00007ffda509e000 	C:\Windows\SYSTEM32\Wldp.dll
0x00007ffda65a0000 - 0x00007ffda664d000 	C:\Windows\System32\SHCORE.dll
0x00007ffda6180000 - 0x00007ffda61d5000 	C:\Windows\System32\shlwapi.dll
0x00007ffda5550000 - 0x00007ffda556f000 	C:\Windows\SYSTEM32\profapi.dll
0x00007ffd80850000 - 0x00007ffd80869000 	D:\Program Files\Java\bin\net.dll
0x00007ffd9d120000 - 0x00007ffd9d22a000 	C:\Windows\SYSTEM32\WINHTTP.dll
0x00007ffda4dd0000 - 0x00007ffda4e3a000 	C:\Windows\system32\mswsock.dll
0x00007ffd80830000 - 0x00007ffd80842000 	D:\Program Files\Java\bin\nio.dll
0x00007ffd8fa20000 - 0x00007ffd8fa47000 	C:\Users\sony\.gradle\native\e1d6ef7f7dcc3fd88c89a11ec53ec762bb8ba0a96d01ffa2cd45eb1d1d8dd5c5\windows-amd64\native-platform.dll
0x00007ffd53a20000 - 0x00007ffd53b64000 	C:\Users\sony\.gradle\native\0d407fdbe67a94daf76414ababcb853783967236a71b16ec16e742cd7a986fd3\windows-amd64\native-platform-file-events.dll
0x00007ffd87a60000 - 0x00007ffd87a69000 	D:\Program Files\Java\bin\management.dll
0x00007ffd85db0000 - 0x00007ffd85dbb000 	D:\Program Files\Java\bin\management_ext.dll
0x00007ffda4fc0000 - 0x00007ffda4fd8000 	C:\Windows\SYSTEM32\CRYPTSP.dll
0x00007ffda4680000 - 0x00007ffda46b4000 	C:\Windows\system32\rsaenh.dll
0x00007ffda5cd0000 - 0x00007ffda5cf7000 	C:\Windows\System32\bcrypt.dll
0x00007ffda5510000 - 0x00007ffda553e000 	C:\Windows\SYSTEM32\USERENV.dll
0x00007ffda4fe0000 - 0x00007ffda4fec000 	C:\Windows\SYSTEM32\CRYPTBASE.dll
0x00007ffda4a70000 - 0x00007ffda4aac000 	C:\Windows\SYSTEM32\IPHLPAPI.DLL
0x00007ffda7ae0000 - 0x00007ffda7ae8000 	C:\Windows\System32\NSI.dll
0x00007ffd9d5c0000 - 0x00007ffd9d5d7000 	C:\Windows\SYSTEM32\dhcpcsvc6.DLL
0x00007ffd9dfb0000 - 0x00007ffd9dfcd000 	C:\Windows\SYSTEM32\dhcpcsvc.DLL
0x00007ffda4ac0000 - 0x00007ffda4b8b000 	C:\Windows\SYSTEM32\DNSAPI.dll

dbghelp: loaded successfully - version: 4.0.5 - missing functions: none
symbol engine: initialized successfully - sym options: 0x614 - pdb path: .;D:\Program Files\Java\bin;C:\Windows\SYSTEM32;C:\Windows\WinSxS\amd64_microsoft.windows.common-controls_6595b64144ccf1df_6.0.19041.1110_none_60b5254171f9507e;D:\Program Files\Java\bin\server;C:\Users\sony\.gradle\native\e1d6ef7f7dcc3fd88c89a11ec53ec762bb8ba0a96d01ffa2cd45eb1d1d8dd5c5\windows-amd64;C:\Users\sony\.gradle\native\0d407fdbe67a94daf76414ababcb853783967236a71b16ec16e742cd7a986fd3\windows-amd64

VM Arguments:
jvm_args: -XX:MaxMetaspaceSize=512m --add-opens=java.base/java.util=ALL-UNNAMED --add-opens=java.base/java.lang=ALL-UNNAMED --add-opens=java.base/java.lang.invoke=ALL-UNNAMED --add-opens=java.base/java.util=ALL-UNNAMED --add-opens=java.prefs/java.util.prefs=ALL-UNNAMED --add-opens=java.prefs/java.util.prefs=ALL-UNNAMED --add-opens=java.base/java.nio.charset=ALL-UNNAMED --add-opens=java.base/java.net=ALL-UNNAMED --add-opens=java.base/java.util.concurrent.atomic=ALL-UNNAMED -Xmx2048m -Dfile.encoding=windows-1252 -Duser.country=US -Duser.language=en -Duser.variant 
java_command: org.gradle.launcher.daemon.bootstrap.GradleDaemon 7.5.1
java_class_path (initial): C:\Users\sony\.gradle\wrapper\dists\gradle-7.5.1-all\1ehga6e77gqps5uk2kc5kf1vc\gradle-7.5.1\lib\gradle-launcher-7.5.1.jar
Launcher Type: SUN_STANDARD

[Global flags]
     intx CICompilerCount                          = 4                                         {product} {ergonomic}
   size_t CompressedClassSpaceSize                 = 528482304                                 {product} {ergonomic}
     uint ConcGCThreads                            = 2                                         {product} {ergonomic}
     uint G1ConcRefinementThreads                  = 8                                         {product} {ergonomic}
   size_t G1HeapRegionSize                         = 1048576                                   {product} {ergonomic}
    uintx GCDrainStackTargetSize                   = 64                                        {product} {ergonomic}
   size_t InitialHeapSize                          = 134217728                                 {product} {ergonomic}
   size_t MarkStackSize                            = 4194304                                   {product} {ergonomic}
   size_t MaxHeapSize                              = 2147483648                                {product} {command line}
   size_t MaxMetaspaceSize                         = 536870912                                 {product} {command line}
   size_t MaxNewSize                               = 1287651328                                {product} {ergonomic}
   size_t MinHeapDeltaBytes                        = 1048576                                   {product} {ergonomic}
    uintx NonNMethodCodeHeapSize                   = 5836300                                {pd product} {ergonomic}
    uintx NonProfiledCodeHeapSize                  = 122910970                              {pd product} {ergonomic}
    uintx ProfiledCodeHeapSize                     = 122910970                              {pd product} {ergonomic}
    uintx ReservedCodeCacheSize                    = 251658240                              {pd product} {ergonomic}
     bool SegmentedCodeCache                       = true                                      {product} {ergonomic}
     bool UseCompressedClassPointers               = true                                 {lp64_product} {ergonomic}
     bool UseCompressedOops                        = true                                 {lp64_product} {ergonomic}
     bool UseG1GC                                  = true                                      {product} {ergonomic}
     bool UseLargePagesIndividualAllocation        = false                                  {pd product} {ergonomic}

Logging:
Log output configuration:
 #0: stdout all=warning uptime,level,tags
 #1: stderr all=off uptime,level,tags

Environment Variables:
CLASSPATH=D:\LoginApp\dtrgApp2\Dtrg\android\\gradle\wrapper\gradle-wrapper.jar
PATH=D:\LoginApp\dtrgApp2\Dtrg\android\node_modules\.bin;D:\LoginApp\dtrgApp2\Dtrg\node_modules\.bin;D:\LoginApp\dtrgApp2\node_modules\.bin;D:\LoginApp\node_modules\.bin;D:\node_modules\.bin;C:\Program Files\nodejs;D:\LoginApp\dtrgApp2\Dtrg\node_modules\.bin;D:\LoginApp\dtrgApp2\Dtrg\node_modules\.bin;D:\LoginApp\dtrgApp2\node_modules\.bin;D:\LoginApp\node_modules\.bin;D:\node_modules\.bin;C:\Users\sony\AppData\Roaming\npm\node_modules\npm\node_modules\@npmcli\run-script\lib\node-gyp-bin;D:\LoginApp\dtrgApp2\Dtrg\node_modules\.bin;D:\LoginApp\dtrgApp2\node_modules\.bin;D:\LoginApp\node_modules\.bin;D:\node_modules\.bin;C:\Program Files\nodejs;D:\LoginApp\dtrgApp2\Dtrg\node_modules\.bin;D:\LoginApp\dtrgApp2\node_modules\.bin;D:\LoginApp\node_modules\.bin;D:\node_modules\.bin;C:\Users\sony\AppData\Roaming\npm\node_modules\npm\node_modules\@npmcli\run-script\lib\node-gyp-bin;C:\Program Files\Common Files\Oracle\Java\javapath;C:\Windows\system32;C:\Windows;C:\Windows\System32\Wbem;C:\Windows\System32\WindowsPowerShell\v1.0\;C:\Windows\System32\OpenSSH\;C:\Program Files\Microsoft SQL Server\150\Tools\Binn\;C:\Program Files\Microsoft SQL Server\Client SDK\ODBC\170\Tools\Binn\;C:\Program Files\dotnet\;C:\Program Files\TortoiseSVN\bin;C:\Program Files\nodejs\;C:\Users\sony\AppData\Local\Microsoft\WindowsApps;C:\Users\sony\AppData\Local\Programs\Microsoft VS Code\bin;C:\Users\sony\.dotnet\tools;C:\Users\sony\AppData\Local\Android\Sdk\platform-tools;C:\Users\sony\AppData\Roaming\npm
USERNAME=sony
OS=Windows_NT
PROCESSOR_IDENTIFIER=Intel64 Family 6 Model 42 Stepping 7, GenuineIntel



---------------  S Y S T E M  ---------------

OS: Windows 10 , 64 bit Build 19041 (10.0.19041.2913)

CPU:total 8 (initial active 8) (4 cores per cpu, 2 threads per core) family 6 model 42 stepping 7 microcode 0x2f, cmov, cx8, fxsr, mmx, sse, sse2, sse3, ssse3, sse4.1, sse4.2, popcnt, avx, aes, clmul, ht, tsc, tscinvbit

Memory: 4k page, system-wide physical 8173M (141M free)
TotalPageFile size 32749M (AvailPageFile size 26M)
current process WorkingSet (physical memory assigned to process): 328M, peak: 333M
current process commit charge ("private bytes"): 484M, peak: 515M

vm_info: Java HotSpot(TM) 64-Bit Server VM (11.0.19+9-LTS-224) for windows-amd64 JRE (11.0.19+9-LTS-224), built on Mar 27 2023 08:48:55 by "mach5one" with MS VC++ 17.1 (VS2022)

END.
